2019-04-08 17:35:46,146 INFO o.a.j.u.JMeterUtils: Setting Locale to en_US
2019-04-08 17:35:46,246 INFO o.a.j.JMeter: Loading user properties from: /Users/apple/.bzt/jmeter-taurus/5.1.1/bin/user.properties
2019-04-08 17:35:46,248 INFO o.a.j.JMeter: Loading system properties from: /Users/apple/.bzt/jmeter-taurus/5.1.1/bin/system.properties
2019-04-08 17:35:46,250 INFO o.a.j.JMeter: Loading additional properties from: /Users/apple/Desktop/bachelorProject/stressThing/StressThing/2019-04-08_17-34-59.774310/jmeter-bzt.properties
2019-04-08 17:35:46,251 INFO o.a.j.JMeter: Setting System properties from file: /Users/apple/Desktop/bachelorProject/stressThing/StressThing/2019-04-08_17-34-59.774310/system.properties
2019-04-08 17:35:46,299 INFO o.a.j.JMeter: Copyright (c) 1998-2019 The Apache Software Foundation
2019-04-08 17:35:46,300 INFO o.a.j.JMeter: Version 5.1.1 r1855137
2019-04-08 17:35:46,300 INFO o.a.j.JMeter: java.version=1.8.0_66
2019-04-08 17:35:46,300 INFO o.a.j.JMeter: java.vm.name=Java HotSpot(TM) 64-Bit Server VM
2019-04-08 17:35:46,300 INFO o.a.j.JMeter: os.name=Mac OS X
2019-04-08 17:35:46,300 INFO o.a.j.JMeter: os.arch=x86_64
2019-04-08 17:35:46,305 INFO o.a.j.JMeter: os.version=10.13.4
2019-04-08 17:35:46,305 INFO o.a.j.JMeter: file.encoding=UTF-8
2019-04-08 17:35:46,305 INFO o.a.j.JMeter: java.awt.headless=true
2019-04-08 17:35:46,306 INFO o.a.j.JMeter: Max memory     =954728448
2019-04-08 17:35:46,312 INFO o.a.j.JMeter: Available Processors =4
2019-04-08 17:35:46,399 INFO o.a.j.JMeter: Default Locale=English (United States)
2019-04-08 17:35:46,400 INFO o.a.j.JMeter: JMeter  Locale=English (United States)
2019-04-08 17:35:46,400 INFO o.a.j.JMeter: JMeterHome=/Users/apple/.bzt/jmeter-taurus/5.1.1
2019-04-08 17:35:46,400 INFO o.a.j.JMeter: user.dir  =/Users/apple/Desktop/bachelorProject/stressThing/StressThing
2019-04-08 17:35:46,401 INFO o.a.j.JMeter: PWD       =/Users/apple/Desktop/bachelorProject/stressThing/StressThing
2019-04-08 17:35:46,405 INFO o.a.j.JMeter: IP: 172.20.10.5 Name: amirhosein-mac.local FullName: 172.20.10.5
2019-04-08 17:35:46,405 INFO o.a.j.JMeter: user.classpath=/Users/apple/Desktop/bachelorProject/stressThing/StressThing/2019-04-08_17-34-59.774310:/Users/apple/Desktop/bachelorProject/stressThing/StressThing/2019-04-08_17-34-59.774310
2019-04-08 17:35:46,406 INFO o.a.j.JMeter: Adding to classpath and loader: /Users/apple/Desktop/bachelorProject/stressThing/StressThing/2019-04-08_17-34-59.774310
2019-04-08 17:35:46,421 INFO o.a.j.JMeter: Adding to classpath and loader: /Users/apple/Desktop/bachelorProject/stressThing/StressThing/2019-04-08_17-34-59.774310
2019-04-08 17:35:46,436 INFO o.a.j.s.FileServer: Default base='/Users/apple/Desktop/bachelorProject/stressThing/StressThing'
2019-04-08 17:35:46,467 INFO o.a.j.s.FileServer: Set new base='/Users/apple/Desktop/bachelorProject/stressThing/StressThing/2019-04-08_17-34-59.774310'
2019-04-08 17:35:47,498 INFO o.a.j.s.SaveService: Testplan (JMX) version: 2.2. Testlog (JTL) version: 2.2
2019-04-08 17:35:47,605 INFO o.a.j.s.SaveService: Using SaveService properties file encoding UTF-8
2019-04-08 17:35:47,645 INFO o.a.j.s.SaveService: Using SaveService properties version 5.0
2019-04-08 17:35:47,782 INFO o.a.j.s.SaveService: Loading file: /Users/apple/Desktop/bachelorProject/stressThing/StressThing/2019-04-08_17-34-59.774310/modified_requests.jmx
2019-04-08 17:35:48,236 INFO o.a.j.p.h.c.CacheManager: Will only cache the following methods: [GET]
2019-04-08 17:35:48,250 INFO o.a.j.p.h.c.CookieManager: Settings: Delete null: true Check: true Allow variable: true Save: false Prefix: COOKIE_
2019-04-08 17:35:48,409 INFO o.a.j.p.h.s.HTTPSamplerBase: Parser for text/html is org.apache.jmeter.protocol.http.parser.LagartoBasedHtmlParser
2019-04-08 17:35:48,410 INFO o.a.j.p.h.s.HTTPSamplerBase: Parser for application/xhtml+xml is org.apache.jmeter.protocol.http.parser.LagartoBasedHtmlParser
2019-04-08 17:35:48,413 INFO o.a.j.p.h.s.HTTPSamplerBase: Parser for application/xml is org.apache.jmeter.protocol.http.parser.LagartoBasedHtmlParser
2019-04-08 17:35:48,413 INFO o.a.j.p.h.s.HTTPSamplerBase: Parser for text/xml is org.apache.jmeter.protocol.http.parser.LagartoBasedHtmlParser
2019-04-08 17:35:48,413 INFO o.a.j.p.h.s.HTTPSamplerBase: Parser for text/vnd.wap.wml is org.apache.jmeter.protocol.http.parser.RegexpHTMLParser
2019-04-08 17:35:48,414 INFO o.a.j.p.h.s.HTTPSamplerBase: Parser for text/css is org.apache.jmeter.protocol.http.parser.CssParser
2019-04-08 17:35:48,749 INFO o.a.j.e.StandardJMeterEngine: Running the test!
2019-04-08 17:35:48,765 INFO o.a.j.s.SampleEvent: List of sample_variables: []
2019-04-08 17:35:48,766 INFO o.a.j.s.SampleEvent: List of sample_variables: []
2019-04-08 17:35:48,785 INFO o.a.j.e.u.CompoundVariable: Note: Function class names must contain the string: '.functions.'
2019-04-08 17:35:48,785 INFO o.a.j.e.u.CompoundVariable: Note: Function class names must not contain the string: '.gui.'
2019-04-08 17:35:52,245 INFO o.a.j.JMeter: Running test (1554728752244)
2019-04-08 17:35:52,428 INFO o.a.j.e.StandardJMeterEngine: Starting ThreadGroup: 1 : UserScenario
2019-04-08 17:35:52,428 INFO o.a.j.e.StandardJMeterEngine: Starting 1 threads for group UserScenario.
2019-04-08 17:35:52,429 INFO o.a.j.e.StandardJMeterEngine: Thread will continue on error
2019-04-08 17:35:52,440 INFO o.a.j.e.StandardJMeterEngine: All thread groups have been started
2019-04-08 17:35:52,440 INFO c.b.j.t.c.ConcurrencyThreadStarter: Start supplying threads
2019-04-08 17:35:57,517 INFO o.a.j.s.SampleResult: Note: Sample TimeStamps are START times
2019-04-08 17:35:57,521 INFO o.a.j.s.SampleResult: sampleresult.default.encoding is set to UTF-8
2019-04-08 17:35:57,521 INFO o.a.j.s.SampleResult: sampleresult.useNanoTime=true
2019-04-08 17:35:57,522 INFO o.a.j.s.SampleResult: sampleresult.nanoThreadSleep=5000
2019-04-08 17:35:57,520 INFO o.a.j.t.JMeterThread: Thread started: UserScenario 1-1
2019-04-08 17:35:57,547 WARN k.a.j.t.VariableThroughputTimer: No free threads available in current Thread Group UserScenario, made 0 samples/s for expected rps 0.05 samples/s, increase your number of threads
2019-04-08 17:35:57,628 INFO o.a.j.p.h.s.HTTPHCAbstractImpl: Local host = amirhosein-mac.local
2019-04-08 17:35:57,659 INFO o.a.j.p.h.s.HTTPHC4Impl: HTTP request retry count = 0
2019-04-08 17:36:12,556 INFO c.b.j.t.c.ConcurrencyThreadStarter: Done supplying threads
2019-04-08 17:37:13,983 INFO o.a.j.t.JMeterThread: Thread is done: UserScenario 1-1
2019-04-08 17:37:13,986 INFO o.a.j.t.JMeterThread: Thread finished: UserScenario 1-1
2019-04-08 17:37:13,989 INFO o.a.j.e.StandardJMeterEngine: Notifying test listeners of end of test
2019-04-08 17:37:13,996 INFO o.a.j.e.StandardJMeterEngine: Forced JVM shutdown requested at end of test
