2019-04-08 17:37:22,319 INFO o.a.j.u.JMeterUtils: Setting Locale to en_US
2019-04-08 17:37:22,374 INFO o.a.j.JMeter: Loading user properties from: /Users/apple/.bzt/jmeter-taurus/5.1.1/bin/user.properties
2019-04-08 17:37:22,385 INFO o.a.j.JMeter: Loading system properties from: /Users/apple/.bzt/jmeter-taurus/5.1.1/bin/system.properties
2019-04-08 17:37:22,389 INFO o.a.j.JMeter: Loading additional properties from: /Users/apple/Desktop/bachelorProject/stressThing/StressThing/2019-04-08_17-34-59.774310/jmeter-bzt-1.properties
2019-04-08 17:37:22,404 INFO o.a.j.JMeter: Setting System properties from file: /Users/apple/Desktop/bachelorProject/stressThing/StressThing/2019-04-08_17-34-59.774310/system-1.properties
2019-04-08 17:37:22,502 INFO o.a.j.JMeter: Copyright (c) 1998-2019 The Apache Software Foundation
2019-04-08 17:37:22,502 INFO o.a.j.JMeter: Version 5.1.1 r1855137
2019-04-08 17:37:22,503 INFO o.a.j.JMeter: java.version=1.8.0_66
2019-04-08 17:37:22,503 INFO o.a.j.JMeter: java.vm.name=Java HotSpot(TM) 64-Bit Server VM
2019-04-08 17:37:22,503 INFO o.a.j.JMeter: os.name=Mac OS X
2019-04-08 17:37:22,503 INFO o.a.j.JMeter: os.arch=x86_64
2019-04-08 17:37:22,503 INFO o.a.j.JMeter: os.version=10.13.4
2019-04-08 17:37:22,503 INFO o.a.j.JMeter: file.encoding=UTF-8
2019-04-08 17:37:22,504 INFO o.a.j.JMeter: java.awt.headless=true
2019-04-08 17:37:22,504 INFO o.a.j.JMeter: Max memory     =954728448
2019-04-08 17:37:22,504 INFO o.a.j.JMeter: Available Processors =4
2019-04-08 17:37:22,526 INFO o.a.j.JMeter: Default Locale=English (United States)
2019-04-08 17:37:22,527 INFO o.a.j.JMeter: JMeter  Locale=English (United States)
2019-04-08 17:37:22,527 INFO o.a.j.JMeter: JMeterHome=/Users/apple/.bzt/jmeter-taurus/5.1.1
2019-04-08 17:37:22,528 INFO o.a.j.JMeter: user.dir  =/Users/apple/Desktop/bachelorProject/stressThing/StressThing
2019-04-08 17:37:22,528 INFO o.a.j.JMeter: PWD       =/Users/apple/Desktop/bachelorProject/stressThing/StressThing
2019-04-08 17:37:22,535 INFO o.a.j.JMeter: IP: 172.20.10.5 Name: amirhosein-mac.local FullName: 172.20.10.5
2019-04-08 17:37:22,536 INFO o.a.j.JMeter: user.classpath=/Users/apple/Desktop/bachelorProject/stressThing/StressThing/2019-04-08_17-34-59.774310:/Users/apple/Desktop/bachelorProject/stressThing/StressThing/2019-04-08_17-34-59.774310
2019-04-08 17:37:22,536 INFO o.a.j.JMeter: Adding to classpath and loader: /Users/apple/Desktop/bachelorProject/stressThing/StressThing/2019-04-08_17-34-59.774310
2019-04-08 17:37:22,538 INFO o.a.j.JMeter: Adding to classpath and loader: /Users/apple/Desktop/bachelorProject/stressThing/StressThing/2019-04-08_17-34-59.774310
2019-04-08 17:37:22,590 INFO o.a.j.s.FileServer: Default base='/Users/apple/Desktop/bachelorProject/stressThing/StressThing'
2019-04-08 17:37:22,610 INFO o.a.j.s.FileServer: Set new base='/Users/apple/Desktop/bachelorProject/stressThing/StressThing/2019-04-08_17-34-59.774310'
2019-04-08 17:37:23,732 INFO o.a.j.s.SaveService: Testplan (JMX) version: 2.2. Testlog (JTL) version: 2.2
2019-04-08 17:37:23,794 INFO o.a.j.s.SaveService: Using SaveService properties file encoding UTF-8
2019-04-08 17:37:23,808 INFO o.a.j.s.SaveService: Using SaveService properties version 5.0
2019-04-08 17:37:23,827 INFO o.a.j.s.SaveService: Loading file: /Users/apple/Desktop/bachelorProject/stressThing/StressThing/2019-04-08_17-34-59.774310/modified_requests-1.jmx
2019-04-08 17:37:24,103 INFO o.a.j.p.h.c.CacheManager: Will only cache the following methods: [GET]
2019-04-08 17:37:24,118 INFO o.a.j.p.h.c.CookieManager: Settings: Delete null: true Check: true Allow variable: true Save: false Prefix: COOKIE_
2019-04-08 17:37:24,204 INFO o.a.j.p.h.s.HTTPSamplerBase: Parser for text/html is org.apache.jmeter.protocol.http.parser.LagartoBasedHtmlParser
2019-04-08 17:37:24,205 INFO o.a.j.p.h.s.HTTPSamplerBase: Parser for application/xhtml+xml is org.apache.jmeter.protocol.http.parser.LagartoBasedHtmlParser
2019-04-08 17:37:24,205 INFO o.a.j.p.h.s.HTTPSamplerBase: Parser for application/xml is org.apache.jmeter.protocol.http.parser.LagartoBasedHtmlParser
2019-04-08 17:37:24,205 INFO o.a.j.p.h.s.HTTPSamplerBase: Parser for text/xml is org.apache.jmeter.protocol.http.parser.LagartoBasedHtmlParser
2019-04-08 17:37:24,206 INFO o.a.j.p.h.s.HTTPSamplerBase: Parser for text/vnd.wap.wml is org.apache.jmeter.protocol.http.parser.RegexpHTMLParser
2019-04-08 17:37:24,206 INFO o.a.j.p.h.s.HTTPSamplerBase: Parser for text/css is org.apache.jmeter.protocol.http.parser.CssParser
2019-04-08 17:37:24,540 INFO o.a.j.e.StandardJMeterEngine: Running the test!
2019-04-08 17:37:24,556 INFO o.a.j.s.SampleEvent: List of sample_variables: []
2019-04-08 17:37:24,556 INFO o.a.j.s.SampleEvent: List of sample_variables: []
2019-04-08 17:37:24,573 INFO o.a.j.e.u.CompoundVariable: Note: Function class names must contain the string: '.functions.'
2019-04-08 17:37:24,573 INFO o.a.j.e.u.CompoundVariable: Note: Function class names must not contain the string: '.gui.'
2019-04-08 17:37:26,845 INFO o.a.j.JMeter: Running test (1554728846845)
2019-04-08 17:37:26,988 INFO o.a.j.e.StandardJMeterEngine: Starting ThreadGroup: 1 : scenario1
2019-04-08 17:37:26,989 INFO o.a.j.e.StandardJMeterEngine: Starting 1 threads for group scenario1.
2019-04-08 17:37:26,989 INFO o.a.j.e.StandardJMeterEngine: Thread will continue on error
2019-04-08 17:37:27,001 INFO o.a.j.e.StandardJMeterEngine: All thread groups have been started
2019-04-08 17:37:27,001 INFO c.b.j.t.c.ConcurrencyThreadStarter: Start supplying threads
2019-04-08 17:37:42,052 INFO o.a.j.t.JMeterThread: Thread started: scenario1 1-1
2019-04-08 17:37:42,057 INFO o.a.j.s.SampleResult: Note: Sample TimeStamps are START times
2019-04-08 17:37:42,057 INFO o.a.j.s.SampleResult: sampleresult.default.encoding is set to UTF-8
2019-04-08 17:37:42,057 INFO o.a.j.s.SampleResult: sampleresult.useNanoTime=true
2019-04-08 17:37:42,058 INFO o.a.j.s.SampleResult: sampleresult.nanoThreadSleep=5000
2019-04-08 17:37:42,078 WARN k.a.j.t.VariableThroughputTimer: No free threads available in current Thread Group scenario1, made 0 samples/s for expected rps 0.022 samples/s, increase your number of threads
2019-04-08 17:37:42,135 INFO o.a.j.p.h.s.HTTPHCAbstractImpl: Local host = amirhosein-mac.local
2019-04-08 17:37:42,156 INFO o.a.j.p.h.s.HTTPHC4Impl: HTTP request retry count = 0
2019-04-08 17:37:44,138 INFO o.a.j.p.h.p.BaseParser: Created org.apache.jmeter.protocol.http.parser.LagartoBasedHtmlParser
2019-04-08 17:37:44,237 INFO o.a.j.p.h.s.ResourcesDownloader: Creating ResourcesDownloader with keepalive_inseconds : 60
2019-04-08 17:37:44,458 INFO o.a.j.p.h.p.BaseParser: Created org.apache.jmeter.protocol.http.parser.CssParser
2019-04-08 17:37:56,270 INFO o.a.j.u.JsseSSLManager: Using default SSL protocol: TLS
2019-04-08 17:37:56,272 INFO o.a.j.u.JsseSSLManager: SSL session context: per-thread
2019-04-08 17:38:12,137 INFO c.b.j.t.c.ConcurrencyThreadStarter: Done supplying threads
2019-04-08 17:38:12,163 INFO o.a.j.t.JMeterThread: Thread is done: scenario1 1-1
2019-04-08 17:38:12,164 INFO o.a.j.t.JMeterThread: Thread finished: scenario1 1-1
2019-04-08 17:38:12,165 INFO o.a.j.e.StandardJMeterEngine: Notifying test listeners of end of test
2019-04-08 17:38:12,171 INFO o.a.j.e.StandardJMeterEngine: Forced JVM shutdown requested at end of test
