2019-04-05 01:00:15,959 INFO o.a.j.u.JMeterUtils: Setting Locale to en_US
2019-04-05 01:00:16,023 INFO o.a.j.JMeter: Loading user properties from: /Users/apple/.bzt/jmeter-taurus/5.1.1/bin/user.properties
2019-04-05 01:00:16,033 INFO o.a.j.JMeter: Loading system properties from: /Users/apple/.bzt/jmeter-taurus/5.1.1/bin/system.properties
2019-04-05 01:00:16,042 INFO o.a.j.JMeter: Loading additional properties from: /Users/apple/Desktop/bachelorProject/stressThing/StressThing/2019-04-05_00-59-52.702718/jmeter-bzt.properties
2019-04-05 01:00:16,044 INFO o.a.j.JMeter: Setting System properties from file: /Users/apple/Desktop/bachelorProject/stressThing/StressThing/2019-04-05_00-59-52.702718/system.properties
2019-04-05 01:00:16,194 INFO o.a.j.JMeter: Copyright (c) 1998-2019 The Apache Software Foundation
2019-04-05 01:00:16,194 INFO o.a.j.JMeter: Version 5.1.1 r1855137
2019-04-05 01:00:16,195 INFO o.a.j.JMeter: java.version=1.8.0_66
2019-04-05 01:00:16,195 INFO o.a.j.JMeter: java.vm.name=Java HotSpot(TM) 64-Bit Server VM
2019-04-05 01:00:16,195 INFO o.a.j.JMeter: os.name=Mac OS X
2019-04-05 01:00:16,195 INFO o.a.j.JMeter: os.arch=x86_64
2019-04-05 01:00:16,195 INFO o.a.j.JMeter: os.version=10.13.4
2019-04-05 01:00:16,195 INFO o.a.j.JMeter: file.encoding=UTF-8
2019-04-05 01:00:16,196 INFO o.a.j.JMeter: java.awt.headless=true
2019-04-05 01:00:16,196 INFO o.a.j.JMeter: Max memory     =954728448
2019-04-05 01:00:16,196 INFO o.a.j.JMeter: Available Processors =4
2019-04-05 01:00:16,209 INFO o.a.j.JMeter: Default Locale=English (United States)
2019-04-05 01:00:16,210 INFO o.a.j.JMeter: JMeter  Locale=English (United States)
2019-04-05 01:00:16,211 INFO o.a.j.JMeter: JMeterHome=/Users/apple/.bzt/jmeter-taurus/5.1.1
2019-04-05 01:00:16,211 INFO o.a.j.JMeter: user.dir  =/Users/apple/Desktop/bachelorProject/stressThing/StressThing
2019-04-05 01:00:16,211 INFO o.a.j.JMeter: PWD       =/Users/apple/Desktop/bachelorProject/stressThing/StressThing
2019-04-05 01:00:16,217 INFO o.a.j.JMeter: IP: 192.168.1.9 Name: amirhosein-mac.local FullName: 192.168.1.9
2019-04-05 01:00:16,218 INFO o.a.j.JMeter: user.classpath=/Users/apple/Desktop/bachelorProject/stressThing/StressThing/2019-04-05_00-59-52.702718:/Users/apple/Desktop/bachelorProject/stressThing/StressThing/2019-04-05_00-59-52.702718
2019-04-05 01:00:16,218 INFO o.a.j.JMeter: Adding to classpath and loader: /Users/apple/Desktop/bachelorProject/stressThing/StressThing/2019-04-05_00-59-52.702718
2019-04-05 01:00:16,223 INFO o.a.j.JMeter: Adding to classpath and loader: /Users/apple/Desktop/bachelorProject/stressThing/StressThing/2019-04-05_00-59-52.702718
2019-04-05 01:00:16,235 INFO o.a.j.s.FileServer: Default base='/Users/apple/Desktop/bachelorProject/stressThing/StressThing'
2019-04-05 01:00:16,277 INFO o.a.j.s.FileServer: Set new base='/Users/apple/Desktop/bachelorProject/stressThing/StressThing/2019-04-05_00-59-52.702718'
2019-04-05 01:00:17,358 INFO o.a.j.s.SaveService: Testplan (JMX) version: 2.2. Testlog (JTL) version: 2.2
2019-04-05 01:00:17,469 INFO o.a.j.s.SaveService: Using SaveService properties file encoding UTF-8
2019-04-05 01:00:17,481 INFO o.a.j.s.SaveService: Using SaveService properties version 5.0
2019-04-05 01:00:17,497 INFO o.a.j.s.SaveService: Loading file: /Users/apple/Desktop/bachelorProject/stressThing/StressThing/2019-04-05_00-59-52.702718/modified_requests.jmx
2019-04-05 01:00:17,711 INFO o.a.j.p.h.c.CacheManager: Will only cache the following methods: [GET]
2019-04-05 01:00:17,716 INFO o.a.j.p.h.c.CookieManager: Settings: Delete null: true Check: true Allow variable: true Save: false Prefix: COOKIE_
2019-04-05 01:00:17,755 INFO o.a.j.p.h.s.HTTPSamplerBase: Parser for text/html is org.apache.jmeter.protocol.http.parser.LagartoBasedHtmlParser
2019-04-05 01:00:17,755 INFO o.a.j.p.h.s.HTTPSamplerBase: Parser for application/xhtml+xml is org.apache.jmeter.protocol.http.parser.LagartoBasedHtmlParser
2019-04-05 01:00:17,757 INFO o.a.j.p.h.s.HTTPSamplerBase: Parser for application/xml is org.apache.jmeter.protocol.http.parser.LagartoBasedHtmlParser
2019-04-05 01:00:17,759 INFO o.a.j.p.h.s.HTTPSamplerBase: Parser for text/xml is org.apache.jmeter.protocol.http.parser.LagartoBasedHtmlParser
2019-04-05 01:00:17,760 INFO o.a.j.p.h.s.HTTPSamplerBase: Parser for text/vnd.wap.wml is org.apache.jmeter.protocol.http.parser.RegexpHTMLParser
2019-04-05 01:00:17,760 INFO o.a.j.p.h.s.HTTPSamplerBase: Parser for text/css is org.apache.jmeter.protocol.http.parser.CssParser
2019-04-05 01:00:18,021 INFO o.a.j.e.StandardJMeterEngine: Running the test!
2019-04-05 01:00:18,023 INFO o.a.j.s.SampleEvent: List of sample_variables: []
2019-04-05 01:00:18,024 INFO o.a.j.s.SampleEvent: List of sample_variables: []
2019-04-05 01:00:18,044 INFO o.a.j.e.u.CompoundVariable: Note: Function class names must contain the string: '.functions.'
2019-04-05 01:00:18,045 INFO o.a.j.e.u.CompoundVariable: Note: Function class names must not contain the string: '.gui.'
2019-04-05 01:00:20,674 INFO o.a.j.JMeter: Running test (1554409820674)
2019-04-05 01:00:20,817 INFO o.a.j.e.StandardJMeterEngine: Starting ThreadGroup: 1 : UserScenario
2019-04-05 01:00:20,817 INFO o.a.j.e.StandardJMeterEngine: Starting 20 threads for group UserScenario.
2019-04-05 01:00:20,818 INFO o.a.j.e.StandardJMeterEngine: Thread will continue on error
2019-04-05 01:00:20,826 INFO c.b.j.t.c.ConcurrencyThreadStarter: Start supplying threads
2019-04-05 01:00:20,826 INFO o.a.j.e.StandardJMeterEngine: All thread groups have been started
2019-04-05 01:00:21,104 INFO o.a.j.t.JMeterThread: Thread started: UserScenario 1-1
2019-04-05 01:00:21,107 INFO o.a.j.s.SampleResult: Note: Sample TimeStamps are START times
2019-04-05 01:00:21,107 INFO o.a.j.s.SampleResult: sampleresult.default.encoding is set to UTF-8
2019-04-05 01:00:21,108 INFO o.a.j.s.SampleResult: sampleresult.useNanoTime=true
2019-04-05 01:00:21,113 INFO o.a.j.s.SampleResult: sampleresult.nanoThreadSleep=5000
2019-04-05 01:00:21,121 WARN k.a.j.t.VariableThroughputTimer: No free threads available in current Thread Group UserScenario, made 0 samples/s for expected rps 0.286 samples/s, increase your number of threads
2019-04-05 01:00:21,164 INFO o.a.j.p.h.s.HTTPHCAbstractImpl: Local host = amirhosein-mac.local
2019-04-05 01:00:21,183 INFO o.a.j.p.h.s.HTTPHC4Impl: HTTP request retry count = 0
2019-04-05 01:00:22,122 INFO o.a.j.t.JMeterThread: Thread started: UserScenario 1-2
2019-04-05 01:00:22,124 WARN k.a.j.t.VariableThroughputTimer: No free threads available in current Thread Group UserScenario, made 1 samples/s for expected rps 2.2573999999999996 samples/s, increase your number of threads
2019-04-05 01:00:22,125 INFO o.a.j.t.JMeterThread: Thread started: UserScenario 1-3
2019-04-05 01:00:23,132 INFO o.a.j.t.JMeterThread: Thread started: UserScenario 1-4
2019-04-05 01:00:23,133 WARN k.a.j.t.VariableThroughputTimer: No free threads available in current Thread Group UserScenario, made 2 samples/s for expected rps 4.2288 samples/s, increase your number of threads
2019-04-05 01:00:23,133 INFO o.a.j.t.JMeterThread: Thread started: UserScenario 1-5
2019-04-05 01:00:23,229 INFO o.a.j.p.h.s.h.LazyLayeredConnectionSocketFactory: Setting up HTTPS TrustAll Socket Factory
2019-04-05 01:00:23,243 INFO o.a.j.u.JsseSSLManager: Using default SSL protocol: TLS
2019-04-05 01:00:23,243 INFO o.a.j.u.JsseSSLManager: SSL session context: per-thread
2019-04-05 01:00:23,561 INFO o.a.j.u.SSLManager: JmeterKeyStore Location:  type JKS
2019-04-05 01:00:23,572 INFO o.a.j.u.SSLManager: KeyStore created OK
2019-04-05 01:00:23,572 WARN o.a.j.u.SSLManager: Keystore file not found, loading empty keystore
2019-04-05 01:00:24,137 INFO o.a.j.t.JMeterThread: Thread started: UserScenario 1-6
2019-04-05 01:00:24,138 WARN k.a.j.t.VariableThroughputTimer: No free threads available in current Thread Group UserScenario, made 2 samples/s for expected rps 6.200199999999999 samples/s, increase your number of threads
2019-04-05 01:00:24,138 INFO o.a.j.t.JMeterThread: Thread started: UserScenario 1-7
2019-04-05 01:00:25,141 INFO o.a.j.t.JMeterThread: Thread started: UserScenario 1-8
2019-04-05 01:00:25,142 WARN k.a.j.t.VariableThroughputTimer: No free threads available in current Thread Group UserScenario, made 2 samples/s for expected rps 8.1716 samples/s, increase your number of threads
2019-04-05 01:00:25,142 INFO o.a.j.t.JMeterThread: Thread started: UserScenario 1-9
2019-04-05 01:00:25,814 INFO o.a.j.p.h.p.BaseParser: Created org.apache.jmeter.protocol.http.parser.LagartoBasedHtmlParser
2019-04-05 01:00:25,815 INFO o.a.j.p.h.p.BaseParser: Created org.apache.jmeter.protocol.http.parser.LagartoBasedHtmlParser
2019-04-05 01:00:26,144 INFO o.a.j.t.JMeterThread: Thread started: UserScenario 1-10
2019-04-05 01:00:26,145 WARN k.a.j.t.VariableThroughputTimer: No free threads available in current Thread Group UserScenario, made 2 samples/s for expected rps 10.142999999999999 samples/s, increase your number of threads
2019-04-05 01:00:26,145 INFO o.a.j.t.JMeterThread: Thread started: UserScenario 1-11
2019-04-05 01:00:26,219 INFO o.a.j.p.h.s.ResourcesDownloader: Creating ResourcesDownloader with keepalive_inseconds : 60
2019-04-05 01:00:27,147 INFO o.a.j.t.JMeterThread: Thread started: UserScenario 1-12
2019-04-05 01:00:27,148 WARN k.a.j.t.VariableThroughputTimer: No free threads available in current Thread Group UserScenario, made 2 samples/s for expected rps 12.114399999999998 samples/s, increase your number of threads
2019-04-05 01:00:27,148 INFO o.a.j.t.JMeterThread: Thread started: UserScenario 1-13
2019-04-05 01:00:27,836 INFO o.a.j.p.h.p.BaseParser: Created org.apache.jmeter.protocol.http.parser.CssParser
2019-04-05 01:00:28,151 INFO o.a.j.t.JMeterThread: Thread started: UserScenario 1-14
2019-04-05 01:00:28,151 INFO o.a.j.t.JMeterThread: Thread started: UserScenario 1-15
2019-04-05 01:00:28,152 WARN k.a.j.t.VariableThroughputTimer: No free threads available in current Thread Group UserScenario, made 2 samples/s for expected rps 14.085799999999999 samples/s, increase your number of threads
2019-04-05 01:00:29,676 INFO o.a.j.t.JMeterThread: Thread started: UserScenario 1-16
2019-04-05 01:00:29,677 WARN k.a.j.t.VariableThroughputTimer: No free threads available in current Thread Group UserScenario, made 2 samples/s for expected rps 16.057199999999998 samples/s, increase your number of threads
2019-04-05 01:00:29,681 INFO o.a.j.t.JMeterThread: Thread started: UserScenario 1-17
2019-04-05 01:00:29,682 INFO o.a.j.t.JMeterThread: Thread started: UserScenario 1-18
2019-04-05 01:00:30,683 INFO o.a.j.t.JMeterThread: Thread started: UserScenario 1-19
2019-04-05 01:00:30,684 WARN k.a.j.t.VariableThroughputTimer: No free threads available in current Thread Group UserScenario, made 3 samples/s for expected rps 18.0286 samples/s, increase your number of threads
2019-04-05 01:00:30,684 INFO o.a.j.t.JMeterThread: Thread started: UserScenario 1-20
2019-04-05 01:00:41,052 WARN c.h.c.r.e.LoggingCSSParseErrorHandler: Browser compliant mode skipped CSS from [1:174276] starting at token ' ' until [1:174277] to token ';' (based on com.helger.css.parser.ParseException: Encountered unexpected token: ";" ";"
    at line 1, column 174277.

Was expecting one of:

    "+"
    "-"
    "["
    "and"
    "expression("
    "from"
    "inherit"
    "not"
    "only"
    "or"
    "to"
    <ANGLE_DEG>
    <ANGLE_GRAD>
    <ANGLE_RAD>
    <ANGLE_TURN>
    <CH>
    <DPCM>
    <DPI>
    <DPPX>
    <EM>
    <EX>
    <FR>
    <FREQ_HZ>
    <FREQ_KHZ>
    <FUNCTION>
    <FUNCTION_CALC>
    <HASH>
    <IDENT>
    <LENGTH_CM>
    <LENGTH_IN>
    <LENGTH_MM>
    <LENGTH_PC>
    <LENGTH_PT>
    <LENGTH_Q>
    <NUMBER>
    <PERCENTAGE>
    <PX>
    <REM>
    <S>
    <STRING1>
    <STRING2>
    <TIME_MS>
    <TIME_S>
    <URANGE>
    <URL>
    <VH>
    <VMAX>
    <VMIN>
    <VW>
)
2019-04-05 01:00:41,082 WARN c.h.c.r.e.LoggingCSSParseErrorHandler: Browser compliant mode skipped CSS from [1:174450] starting at token ' ' until [1:174451] to token ';' (based on com.helger.css.parser.ParseException: Encountered unexpected token: ";" ";"
    at line 1, column 174451.

Was expecting one of:

    "+"
    "-"
    "["
    "and"
    "expression("
    "from"
    "inherit"
    "not"
    "only"
    "or"
    "to"
    <ANGLE_DEG>
    <ANGLE_GRAD>
    <ANGLE_RAD>
    <ANGLE_TURN>
    <CH>
    <DPCM>
    <DPI>
    <DPPX>
    <EM>
    <EX>
    <FR>
    <FREQ_HZ>
    <FREQ_KHZ>
    <FUNCTION>
    <FUNCTION_CALC>
    <HASH>
    <IDENT>
    <LENGTH_CM>
    <LENGTH_IN>
    <LENGTH_MM>
    <LENGTH_PC>
    <LENGTH_PT>
    <LENGTH_Q>
    <NUMBER>
    <PERCENTAGE>
    <PX>
    <REM>
    <S>
    <STRING1>
    <STRING2>
    <TIME_MS>
    <TIME_S>
    <URANGE>
    <URL>
    <VH>
    <VMAX>
    <VMIN>
    <VW>
)
2019-04-05 01:00:41,085 WARN c.h.c.r.e.LoggingCSSParseErrorHandler: Browser compliant mode skipped CSS from [1:174788] starting at token ' ' until [1:174789] to token ';' (based on com.helger.css.parser.ParseException: Encountered unexpected token: ";" ";"
    at line 1, column 174789.

Was expecting one of:

    "+"
    "-"
    "["
    "and"
    "expression("
    "from"
    "inherit"
    "not"
    "only"
    "or"
    "to"
    <ANGLE_DEG>
    <ANGLE_GRAD>
    <ANGLE_RAD>
    <ANGLE_TURN>
    <CH>
    <DPCM>
    <DPI>
    <DPPX>
    <EM>
    <EX>
    <FR>
    <FREQ_HZ>
    <FREQ_KHZ>
    <FUNCTION>
    <FUNCTION_CALC>
    <HASH>
    <IDENT>
    <LENGTH_CM>
    <LENGTH_IN>
    <LENGTH_MM>
    <LENGTH_PC>
    <LENGTH_PT>
    <LENGTH_Q>
    <NUMBER>
    <PERCENTAGE>
    <PX>
    <REM>
    <S>
    <STRING1>
    <STRING2>
    <TIME_MS>
    <TIME_S>
    <URANGE>
    <URL>
    <VH>
    <VMAX>
    <VMIN>
    <VW>
)
2019-04-05 01:00:41,086 WARN c.h.c.r.e.LoggingCSSParseErrorHandler: Browser compliant mode skipped CSS from [1:174958] starting at token ' ' until [1:174959] to token ';' (based on com.helger.css.parser.ParseException: Encountered unexpected token: ";" ";"
    at line 1, column 174959.

Was expecting one of:

    "+"
    "-"
    "["
    "and"
    "expression("
    "from"
    "inherit"
    "not"
    "only"
    "or"
    "to"
    <ANGLE_DEG>
    <ANGLE_GRAD>
    <ANGLE_RAD>
    <ANGLE_TURN>
    <CH>
    <DPCM>
    <DPI>
    <DPPX>
    <EM>
    <EX>
    <FR>
    <FREQ_HZ>
    <FREQ_KHZ>
    <FUNCTION>
    <FUNCTION_CALC>
    <HASH>
    <IDENT>
    <LENGTH_CM>
    <LENGTH_IN>
    <LENGTH_MM>
    <LENGTH_PC>
    <LENGTH_PT>
    <LENGTH_Q>
    <NUMBER>
    <PERCENTAGE>
    <PX>
    <REM>
    <S>
    <STRING1>
    <STRING2>
    <TIME_MS>
    <TIME_S>
    <URANGE>
    <URL>
    <VH>
    <VMAX>
    <VMIN>
    <VW>
)
2019-04-05 01:01:01,213 WARN k.a.j.t.VariableThroughputTimer: No free threads available in current Thread Group UserScenario, made 2 samples/s for expected rps 20.0 samples/s, increase your number of threads
2019-04-05 01:01:06,668 WARN k.a.j.t.VariableThroughputTimer: No free threads available in current Thread Group UserScenario, made 1 samples/s for expected rps 20.0 samples/s, increase your number of threads
2019-04-05 01:01:14,854 WARN k.a.j.t.VariableThroughputTimer: No free threads available in current Thread Group UserScenario, made 1 samples/s for expected rps 20.0 samples/s, increase your number of threads
2019-04-05 01:01:19,718 WARN k.a.j.t.VariableThroughputTimer: No free threads available in current Thread Group UserScenario, made 1 samples/s for expected rps 20.0 samples/s, increase your number of threads
2019-04-05 01:01:30,932 INFO c.b.j.t.c.ConcurrencyThreadStarter: Done supplying threads
2019-04-05 01:01:48,778 INFO o.a.j.t.JMeterThread: Thread is done: UserScenario 1-6
2019-04-05 01:01:48,778 INFO o.a.j.t.JMeterThread: Thread finished: UserScenario 1-6
2019-04-05 01:01:49,432 INFO o.a.j.t.JMeterThread: Thread is done: UserScenario 1-12
2019-04-05 01:01:49,432 INFO o.a.j.t.JMeterThread: Thread finished: UserScenario 1-12
2019-04-05 01:01:50,535 INFO o.a.j.t.JMeterThread: Thread is done: UserScenario 1-2
2019-04-05 01:01:50,535 INFO o.a.j.t.JMeterThread: Thread finished: UserScenario 1-2
2019-04-05 01:01:51,089 INFO o.a.j.t.JMeterThread: Thread is done: UserScenario 1-14
2019-04-05 01:01:51,089 INFO o.a.j.t.JMeterThread: Thread finished: UserScenario 1-14
2019-04-05 01:01:51,111 INFO o.a.j.t.JMeterThread: Thread is done: UserScenario 1-3
2019-04-05 01:01:51,111 INFO o.a.j.t.JMeterThread: Thread finished: UserScenario 1-3
2019-04-05 01:01:52,973 INFO o.a.j.t.JMeterThread: Thread is done: UserScenario 1-18
2019-04-05 01:01:52,973 INFO o.a.j.t.JMeterThread: Thread finished: UserScenario 1-18
2019-04-05 01:01:53,077 INFO o.a.j.t.JMeterThread: Thread is done: UserScenario 1-8
2019-04-05 01:01:53,077 INFO o.a.j.t.JMeterThread: Thread finished: UserScenario 1-8
2019-04-05 01:01:54,673 INFO o.a.j.t.JMeterThread: Thread is done: UserScenario 1-11
2019-04-05 01:01:54,673 INFO o.a.j.t.JMeterThread: Thread finished: UserScenario 1-11
2019-04-05 01:01:59,101 INFO o.a.j.t.JMeterThread: Thread is done: UserScenario 1-9
2019-04-05 01:01:59,101 INFO o.a.j.t.JMeterThread: Thread finished: UserScenario 1-9
2019-04-05 01:02:00,768 INFO o.a.j.t.JMeterThread: Thread is done: UserScenario 1-1
2019-04-05 01:02:00,768 INFO o.a.j.t.JMeterThread: Thread finished: UserScenario 1-1
2019-04-05 01:02:06,119 INFO o.a.j.t.JMeterThread: Thread is done: UserScenario 1-20
2019-04-05 01:02:06,119 INFO o.a.j.t.JMeterThread: Thread finished: UserScenario 1-20
2019-04-05 01:02:07,372 INFO o.a.j.t.JMeterThread: Thread is done: UserScenario 1-5
2019-04-05 01:02:07,372 INFO o.a.j.t.JMeterThread: Thread finished: UserScenario 1-5
2019-04-05 01:02:14,843 INFO o.a.j.t.JMeterThread: Thread is done: UserScenario 1-4
2019-04-05 01:02:14,844 INFO o.a.j.t.JMeterThread: Thread finished: UserScenario 1-4
2019-04-05 01:02:21,411 INFO o.a.j.t.JMeterThread: Thread is done: UserScenario 1-10
2019-04-05 01:02:21,412 INFO o.a.j.t.JMeterThread: Thread finished: UserScenario 1-10
2019-04-05 01:11:35,326 INFO o.a.j.JMeter: Command: Shutdown received from /127.0.0.1
2019-04-05 01:11:35,366 WARN o.a.j.t.JMeterThread: Interrupting: UserScenario 1-13 sampler: PROPERTY: statusTHING: MyLampThing
2019-04-05 01:11:35,375 WARN o.a.j.t.JMeterThread: Interrupting: UserScenario 1-19 sampler: PROPERTY: statusTHING: MyLampThing
2019-04-05 01:11:35,375 WARN o.a.j.t.JMeterThread: No operation pending
2019-04-05 01:11:35,376 WARN o.a.j.t.JMeterThread: Interrupting: UserScenario 1-17 sampler: PROPERTY: statusTHING: MyLampThing
2019-04-05 01:11:35,376 WARN o.a.j.t.JMeterThread: No operation pending
2019-04-05 01:11:35,376 WARN o.a.j.t.JMeterThread: Interrupting: UserScenario 1-7 sampler: PROPERTY: statusTHING: MyLampThing
2019-04-05 01:11:35,376 WARN o.a.j.t.JMeterThread: No operation pending
2019-04-05 01:11:35,376 WARN o.a.j.t.JMeterThread: Interrupting: UserScenario 1-16 sampler: PROPERTY: statusTHING: MyLampThing
2019-04-05 01:11:35,376 WARN o.a.j.t.JMeterThread: No operation pending
2019-04-05 01:11:35,377 WARN o.a.j.t.JMeterThread: Interrupting: UserScenario 1-15 sampler: PROPERTY: statusTHING: MyLampThing
2019-04-05 01:11:35,377 WARN o.a.j.t.JMeterThread: No operation pending
2019-04-05 01:11:35,412 INFO o.a.j.t.JMeterThread: Thread is done: UserScenario 1-13
2019-04-05 01:11:35,412 INFO o.a.j.t.JMeterThread: Thread finished: UserScenario 1-13
2019-04-05 01:11:35,415 INFO o.a.j.e.StandardJMeterEngine: Notifying test listeners of end of test
2019-04-05 01:11:35,379 WARN o.a.j.p.h.s.HTTPSamplerBase: Interrupted fetching embedded resources
java.lang.InterruptedException: null
	at java.util.concurrent.locks.AbstractQueuedSynchronizer$ConditionObject.reportInterruptAfterWait(AbstractQueuedSynchronizer.java:2014) ~[?:1.8.0_66]
	at java.util.concurrent.locks.AbstractQueuedSynchronizer$ConditionObject.await(AbstractQueuedSynchronizer.java:2048) ~[?:1.8.0_66]
	at java.util.concurrent.LinkedBlockingQueue.take(LinkedBlockingQueue.java:442) ~[?:1.8.0_66]
	at java.util.concurrent.ExecutorCompletionService.take(ExecutorCompletionService.java:193) ~[?:1.8.0_66]
	at org.apache.jmeter.protocol.http.sampler.ResourcesDownloader.invokeAllAndAwaitTermination(ResourcesDownloader.java:187) ~[ApacheJMeter_http.jar:5.1.1 r1855137]
	at org.apache.jmeter.protocol.http.sampler.HTTPSamplerBase.downloadPageResources(HTTPSamplerBase.java:1385) [ApacheJMeter_http.jar:5.1.1 r1855137]
	at org.apache.jmeter.protocol.http.sampler.HTTPSamplerBase.resultProcessing(HTTPSamplerBase.java:1693) [ApacheJMeter_http.jar:5.1.1 r1855137]
	at org.apache.jmeter.protocol.http.sampler.HTTPAbstractImpl.resultProcessing(HTTPAbstractImpl.java:556) [ApacheJMeter_http.jar:5.1.1 r1855137]
	at org.apache.jmeter.protocol.http.sampler.HTTPHC4Impl.sample(HTTPHC4Impl.java:660) [ApacheJMeter_http.jar:5.1.1 r1855137]
	at org.apache.jmeter.protocol.http.sampler.HTTPSamplerProxy.sample(HTTPSamplerProxy.java:67) [ApacheJMeter_http.jar:5.1.1 r1855137]
	at org.apache.jmeter.protocol.http.sampler.HTTPSamplerBase.followRedirects(HTTPSamplerBase.java:1578) [ApacheJMeter_http.jar:5.1.1 r1855137]
	at org.apache.jmeter.protocol.http.sampler.HTTPSamplerBase.resultProcessing(HTTPSamplerBase.java:1672) [ApacheJMeter_http.jar:5.1.1 r1855137]
	at org.apache.jmeter.protocol.http.sampler.HTTPAbstractImpl.resultProcessing(HTTPAbstractImpl.java:556) [ApacheJMeter_http.jar:5.1.1 r1855137]
	at org.apache.jmeter.protocol.http.sampler.HTTPHC4Impl.sample(HTTPHC4Impl.java:660) [ApacheJMeter_http.jar:5.1.1 r1855137]
	at org.apache.jmeter.protocol.http.sampler.HTTPSamplerProxy.sample(HTTPSamplerProxy.java:67) [ApacheJMeter_http.jar:5.1.1 r1855137]
	at org.apache.jmeter.protocol.http.sampler.HTTPSamplerBase.sample(HTTPSamplerBase.java:1231) [ApacheJMeter_http.jar:5.1.1 r1855137]
	at org.apache.jmeter.protocol.http.sampler.HTTPSamplerBase.sample(HTTPSamplerBase.java:1220) [ApacheJMeter_http.jar:5.1.1 r1855137]
	at org.apache.jmeter.threads.JMeterThread.doSampling(JMeterThread.java:622) [ApacheJMeter_core.jar:5.1.1 r1855137]
	at org.apache.jmeter.threads.JMeterThread.executeSamplePackage(JMeterThread.java:546) [ApacheJMeter_core.jar:5.1.1 r1855137]
	at org.apache.jmeter.threads.JMeterThread.processSampler(JMeterThread.java:486) [ApacheJMeter_core.jar:5.1.1 r1855137]
	at org.apache.jmeter.threads.JMeterThread.run(JMeterThread.java:253) [ApacheJMeter_core.jar:5.1.1 r1855137]
	at java.lang.Thread.run(Thread.java:745) [?:1.8.0_66]
2019-04-05 01:11:35,379 WARN o.a.j.p.h.s.HTTPSamplerBase: Interrupted fetching embedded resources
java.lang.InterruptedException: null
	at java.util.concurrent.locks.AbstractQueuedSynchronizer$ConditionObject.reportInterruptAfterWait(AbstractQueuedSynchronizer.java:2014) ~[?:1.8.0_66]
	at java.util.concurrent.locks.AbstractQueuedSynchronizer$ConditionObject.await(AbstractQueuedSynchronizer.java:2048) ~[?:1.8.0_66]
	at java.util.concurrent.LinkedBlockingQueue.take(LinkedBlockingQueue.java:442) ~[?:1.8.0_66]
	at java.util.concurrent.ExecutorCompletionService.take(ExecutorCompletionService.java:193) ~[?:1.8.0_66]
	at org.apache.jmeter.protocol.http.sampler.ResourcesDownloader.invokeAllAndAwaitTermination(ResourcesDownloader.java:187) ~[ApacheJMeter_http.jar:5.1.1 r1855137]
	at org.apache.jmeter.protocol.http.sampler.HTTPSamplerBase.downloadPageResources(HTTPSamplerBase.java:1385) [ApacheJMeter_http.jar:5.1.1 r1855137]
	at org.apache.jmeter.protocol.http.sampler.HTTPSamplerBase.resultProcessing(HTTPSamplerBase.java:1693) [ApacheJMeter_http.jar:5.1.1 r1855137]
	at org.apache.jmeter.protocol.http.sampler.HTTPAbstractImpl.resultProcessing(HTTPAbstractImpl.java:556) [ApacheJMeter_http.jar:5.1.1 r1855137]
	at org.apache.jmeter.protocol.http.sampler.HTTPHC4Impl.sample(HTTPHC4Impl.java:660) [ApacheJMeter_http.jar:5.1.1 r1855137]
	at org.apache.jmeter.protocol.http.sampler.HTTPSamplerProxy.sample(HTTPSamplerProxy.java:67) [ApacheJMeter_http.jar:5.1.1 r1855137]
	at org.apache.jmeter.protocol.http.sampler.HTTPSamplerBase.followRedirects(HTTPSamplerBase.java:1578) [ApacheJMeter_http.jar:5.1.1 r1855137]
	at org.apache.jmeter.protocol.http.sampler.HTTPSamplerBase.resultProcessing(HTTPSamplerBase.java:1672) [ApacheJMeter_http.jar:5.1.1 r1855137]
	at org.apache.jmeter.protocol.http.sampler.HTTPAbstractImpl.resultProcessing(HTTPAbstractImpl.java:556) [ApacheJMeter_http.jar:5.1.1 r1855137]
	at org.apache.jmeter.protocol.http.sampler.HTTPHC4Impl.sample(HTTPHC4Impl.java:660) [ApacheJMeter_http.jar:5.1.1 r1855137]
	at org.apache.jmeter.protocol.http.sampler.HTTPSamplerProxy.sample(HTTPSamplerProxy.java:67) [ApacheJMeter_http.jar:5.1.1 r1855137]
	at org.apache.jmeter.protocol.http.sampler.HTTPSamplerBase.sample(HTTPSamplerBase.java:1231) [ApacheJMeter_http.jar:5.1.1 r1855137]
	at org.apache.jmeter.protocol.http.sampler.HTTPSamplerBase.sample(HTTPSamplerBase.java:1220) [ApacheJMeter_http.jar:5.1.1 r1855137]
	at org.apache.jmeter.threads.JMeterThread.doSampling(JMeterThread.java:622) [ApacheJMeter_core.jar:5.1.1 r1855137]
	at org.apache.jmeter.threads.JMeterThread.executeSamplePackage(JMeterThread.java:546) [ApacheJMeter_core.jar:5.1.1 r1855137]
	at org.apache.jmeter.threads.JMeterThread.processSampler(JMeterThread.java:486) [ApacheJMeter_core.jar:5.1.1 r1855137]
	at org.apache.jmeter.threads.JMeterThread.run(JMeterThread.java:253) [ApacheJMeter_core.jar:5.1.1 r1855137]
	at java.lang.Thread.run(Thread.java:745) [?:1.8.0_66]
2019-04-05 01:11:35,379 WARN o.a.j.p.h.s.HTTPSamplerBase: Interrupted fetching embedded resources
java.lang.InterruptedException: null
	at java.util.concurrent.locks.AbstractQueuedSynchronizer$ConditionObject.reportInterruptAfterWait(AbstractQueuedSynchronizer.java:2014) ~[?:1.8.0_66]
	at java.util.concurrent.locks.AbstractQueuedSynchronizer$ConditionObject.await(AbstractQueuedSynchronizer.java:2048) ~[?:1.8.0_66]
	at java.util.concurrent.LinkedBlockingQueue.take(LinkedBlockingQueue.java:442) ~[?:1.8.0_66]
	at java.util.concurrent.ExecutorCompletionService.take(ExecutorCompletionService.java:193) ~[?:1.8.0_66]
	at org.apache.jmeter.protocol.http.sampler.ResourcesDownloader.invokeAllAndAwaitTermination(ResourcesDownloader.java:187) ~[ApacheJMeter_http.jar:5.1.1 r1855137]
	at org.apache.jmeter.protocol.http.sampler.HTTPSamplerBase.downloadPageResources(HTTPSamplerBase.java:1385) [ApacheJMeter_http.jar:5.1.1 r1855137]
	at org.apache.jmeter.protocol.http.sampler.HTTPSamplerBase.resultProcessing(HTTPSamplerBase.java:1693) [ApacheJMeter_http.jar:5.1.1 r1855137]
	at org.apache.jmeter.protocol.http.sampler.HTTPAbstractImpl.resultProcessing(HTTPAbstractImpl.java:556) [ApacheJMeter_http.jar:5.1.1 r1855137]
	at org.apache.jmeter.protocol.http.sampler.HTTPHC4Impl.sample(HTTPHC4Impl.java:660) [ApacheJMeter_http.jar:5.1.1 r1855137]
	at org.apache.jmeter.protocol.http.sampler.HTTPSamplerProxy.sample(HTTPSamplerProxy.java:67) [ApacheJMeter_http.jar:5.1.1 r1855137]
	at org.apache.jmeter.protocol.http.sampler.HTTPSamplerBase.followRedirects(HTTPSamplerBase.java:1578) [ApacheJMeter_http.jar:5.1.1 r1855137]
	at org.apache.jmeter.protocol.http.sampler.HTTPSamplerBase.resultProcessing(HTTPSamplerBase.java:1672) [ApacheJMeter_http.jar:5.1.1 r1855137]
	at org.apache.jmeter.protocol.http.sampler.HTTPAbstractImpl.resultProcessing(HTTPAbstractImpl.java:556) [ApacheJMeter_http.jar:5.1.1 r1855137]
	at org.apache.jmeter.protocol.http.sampler.HTTPHC4Impl.sample(HTTPHC4Impl.java:660) [ApacheJMeter_http.jar:5.1.1 r1855137]
	at org.apache.jmeter.protocol.http.sampler.HTTPSamplerProxy.sample(HTTPSamplerProxy.java:67) [ApacheJMeter_http.jar:5.1.1 r1855137]
	at org.apache.jmeter.protocol.http.sampler.HTTPSamplerBase.sample(HTTPSamplerBase.java:1231) [ApacheJMeter_http.jar:5.1.1 r1855137]
	at org.apache.jmeter.protocol.http.sampler.HTTPSamplerBase.sample(HTTPSamplerBase.java:1220) [ApacheJMeter_http.jar:5.1.1 r1855137]
	at org.apache.jmeter.threads.JMeterThread.doSampling(JMeterThread.java:622) [ApacheJMeter_core.jar:5.1.1 r1855137]
	at org.apache.jmeter.threads.JMeterThread.executeSamplePackage(JMeterThread.java:546) [ApacheJMeter_core.jar:5.1.1 r1855137]
	at org.apache.jmeter.threads.JMeterThread.processSampler(JMeterThread.java:486) [ApacheJMeter_core.jar:5.1.1 r1855137]
	at org.apache.jmeter.threads.JMeterThread.run(JMeterThread.java:253) [ApacheJMeter_core.jar:5.1.1 r1855137]
	at java.lang.Thread.run(Thread.java:745) [?:1.8.0_66]
2019-04-05 01:11:35,422 INFO o.a.j.t.JMeterThread: Thread is done: UserScenario 1-19
2019-04-05 01:11:35,422 INFO o.a.j.t.JMeterThread: Thread finished: UserScenario 1-19
2019-04-05 01:11:35,423 INFO o.a.j.t.JMeterThread: Thread is done: UserScenario 1-15
2019-04-05 01:11:35,423 INFO o.a.j.t.JMeterThread: Thread finished: UserScenario 1-15
2019-04-05 01:11:35,379 WARN o.a.j.p.h.s.HTTPSamplerBase: Interrupted fetching embedded resources
java.lang.InterruptedException: null
	at java.util.concurrent.locks.AbstractQueuedSynchronizer$ConditionObject.reportInterruptAfterWait(AbstractQueuedSynchronizer.java:2014) ~[?:1.8.0_66]
	at java.util.concurrent.locks.AbstractQueuedSynchronizer$ConditionObject.await(AbstractQueuedSynchronizer.java:2048) ~[?:1.8.0_66]
	at java.util.concurrent.LinkedBlockingQueue.take(LinkedBlockingQueue.java:442) ~[?:1.8.0_66]
	at java.util.concurrent.ExecutorCompletionService.take(ExecutorCompletionService.java:193) ~[?:1.8.0_66]
	at org.apache.jmeter.protocol.http.sampler.ResourcesDownloader.invokeAllAndAwaitTermination(ResourcesDownloader.java:187) ~[ApacheJMeter_http.jar:5.1.1 r1855137]
	at org.apache.jmeter.protocol.http.sampler.HTTPSamplerBase.downloadPageResources(HTTPSamplerBase.java:1385) [ApacheJMeter_http.jar:5.1.1 r1855137]
	at org.apache.jmeter.protocol.http.sampler.HTTPSamplerBase.resultProcessing(HTTPSamplerBase.java:1693) [ApacheJMeter_http.jar:5.1.1 r1855137]
	at org.apache.jmeter.protocol.http.sampler.HTTPAbstractImpl.resultProcessing(HTTPAbstractImpl.java:556) [ApacheJMeter_http.jar:5.1.1 r1855137]
	at org.apache.jmeter.protocol.http.sampler.HTTPHC4Impl.sample(HTTPHC4Impl.java:660) [ApacheJMeter_http.jar:5.1.1 r1855137]
	at org.apache.jmeter.protocol.http.sampler.HTTPSamplerProxy.sample(HTTPSamplerProxy.java:67) [ApacheJMeter_http.jar:5.1.1 r1855137]
	at org.apache.jmeter.protocol.http.sampler.HTTPSamplerBase.followRedirects(HTTPSamplerBase.java:1578) [ApacheJMeter_http.jar:5.1.1 r1855137]
	at org.apache.jmeter.protocol.http.sampler.HTTPSamplerBase.resultProcessing(HTTPSamplerBase.java:1672) [ApacheJMeter_http.jar:5.1.1 r1855137]
	at org.apache.jmeter.protocol.http.sampler.HTTPAbstractImpl.resultProcessing(HTTPAbstractImpl.java:556) [ApacheJMeter_http.jar:5.1.1 r1855137]
	at org.apache.jmeter.protocol.http.sampler.HTTPHC4Impl.sample(HTTPHC4Impl.java:660) [ApacheJMeter_http.jar:5.1.1 r1855137]
	at org.apache.jmeter.protocol.http.sampler.HTTPSamplerProxy.sample(HTTPSamplerProxy.java:67) [ApacheJMeter_http.jar:5.1.1 r1855137]
	at org.apache.jmeter.protocol.http.sampler.HTTPSamplerBase.sample(HTTPSamplerBase.java:1231) [ApacheJMeter_http.jar:5.1.1 r1855137]
	at org.apache.jmeter.protocol.http.sampler.HTTPSamplerBase.sample(HTTPSamplerBase.java:1220) [ApacheJMeter_http.jar:5.1.1 r1855137]
	at org.apache.jmeter.threads.JMeterThread.doSampling(JMeterThread.java:622) [ApacheJMeter_core.jar:5.1.1 r1855137]
	at org.apache.jmeter.threads.JMeterThread.executeSamplePackage(JMeterThread.java:546) [ApacheJMeter_core.jar:5.1.1 r1855137]
	at org.apache.jmeter.threads.JMeterThread.processSampler(JMeterThread.java:486) [ApacheJMeter_core.jar:5.1.1 r1855137]
	at org.apache.jmeter.threads.JMeterThread.run(JMeterThread.java:253) [ApacheJMeter_core.jar:5.1.1 r1855137]
	at java.lang.Thread.run(Thread.java:745) [?:1.8.0_66]
2019-04-05 01:11:35,423 INFO o.a.j.t.JMeterThread: Thread is done: UserScenario 1-17
2019-04-05 01:11:35,424 INFO o.a.j.t.JMeterThread: Thread finished: UserScenario 1-17
2019-04-05 01:11:35,379 WARN o.a.j.p.h.s.HTTPSamplerBase: Interrupted fetching embedded resources
java.lang.InterruptedException: null
	at java.util.concurrent.locks.AbstractQueuedSynchronizer$ConditionObject.reportInterruptAfterWait(AbstractQueuedSynchronizer.java:2014) ~[?:1.8.0_66]
	at java.util.concurrent.locks.AbstractQueuedSynchronizer$ConditionObject.await(AbstractQueuedSynchronizer.java:2048) ~[?:1.8.0_66]
	at java.util.concurrent.LinkedBlockingQueue.take(LinkedBlockingQueue.java:442) ~[?:1.8.0_66]
	at java.util.concurrent.ExecutorCompletionService.take(ExecutorCompletionService.java:193) ~[?:1.8.0_66]
	at org.apache.jmeter.protocol.http.sampler.ResourcesDownloader.invokeAllAndAwaitTermination(ResourcesDownloader.java:187) ~[ApacheJMeter_http.jar:5.1.1 r1855137]
	at org.apache.jmeter.protocol.http.sampler.HTTPSamplerBase.downloadPageResources(HTTPSamplerBase.java:1385) [ApacheJMeter_http.jar:5.1.1 r1855137]
	at org.apache.jmeter.protocol.http.sampler.HTTPSamplerBase.resultProcessing(HTTPSamplerBase.java:1693) [ApacheJMeter_http.jar:5.1.1 r1855137]
	at org.apache.jmeter.protocol.http.sampler.HTTPAbstractImpl.resultProcessing(HTTPAbstractImpl.java:556) [ApacheJMeter_http.jar:5.1.1 r1855137]
	at org.apache.jmeter.protocol.http.sampler.HTTPHC4Impl.sample(HTTPHC4Impl.java:660) [ApacheJMeter_http.jar:5.1.1 r1855137]
	at org.apache.jmeter.protocol.http.sampler.HTTPSamplerProxy.sample(HTTPSamplerProxy.java:67) [ApacheJMeter_http.jar:5.1.1 r1855137]
	at org.apache.jmeter.protocol.http.sampler.HTTPSamplerBase.followRedirects(HTTPSamplerBase.java:1578) [ApacheJMeter_http.jar:5.1.1 r1855137]
	at org.apache.jmeter.protocol.http.sampler.HTTPSamplerBase.resultProcessing(HTTPSamplerBase.java:1672) [ApacheJMeter_http.jar:5.1.1 r1855137]
	at org.apache.jmeter.protocol.http.sampler.HTTPAbstractImpl.resultProcessing(HTTPAbstractImpl.java:556) [ApacheJMeter_http.jar:5.1.1 r1855137]
	at org.apache.jmeter.protocol.http.sampler.HTTPHC4Impl.sample(HTTPHC4Impl.java:660) [ApacheJMeter_http.jar:5.1.1 r1855137]
	at org.apache.jmeter.protocol.http.sampler.HTTPSamplerProxy.sample(HTTPSamplerProxy.java:67) [ApacheJMeter_http.jar:5.1.1 r1855137]
	at org.apache.jmeter.protocol.http.sampler.HTTPSamplerBase.sample(HTTPSamplerBase.java:1231) [ApacheJMeter_http.jar:5.1.1 r1855137]
	at org.apache.jmeter.protocol.http.sampler.HTTPSamplerBase.sample(HTTPSamplerBase.java:1220) [ApacheJMeter_http.jar:5.1.1 r1855137]
	at org.apache.jmeter.threads.JMeterThread.doSampling(JMeterThread.java:622) [ApacheJMeter_core.jar:5.1.1 r1855137]
	at org.apache.jmeter.threads.JMeterThread.executeSamplePackage(JMeterThread.java:546) [ApacheJMeter_core.jar:5.1.1 r1855137]
	at org.apache.jmeter.threads.JMeterThread.processSampler(JMeterThread.java:486) [ApacheJMeter_core.jar:5.1.1 r1855137]
	at org.apache.jmeter.threads.JMeterThread.run(JMeterThread.java:253) [ApacheJMeter_core.jar:5.1.1 r1855137]
	at java.lang.Thread.run(Thread.java:745) [?:1.8.0_66]
2019-04-05 01:11:35,425 INFO o.a.j.t.JMeterThread: Thread is done: UserScenario 1-16
2019-04-05 01:11:35,425 INFO o.a.j.t.JMeterThread: Thread finished: UserScenario 1-16
2019-04-05 01:11:35,426 INFO o.a.j.t.JMeterThread: Thread is done: UserScenario 1-7
2019-04-05 01:11:35,426 INFO o.a.j.t.JMeterThread: Thread finished: UserScenario 1-7
2019-04-05 01:11:35,428 INFO o.a.j.e.StandardJMeterEngine: Forced JVM shutdown requested at end of test
