[2019-03-17 16:34:57,254 INFO root] Taurus CLI Tool v1.13.2
[2019-03-17 16:34:57,255 DEBUG root] Command-line options: {'log': '/var/folders/9w/fj8tc51n59dgtrxfgskpxd9h0000gn/T/bzt_vlhbsdfy.log', 'option': None, 'quiet': None, 'verbose': None, 'no_system_configs': None, 'aliases': []}
[2019-03-17 16:34:57,255 DEBUG root] Python: CPython 3.7.2
[2019-03-17 16:34:57,255 DEBUG root] OS: uname_result(system='Darwin', node='amirhosein-mac.local', release='17.5.0', version='Darwin Kernel Version 17.5.0: Mon Mar  5 22:24:32 PST 2018; root:xnu-4570.51.1~1/RELEASE_X86_64', machine='x86_64', processor='i386')
[2019-03-17 16:34:57,256 INFO root] Starting with configs: ['output.json']
[2019-03-17 16:34:57,256 DEBUG root] Using personal config: /Users/apple/.bzt-rc
[2019-03-17 16:34:57,257 INFO Engine] Configuring...
[2019-03-17 16:34:57,300 DEBUG Engine] Base configs list: ['/usr/local/Cellar/bzt/1.13.2_1/libexec/lib/python3.7/site-packages/bzt/resources/10-base-config.yml']
[2019-03-17 16:34:57,300 DEBUG Engine.Configuration] Configs: ['/usr/local/Cellar/bzt/1.13.2_1/libexec/lib/python3.7/site-packages/bzt/resources/10-base-config.yml']
[2019-03-17 16:34:57,301 DEBUG Engine.Configuration] Reading /usr/local/Cellar/bzt/1.13.2_1/libexec/lib/python3.7/site-packages/bzt/resources/10-base-config.yml as YAML
[2019-03-17 16:34:57,387 DEBUG Engine] User configs list: ['/Users/apple/.bzt-rc', 'output.json']
[2019-03-17 16:34:57,387 DEBUG Engine.Configuration] Configs: ['/Users/apple/.bzt-rc', 'output.json']
[2019-03-17 16:34:57,389 DEBUG Engine.Configuration] Reading /Users/apple/.bzt-rc as YAML
[2019-03-17 16:34:57,403 DEBUG Engine.Configuration] Reading output.json as YAML
[2019-03-17 16:34:57,408 DEBUG Engine.Configuration] Configs: ['/Users/apple/.bzt-rc', 'output.json']
[2019-03-17 16:34:57,410 DEBUG Engine.Configuration] Reading /Users/apple/.bzt-rc as YAML
[2019-03-17 16:34:57,424 DEBUG Engine.Configuration] Reading output.json as YAML
[2019-03-17 16:34:57,431 DEBUG Engine] Requesting updates info: http://gettaurus.org/updates/?version=1.13.2&installID=macos-3c075440e027
[2019-03-17 16:34:57,432 DEBUG HTTPClient] Making HTTP request GET http://gettaurus.org/updates/?version=1.13.2&installID=macos-3c075440e027
[2019-03-17 16:34:57,432 INFO Engine] Artifacts dir: /Users/apple/Desktop/bachelorProject/stressThing/StressThing/2019-03-17_16-34-57.432205
[2019-03-17 16:34:57,434 DEBUG Engine] New artifact filename: /Users/apple/Desktop/bachelorProject/stressThing/StressThing/2019-03-17_16-34-57.432205/effective
[2019-03-17 16:34:57,439 DEBUG Engine.Configuration] Dumping YAML config into /Users/apple/Desktop/bachelorProject/stressThing/StressThing/2019-03-17_16-34-57.432205/effective.yml
[2019-03-17 16:34:57,471 DEBUG urllib3.connectionpool] Starting new HTTP connection (1): gettaurus.org:80
[2019-03-17 16:34:57,504 DEBUG Engine.Configuration] Dumping JSON config into /Users/apple/Desktop/bachelorProject/stressThing/StressThing/2019-03-17_16-34-57.432205/effective.json
[2019-03-17 16:34:57,507 DEBUG Engine] New artifact filename: /Users/apple/Desktop/bachelorProject/stressThing/StressThing/2019-03-17_16-34-57.432205/merged.yml
[2019-03-17 16:34:57,509 DEBUG Engine.Configuration] Dumping YAML config into /Users/apple/Desktop/bachelorProject/stressThing/StressThing/2019-03-17_16-34-57.432205/merged.yml
[2019-03-17 16:34:57,514 DEBUG Engine] New artifact filename: /Users/apple/Desktop/bachelorProject/stressThing/StressThing/2019-03-17_16-34-57.432205/merged.json
[2019-03-17 16:34:57,515 DEBUG Engine.Configuration] Dumping JSON config into /Users/apple/Desktop/bachelorProject/stressThing/StressThing/2019-03-17_16-34-57.432205/merged.json
[2019-03-17 16:34:57,515 DEBUG Engine] Add existing artifact (move=False): output.json
[2019-03-17 16:34:57,516 DEBUG Engine] Copying output.json to /Users/apple/Desktop/bachelorProject/stressThing/StressThing/2019-03-17_16-34-57.432205/output.json
[2019-03-17 16:34:57,517 DEBUG Engine.Environment] Replace 'TAURUS_ARTIFACTS_DIR' in environment
[2019-03-17 16:34:57,519 DEBUG root] Closing log handler: /var/folders/9w/fj8tc51n59dgtrxfgskpxd9h0000gn/T/bzt_vlhbsdfy.log
[2019-03-17 16:34:57,520 DEBUG root] Switched writing logs to /Users/apple/Desktop/bachelorProject/stressThing/StressThing/2019-03-17_16-34-57.432205/bzt.log
[2019-03-17 16:34:57,520 DEBUG root] Linting config
[2019-03-17 16:34:57,528 INFO Engine] Preparing...
[2019-03-17 16:34:57,529 DEBUG Engine] Module config: consolidator {'class': 'bzt.modules.aggregator.ConsolidatingAggregator'}
[2019-03-17 16:34:57,529 DEBUG root] Importing module: bzt.modules.aggregator
[2019-03-17 16:34:57,780 DEBUG root] Loading class: 'ConsolidatingAggregator' from <module 'bzt.modules.aggregator' from '/usr/local/Cellar/bzt/1.13.2_1/libexec/lib/python3.7/site-packages/bzt/modules/aggregator.py'>
[2019-03-17 16:34:57,781 DEBUG Engine.consolidator] Buffer scaling setup: percentile 95.0 from [0.0, 50.0, 90.0, 95.0, 99.0, 99.9, 100.0] selected
[2019-03-17 16:34:57,781 DEBUG Engine] Module config: monitoring {'class': 'bzt.modules.monitoring.Monitoring'}
[2019-03-17 16:34:57,781 DEBUG root] Importing module: bzt.modules.monitoring
[2019-03-17 16:34:57,784 DEBUG root] Loading class: 'Monitoring' from <module 'bzt.modules.monitoring' from '/usr/local/Cellar/bzt/1.13.2_1/libexec/lib/python3.7/site-packages/bzt/modules/monitoring.py'>
[2019-03-17 16:34:57,784 DEBUG Engine] Module config: local {'class': 'bzt.modules.provisioning.Local'}
[2019-03-17 16:34:57,784 DEBUG root] Importing module: bzt.modules.provisioning
[2019-03-17 16:34:57,784 DEBUG root] Loading class: 'Local' from <module 'bzt.modules.provisioning' from '/usr/local/Cellar/bzt/1.13.2_1/libexec/lib/python3.7/site-packages/bzt/modules/provisioning.py'>
[2019-03-17 16:34:57,784 DEBUG Engine] Module config: jmeter {'class': 'bzt.modules.jmeter.JMeterExecutor', 'protocol-handlers': {'http': 'bzt.jmx.http.HTTPProtocolHandler'}, 'plugins': ['jpgc-casutg', 'jpgc-dummy', 'jpgc-ffw', 'jpgc-fifo', 'jpgc-functions', 'jpgc-json', 'jpgc-perfmon', 'jpgc-prmctl', 'jpgc-tst'], 'properties': {'jmeter.save.saveservice.autoflush': 'true', 'jmeter.save.saveservice.connect_time': 'true', 'jmeterengine.force.system.exit': 'true', 'summariser.name': ''}}
[2019-03-17 16:34:57,785 DEBUG root] Importing module: bzt.modules.jmeter
[2019-03-17 16:34:57,808 DEBUG root] Loading class: 'JMeterExecutor' from <module 'bzt.modules.jmeter' from '/usr/local/Cellar/bzt/1.13.2_1/libexec/lib/python3.7/site-packages/bzt/modules/jmeter.py'>
[2019-03-17 16:34:57,808 DEBUG Engine.local] Preparing executor: jmeter/4458173944
[2019-03-17 16:34:57,809 DEBUG Engine] New artifact filename: /Users/apple/Desktop/bachelorProject/stressThing/StressThing/2019-03-17_16-34-57.432205/jmeter.log
[2019-03-17 16:34:57,809 DEBUG Engine.jmeter] Checking if port 4445 is free
[2019-03-17 16:34:57,810 DEBUG Engine.jmeter] Port 4445 is busy
[2019-03-17 16:34:57,810 DEBUG Engine.jmeter] Port 4445 is busy, trying next one
[2019-03-17 16:34:57,810 DEBUG Engine.jmeter] Checking if port 4446 is free
[2019-03-17 16:34:57,811 DEBUG Engine.jmeter] Port 4446 is free
[2019-03-17 16:34:57,811 DEBUG Engine.jmeter] Using port 4446 for management
[2019-03-17 16:34:57,811 DEBUG Engine] New artifact filename: /Users/apple/Desktop/bachelorProject/stressThing/StressThing/2019-03-17_16-34-57.432205/requests.jmx
[2019-03-17 16:34:57,814 DEBUG root] Importing module: bzt.jmx.http
[2019-03-17 16:34:57,815 DEBUG root] Loading class: 'HTTPProtocolHandler' from <module 'bzt.jmx.http' from '/usr/local/Cellar/bzt/1.13.2_1/libexec/lib/python3.7/site-packages/bzt/jmx/http.py'>
[2019-03-17 16:34:57,817 DEBUG JMeterScenarioBuilder] Saving JMX to: /Users/apple/Desktop/bachelorProject/stressThing/StressThing/2019-03-17_16-34-57.432205/requests.jmx
[2019-03-17 16:34:57,818 DEBUG Engine.jmeter] Additional system properties {'sun.net.inetaddr.ttl': 0}
[2019-03-17 16:34:57,818 DEBUG Engine] New artifact filename: /Users/apple/Desktop/bachelorProject/stressThing/StressThing/2019-03-17_16-34-57.432205/system.properties
[2019-03-17 16:34:57,819 DEBUG Engine.jmeter] Additional properties: {'jmeter.save.saveservice.autoflush': 'true', 'jmeter.save.saveservice.connect_time': 'true', 'jmeterengine.force.system.exit': 'true', 'summariser.name': '', 'jmeterengine.nongui.port': 4446, 'jmeterengine.nongui.maxport': 4446, 'jmeter.save.saveservice.timestamp_format': 'ms', 'sampleresult.default.encoding': 'UTF-8', 'user.classpath': '/Users/apple/Desktop/bachelorProject/stressThing/StressThing/2019-03-17_16-34-57.432205:/Users/apple/Desktop/bachelorProject/stressThing/StressThing/2019-03-17_16-34-57.432205'}
[2019-03-17 16:34:57,819 DEBUG Engine] New artifact filename: /Users/apple/Desktop/bachelorProject/stressThing/StressThing/2019-03-17_16-34-57.432205/jmeter-bzt.properties
[2019-03-17 16:34:57,820 DEBUG Engine.jmeter.JavaVM] Trying JavaVM: ['java', '-version']
[2019-03-17 16:34:58,153 DEBUG Engine.jmeter.JavaVM] JavaVM output: java version "1.8.0_66"
Java(TM) SE Runtime Environment (build 1.8.0_66-b17)
Java HotSpot(TM) 64-Bit Server VM (build 25.66-b17, mixed mode)
[2019-03-17 16:34:58,154 DEBUG Engine.jmeter.TclLibrary] We don't need to check tcl library on this platform
[2019-03-17 16:34:58,155 DEBUG Engine.jmeter.JMeter] Trying jmeter: /Users/apple/.bzt/jmeter-taurus/5.0/bin/jmeter.sh
[2019-03-17 16:34:58,156 DEBUG bzt.utils] Executing shell: ['/Users/apple/.bzt/jmeter-taurus/5.0/bin/jmeter.sh', '-j', '/var/folders/9w/fj8tc51n59dgtrxfgskpxd9h0000gn/T/jmeterm2w811h3log', '--version'] at .
[2019-03-17 16:34:58,457 WARNING root] Keyboard interrupt
[2019-03-17 16:34:58,471 DEBUG root] KeyboardInterrupt: 
  File "/usr/local/Cellar/bzt/1.13.2_1/libexec/lib/python3.7/site-packages/bzt/cli.py", line 257, in perform
    self.engine.prepare()
  File "/usr/local/Cellar/bzt/1.13.2_1/libexec/lib/python3.7/site-packages/bzt/engine.py", line 205, in prepare
    self.__prepare_provisioning()
  File "/usr/local/Cellar/bzt/1.13.2_1/libexec/lib/python3.7/site-packages/bzt/engine.py", line 605, in __prepare_provisioning
    self.provisioning.prepare()
  File "/usr/local/Cellar/bzt/1.13.2_1/libexec/lib/python3.7/site-packages/bzt/modules/provisioning.py", line 72, in prepare
    executor.prepare()
  File "/usr/local/Cellar/bzt/1.13.2_1/libexec/lib/python3.7/site-packages/bzt/modules/jmeter.py", line 280, in prepare
    self.install_required_tools()
  File "/usr/local/Cellar/bzt/1.13.2_1/libexec/lib/python3.7/site-packages/bzt/modules/jmeter.py", line 860, in install_required_tools
    if self._need_to_install(self.tool):
  File "/usr/local/Cellar/bzt/1.13.2_1/libexec/lib/python3.7/site-packages/bzt/modules/jmeter.py", line 878, in _need_to_install
    if tool.check_if_installed():
  File "/usr/local/Cellar/bzt/1.13.2_1/libexec/lib/python3.7/site-packages/bzt/modules/jmeter.py", line 1521, in check_if_installed
    jmout, jmerr = communicate(jm_proc)
  File "/usr/local/Cellar/bzt/1.13.2_1/libexec/lib/python3.7/site-packages/bzt/six/__init__.py", line 46, in communicate
    out, err = proc.communicate()
  File "/usr/local/opt/python/Frameworks/Python.framework/Versions/3.7/lib/python3.7/subprocess.py", line 939, in communicate
    stdout, stderr = self._communicate(input, endtime, timeout)
  File "/usr/local/opt/python/Frameworks/Python.framework/Versions/3.7/lib/python3.7/subprocess.py", line 1681, in _communicate
    ready = selector.select(timeout)
  File "/usr/local/opt/python/Frameworks/Python.framework/Versions/3.7/lib/python3.7/selectors.py", line 415, in select
    fd_event_list = self._selector.poll(timeout)
[2019-03-17 16:34:58,471 INFO Engine] Post-processing...
[2019-03-17 16:34:58,471 DEBUG Engine.consolidator] Consolidator buffer[0]: dict_keys([])
[2019-03-17 16:34:58,476 DEBUG Engine.Configuration] Dumping YAML config into /Users/apple/Desktop/bachelorProject/stressThing/StressThing/2019-03-17_16-34-57.432205/effective.yml
[2019-03-17 16:34:58,530 DEBUG urllib3.connectionpool] http://gettaurus.org:80 "GET /updates/?version=1.13.2&installID=macos-3c075440e027 HTTP/1.1" 200 39
[2019-03-17 16:34:58,533 DEBUG Engine] Taurus updates info: {'latest': '1.13.3', 'needsUpgrade': True}
[2019-03-17 16:34:58,538 WARNING Engine] There is newer version of Taurus 1.13.3 available, consider upgrading. What's new: http://gettaurus.org/docs/Changelog/
[2019-03-17 16:34:58,538 DEBUG Engine.Configuration] Dumping JSON config into /Users/apple/Desktop/bachelorProject/stressThing/StressThing/2019-03-17_16-34-57.432205/effective.json
[2019-03-17 16:34:58,541 INFO root] Artifacts dir: /Users/apple/Desktop/bachelorProject/stressThing/StressThing/2019-03-17_16-34-57.432205
[2019-03-17 16:34:58,542 WARNING root] Done performing with code: 1
[2019-03-17 16:34:58,542 DEBUG root] Closing log handler: /Users/apple/Desktop/bachelorProject/stressThing/StressThing/2019-03-17_16-34-57.432205/bzt.log
