[2019-04-05 11:59:20,539 INFO root] Taurus CLI Tool v1.13.4
[2019-04-05 11:59:20,540 DEBUG root] Command-line options: {'log': '/var/folders/9w/fj8tc51n59dgtrxfgskpxd9h0000gn/T/bzt_0r1ckstb.log', 'option': None, 'quiet': None, 'verbose': None, 'no_system_configs': None, 'aliases': []}
[2019-04-05 11:59:20,540 DEBUG root] Python: CPython 3.7.3
[2019-04-05 11:59:20,540 DEBUG root] OS: uname_result(system='Darwin', node='amirhosein-mac.local', release='17.5.0', version='Darwin Kernel Version 17.5.0: Mon Mar  5 22:24:32 PST 2018; root:xnu-4570.51.1~1/RELEASE_X86_64', machine='x86_64', processor='i386')
[2019-04-05 11:59:20,541 INFO root] Starting with configs: ['allRequests.json']
[2019-04-05 11:59:20,541 DEBUG root] Using personal config: /Users/apple/.bzt-rc
[2019-04-05 11:59:20,541 INFO Engine] Configuring...
[2019-04-05 11:59:20,598 DEBUG Engine] Base configs list: ['/usr/local/Cellar/bzt/1.13.4/libexec/lib/python3.7/site-packages/bzt/resources/10-base-config.yml']
[2019-04-05 11:59:20,598 DEBUG Engine.Configuration] Configs: ['/usr/local/Cellar/bzt/1.13.4/libexec/lib/python3.7/site-packages/bzt/resources/10-base-config.yml']
[2019-04-05 11:59:20,599 DEBUG Engine.Configuration] Reading /usr/local/Cellar/bzt/1.13.4/libexec/lib/python3.7/site-packages/bzt/resources/10-base-config.yml as YAML
[2019-04-05 11:59:20,661 DEBUG Engine] User configs list: ['/Users/apple/.bzt-rc', 'allRequests.json']
[2019-04-05 11:59:20,661 DEBUG Engine.Configuration] Configs: ['/Users/apple/.bzt-rc', 'allRequests.json']
[2019-04-05 11:59:20,663 DEBUG Engine.Configuration] Reading /Users/apple/.bzt-rc as YAML
[2019-04-05 11:59:20,677 DEBUG Engine.Configuration] Reading allRequests.json as YAML
[2019-04-05 11:59:20,690 DEBUG Engine.Configuration] Configs: ['/Users/apple/.bzt-rc', 'allRequests.json']
[2019-04-05 11:59:20,691 DEBUG Engine.Configuration] Reading /Users/apple/.bzt-rc as YAML
[2019-04-05 11:59:20,704 DEBUG Engine.Configuration] Reading allRequests.json as YAML
[2019-04-05 11:59:20,720 DEBUG Engine] Requesting updates info: https://gettaurus.org/updates/?version=1.13.4&installID=macos-3c075440e027
[2019-04-05 11:59:20,720 DEBUG HTTPClient] Making HTTP request GET https://gettaurus.org/updates/?version=1.13.4&installID=macos-3c075440e027
[2019-04-05 11:59:20,720 INFO Engine] Artifacts dir: /Users/apple/Desktop/bachelorProject/stressThing/StressThing/2019-04-05_11-59-20.720417
[2019-04-05 11:59:20,722 DEBUG Engine] New artifact filename: /Users/apple/Desktop/bachelorProject/stressThing/StressThing/2019-04-05_11-59-20.720417/effective
[2019-04-05 11:59:20,726 DEBUG Engine.Configuration] Dumping YAML config into /Users/apple/Desktop/bachelorProject/stressThing/StressThing/2019-04-05_11-59-20.720417/effective.yml
[2019-04-05 11:59:20,753 DEBUG urllib3.connectionpool] Starting new HTTPS connection (1): gettaurus.org:443
[2019-04-05 11:59:20,782 DEBUG Engine.Configuration] Dumping JSON config into /Users/apple/Desktop/bachelorProject/stressThing/StressThing/2019-04-05_11-59-20.720417/effective.json
[2019-04-05 11:59:20,784 DEBUG Engine] New artifact filename: /Users/apple/Desktop/bachelorProject/stressThing/StressThing/2019-04-05_11-59-20.720417/merged.yml
[2019-04-05 11:59:20,785 DEBUG Engine.Configuration] Dumping YAML config into /Users/apple/Desktop/bachelorProject/stressThing/StressThing/2019-04-05_11-59-20.720417/merged.yml
[2019-04-05 11:59:20,793 DEBUG Engine] New artifact filename: /Users/apple/Desktop/bachelorProject/stressThing/StressThing/2019-04-05_11-59-20.720417/merged.json
[2019-04-05 11:59:20,794 DEBUG Engine.Configuration] Dumping JSON config into /Users/apple/Desktop/bachelorProject/stressThing/StressThing/2019-04-05_11-59-20.720417/merged.json
[2019-04-05 11:59:20,794 DEBUG Engine] Add existing artifact (move=False): allRequests.json
[2019-04-05 11:59:20,795 DEBUG Engine] Copying allRequests.json to /Users/apple/Desktop/bachelorProject/stressThing/StressThing/2019-04-05_11-59-20.720417/allRequests.json
[2019-04-05 11:59:20,800 DEBUG root] Closing log handler: /var/folders/9w/fj8tc51n59dgtrxfgskpxd9h0000gn/T/bzt_0r1ckstb.log
[2019-04-05 11:59:20,802 DEBUG root] Switched writing logs to /Users/apple/Desktop/bachelorProject/stressThing/StressThing/2019-04-05_11-59-20.720417/bzt.log
[2019-04-05 11:59:20,802 DEBUG root] Linting config
[2019-04-05 11:59:20,809 INFO Engine] Preparing...
[2019-04-05 11:59:20,810 DEBUG Engine] Module config: consolidator {'class': 'bzt.modules.aggregator.ConsolidatingAggregator'}
[2019-04-05 11:59:20,810 DEBUG root] Importing module: bzt.modules.aggregator
[2019-04-05 11:59:21,198 DEBUG root] Loading class: 'ConsolidatingAggregator' from <module 'bzt.modules.aggregator' from '/usr/local/Cellar/bzt/1.13.4/libexec/lib/python3.7/site-packages/bzt/modules/aggregator.py'>
[2019-04-05 11:59:21,199 DEBUG Engine.consolidator] Buffer scaling setup: percentile 95.0 from [0.0, 50.0, 90.0, 95.0, 99.0, 99.9, 100.0] selected
[2019-04-05 11:59:21,199 DEBUG Engine] Module config: monitoring {'class': 'bzt.modules.monitoring.Monitoring'}
[2019-04-05 11:59:21,199 DEBUG root] Importing module: bzt.modules.monitoring
[2019-04-05 11:59:21,208 DEBUG root] Loading class: 'Monitoring' from <module 'bzt.modules.monitoring' from '/usr/local/Cellar/bzt/1.13.4/libexec/lib/python3.7/site-packages/bzt/modules/monitoring.py'>
[2019-04-05 11:59:21,217 DEBUG Engine] Module config: local {'class': 'bzt.modules.provisioning.Local'}
[2019-04-05 11:59:21,217 DEBUG root] Importing module: bzt.modules.provisioning
[2019-04-05 11:59:21,217 DEBUG root] Loading class: 'Local' from <module 'bzt.modules.provisioning' from '/usr/local/Cellar/bzt/1.13.4/libexec/lib/python3.7/site-packages/bzt/modules/provisioning.py'>
[2019-04-05 11:59:21,218 DEBUG Engine] Module config: jmeter {'class': 'bzt.modules.jmeter.JMeterExecutor', 'protocol-handlers': {'http': 'bzt.jmx.http.HTTPProtocolHandler'}, 'plugins': ['jpgc-casutg', 'jpgc-dummy', 'jpgc-ffw', 'jpgc-fifo', 'jpgc-functions', 'jpgc-json', 'jpgc-perfmon', 'jpgc-prmctl', 'jpgc-tst'], 'properties': {'jmeter.save.saveservice.autoflush': 'true', 'jmeter.save.saveservice.connect_time': 'true', 'jmeterengine.force.system.exit': 'true', 'summariser.name': ''}}
[2019-04-05 11:59:21,219 DEBUG root] Importing module: bzt.modules.jmeter
[2019-04-05 11:59:21,295 DEBUG root] Loading class: 'JMeterExecutor' from <module 'bzt.modules.jmeter' from '/usr/local/Cellar/bzt/1.13.4/libexec/lib/python3.7/site-packages/bzt/modules/jmeter.py'>
[2019-04-05 11:59:21,296 DEBUG Engine.local] Preparing executor: jmeter/4423403952
[2019-04-05 11:59:21,297 DEBUG Engine] New artifact filename: /Users/apple/Desktop/bachelorProject/stressThing/StressThing/2019-04-05_11-59-20.720417/jmeter.log
[2019-04-05 11:59:21,297 DEBUG Engine.jmeter] Checking if port 4445 is free
[2019-04-05 11:59:21,302 DEBUG Engine.jmeter] Port 4445 is free
[2019-04-05 11:59:21,302 DEBUG Engine.jmeter] Using port 4445 for management
[2019-04-05 11:59:21,303 DEBUG Engine] New artifact filename: /Users/apple/Desktop/bachelorProject/stressThing/StressThing/2019-04-05_11-59-20.720417/requests.jmx
[2019-04-05 11:59:21,306 DEBUG root] Importing module: bzt.jmx.http
[2019-04-05 11:59:21,308 DEBUG root] Loading class: 'HTTPProtocolHandler' from <module 'bzt.jmx.http' from '/usr/local/Cellar/bzt/1.13.4/libexec/lib/python3.7/site-packages/bzt/jmx/http.py'>
[2019-04-05 11:59:21,312 DEBUG JMeterScenarioBuilder] Saving JMX to: /Users/apple/Desktop/bachelorProject/stressThing/StressThing/2019-04-05_11-59-20.720417/requests.jmx
[2019-04-05 11:59:21,314 DEBUG Engine.jmeter] Additional system properties {'sun.net.inetaddr.ttl': 0}
[2019-04-05 11:59:21,314 DEBUG Engine] New artifact filename: /Users/apple/Desktop/bachelorProject/stressThing/StressThing/2019-04-05_11-59-20.720417/system.properties
[2019-04-05 11:59:21,316 DEBUG Engine.jmeter] Additional properties: {'jmeter.save.saveservice.autoflush': 'true', 'jmeter.save.saveservice.connect_time': 'true', 'jmeterengine.force.system.exit': 'true', 'summariser.name': '', 'jmeterengine.nongui.port': 4445, 'jmeterengine.nongui.maxport': 4445, 'jmeter.save.saveservice.timestamp_format': 'ms', 'sampleresult.default.encoding': 'UTF-8', 'user.classpath': '/Users/apple/Desktop/bachelorProject/stressThing/StressThing/2019-04-05_11-59-20.720417:/Users/apple/Desktop/bachelorProject/stressThing/StressThing/2019-04-05_11-59-20.720417'}
[2019-04-05 11:59:21,316 DEBUG Engine] New artifact filename: /Users/apple/Desktop/bachelorProject/stressThing/StressThing/2019-04-05_11-59-20.720417/jmeter-bzt.properties
[2019-04-05 11:59:21,319 DEBUG Engine.jmeter.JavaVM] Trying JavaVM: ['java', '-version']
[2019-04-05 11:59:21,320 DEBUG root] Executing shell: ['java', '-version'] at .
[2019-04-05 11:59:21,534 DEBUG urllib3.connectionpool] https://gettaurus.org:443 "GET /updates/?version=1.13.4&installID=macos-3c075440e027 HTTP/1.1" 403 1587
[2019-04-05 11:59:21,541 DEBUG Engine] Failed to check for updates: Traceback (most recent call last):
  File "/usr/local/Cellar/bzt/1.13.4/libexec/lib/python3.7/site-packages/bzt/engine.py", line 697, in _check_updates
    data = response.json()
  File "/usr/local/Cellar/bzt/1.13.4/libexec/lib/python3.7/site-packages/requests/models.py", line 897, in json
    return complexjson.loads(self.text, **kwargs)
  File "/usr/local/opt/python/Frameworks/Python.framework/Versions/3.7/lib/python3.7/json/__init__.py", line 348, in loads
    return _default_decoder.decode(s)
  File "/usr/local/opt/python/Frameworks/Python.framework/Versions/3.7/lib/python3.7/json/decoder.py", line 337, in decode
    obj, end = self.raw_decode(s, idx=_w(s, 0).end())
  File "/usr/local/opt/python/Frameworks/Python.framework/Versions/3.7/lib/python3.7/json/decoder.py", line 355, in raw_decode
    raise JSONDecodeError("Expecting value", s, err.value) from None
json.decoder.JSONDecodeError: Expecting value: line 1 column 1 (char 0)

[2019-04-05 11:59:21,541 WARNING Engine] Failed to check for updates
[2019-04-05 11:59:21,758 DEBUG Engine.jmeter.JavaVM] JavaVM output: 
[2019-04-05 11:59:21,758 DEBUG Engine.jmeter.TclLibrary] We don't need to check tcl library on this platform
[2019-04-05 11:59:21,759 DEBUG Engine.jmeter.JMeter] Trying JMeter..
[2019-04-05 11:59:21,759 DEBUG root] Executing shell: ['/Users/apple/.bzt/jmeter-taurus/5.1.1/bin/jmeter.sh', '-j', '/var/folders/9w/fj8tc51n59dgtrxfgskpxd9h0000gn/T/jmeterad5dg3q2log', '--version'] at .
[2019-04-05 11:59:24,661 DEBUG Engine.jmeter.JMeter] JMeter check:     _    ____   _    ____ _   _ _____       _ __  __ _____ _____ _____ ____     
   / \  |  _ \ / \  / ___| | | | ____|     | |  \/  | ____|_   _| ____|  _ \   
  / _ \ | |_) / _ \| |   | |_| |  _|    _  | | |\/| |  _|   | | |  _| | |_) | 
 / ___ \|  __/ ___ \ |___|  _  | |___  | |_| | |  | | |___  | | | |___|  _ <  
/_/   \_\_| /_/   \_\____|_| |_|_____|  \___/|_|  |_|_____| |_| |_____|_| \_\ 5.1.1 r1855137  

Copyright (c) 1999-2019 The Apache Software Foundation

 / 
[2019-04-05 11:59:24,662 DEBUG Engine.jmeter] Load: LoadSpec(concurrency=20, throughput=20.0, ramp_up=10.0, hold=60.0, iterations=0, duration=70.0, steps=None)
[2019-04-05 11:59:24,668 DEBUG Engine] New artifact filename: /Users/apple/Desktop/bachelorProject/stressThing/StressThing/2019-04-05_11-59-20.720417/kpi.jtl
[2019-04-05 11:59:24,669 DEBUG Engine] New artifact filename: /Users/apple/Desktop/bachelorProject/stressThing/StressThing/2019-04-05_11-59-20.720417/error.jtl
[2019-04-05 11:59:24,675 DEBUG Engine.jmeter.LoadSettingsProcessor.ThreadGroupHandler] Converting ThreadGroup (UserScenario) to ConcurrencyThreadGroup and apply load parameters
[2019-04-05 11:59:24,677 DEBUG Engine] New artifact filename: /Users/apple/Desktop/bachelorProject/stressThing/StressThing/2019-04-05_11-59-20.720417/modified_requests.jmx
[2019-04-05 11:59:24,677 DEBUG JMX] Saving JMX to: /Users/apple/Desktop/bachelorProject/stressThing/StressThing/2019-04-05_11-59-20.720417/modified_requests.jmx
[2019-04-05 11:59:24,679 DEBUG root] Executing shell: ['/Users/apple/.bzt/jmeter-taurus/5.1.1/bin/PluginsManagerCMD.sh', 'install-for-jmx', '/Users/apple/Desktop/bachelorProject/stressThing/StressThing/2019-04-05_11-59-20.720417/modified_requests.jmx'] at .
[2019-04-05 11:59:32,646 DEBUG Engine.jmeter.JMeter] Try to detect plugins for /Users/apple/Desktop/bachelorProject/stressThing/StressThing/2019-04-05_11-59-20.720417/modified_requests.jmx
2019-04-05 11:59:26,674 INFO o.j.r.PluginManagerCMD: Command is: install-for-jmx
2019-04-05 11:59:26,826 INFO o.j.r.JARSourceHTTP: Requesting https://jmeter-plugins.org/repo/?installID=mac_os_x-6ea89ae77c774e4d2ddbb3feca9aea6c-nongui
2019-04-05 11:59:31,294 INFO o.j.r.PluginManager: Plugins Status: [jpgc-functions=2.1, jpgc-casutg=2.8, jpgc-dummy=0.2, jpgc-ffw=2.0, jpgc-fifo=0.2, jpgc-json=2.7, jpgc-prmctl=0.4, jpgc-perfmon=2.1, jpgc-plugins-manager=1.3, jpgc-tst=2.5, jmeter-core=5.1.1, jmeter-ftp=5.1.1, jmeter-http=5.1.1, jmeter-jdbc=5.1.1, jmeter-jms=5.1.1, jmeter-junit=5.1.1, jmeter-java=5.1.1, jmeter-ldap=5.1.1, jmeter-mail=5.1.1, jmeter-mongodb=5.1.1, jmeter-native=5.1.1, jmeter-tcp=5.1.1, jmeter-components=5.1.1]
2019-04-05 11:59:31,303 INFO o.j.r.PluginManagerCMD: Params line is: /Users/apple/Desktop/bachelorProject/stressThing/StressThing/2019-04-05_11-59-20.720417/modified_requests.jmx
2019-04-05 11:59:31,910 INFO o.a.j.s.SaveService: Testplan (JMX) version: 2.2. Testlog (JTL) version: 2.2
2019-04-05 11:59:31,944 INFO o.a.j.s.SaveService: Using SaveService properties file encoding UTF-8
2019-04-05 11:59:31,954 INFO o.a.j.s.SaveService: Using SaveService properties version 5.0
2019-04-05 11:59:32,049 INFO o.a.j.p.h.c.CacheManager: Will only cache the following methods: [GET]
2019-04-05 11:59:32,057 INFO o.a.j.p.h.c.CookieManager: Settings: Delete null: true Check: true Allow variable: true Save: false Prefix: COOKIE_
2019-04-05 11:59:32,184 INFO o.a.j.p.h.s.HTTPSamplerBase: Parser for text/html is org.apache.jmeter.protocol.http.parser.LagartoBasedHtmlParser
2019-04-05 11:59:32,184 INFO o.a.j.p.h.s.HTTPSamplerBase: Parser for application/xhtml+xml is org.apache.jmeter.protocol.http.parser.LagartoBasedHtmlParser
2019-04-05 11:59:32,190 INFO o.a.j.p.h.s.HTTPSamplerBase: Parser for application/xml is org.apache.jmeter.protocol.http.parser.LagartoBasedHtmlParser
2019-04-05 11:59:32,190 INFO o.a.j.p.h.s.HTTPSamplerBase: Parser for text/xml is org.apache.jmeter.protocol.http.parser.LagartoBasedHtmlParser
2019-04-05 11:59:32,190 INFO o.a.j.p.h.s.HTTPSamplerBase: Parser for text/vnd.wap.wml is org.apache.jmeter.protocol.http.parser.RegexpHTMLParser
2019-04-05 11:59:32,191 INFO o.a.j.p.h.s.HTTPSamplerBase: Parser for text/css is org.apache.jmeter.protocol.http.parser.CssParser
2019-04-05 11:59:32,299 INFO o.j.r.PluginManager: Finishing without changes


[2019-04-05 11:59:32,647 DEBUG Engine] New artifact filename: /Users/apple/Desktop/bachelorProject/stressThing/StressThing/2019-04-05_11-59-20.720417/jmeter.out
[2019-04-05 11:59:32,647 DEBUG Engine] New artifact filename: /Users/apple/Desktop/bachelorProject/stressThing/StressThing/2019-04-05_11-59-20.720417/jmeter.err
[2019-04-05 11:59:32,649 DEBUG Engine] Module config: final-stats {'class': 'bzt.modules.reporting.FinalStatus'}
[2019-04-05 11:59:32,649 DEBUG root] Importing module: bzt.modules.reporting
[2019-04-05 11:59:32,676 DEBUG easyprocess] version=0.2.5
[2019-04-05 11:59:32,681 DEBUG pyvirtualdisplay] version=0.2.1
[2019-04-05 11:59:32,688 DEBUG root] Loading class: 'FinalStatus' from <module 'bzt.modules.reporting' from '/usr/local/Cellar/bzt/1.13.4/libexec/lib/python3.7/site-packages/bzt/modules/reporting.py'>
[2019-04-05 11:59:32,688 DEBUG Engine] Module config: console {'class': 'bzt.modules.console.ConsoleStatusReporter'}
[2019-04-05 11:59:32,689 DEBUG root] Importing module: bzt.modules.console
[2019-04-05 11:59:32,689 DEBUG root] Loading class: 'ConsoleStatusReporter' from <module 'bzt.modules.console' from '/usr/local/Cellar/bzt/1.13.4/libexec/lib/python3.7/site-packages/bzt/modules/console.py'>
[2019-04-05 11:59:32,689 WARNING Engine] Module 'console' can be only used once, will merge all new instances into single
[2019-04-05 11:59:32,690 DEBUG Engine] Module config: blazemeter {'class': 'bzt.modules.blazemeter.BlazeMeterUploader'}
[2019-04-05 11:59:32,690 DEBUG root] Importing module: bzt.modules.blazemeter
[2019-04-05 11:59:32,690 DEBUG root] Loading class: 'BlazeMeterUploader' from <module 'bzt.modules.blazemeter' from '/usr/local/Cellar/bzt/1.13.4/libexec/lib/python3.7/site-packages/bzt/modules/blazemeter.py'>
[2019-04-05 11:59:32,708 WARNING Engine.blazemeter] No BlazeMeter API key provided, will upload anonymously
[2019-04-05 11:59:32,708 DEBUG Engine.blazemeter] Installing http client
[2019-04-05 11:59:32,708 DEBUG User] Request: GET https://a.blazemeter.com/api/v4/web/version None
[2019-04-05 11:59:32,709 DEBUG HTTPClient] Making HTTP request GET https://a.blazemeter.com/api/v4/web/version
[2019-04-05 11:59:32,714 DEBUG urllib3.connectionpool] Starting new HTTPS connection (1): a.blazemeter.com:443
[2019-04-05 11:59:34,717 DEBUG urllib3.connectionpool] https://a.blazemeter.com:443 "GET /api/v4/web/version HTTP/1.1" 200 233
[2019-04-05 11:59:34,719 DEBUG User] Response [200]: {
    "api_version": 4,
    "error": null,
    "result": "blazemeter-php7-backend-package 915 release/2019-03-19_125 ee76c9c291be83d006f99c032216357fa52192b0 Thu Apr 4 11:28:05 2019 +0300 ee76c9c291be83d006f99c032216357fa52192b0\n"
}
[2019-04-05 11:59:34,722 DEBUG Engine.Configuration] Dumping YAML config into /Users/apple/Desktop/bachelorProject/stressThing/StressThing/2019-04-05_11-59-20.720417/effective.yml
[2019-04-05 11:59:34,760 DEBUG Engine.Configuration] Dumping JSON config into /Users/apple/Desktop/bachelorProject/stressThing/StressThing/2019-04-05_11-59-20.720417/effective.json
[2019-04-05 11:59:34,762 INFO Engine] Starting...
[2019-04-05 11:59:34,762 DEBUG Engine] Startup <bzt.modules.monitoring.Monitoring object at 0x106026588>
[2019-04-05 11:59:34,762 DEBUG Engine] Startup <bzt.modules.aggregator.ConsolidatingAggregator object at 0x10775fdd8>
[2019-04-05 11:59:34,762 DEBUG Engine] Startup <bzt.modules.reporting.FinalStatus object at 0x1060515c0>
[2019-04-05 11:59:34,763 DEBUG Engine] Startup <bzt.modules.console.ConsoleStatusReporter object at 0x107af3a90>
[2019-04-05 11:59:34,763 INFO Engine.console] Waiting for results...
[2019-04-05 11:59:34,763 DEBUG Engine] Startup <bzt.modules.blazemeter.BlazeMeterUploader object at 0x107b993c8>
[2019-04-05 11:59:34,763 INFO Engine.blazemeter] Initiating data feeding...
[2019-04-05 11:59:34,763 DEBUG User] Request: POST https://a.blazemeter.com/api/v4/sessions None
[2019-04-05 11:59:34,764 DEBUG HTTPClient] Making HTTP request POST https://a.blazemeter.com/api/v4/sessions
[2019-04-05 11:59:35,285 DEBUG urllib3.connectionpool] https://a.blazemeter.com:443 "POST /api/v4/sessions HTTP/1.1" 201 3171
[2019-04-05 11:59:35,287 DEBUG User] Response [201]: {
    "api_version": 4,
    "error": null,
    "result": {
        "session": {
            "id": "r-ext-5ca703df712ba",
            "name": "external",
            "userId": 386483,
            "publicToken": "gA9dTvG6ZJHeRCF3umgQLAd2Xld1o5dfBKmiN514uWWEE
[2019-04-05 11:59:35,288 INFO Engine.blazemeter] Started data feeding: https://a.blazemeter.com/app/?public-token=gA9dTvG6ZJHeRCF3umgQLAd2Xld1o5dfBKmiN514uWWEE37AyL#reports/r-ext-5ca703df712ba/summary
[2019-04-05 11:59:35,484 DEBUG Engine] Startup <bzt.modules.provisioning.Local object at 0x106047cf8>
[2019-04-05 11:59:35,485 DEBUG Engine.local] Delay setup for jmeter/UserScenario: 0(start-at) + 0(delay) = 0
[2019-04-05 11:59:35,491 DEBUG Engine.Configuration] Dumping YAML config into /Users/apple/Desktop/bachelorProject/stressThing/StressThing/2019-04-05_11-59-20.720417/effective.yml
[2019-04-05 11:59:35,555 DEBUG Engine.Configuration] Dumping JSON config into /Users/apple/Desktop/bachelorProject/stressThing/StressThing/2019-04-05_11-59-20.720417/effective.json
[2019-04-05 11:59:35,557 DEBUG root] Leveling down log file verbosity to INFO, use -v option to have DEBUG messages enabled
[2019-04-05 11:59:35,557 DEBUG root] Leveled up log file verbosity
[2019-04-05 11:59:35,559 DEBUG root] Executing shell: ['/Users/apple/.bzt/jmeter-taurus/5.1.1/bin/jmeter.sh', '-t', '/Users/apple/Desktop/bachelorProject/stressThing/StressThing/2019-04-05_11-59-20.720417/modified_requests.jmx', '-j', '/Users/apple/Desktop/bachelorProject/stressThing/StressThing/2019-04-05_11-59-20.720417/jmeter.log', '-q', '/Users/apple/Desktop/bachelorProject/stressThing/StressThing/2019-04-05_11-59-20.720417/jmeter-bzt.properties', '-n', '-S', '/Users/apple/Desktop/bachelorProject/stressThing/StressThing/2019-04-05_11-59-20.720417/system.properties'] at /Users/apple/Desktop/bachelorProject/stressThing/StressThing
[2019-04-05 11:59:35,574 DEBUG root] Leveling down log file verbosity to INFO, use -v option to have DEBUG messages enabled
[2019-04-05 11:59:35,825 INFO Engine.console] Waiting for finish...
[2019-04-05 11:59:36,039 ERROR Engine.console] Console screen failure: ord() expected string of length 1, but int found
[2019-04-05 11:59:37,582 INFO Engine.console] Waiting for finish...
[2019-04-05 11:59:37,613 ERROR Engine.console] Console screen failure: ord() expected string of length 1, but int found
[2019-04-05 11:59:38,572 INFO Engine.console] Waiting for finish...
[2019-04-05 11:59:38,592 ERROR Engine.console] Console screen failure: ord() expected string of length 1, but int found
[2019-04-05 11:59:39,583 INFO Engine.console] Waiting for finish...
[2019-04-05 11:59:39,616 ERROR Engine.console] Console screen failure: ord() expected string of length 1, but int found
[2019-04-05 11:59:40,587 INFO Engine.console] Waiting for finish...
[2019-04-05 11:59:40,624 ERROR Engine.console] Console screen failure: ord() expected string of length 1, but int found
[2019-04-05 11:59:41,601 INFO Engine.console] Waiting for finish...
[2019-04-05 11:59:41,655 ERROR Engine.console] Console screen failure: ord() expected string of length 1, but int found
[2019-04-05 11:59:42,563 INFO Engine.console] Waiting for finish...
[2019-04-05 11:59:42,595 ERROR Engine.console] Console screen failure: ord() expected string of length 1, but int found
[2019-04-05 11:59:43,599 INFO Engine.console] Waiting for finish...
[2019-04-05 11:59:43,673 ERROR Engine.console] Console screen failure: ord() expected string of length 1, but int found
[2019-04-05 11:59:44,625 INFO Engine.jmeter.JTLReader] Changed data analysis delay to 4s
[2019-04-05 11:59:44,651 INFO Engine.console] Waiting for finish...
[2019-04-05 11:59:44,681 ERROR Engine.console] Console screen failure: ord() expected string of length 1, but int found
[2019-04-05 11:59:45,572 INFO Engine.console] Waiting for finish...
[2019-04-05 11:59:45,599 ERROR Engine.console] Console screen failure: ord() expected string of length 1, but int found
[2019-04-05 11:59:46,589 INFO Engine.console] Waiting for finish...
[2019-04-05 11:59:46,612 ERROR Engine.console] Console screen failure: ord() expected string of length 1, but int found
[2019-04-05 11:59:47,677 INFO Engine.console] Waiting for finish...
[2019-04-05 11:59:47,710 ERROR Engine.console] Console screen failure: ord() expected string of length 1, but int found
[2019-04-05 11:59:48,740 INFO Engine.console] Waiting for finish...
[2019-04-05 11:59:48,769 ERROR Engine.console] Console screen failure: ord() expected string of length 1, but int found
[2019-04-05 11:59:49,661 INFO Engine.console] Waiting for finish...
[2019-04-05 11:59:49,680 ERROR Engine.console] Console screen failure: ord() expected string of length 1, but int found
[2019-04-05 11:59:50,620 INFO Engine.jmeter.JTLReader] Changed data analysis delay to 3s
[2019-04-05 11:59:50,839 INFO Engine.console] Waiting for finish...
[2019-04-05 11:59:50,867 ERROR Engine.console] Console screen failure: ord() expected string of length 1, but int found
[2019-04-05 11:59:51,667 INFO Engine.console] Waiting for finish...
[2019-04-05 11:59:51,689 ERROR Engine.console] Console screen failure: ord() expected string of length 1, but int found
[2019-04-05 11:59:52,643 INFO Engine.jmeter.JTLReader] Changed data analysis delay to 2s
[2019-04-05 11:59:52,811 INFO Engine.console] Waiting for finish...
[2019-04-05 11:59:52,914 ERROR Engine.console] Console screen failure: ord() expected string of length 1, but int found
[2019-04-05 11:59:53,731 INFO Engine.console] Waiting for finish...
[2019-04-05 11:59:53,769 ERROR Engine.console] Console screen failure: ord() expected string of length 1, but int found
[2019-04-05 11:59:54,697 INFO Engine.console] Waiting for finish...
[2019-04-05 11:59:54,720 ERROR Engine.console] Console screen failure: ord() expected string of length 1, but int found
[2019-04-05 11:59:55,843 INFO Engine.console] Waiting for finish...
[2019-04-05 11:59:55,868 ERROR Engine.console] Console screen failure: ord() expected string of length 1, but int found
[2019-04-05 11:59:56,755 INFO Engine.console] Waiting for finish...
[2019-04-05 11:59:56,792 ERROR Engine.console] Console screen failure: ord() expected string of length 1, but int found
[2019-04-05 11:59:57,808 INFO Engine.console] Waiting for finish...
[2019-04-05 11:59:57,852 ERROR Engine.console] Console screen failure: ord() expected string of length 1, but int found
[2019-04-05 11:59:58,726 INFO Engine.console] Waiting for finish...
[2019-04-05 11:59:58,751 ERROR Engine.console] Console screen failure: ord() expected string of length 1, but int found
[2019-04-05 11:59:59,746 INFO Engine.console] Waiting for finish...
[2019-04-05 11:59:59,776 ERROR Engine.console] Console screen failure: ord() expected string of length 1, but int found
[2019-04-05 12:00:00,726 INFO Engine.console] Waiting for finish...
[2019-04-05 12:00:00,759 ERROR Engine.console] Console screen failure: ord() expected string of length 1, but int found
[2019-04-05 12:00:01,791 INFO Engine.console] Waiting for finish...
[2019-04-05 12:00:01,819 ERROR Engine.console] Console screen failure: ord() expected string of length 1, but int found
[2019-04-05 12:00:02,750 INFO Engine.console] Waiting for finish...
[2019-04-05 12:00:02,797 ERROR Engine.console] Console screen failure: ord() expected string of length 1, but int found
[2019-04-05 12:00:03,877 INFO Engine.console] Waiting for finish...
[2019-04-05 12:00:03,946 ERROR Engine.console] Console screen failure: ord() expected string of length 1, but int found
[2019-04-05 12:00:04,747 INFO Engine.console] Waiting for finish...
[2019-04-05 12:00:04,784 ERROR Engine.console] Console screen failure: ord() expected string of length 1, but int found
[2019-04-05 12:00:05,783 INFO Engine.console] Waiting for finish...
[2019-04-05 12:00:05,818 ERROR Engine.console] Console screen failure: ord() expected string of length 1, but int found
[2019-04-05 12:00:06,720 INFO Engine.console] Waiting for finish...
[2019-04-05 12:00:06,740 ERROR Engine.console] Console screen failure: ord() expected string of length 1, but int found
[2019-04-05 12:00:11,145 INFO Engine.console] Waiting for finish...
[2019-04-05 12:00:11,193 ERROR Engine.console] Console screen failure: ord() expected string of length 1, but int found
[2019-04-05 12:00:11,205 INFO Engine.console] Waiting for finish...
[2019-04-05 12:00:11,255 ERROR Engine.console] Console screen failure: ord() expected string of length 1, but int found
[2019-04-05 12:00:12,357 INFO Engine.console] Waiting for finish...
[2019-04-05 12:00:12,383 ERROR Engine.console] Console screen failure: ord() expected string of length 1, but int found
[2019-04-05 12:00:13,209 INFO Engine.console] Waiting for finish...
[2019-04-05 12:00:13,238 ERROR Engine.console] Console screen failure: ord() expected string of length 1, but int found
[2019-04-05 12:00:14,236 INFO Engine.console] Waiting for finish...
[2019-04-05 12:00:14,306 ERROR Engine.console] Console screen failure: ord() expected string of length 1, but int found
[2019-04-05 12:00:15,234 INFO Engine.console] Waiting for finish...
[2019-04-05 12:00:15,290 ERROR Engine.console] Console screen failure: ord() expected string of length 1, but int found
[2019-04-05 12:00:16,240 INFO Engine.console] Waiting for finish...
[2019-04-05 12:00:16,267 ERROR Engine.console] Console screen failure: ord() expected string of length 1, but int found
[2019-04-05 12:00:17,230 INFO Engine.console] Waiting for finish...
[2019-04-05 12:00:17,293 ERROR Engine.console] Console screen failure: ord() expected string of length 1, but int found
[2019-04-05 12:00:18,234 INFO Engine.console] Waiting for finish...
[2019-04-05 12:00:18,265 ERROR Engine.console] Console screen failure: ord() expected string of length 1, but int found
[2019-04-05 12:00:19,239 INFO Engine.console] Waiting for finish...
[2019-04-05 12:00:19,272 ERROR Engine.console] Console screen failure: ord() expected string of length 1, but int found
[2019-04-05 12:00:20,231 INFO Engine.console] Waiting for finish...
[2019-04-05 12:00:20,252 ERROR Engine.console] Console screen failure: ord() expected string of length 1, but int found
[2019-04-05 12:00:21,239 INFO Engine.console] Waiting for finish...
[2019-04-05 12:00:21,264 ERROR Engine.console] Console screen failure: ord() expected string of length 1, but int found
[2019-04-05 12:00:22,241 INFO Engine.console] Waiting for finish...
[2019-04-05 12:00:22,269 ERROR Engine.console] Console screen failure: ord() expected string of length 1, but int found
[2019-04-05 12:00:23,248 INFO Engine.console] Waiting for finish...
[2019-04-05 12:00:23,270 ERROR Engine.console] Console screen failure: ord() expected string of length 1, but int found
[2019-04-05 12:00:24,266 INFO Engine.console] Waiting for finish...
[2019-04-05 12:00:24,322 ERROR Engine.console] Console screen failure: ord() expected string of length 1, but int found
[2019-04-05 12:00:25,256 INFO Engine.console] Waiting for finish...
[2019-04-05 12:00:25,293 ERROR Engine.console] Console screen failure: ord() expected string of length 1, but int found
[2019-04-05 12:00:26,250 INFO Engine.console] Waiting for finish...
[2019-04-05 12:00:26,276 ERROR Engine.console] Console screen failure: ord() expected string of length 1, but int found
[2019-04-05 12:00:27,255 INFO Engine.console] Waiting for finish...
[2019-04-05 12:00:27,279 ERROR Engine.console] Console screen failure: ord() expected string of length 1, but int found
[2019-04-05 12:00:28,250 INFO Engine.console] Waiting for finish...
[2019-04-05 12:00:28,279 ERROR Engine.console] Console screen failure: ord() expected string of length 1, but int found
[2019-04-05 12:00:29,259 INFO Engine.console] Waiting for finish...
[2019-04-05 12:00:29,292 ERROR Engine.console] Console screen failure: ord() expected string of length 1, but int found
[2019-04-05 12:00:30,258 INFO Engine.console] Waiting for finish...
[2019-04-05 12:00:30,296 ERROR Engine.console] Console screen failure: ord() expected string of length 1, but int found
[2019-04-05 12:00:31,261 INFO Engine.console] Waiting for finish...
[2019-04-05 12:00:31,285 ERROR Engine.console] Console screen failure: ord() expected string of length 1, but int found
[2019-04-05 12:00:32,243 INFO Engine.console] Waiting for finish...
[2019-04-05 12:00:32,264 ERROR Engine.console] Console screen failure: ord() expected string of length 1, but int found
[2019-04-05 12:00:33,263 INFO Engine.console] Waiting for finish...
[2019-04-05 12:00:33,298 ERROR Engine.console] Console screen failure: ord() expected string of length 1, but int found
[2019-04-05 12:00:34,272 INFO Engine.console] Waiting for finish...
[2019-04-05 12:00:34,312 ERROR Engine.console] Console screen failure: ord() expected string of length 1, but int found
[2019-04-05 12:00:35,276 INFO Engine.console] Waiting for finish...
[2019-04-05 12:00:35,307 ERROR Engine.console] Console screen failure: ord() expected string of length 1, but int found
[2019-04-05 12:00:36,281 INFO Engine.console] Waiting for finish...
[2019-04-05 12:00:36,335 ERROR Engine.console] Console screen failure: ord() expected string of length 1, but int found
[2019-04-05 12:00:37,285 INFO Engine.console] Waiting for finish...
[2019-04-05 12:00:37,326 ERROR Engine.console] Console screen failure: ord() expected string of length 1, but int found
[2019-04-05 12:00:39,061 INFO Engine.console] Waiting for finish...
[2019-04-05 12:00:39,086 ERROR Engine.console] Console screen failure: ord() expected string of length 1, but int found
[2019-04-05 12:00:40,062 INFO Engine.console] Waiting for finish...
[2019-04-05 12:00:40,121 ERROR Engine.console] Console screen failure: ord() expected string of length 1, but int found
[2019-04-05 12:00:41,062 INFO Engine.console] Waiting for finish...
[2019-04-05 12:00:41,094 ERROR Engine.console] Console screen failure: ord() expected string of length 1, but int found
[2019-04-05 12:00:42,064 INFO Engine.console] Waiting for finish...
[2019-04-05 12:00:42,102 ERROR Engine.console] Console screen failure: ord() expected string of length 1, but int found
[2019-04-05 12:00:43,065 INFO Engine.console] Waiting for finish...
[2019-04-05 12:00:43,095 ERROR Engine.console] Console screen failure: ord() expected string of length 1, but int found
[2019-04-05 12:00:44,075 INFO Engine.console] Waiting for finish...
[2019-04-05 12:00:44,102 ERROR Engine.console] Console screen failure: ord() expected string of length 1, but int found
[2019-04-05 12:00:45,056 INFO Engine.console] Waiting for finish...
[2019-04-05 12:00:45,083 ERROR Engine.console] Console screen failure: ord() expected string of length 1, but int found
[2019-04-05 12:00:46,098 INFO Engine.console] Waiting for finish...
[2019-04-05 12:00:46,142 ERROR Engine.console] Console screen failure: ord() expected string of length 1, but int found
[2019-04-05 12:00:47,086 INFO Engine.console] Waiting for finish...
[2019-04-05 12:00:47,138 ERROR Engine.console] Console screen failure: ord() expected string of length 1, but int found
[2019-04-05 12:00:48,122 INFO Engine.console] Waiting for finish...
[2019-04-05 12:00:48,167 ERROR Engine.console] Console screen failure: ord() expected string of length 1, but int found
[2019-04-05 12:00:49,090 INFO Engine.console] Waiting for finish...
[2019-04-05 12:00:49,128 ERROR Engine.console] Console screen failure: ord() expected string of length 1, but int found
[2019-04-05 12:00:50,088 INFO Engine.console] Waiting for finish...
[2019-04-05 12:00:50,119 ERROR Engine.console] Console screen failure: ord() expected string of length 1, but int found
[2019-04-05 12:00:51,095 INFO Engine.console] Waiting for finish...
[2019-04-05 12:00:51,137 ERROR Engine.console] Console screen failure: ord() expected string of length 1, but int found
[2019-04-05 12:00:52,093 INFO Engine.console] Waiting for finish...
[2019-04-05 12:00:52,123 ERROR Engine.console] Console screen failure: ord() expected string of length 1, but int found
[2019-04-05 12:00:53,070 INFO Engine.console] Waiting for finish...
[2019-04-05 12:00:53,088 ERROR Engine.console] Console screen failure: ord() expected string of length 1, but int found
[2019-04-05 12:00:54,093 INFO Engine.console] Waiting for finish...
[2019-04-05 12:00:54,128 ERROR Engine.console] Console screen failure: ord() expected string of length 1, but int found
[2019-04-05 12:00:55,108 INFO Engine.console] Waiting for finish...
[2019-04-05 12:00:55,132 ERROR Engine.console] Console screen failure: ord() expected string of length 1, but int found
[2019-04-05 12:00:56,110 INFO Engine.console] Waiting for finish...
[2019-04-05 12:00:56,136 ERROR Engine.console] Console screen failure: ord() expected string of length 1, but int found
[2019-04-05 12:00:57,119 INFO Engine.console] Waiting for finish...
[2019-04-05 12:00:57,161 ERROR Engine.console] Console screen failure: ord() expected string of length 1, but int found
[2019-04-05 12:00:58,127 INFO Engine.console] Waiting for finish...
[2019-04-05 12:00:58,151 ERROR Engine.console] Console screen failure: ord() expected string of length 1, but int found
[2019-04-05 12:00:59,101 INFO Engine.console] Waiting for finish...
[2019-04-05 12:00:59,127 ERROR Engine.console] Console screen failure: ord() expected string of length 1, but int found
[2019-04-05 12:01:00,116 INFO Engine.console] Waiting for finish...
[2019-04-05 12:01:00,154 ERROR Engine.console] Console screen failure: ord() expected string of length 1, but int found
[2019-04-05 12:01:01,116 INFO Engine.console] Waiting for finish...
[2019-04-05 12:01:01,140 ERROR Engine.console] Console screen failure: ord() expected string of length 1, but int found
[2019-04-05 12:01:02,105 INFO Engine.console] Waiting for finish...
[2019-04-05 12:01:02,200 ERROR Engine.console] Console screen failure: ord() expected string of length 1, but int found
[2019-04-05 12:01:03,135 INFO Engine.console] Waiting for finish...
[2019-04-05 12:01:03,181 ERROR Engine.console] Console screen failure: ord() expected string of length 1, but int found
[2019-04-05 12:01:04,113 INFO Engine.console] Waiting for finish...
[2019-04-05 12:01:04,142 ERROR Engine.console] Console screen failure: ord() expected string of length 1, but int found
[2019-04-05 12:01:05,094 INFO Engine.console] Waiting for finish...
[2019-04-05 12:01:05,120 ERROR Engine.console] Console screen failure: ord() expected string of length 1, but int found
[2019-04-05 12:01:06,111 INFO Engine.console] Waiting for finish...
[2019-04-05 12:01:06,141 ERROR Engine.console] Console screen failure: ord() expected string of length 1, but int found
[2019-04-05 12:01:07,118 INFO Engine.console] Waiting for finish...
[2019-04-05 12:01:07,154 ERROR Engine.console] Console screen failure: ord() expected string of length 1, but int found
[2019-04-05 12:01:08,117 INFO Engine.console] Waiting for finish...
[2019-04-05 12:01:08,142 ERROR Engine.console] Console screen failure: ord() expected string of length 1, but int found
[2019-04-05 12:01:09,356 INFO Engine.console] Waiting for finish...
[2019-04-05 12:01:09,393 ERROR Engine.console] Console screen failure: ord() expected string of length 1, but int found
[2019-04-05 12:01:10,355 INFO Engine.console] Waiting for finish...
[2019-04-05 12:01:10,380 ERROR Engine.console] Console screen failure: ord() expected string of length 1, but int found
[2019-04-05 12:01:11,355 INFO Engine.console] Waiting for finish...
[2019-04-05 12:01:11,380 ERROR Engine.console] Console screen failure: ord() expected string of length 1, but int found
[2019-04-05 12:01:12,353 INFO Engine.console] Waiting for finish...
[2019-04-05 12:01:12,375 ERROR Engine.console] Console screen failure: ord() expected string of length 1, but int found
[2019-04-05 12:01:13,366 INFO Engine.console] Waiting for finish...
[2019-04-05 12:01:13,388 ERROR Engine.console] Console screen failure: ord() expected string of length 1, but int found
[2019-04-05 12:01:14,344 INFO Engine.console] Waiting for finish...
[2019-04-05 12:01:14,400 ERROR Engine.console] Console screen failure: ord() expected string of length 1, but int found
[2019-04-05 12:01:15,380 INFO Engine.console] Waiting for finish...
[2019-04-05 12:01:15,401 ERROR Engine.console] Console screen failure: ord() expected string of length 1, but int found
[2019-04-05 12:01:16,365 INFO Engine.console] Waiting for finish...
[2019-04-05 12:01:16,390 ERROR Engine.console] Console screen failure: ord() expected string of length 1, but int found
[2019-04-05 12:01:17,368 INFO Engine.console] Waiting for finish...
[2019-04-05 12:01:17,387 ERROR Engine.console] Console screen failure: ord() expected string of length 1, but int found
[2019-04-05 12:01:18,364 INFO Engine.console] Waiting for finish...
[2019-04-05 12:01:18,387 ERROR Engine.console] Console screen failure: ord() expected string of length 1, but int found
[2019-04-05 12:01:19,364 INFO Engine.console] Waiting for finish...
[2019-04-05 12:01:19,389 ERROR Engine.console] Console screen failure: ord() expected string of length 1, but int found
[2019-04-05 12:01:20,370 INFO Engine.console] Waiting for finish...
[2019-04-05 12:01:20,396 ERROR Engine.console] Console screen failure: ord() expected string of length 1, but int found
[2019-04-05 12:01:21,376 INFO Engine.console] Waiting for finish...
[2019-04-05 12:01:21,415 ERROR Engine.console] Console screen failure: ord() expected string of length 1, but int found
[2019-04-05 12:01:22,649 INFO Engine.console] Waiting for finish...
[2019-04-05 12:01:22,684 ERROR Engine.console] Console screen failure: ord() expected string of length 1, but int found
[2019-04-05 12:01:23,355 INFO Engine.console] Waiting for finish...
[2019-04-05 12:01:23,377 ERROR Engine.console] Console screen failure: ord() expected string of length 1, but int found
[2019-04-05 12:01:23,424 WARNING Engine] Please wait for graceful shutdown...
[2019-04-05 12:01:23,424 DEBUG root] Leveled up log file verbosity
[2019-04-05 12:01:23,424 INFO Engine] Shutting down...
[2019-04-05 12:01:23,424 DEBUG Engine] Current stop reason: None
[2019-04-05 12:01:23,425 DEBUG Engine.local] Shutdown jmeter/UserScenario
[2019-04-05 12:01:23,425 DEBUG Engine.console] No logger_handler or orig_stream was detected
[2019-04-05 12:01:23,427 DEBUG Engine.Configuration] Dumping YAML config into /Users/apple/Desktop/bachelorProject/stressThing/StressThing/2019-04-05_11-59-20.720417/effective.yml
[2019-04-05 12:01:23,461 DEBUG Engine.Configuration] Dumping JSON config into /Users/apple/Desktop/bachelorProject/stressThing/StressThing/2019-04-05_11-59-20.720417/effective.json
[2019-04-05 12:01:23,462 INFO Engine] Post-processing...
[2019-04-05 12:01:23,462 DEBUG Engine.local] Post-process jmeter/UserScenario
[2019-04-05 12:01:23,462 DEBUG Engine] Add existing artifact (move=True): /Users/apple/Desktop/bachelorProject/stressThing/StressThing/2019-04-05_11-59-20.720417/modified_requests.jmx
[2019-04-05 12:01:23,462 DEBUG Engine] No need to copy /Users/apple/Desktop/bachelorProject/stressThing/StressThing/2019-04-05_11-59-20.720417/modified_requests.jmx
[2019-04-05 12:01:23,463 DEBUG Engine.jmeter.JTLReader] Buffer len: 2; Known errors count: 0
[2019-04-05 12:01:23,463 DEBUG Engine.jmeter.JTLReader] Aggregating: 1554449411, 2 in buffer
[2019-04-05 12:01:23,467 DEBUG Engine.jmeter.JTLReader] Buffer len: 1; Known errors count: 0
[2019-04-05 12:01:23,585 DEBUG Engine.jmeter.JTLReader] Aggregating: 1554449412, 1 in buffer
[2019-04-05 12:01:23,587 DEBUG Engine.jmeter.JTLReader] Buffer len: 0; Known errors count: 0
[2019-04-05 12:01:23,587 DEBUG Engine.consolidator] Consolidator buffer[4]: dict_keys([1554449409, 1554449410, 1554449411, 1554449412])
[2019-04-05 12:01:23,587 DEBUG Engine.consolidator] Merging into 1554449409
[2019-04-05 12:01:23,587 DEBUG Engine.consolidator] Bypassing consolidation because of single result
[2019-04-05 12:01:23,645 DEBUG Engine.consolidator] Processed datapoint: 1554449409/ConsolidatingAggregator@4420140504
[2019-04-05 12:01:23,645 DEBUG Engine.consolidator] Merging into 1554449410
[2019-04-05 12:01:23,645 DEBUG Engine.consolidator] Bypassing consolidation because of single result
[2019-04-05 12:01:23,645 DEBUG aggregator] Growing HDR from 5000.0 to 70000.0
[2019-04-05 12:01:23,650 DEBUG aggregator] Growing HDR from 5000.0 to 71000.0
[2019-04-05 12:01:23,657 DEBUG aggregator] Growing HDR from 5000.0 to 71000.0
[2019-04-05 12:01:23,889 DEBUG Engine.consolidator] Processed datapoint: 1554449410/ConsolidatingAggregator@4420140504
[2019-04-05 12:01:23,889 DEBUG Engine.consolidator] Merging into 1554449411
[2019-04-05 12:01:23,889 DEBUG Engine.consolidator] Bypassing consolidation because of single result
[2019-04-05 12:01:24,169 DEBUG Engine.consolidator] Processed datapoint: 1554449411/ConsolidatingAggregator@4420140504
[2019-04-05 12:01:24,169 DEBUG Engine.consolidator] Merging into 1554449412
[2019-04-05 12:01:24,169 DEBUG Engine.consolidator] Bypassing consolidation because of single result
[2019-04-05 12:01:24,446 DEBUG Engine.consolidator] Processed datapoint: 1554449412/ConsolidatingAggregator@4420140504
[2019-04-05 12:01:24,446 INFO Engine.final-stats] Test duration: 0:01:49
[2019-04-05 12:01:24,447 INFO Engine.final-stats] Samples count: 505, 0.00% failures
[2019-04-05 12:01:24,447 INFO Engine.final-stats] Average times: total 3.272, latency 3.272, connect 3.083
[2019-04-05 12:01:24,461 INFO Engine.final-stats] Percentiles:
(0lqqqqqqqqqqqqqqqwqqqqqqqqqqqqqqqk(B
(0x(B Percentile, % (0x(B Resp. Time, s (0x(B
(0tqqqqqqqqqqqqqqqnqqqqqqqqqqqqqqqu(B
(0x(B           0.0 (0x(B         0.112 (0x(B
(0x(B          50.0 (0x(B         0.611 (0x(B
(0x(B          90.0 (0x(B          0.91 (0x(B
(0x(B          95.0 (0x(B         1.101 (0x(B
(0x(B          99.0 (0x(B        70.016 (0x(B
(0x(B          99.9 (0x(B        70.016 (0x(B
(0x(B         100.0 (0x(B        70.016 (0x(B
(0mqqqqqqqqqqqqqqqvqqqqqqqqqqqqqqqj(B
[2019-04-05 12:01:24,464 INFO Engine.final-stats] Request label stats:
(0lqqqqqqqqqqqqqqqqqqqqqqqqqqqqqqqqqqqqwqqqqqqqqwqqqqqqqqqwqqqqqqqqwqqqqqqqk(B
(0x(B label                              (0x(B status (0x(B    succ (0x(B avg_rt (0x(B error (0x(B
(0tqqqqqqqqqqqqqqqqqqqqqqqqqqqqqqqqqqqqnqqqqqqqqnqqqqqqqqqnqqqqqqqqnqqqqqqqu(B
(0x(B ACTION: toggleTHING: MyLampThing   (0x(B   OK   (0x(B 100.00% (0x(B  1.105 (0x(B       (0x(B
(0x(B PROPERTY: statusTHING: MyLampThing (0x(B   OK   (0x(B 100.00% (0x(B  5.298 (0x(B       (0x(B
(0mqqqqqqqqqqqqqqqqqqqqqqqqqqqqqqqqqqqqvqqqqqqqqvqqqqqqqqqvqqqqqqqqvqqqqqqqj(B
[2019-04-05 12:01:24,464 DEBUG Engine.console] No logger_handler or orig_stream was detected
[2019-04-05 12:01:24,464 DEBUG Engine.blazemeter] KPI bulk buffer len in post-proc: 5
[2019-04-05 12:01:24,464 INFO Engine.blazemeter] Sending remaining KPI data to server...
[2019-04-05 12:01:25,336 DEBUG User] Request: POST https://data.blazemeter.com/submit.php?session_id=r-ext-5ca703df712ba&signature=ci1leHQtNWNhNzAzZGY3MTJiYToxNTU1NjU4OTc1OmE5ZGY4OTk5MmExOTA5NGZjZjU0NmEwNzVlMjk0NzFiMGU0Njc0YmI0ODIzMDhmNTkzYjM2MWVlZGQ5YmY2M2Y2OTQxOTc3NzQ2ZDFlZDBiMmVkZDUyYjZkNGE0M2IxNDI2YTA4ZmRkNmNlYzcyNmQ3ODkzMTdiYzlhYjllZGNh&test_id=6749012&user_id=386483&pq=0&target=labels_bulk&update=1 b'{\n "labels": [\n  {\n   "n": 505,\n   "name": "ALL",\n   "interval": 1,\n   "intervals": [\n    {\n     "ec": 0,\n     "ts": 1554449408,\n     "na": 20,\n     "n": 20,\n     "failed": 0,\n     "rc": [\n      {\n       "n": 20,\n       "f": [],\n       "rc": "200"\n      }\n'
[2019-04-05 12:01:25,336 DEBUG HTTPClient] Making HTTP request POST https://data.blazemeter.com/submit.php?session_id=r-ext-5ca703df712ba&signature=ci1leHQtNWNhNzAzZGY3MTJiYToxNTU1NjU4OTc1OmE5ZGY4OTk5MmExOTA5NGZjZjU0NmEwNzVlMjk0NzFiMGU0Njc0YmI0ODIzMDhmNTkzYjM2MWVlZGQ5YmY2M2Y2OTQxOTc3NzQ2ZDFlZDBiMmVkZDUyYjZkNGE0M2IxNDI2YTA4ZmRkNmNlYzcyNmQ3ODkzMTdiYzlhYjllZGNh&test_id=6749012&user_id=386483&pq=0&target=labels_bulk&update=1
[2019-04-05 12:01:25,689 DEBUG urllib3.connectionpool] https://data.blazemeter.com:443 "POST /submit.php?session_id=r-ext-5ca703df712ba&signature=ci1leHQtNWNhNzAzZGY3MTJiYToxNTU1NjU4OTc1OmE5ZGY4OTk5MmExOTA5NGZjZjU0NmEwNzVlMjk0NzFiMGU0Njc0YmI0ODIzMDhmNTkzYjM2MWVlZGQ5YmY2M2Y2OTQxOTc3NzQ2ZDFlZDBiMmVkZDUyYjZkNGE0M2IxNDI2YTA4ZmRkNmNlYzcyNmQ3ODkzMTdiYzlhYjllZGNh&test_id=6749012&user_id=386483&pq=0&target=labels_bulk&update=1 HTTP/1.1" 200 140
[2019-04-05 12:01:25,689 DEBUG User] Response [200]: {"api_version":2,"error":null,"result":{"session":{"_id":"r-ext-5ca703df712ba","name":"external","statusCode":100,"status":"INITIALIZING"}}}
[2019-04-05 12:01:25,713 DEBUG User] Request: POST https://data.blazemeter.com/api/v4/image/r-ext-5ca703df712ba/files?signature=ci1leHQtNWNhNzAzZGY3MTJiYToxNTU1NjU4OTc1OmE5ZGY4OTk5MmExOTA5NGZjZjU0NmEwNzVlMjk0NzFiMGU0Njc0YmI0ODIzMDhmNTkzYjM2MWVlZGQ5YmY2M2Y2OTQxOTc3NzQ2ZDFlZDBiMmVkZDUyYjZkNGE0M2IxNDI2YTA4ZmRkNmNlYzcyNmQ3ODkzMTdiYzlhYjllZGNh&masterId=19291265 b'--===============7291861601638117556==\r\nContent-Disposition: file; name="file"; filename="r-ext-5ca703df712ba-0-c.monitoring.json"\r\nContent-Type: application/json\r\n\r\n{\n "reportInfo": {\n  "sessionId": "r-ext-5ca703df712ba",\n  "timestamp": 1554449485.6929018'
[2019-04-05 12:01:25,713 DEBUG HTTPClient] Making HTTP request POST https://data.blazemeter.com/api/v4/image/r-ext-5ca703df712ba/files?signature=ci1leHQtNWNhNzAzZGY3MTJiYToxNTU1NjU4OTc1OmE5ZGY4OTk5MmExOTA5NGZjZjU0NmEwNzVlMjk0NzFiMGU0Njc0YmI0ODIzMDhmNTkzYjM2MWVlZGQ5YmY2M2Y2OTQxOTc3NzQ2ZDFlZDBiMmVkZDUyYjZkNGE0M2IxNDI2YTA4ZmRkNmNlYzcyNmQ3ODkzMTdiYzlhYjllZGNh&masterId=19291265
[2019-04-05 12:01:27,153 DEBUG urllib3.connectionpool] https://data.blazemeter.com:443 "POST /api/v4/image/r-ext-5ca703df712ba/files?signature=ci1leHQtNWNhNzAzZGY3MTJiYToxNTU1NjU4OTc1OmE5ZGY4OTk5MmExOTA5NGZjZjU0NmEwNzVlMjk0NzFiMGU0Njc0YmI0ODIzMDhmNTkzYjM2MWVlZGQ5YmY2M2Y2OTQxOTc3NzQ2ZDFlZDBiMmVkZDUyYjZkNGE0M2IxNDI2YTA4ZmRkNmNlYzcyNmQ3ODkzMTdiYzlhYjllZGNh&masterId=19291265 HTTP/1.1" 200 116
[2019-04-05 12:01:27,154 DEBUG User] Response [200]: {
    "api_version": 4,
    "error": null,
    "result": [
        "r-ext-5ca703df712ba-0-c.monitoring.json"
    ]
}
[2019-04-05 12:01:27,155 DEBUG Engine.blazemeter] Set last check time to: 1554449372.690839
[2019-04-05 12:01:27,155 INFO Engine.blazemeter] Ending data feeding...
[2019-04-05 12:01:27,155 DEBUG User] Request: POST https://a.blazemeter.com/api/v4/sessions/r-ext-5ca703df712ba/terminate-external {
 "signature": "ci1leHQtNWNhNzAzZGY3MTJiYToxNTU1NjU4OTc1OmE5ZGY4OTk5MmExOTA5NGZjZjU0NmEwNzVlMjk0NzFiMGU0Njc0YmI0ODIzMDhmNTkzYjM2MWVlZGQ5YmY2M2Y2OTQxOTc3NzQ2ZDFlZDBiMmVkZDUyYjZkNGE0M2IxNDI2YTA4ZmRkNmNlYzcyNmQ3ODkzMTdiYzlhYjllZGNh",
 "testId": 6749012,
 "se
[2019-04-05 12:01:27,155 DEBUG HTTPClient] Making HTTP request POST https://a.blazemeter.com/api/v4/sessions/r-ext-5ca703df712ba/terminate-external
[2019-04-05 12:01:27,469 DEBUG urllib3.connectionpool] https://a.blazemeter.com:443 "POST /api/v4/sessions/r-ext-5ca703df712ba/terminate-external HTTP/1.1" 200 2205
[2019-04-05 12:01:27,471 DEBUG User] Response [200]: {
    "api_version": 4,
    "error": null,
    "result": {
        "success": "Terminating",
        "session": {
            "id": "r-ext-5ca703df712ba",
            "name": "external",
            "userId": 386483,
            "publicToken": "gA9dTvG6ZJH
[2019-04-05 12:01:27,471 INFO Engine.blazemeter] Online report link: https://a.blazemeter.com/app/?public-token=gA9dTvG6ZJHeRCF3umgQLAd2Xld1o5dfBKmiN514uWWEE37AyL#reports/r-ext-5ca703df712ba/summary
[2019-04-05 12:01:27,476 DEBUG Engine.Configuration] Dumping YAML config into /Users/apple/Desktop/bachelorProject/stressThing/StressThing/2019-04-05_11-59-20.720417/effective.yml
[2019-04-05 12:01:27,533 DEBUG Engine.Configuration] Dumping JSON config into /Users/apple/Desktop/bachelorProject/stressThing/StressThing/2019-04-05_11-59-20.720417/effective.json
[2019-04-05 12:01:27,536 INFO root] Artifacts dir: /Users/apple/Desktop/bachelorProject/stressThing/StressThing/2019-04-05_11-59-20.720417
[2019-04-05 12:01:27,536 INFO root] Done performing with code: 0
[2019-04-05 12:01:27,536 DEBUG root] Closing log handler: /Users/apple/Desktop/bachelorProject/stressThing/StressThing/2019-04-05_11-59-20.720417/bzt.log
