2019-03-16 19:34:26,328 INFO o.j.r.PluginManagerCMD: Command is: install-for-jmx
2019-03-16 19:34:26,517 INFO o.j.r.JARSourceHTTP: Found cached repo
2019-03-16 19:34:27,358 INFO o.j.r.PluginManager: Plugins Status: [jpgc-functions=2.1, jpgc-casutg=2.6, jpgc-dummy=0.2, jpgc-ffw=2.0, jpgc-fifo=0.2, jpgc-json=2.7, jpgc-prmctl=0.4, jpgc-perfmon=2.1, jpgc-plugins-manager=1.3, jpgc-tst=2.5, jmeter-core=5.0, jmeter-ftp=5.0, jmeter-http=5.0, jmeter-jdbc=5.0, jmeter-jms=5.0, jmeter-junit=5.0, jmeter-java=5.0, jmeter-ldap=5.0, jmeter-mail=5.0, jmeter-mongodb=5.0, jmeter-native=5.0, jmeter-tcp=5.0, jmeter-components=5.0]
2019-03-16 19:34:27,362 INFO o.j.r.PluginManagerCMD: Params line is: /Users/apple/Desktop/bachelorProject/stressThing/StressThing/2019-03-16_19-34-14.553965/modified_requests.jmx
2019-03-16 19:34:28,166 INFO o.a.j.s.SaveService: Testplan (JMX) version: 2.2. Testlog (JTL) version: 2.2
2019-03-16 19:34:28,210 INFO o.a.j.s.SaveService: Using SaveService properties file encoding UTF-8
2019-03-16 19:34:28,228 INFO o.a.j.s.SaveService: Using SaveService properties version 5.0
2019-03-16 19:34:28,402 INFO o.a.j.p.h.c.CacheManager: Will only cache the following methods: [GET]
2019-03-16 19:34:28,410 INFO o.a.j.p.h.c.CookieManager: Settings: Delete null: true Check: true Allow variable: true Save: false Prefix: COOKIE_
2019-03-16 19:34:28,415 WARN o.a.j.u.JMeterUtils: ERROR! Resource string not found: [option]
2019-03-16 19:34:28,415 WARN o.a.j.u.JMeterUtils: ERROR! Resource string not found: [add]
2019-03-16 19:34:28,415 WARN o.a.j.u.JMeterUtils: ERROR! Resource string not found: [add_host]
2019-03-16 19:34:28,416 WARN o.a.j.u.JMeterUtils: ERROR! Resource string not found: [delete]
2019-03-16 19:34:28,416 WARN o.a.j.u.JMeterUtils: ERROR! Resource string not found: [delete_host]
2019-03-16 19:34:28,416 WARN o.a.j.u.JMeterUtils: ERROR! Resource string not found: [use_system_dns_resolver]
2019-03-16 19:34:28,416 WARN o.a.j.u.JMeterUtils: ERROR! Resource string not found: [use_custom_dns_resolver]
2019-03-16 19:34:28,417 WARN o.a.j.u.JMeterUtils: ERROR! Resource string not found: [dns_hostname_or_ip]
2019-03-16 19:34:28,417 WARN o.a.j.u.JMeterUtils: ERROR! Resource string not found: [dns_host]
2019-03-16 19:34:28,417 WARN o.a.j.u.JMeterUtils: ERROR! Resource string not found: [dns_hostname_or_ip]
2019-03-16 19:34:28,549 INFO o.a.j.p.h.s.HTTPSamplerBase: Parser for text/html is org.apache.jmeter.protocol.http.parser.LagartoBasedHtmlParser
2019-03-16 19:34:28,550 INFO o.a.j.p.h.s.HTTPSamplerBase: Parser for application/xhtml+xml is org.apache.jmeter.protocol.http.parser.LagartoBasedHtmlParser
2019-03-16 19:34:28,550 INFO o.a.j.p.h.s.HTTPSamplerBase: Parser for application/xml is org.apache.jmeter.protocol.http.parser.LagartoBasedHtmlParser
2019-03-16 19:34:28,550 INFO o.a.j.p.h.s.HTTPSamplerBase: Parser for text/xml is org.apache.jmeter.protocol.http.parser.LagartoBasedHtmlParser
2019-03-16 19:34:28,550 INFO o.a.j.p.h.s.HTTPSamplerBase: Parser for text/vnd.wap.wml is org.apache.jmeter.protocol.http.parser.RegexpHTMLParser
2019-03-16 19:34:28,551 INFO o.a.j.p.h.s.HTTPSamplerBase: Parser for text/css is org.apache.jmeter.protocol.http.parser.CssParser
2019-03-16 19:34:28,915 INFO o.j.r.PluginManager: Finishing without changes
