2019-04-08 14:33:07,378 INFO o.a.j.u.JMeterUtils: Setting Locale to en_US
2019-04-08 14:33:07,420 INFO o.a.j.JMeter: Loading user properties from: /Users/apple/.bzt/jmeter-taurus/5.1.1/bin/user.properties
2019-04-08 14:33:07,423 INFO o.a.j.JMeter: Loading system properties from: /Users/apple/.bzt/jmeter-taurus/5.1.1/bin/system.properties
2019-04-08 14:33:07,425 INFO o.a.j.JMeter: Loading additional properties from: /Users/apple/Desktop/bachelorProject/stressThing/StressThing/2019-04-08_14-32-48.033442/jmeter-bzt.properties
2019-04-08 14:33:07,426 INFO o.a.j.JMeter: Setting System properties from file: /Users/apple/Desktop/bachelorProject/stressThing/StressThing/2019-04-08_14-32-48.033442/system.properties
2019-04-08 14:33:07,446 INFO o.a.j.JMeter: Copyright (c) 1998-2019 The Apache Software Foundation
2019-04-08 14:33:07,447 INFO o.a.j.JMeter: Version 5.1.1 r1855137
2019-04-08 14:33:07,447 INFO o.a.j.JMeter: java.version=1.8.0_66
2019-04-08 14:33:07,447 INFO o.a.j.JMeter: java.vm.name=Java HotSpot(TM) 64-Bit Server VM
2019-04-08 14:33:07,447 INFO o.a.j.JMeter: os.name=Mac OS X
2019-04-08 14:33:07,447 INFO o.a.j.JMeter: os.arch=x86_64
2019-04-08 14:33:07,447 INFO o.a.j.JMeter: os.version=10.13.4
2019-04-08 14:33:07,447 INFO o.a.j.JMeter: file.encoding=UTF-8
2019-04-08 14:33:07,448 INFO o.a.j.JMeter: java.awt.headless=true
2019-04-08 14:33:07,448 INFO o.a.j.JMeter: Max memory     =954728448
2019-04-08 14:33:07,448 INFO o.a.j.JMeter: Available Processors =4
2019-04-08 14:33:07,457 INFO o.a.j.JMeter: Default Locale=English (United States)
2019-04-08 14:33:07,458 INFO o.a.j.JMeter: JMeter  Locale=English (United States)
2019-04-08 14:33:07,458 INFO o.a.j.JMeter: JMeterHome=/Users/apple/.bzt/jmeter-taurus/5.1.1
2019-04-08 14:33:07,458 INFO o.a.j.JMeter: user.dir  =/Users/apple/Desktop/bachelorProject/stressThing/StressThing
2019-04-08 14:33:07,458 INFO o.a.j.JMeter: PWD       =/Users/apple/Desktop/bachelorProject/stressThing/StressThing
2019-04-08 14:33:07,461 INFO o.a.j.JMeter: IP: 172.20.10.5 Name: amirhosein-mac.local FullName: 172.20.10.5
2019-04-08 14:33:07,462 INFO o.a.j.JMeter: user.classpath=/Users/apple/Desktop/bachelorProject/stressThing/StressThing/2019-04-08_14-32-48.033442:/Users/apple/Desktop/bachelorProject/stressThing/StressThing/2019-04-08_14-32-48.033442
2019-04-08 14:33:07,462 INFO o.a.j.JMeter: Adding to classpath and loader: /Users/apple/Desktop/bachelorProject/stressThing/StressThing/2019-04-08_14-32-48.033442
2019-04-08 14:33:07,467 INFO o.a.j.JMeter: Adding to classpath and loader: /Users/apple/Desktop/bachelorProject/stressThing/StressThing/2019-04-08_14-32-48.033442
2019-04-08 14:33:07,477 INFO o.a.j.s.FileServer: Default base='/Users/apple/Desktop/bachelorProject/stressThing/StressThing'
2019-04-08 14:33:07,506 INFO o.a.j.s.FileServer: Set new base='/Users/apple/Desktop/bachelorProject/stressThing/StressThing/2019-04-08_14-32-48.033442'
2019-04-08 14:33:08,532 INFO o.a.j.s.SaveService: Testplan (JMX) version: 2.2. Testlog (JTL) version: 2.2
2019-04-08 14:33:08,588 INFO o.a.j.s.SaveService: Using SaveService properties file encoding UTF-8
2019-04-08 14:33:08,606 INFO o.a.j.s.SaveService: Using SaveService properties version 5.0
2019-04-08 14:33:08,622 INFO o.a.j.s.SaveService: Loading file: /Users/apple/Desktop/bachelorProject/stressThing/StressThing/2019-04-08_14-32-48.033442/modified_requests.jmx
2019-04-08 14:33:08,807 INFO o.a.j.p.h.c.CacheManager: Will only cache the following methods: [GET]
2019-04-08 14:33:08,813 INFO o.a.j.p.h.c.CookieManager: Settings: Delete null: true Check: true Allow variable: true Save: false Prefix: COOKIE_
2019-04-08 14:33:08,937 INFO o.a.j.p.h.s.HTTPSamplerBase: Parser for text/html is org.apache.jmeter.protocol.http.parser.LagartoBasedHtmlParser
2019-04-08 14:33:08,937 INFO o.a.j.p.h.s.HTTPSamplerBase: Parser for application/xhtml+xml is org.apache.jmeter.protocol.http.parser.LagartoBasedHtmlParser
2019-04-08 14:33:08,937 INFO o.a.j.p.h.s.HTTPSamplerBase: Parser for application/xml is org.apache.jmeter.protocol.http.parser.LagartoBasedHtmlParser
2019-04-08 14:33:08,937 INFO o.a.j.p.h.s.HTTPSamplerBase: Parser for text/xml is org.apache.jmeter.protocol.http.parser.LagartoBasedHtmlParser
2019-04-08 14:33:08,939 INFO o.a.j.p.h.s.HTTPSamplerBase: Parser for text/vnd.wap.wml is org.apache.jmeter.protocol.http.parser.RegexpHTMLParser
2019-04-08 14:33:08,939 INFO o.a.j.p.h.s.HTTPSamplerBase: Parser for text/css is org.apache.jmeter.protocol.http.parser.CssParser
2019-04-08 14:33:09,043 INFO o.a.j.e.StandardJMeterEngine: Running the test!
2019-04-08 14:33:09,046 INFO o.a.j.s.SampleEvent: List of sample_variables: []
2019-04-08 14:33:09,047 INFO o.a.j.s.SampleEvent: List of sample_variables: []
2019-04-08 14:33:09,065 INFO o.a.j.e.u.CompoundVariable: Note: Function class names must contain the string: '.functions.'
2019-04-08 14:33:09,065 INFO o.a.j.e.u.CompoundVariable: Note: Function class names must not contain the string: '.gui.'
2019-04-08 14:33:11,762 INFO o.a.j.JMeter: Running test (1554717791761)
2019-04-08 14:33:11,886 INFO o.a.j.e.StandardJMeterEngine: Starting ThreadGroup: 1 : UserScenario
2019-04-08 14:33:11,887 INFO o.a.j.e.StandardJMeterEngine: Starting 100 threads for group UserScenario.
2019-04-08 14:33:11,887 INFO o.a.j.e.StandardJMeterEngine: Thread will continue on error
2019-04-08 14:33:11,898 INFO o.a.j.e.StandardJMeterEngine: All thread groups have been started
2019-04-08 14:33:11,899 INFO c.b.j.t.c.ConcurrencyThreadStarter: Start supplying threads
2019-04-08 14:33:12,023 INFO o.a.j.s.SampleResult: Note: Sample TimeStamps are START times
2019-04-08 14:33:12,023 INFO o.a.j.s.SampleResult: sampleresult.default.encoding is set to UTF-8
2019-04-08 14:33:12,024 INFO o.a.j.s.SampleResult: sampleresult.useNanoTime=true
2019-04-08 14:33:12,024 INFO o.a.j.s.SampleResult: sampleresult.nanoThreadSleep=5000
2019-04-08 14:33:12,029 INFO o.a.j.t.JMeterThread: Thread started: UserScenario 1-1
2019-04-08 14:33:12,048 WARN k.a.j.t.VariableThroughputTimer: No free threads available in current Thread Group UserScenario, made 0 samples/s for expected rps 2.0 samples/s, increase your number of threads
2019-04-08 14:33:12,091 INFO o.a.j.p.h.s.HTTPHCAbstractImpl: Local host = amirhosein-mac.local
2019-04-08 14:33:12,117 INFO o.a.j.p.h.s.HTTPHC4Impl: HTTP request retry count = 0
2019-04-08 14:33:13,031 INFO o.a.j.t.JMeterThread: Thread started: UserScenario 1-2
2019-04-08 14:33:13,033 WARN k.a.j.t.VariableThroughputTimer: No free threads available in current Thread Group UserScenario, made 1 samples/s for expected rps 6.9 samples/s, increase your number of threads
2019-04-08 14:33:13,040 INFO o.a.j.t.JMeterThread: Thread started: UserScenario 1-3
2019-04-08 14:33:13,041 INFO o.a.j.t.JMeterThread: Thread started: UserScenario 1-4
2019-04-08 14:33:13,043 INFO o.a.j.t.JMeterThread: Thread started: UserScenario 1-5
2019-04-08 14:33:13,045 INFO o.a.j.t.JMeterThread: Thread started: UserScenario 1-6
2019-04-08 14:33:13,163 INFO o.a.j.p.h.p.BaseParser: Created org.apache.jmeter.protocol.http.parser.LagartoBasedHtmlParser
2019-04-08 14:33:13,163 INFO o.a.j.p.h.p.BaseParser: Created org.apache.jmeter.protocol.http.parser.LagartoBasedHtmlParser
2019-04-08 14:33:14,020 INFO o.a.j.u.JsseSSLManager: Using default SSL protocol: TLS
2019-04-08 14:33:14,020 INFO o.a.j.u.JsseSSLManager: SSL session context: per-thread
2019-04-08 14:33:14,048 INFO o.a.j.t.JMeterThread: Thread started: UserScenario 1-7
2019-04-08 14:33:14,049 INFO o.a.j.t.JMeterThread: Thread started: UserScenario 1-8
2019-04-08 14:33:14,053 INFO o.a.j.t.JMeterThread: Thread started: UserScenario 1-9
2019-04-08 14:33:14,055 INFO o.a.j.t.JMeterThread: Thread started: UserScenario 1-10
2019-04-08 14:33:14,057 INFO o.a.j.t.JMeterThread: Thread started: UserScenario 1-11
2019-04-08 14:33:15,060 INFO o.a.j.t.JMeterThread: Thread started: UserScenario 1-12
2019-04-08 14:33:15,065 INFO o.a.j.t.JMeterThread: Thread started: UserScenario 1-13
2019-04-08 14:33:15,070 INFO o.a.j.t.JMeterThread: Thread started: UserScenario 1-14
2019-04-08 14:33:15,071 INFO o.a.j.t.JMeterThread: Thread started: UserScenario 1-15
2019-04-08 14:33:15,072 INFO o.a.j.t.JMeterThread: Thread started: UserScenario 1-16
2019-04-08 14:33:16,073 INFO o.a.j.t.JMeterThread: Thread started: UserScenario 1-17
2019-04-08 14:33:16,076 INFO o.a.j.t.JMeterThread: Thread started: UserScenario 1-18
2019-04-08 14:33:16,081 INFO o.a.j.t.JMeterThread: Thread started: UserScenario 1-19
2019-04-08 14:33:16,083 INFO o.a.j.t.JMeterThread: Thread started: UserScenario 1-20
2019-04-08 14:33:16,084 INFO o.a.j.t.JMeterThread: Thread started: UserScenario 1-21
2019-04-08 14:33:17,086 INFO o.a.j.t.JMeterThread: Thread started: UserScenario 1-22
2019-04-08 14:33:17,089 INFO o.a.j.t.JMeterThread: Thread started: UserScenario 1-24
2019-04-08 14:33:17,089 INFO o.a.j.t.JMeterThread: Thread started: UserScenario 1-25
2019-04-08 14:33:17,087 INFO o.a.j.t.JMeterThread: Thread started: UserScenario 1-23
2019-04-08 14:33:17,090 INFO o.a.j.t.JMeterThread: Thread started: UserScenario 1-26
2019-04-08 14:33:18,091 INFO o.a.j.t.JMeterThread: Thread started: UserScenario 1-27
2019-04-08 14:33:18,092 INFO o.a.j.t.JMeterThread: Thread started: UserScenario 1-28
2019-04-08 14:33:18,093 INFO o.a.j.t.JMeterThread: Thread started: UserScenario 1-29
2019-04-08 14:33:18,094 INFO o.a.j.t.JMeterThread: Thread started: UserScenario 1-30
2019-04-08 14:33:18,095 INFO o.a.j.t.JMeterThread: Thread started: UserScenario 1-31
2019-04-08 14:33:19,096 INFO o.a.j.t.JMeterThread: Thread started: UserScenario 1-32
2019-04-08 14:33:19,098 INFO o.a.j.t.JMeterThread: Thread started: UserScenario 1-33
2019-04-08 14:33:19,100 INFO o.a.j.t.JMeterThread: Thread started: UserScenario 1-34
2019-04-08 14:33:19,101 INFO o.a.j.t.JMeterThread: Thread started: UserScenario 1-35
2019-04-08 14:33:19,102 INFO o.a.j.t.JMeterThread: Thread started: UserScenario 1-36
2019-04-08 14:33:20,107 INFO o.a.j.t.JMeterThread: Thread started: UserScenario 1-37
2019-04-08 14:33:20,108 INFO o.a.j.t.JMeterThread: Thread started: UserScenario 1-38
2019-04-08 14:33:20,109 INFO o.a.j.t.JMeterThread: Thread started: UserScenario 1-39
2019-04-08 14:33:20,110 INFO o.a.j.t.JMeterThread: Thread started: UserScenario 1-40
2019-04-08 14:33:20,110 INFO o.a.j.t.JMeterThread: Thread started: UserScenario 1-41
2019-04-08 14:33:21,113 INFO o.a.j.t.JMeterThread: Thread started: UserScenario 1-42
2019-04-08 14:33:21,113 INFO o.a.j.t.JMeterThread: Thread started: UserScenario 1-43
2019-04-08 14:33:21,114 INFO o.a.j.t.JMeterThread: Thread started: UserScenario 1-44
2019-04-08 14:33:21,115 INFO o.a.j.t.JMeterThread: Thread started: UserScenario 1-45
2019-04-08 14:33:21,116 INFO o.a.j.t.JMeterThread: Thread started: UserScenario 1-46
2019-04-08 14:33:22,117 INFO o.a.j.t.JMeterThread: Thread started: UserScenario 1-47
2019-04-08 14:33:22,118 INFO o.a.j.t.JMeterThread: Thread started: UserScenario 1-48
2019-04-08 14:33:22,118 INFO o.a.j.t.JMeterThread: Thread started: UserScenario 1-49
2019-04-08 14:33:22,120 INFO o.a.j.t.JMeterThread: Thread started: UserScenario 1-50
2019-04-08 14:33:22,124 INFO o.a.j.t.JMeterThread: Thread started: UserScenario 1-51
2019-04-08 14:33:23,126 INFO o.a.j.t.JMeterThread: Thread started: UserScenario 1-52
2019-04-08 14:33:23,127 INFO o.a.j.t.JMeterThread: Thread started: UserScenario 1-53
2019-04-08 14:33:23,129 INFO o.a.j.t.JMeterThread: Thread started: UserScenario 1-54
2019-04-08 14:33:23,130 INFO o.a.j.t.JMeterThread: Thread started: UserScenario 1-55
2019-04-08 14:33:23,131 INFO o.a.j.t.JMeterThread: Thread started: UserScenario 1-56
2019-04-08 14:33:24,134 INFO o.a.j.t.JMeterThread: Thread started: UserScenario 1-57
2019-04-08 14:33:24,135 INFO o.a.j.t.JMeterThread: Thread started: UserScenario 1-58
2019-04-08 14:33:24,137 INFO o.a.j.t.JMeterThread: Thread started: UserScenario 1-59
2019-04-08 14:33:24,137 INFO o.a.j.t.JMeterThread: Thread started: UserScenario 1-60
2019-04-08 14:33:24,138 INFO o.a.j.t.JMeterThread: Thread started: UserScenario 1-61
2019-04-08 14:33:25,146 INFO o.a.j.t.JMeterThread: Thread started: UserScenario 1-62
2019-04-08 14:33:25,149 INFO o.a.j.t.JMeterThread: Thread started: UserScenario 1-63
2019-04-08 14:33:25,150 INFO o.a.j.t.JMeterThread: Thread started: UserScenario 1-64
2019-04-08 14:33:25,151 INFO o.a.j.t.JMeterThread: Thread started: UserScenario 1-66
2019-04-08 14:33:25,151 INFO o.a.j.t.JMeterThread: Thread started: UserScenario 1-65
2019-04-08 14:33:26,153 INFO o.a.j.t.JMeterThread: Thread started: UserScenario 1-67
2019-04-08 14:33:26,154 INFO o.a.j.t.JMeterThread: Thread started: UserScenario 1-68
2019-04-08 14:33:26,155 INFO o.a.j.t.JMeterThread: Thread started: UserScenario 1-69
2019-04-08 14:33:26,156 INFO o.a.j.t.JMeterThread: Thread started: UserScenario 1-70
2019-04-08 14:33:26,159 INFO o.a.j.t.JMeterThread: Thread started: UserScenario 1-71
2019-04-08 14:33:27,159 INFO o.a.j.t.JMeterThread: Thread started: UserScenario 1-72
2019-04-08 14:33:27,159 WARN k.a.j.t.VariableThroughputTimer: No free threads available in current Thread Group UserScenario, made 57 samples/s for expected rps 75.5 samples/s, increase your number of threads
2019-04-08 14:33:27,159 INFO o.a.j.t.JMeterThread: Thread started: UserScenario 1-73
2019-04-08 14:33:27,160 INFO o.a.j.t.JMeterThread: Thread started: UserScenario 1-74
2019-04-08 14:33:27,161 INFO o.a.j.t.JMeterThread: Thread started: UserScenario 1-75
2019-04-08 14:33:27,162 INFO o.a.j.t.JMeterThread: Thread started: UserScenario 1-76
2019-04-08 14:33:28,162 INFO o.a.j.t.JMeterThread: Thread started: UserScenario 1-77
2019-04-08 14:33:28,164 WARN k.a.j.t.VariableThroughputTimer: No free threads available in current Thread Group UserScenario, made 5 samples/s for expected rps 80.4 samples/s, increase your number of threads
2019-04-08 14:33:28,167 INFO o.a.j.t.JMeterThread: Thread started: UserScenario 1-78
2019-04-08 14:33:28,170 INFO o.a.j.t.JMeterThread: Thread started: UserScenario 1-79
2019-04-08 14:33:28,172 INFO o.a.j.t.JMeterThread: Thread started: UserScenario 1-80
2019-04-08 14:33:28,173 INFO o.a.j.t.JMeterThread: Thread started: UserScenario 1-81
2019-04-08 14:33:29,174 INFO o.a.j.t.JMeterThread: Thread started: UserScenario 1-82
2019-04-08 14:33:29,175 INFO o.a.j.t.JMeterThread: Thread started: UserScenario 1-83
2019-04-08 14:33:29,175 WARN k.a.j.t.VariableThroughputTimer: No free threads available in current Thread Group UserScenario, made 5 samples/s for expected rps 85.3 samples/s, increase your number of threads
2019-04-08 14:33:29,175 INFO o.a.j.t.JMeterThread: Thread started: UserScenario 1-84
2019-04-08 14:33:29,178 INFO o.a.j.t.JMeterThread: Thread started: UserScenario 1-86
2019-04-08 14:33:29,177 INFO o.a.j.t.JMeterThread: Thread started: UserScenario 1-85
2019-04-08 14:33:30,182 INFO o.a.j.t.JMeterThread: Thread started: UserScenario 1-87
2019-04-08 14:33:30,183 WARN k.a.j.t.VariableThroughputTimer: No free threads available in current Thread Group UserScenario, made 5 samples/s for expected rps 90.2 samples/s, increase your number of threads
2019-04-08 14:33:30,184 INFO o.a.j.t.JMeterThread: Thread started: UserScenario 1-88
2019-04-08 14:33:30,185 INFO o.a.j.t.JMeterThread: Thread started: UserScenario 1-89
2019-04-08 14:33:30,188 INFO o.a.j.t.JMeterThread: Thread started: UserScenario 1-90
2019-04-08 14:33:30,190 INFO o.a.j.t.JMeterThread: Thread started: UserScenario 1-91
2019-04-08 14:33:31,196 INFO o.a.j.t.JMeterThread: Thread started: UserScenario 1-92
2019-04-08 14:33:31,196 INFO o.a.j.t.JMeterThread: Thread started: UserScenario 1-93
2019-04-08 14:33:31,197 WARN k.a.j.t.VariableThroughputTimer: No free threads available in current Thread Group UserScenario, made 5 samples/s for expected rps 95.1 samples/s, increase your number of threads
2019-04-08 14:33:31,197 INFO o.a.j.t.JMeterThread: Thread started: UserScenario 1-94
2019-04-08 14:33:31,199 INFO o.a.j.t.JMeterThread: Thread started: UserScenario 1-95
2019-04-08 14:33:31,200 INFO o.a.j.t.JMeterThread: Thread started: UserScenario 1-96
2019-04-08 14:33:31,201 INFO o.a.j.t.JMeterThread: Thread started: UserScenario 1-97
2019-04-08 14:33:32,205 INFO o.a.j.t.JMeterThread: Thread started: UserScenario 1-98
2019-04-08 14:33:32,205 WARN k.a.j.t.VariableThroughputTimer: No free threads available in current Thread Group UserScenario, made 6 samples/s for expected rps 100.0 samples/s, increase your number of threads
2019-04-08 14:33:32,205 INFO o.a.j.t.JMeterThread: Thread started: UserScenario 1-99
2019-04-08 14:33:32,206 INFO o.a.j.t.JMeterThread: Thread started: UserScenario 1-100
2019-04-08 14:34:02,272 INFO c.b.j.t.c.ConcurrencyThreadStarter: Done supplying threads
2019-04-08 14:34:40,507 INFO o.a.j.t.JMeterThread: Thread is done: UserScenario 1-45
2019-04-08 14:34:40,510 INFO o.a.j.t.JMeterThread: Thread finished: UserScenario 1-45
2019-04-08 14:34:41,148 INFO o.a.j.t.JMeterThread: Thread is done: UserScenario 1-44
2019-04-08 14:34:41,148 INFO o.a.j.t.JMeterThread: Thread finished: UserScenario 1-44
2019-04-08 14:34:41,150 INFO o.a.j.t.JMeterThread: Thread is done: UserScenario 1-49
2019-04-08 14:34:41,151 INFO o.a.j.t.JMeterThread: Thread finished: UserScenario 1-49
2019-04-08 14:34:41,155 INFO o.a.j.t.JMeterThread: Thread is done: UserScenario 1-50
2019-04-08 14:34:41,155 INFO o.a.j.t.JMeterThread: Thread finished: UserScenario 1-50
2019-04-08 14:34:41,247 INFO o.a.j.t.JMeterThread: Thread is done: UserScenario 1-11
2019-04-08 14:34:41,247 INFO o.a.j.t.JMeterThread: Thread finished: UserScenario 1-11
2019-04-08 14:34:41,247 INFO o.a.j.t.JMeterThread: Thread is done: UserScenario 1-39
2019-04-08 14:34:41,248 INFO o.a.j.t.JMeterThread: Thread finished: UserScenario 1-39
2019-04-08 14:34:41,248 INFO o.a.j.t.JMeterThread: Thread is done: UserScenario 1-6
2019-04-08 14:34:41,249 INFO o.a.j.t.JMeterThread: Thread finished: UserScenario 1-6
2019-04-08 14:34:41,251 INFO o.a.j.t.JMeterThread: Thread is done: UserScenario 1-60
2019-04-08 14:34:41,251 INFO o.a.j.t.JMeterThread: Thread finished: UserScenario 1-60
2019-04-08 14:34:41,325 INFO o.a.j.t.JMeterThread: Thread is done: UserScenario 1-52
2019-04-08 14:34:41,325 INFO o.a.j.t.JMeterThread: Thread finished: UserScenario 1-52
2019-04-08 14:34:41,328 INFO o.a.j.t.JMeterThread: Thread is done: UserScenario 1-42
2019-04-08 14:34:41,329 INFO o.a.j.t.JMeterThread: Thread finished: UserScenario 1-42
2019-04-08 14:34:41,333 INFO o.a.j.t.JMeterThread: Thread is done: UserScenario 1-54
2019-04-08 14:34:41,333 INFO o.a.j.t.JMeterThread: Thread finished: UserScenario 1-54
2019-04-08 14:34:41,334 INFO o.a.j.t.JMeterThread: Thread is done: UserScenario 1-64
2019-04-08 14:34:41,334 INFO o.a.j.t.JMeterThread: Thread finished: UserScenario 1-64
2019-04-08 14:34:41,335 INFO o.a.j.t.JMeterThread: Thread is done: UserScenario 1-51
2019-04-08 14:34:41,336 INFO o.a.j.t.JMeterThread: Thread finished: UserScenario 1-51
2019-04-08 14:34:41,336 INFO o.a.j.t.JMeterThread: Thread is done: UserScenario 1-17
2019-04-08 14:34:41,337 INFO o.a.j.t.JMeterThread: Thread finished: UserScenario 1-17
2019-04-08 14:34:41,347 INFO o.a.j.t.JMeterThread: Thread is done: UserScenario 1-67
2019-04-08 14:34:41,348 INFO o.a.j.t.JMeterThread: Thread finished: UserScenario 1-67
2019-04-08 14:34:41,350 INFO o.a.j.t.JMeterThread: Thread is done: UserScenario 1-69
2019-04-08 14:34:41,350 INFO o.a.j.t.JMeterThread: Thread finished: UserScenario 1-69
2019-04-08 14:34:41,443 INFO o.a.j.t.JMeterThread: Thread is done: UserScenario 1-16
2019-04-08 14:34:41,443 INFO o.a.j.t.JMeterThread: Thread finished: UserScenario 1-16
2019-04-08 14:34:41,443 INFO o.a.j.t.JMeterThread: Thread is done: UserScenario 1-20
2019-04-08 14:34:41,444 INFO o.a.j.t.JMeterThread: Thread finished: UserScenario 1-20
2019-04-08 14:34:41,445 INFO o.a.j.t.JMeterThread: Thread is done: UserScenario 1-63
2019-04-08 14:34:41,446 INFO o.a.j.t.JMeterThread: Thread finished: UserScenario 1-63
2019-04-08 14:34:41,447 INFO o.a.j.t.JMeterThread: Thread is done: UserScenario 1-5
2019-04-08 14:34:41,447 INFO o.a.j.t.JMeterThread: Thread finished: UserScenario 1-5
2019-04-08 14:34:41,449 INFO o.a.j.t.JMeterThread: Thread is done: UserScenario 1-22
2019-04-08 14:34:41,449 INFO o.a.j.t.JMeterThread: Thread finished: UserScenario 1-22
2019-04-08 14:34:41,449 INFO o.a.j.t.JMeterThread: Thread is done: UserScenario 1-9
2019-04-08 14:34:41,449 INFO o.a.j.t.JMeterThread: Thread finished: UserScenario 1-9
2019-04-08 14:34:41,540 INFO o.a.j.t.JMeterThread: Thread is done: UserScenario 1-34
2019-04-08 14:34:41,540 INFO o.a.j.t.JMeterThread: Thread finished: UserScenario 1-34
2019-04-08 14:34:41,541 INFO o.a.j.t.JMeterThread: Thread is done: UserScenario 1-43
2019-04-08 14:34:41,541 INFO o.a.j.t.JMeterThread: Thread finished: UserScenario 1-43
2019-04-08 14:34:41,543 INFO o.a.j.t.JMeterThread: Thread is done: UserScenario 1-53
2019-04-08 14:34:41,543 INFO o.a.j.t.JMeterThread: Thread finished: UserScenario 1-53
2019-04-08 14:34:41,544 INFO o.a.j.t.JMeterThread: Thread is done: UserScenario 1-3
2019-04-08 14:34:41,544 INFO o.a.j.t.JMeterThread: Thread finished: UserScenario 1-3
2019-04-08 14:34:41,546 INFO o.a.j.t.JMeterThread: Thread is done: UserScenario 1-18
2019-04-08 14:34:41,546 INFO o.a.j.t.JMeterThread: Thread finished: UserScenario 1-18
2019-04-08 14:34:41,546 INFO o.a.j.t.JMeterThread: Thread is done: UserScenario 1-37
2019-04-08 14:34:41,546 INFO o.a.j.t.JMeterThread: Thread finished: UserScenario 1-37
2019-04-08 14:34:41,550 INFO o.a.j.t.JMeterThread: Thread is done: UserScenario 1-1
2019-04-08 14:34:41,550 INFO o.a.j.t.JMeterThread: Thread finished: UserScenario 1-1
2019-04-08 14:34:41,654 INFO o.a.j.t.JMeterThread: Thread is done: UserScenario 1-47
2019-04-08 14:34:41,654 INFO o.a.j.t.JMeterThread: Thread finished: UserScenario 1-47
2019-04-08 14:34:41,654 INFO o.a.j.t.JMeterThread: Thread is done: UserScenario 1-25
2019-04-08 14:34:41,654 INFO o.a.j.t.JMeterThread: Thread finished: UserScenario 1-25
2019-04-08 14:34:41,656 INFO o.a.j.t.JMeterThread: Thread is done: UserScenario 1-33
2019-04-08 14:34:41,656 INFO o.a.j.t.JMeterThread: Thread finished: UserScenario 1-33
2019-04-08 14:34:41,656 INFO o.a.j.t.JMeterThread: Thread is done: UserScenario 1-55
2019-04-08 14:34:41,656 INFO o.a.j.t.JMeterThread: Thread finished: UserScenario 1-55
2019-04-08 14:34:41,657 INFO o.a.j.t.JMeterThread: Thread is done: UserScenario 1-4
2019-04-08 14:34:41,657 INFO o.a.j.t.JMeterThread: Thread finished: UserScenario 1-4
2019-04-08 14:34:41,657 INFO o.a.j.t.JMeterThread: Thread is done: UserScenario 1-21
2019-04-08 14:34:41,657 INFO o.a.j.t.JMeterThread: Thread finished: UserScenario 1-21
2019-04-08 14:34:41,658 INFO o.a.j.t.JMeterThread: Thread is done: UserScenario 1-66
2019-04-08 14:34:41,658 INFO o.a.j.t.JMeterThread: Thread finished: UserScenario 1-66
2019-04-08 14:34:41,658 INFO o.a.j.t.JMeterThread: Thread is done: UserScenario 1-2
2019-04-08 14:34:41,658 INFO o.a.j.t.JMeterThread: Thread finished: UserScenario 1-2
2019-04-08 14:34:41,788 INFO o.a.j.t.JMeterThread: Thread is done: UserScenario 1-41
2019-04-08 14:34:41,788 INFO o.a.j.t.JMeterThread: Thread finished: UserScenario 1-41
2019-04-08 14:34:41,794 INFO o.a.j.t.JMeterThread: Thread is done: UserScenario 1-56
2019-04-08 14:34:41,794 INFO o.a.j.t.JMeterThread: Thread finished: UserScenario 1-56
2019-04-08 14:34:41,795 INFO o.a.j.t.JMeterThread: Thread is done: UserScenario 1-28
2019-04-08 14:34:41,795 INFO o.a.j.t.JMeterThread: Thread finished: UserScenario 1-28
2019-04-08 14:34:41,795 INFO o.a.j.t.JMeterThread: Thread is done: UserScenario 1-8
2019-04-08 14:34:41,795 INFO o.a.j.t.JMeterThread: Thread finished: UserScenario 1-8
2019-04-08 14:34:41,796 INFO o.a.j.t.JMeterThread: Thread is done: UserScenario 1-15
2019-04-08 14:34:41,796 INFO o.a.j.t.JMeterThread: Thread finished: UserScenario 1-15
2019-04-08 14:34:41,796 INFO o.a.j.t.JMeterThread: Thread is done: UserScenario 1-14
2019-04-08 14:34:41,796 INFO o.a.j.t.JMeterThread: Thread finished: UserScenario 1-14
2019-04-08 14:34:41,797 INFO o.a.j.t.JMeterThread: Thread is done: UserScenario 1-31
2019-04-08 14:34:41,797 INFO o.a.j.t.JMeterThread: Thread is done: UserScenario 1-29
2019-04-08 14:34:41,797 INFO o.a.j.t.JMeterThread: Thread finished: UserScenario 1-29
2019-04-08 14:34:41,797 INFO o.a.j.t.JMeterThread: Thread is done: UserScenario 1-30
2019-04-08 14:34:41,798 INFO o.a.j.t.JMeterThread: Thread finished: UserScenario 1-30
2019-04-08 14:34:41,798 INFO o.a.j.t.JMeterThread: Thread finished: UserScenario 1-31
2019-04-08 14:34:41,799 INFO o.a.j.t.JMeterThread: Thread is done: UserScenario 1-12
2019-04-08 14:34:41,799 INFO o.a.j.t.JMeterThread: Thread finished: UserScenario 1-12
2019-04-08 14:34:41,881 INFO o.a.j.t.JMeterThread: Thread is done: UserScenario 1-62
2019-04-08 14:34:41,881 INFO o.a.j.t.JMeterThread: Thread is done: UserScenario 1-36
2019-04-08 14:34:41,881 INFO o.a.j.t.JMeterThread: Thread finished: UserScenario 1-36
2019-04-08 14:34:41,881 INFO o.a.j.t.JMeterThread: Thread finished: UserScenario 1-62
2019-04-08 14:34:41,883 INFO o.a.j.t.JMeterThread: Thread is done: UserScenario 1-58
2019-04-08 14:34:41,883 INFO o.a.j.t.JMeterThread: Thread finished: UserScenario 1-58
2019-04-08 14:34:41,883 INFO o.a.j.t.JMeterThread: Thread is done: UserScenario 1-59
2019-04-08 14:34:41,883 INFO o.a.j.t.JMeterThread: Thread finished: UserScenario 1-59
2019-04-08 14:34:41,884 INFO o.a.j.t.JMeterThread: Thread is done: UserScenario 1-61
2019-04-08 14:34:41,884 INFO o.a.j.t.JMeterThread: Thread finished: UserScenario 1-61
2019-04-08 14:34:41,884 INFO o.a.j.t.JMeterThread: Thread is done: UserScenario 1-68
2019-04-08 14:34:41,884 INFO o.a.j.t.JMeterThread: Thread finished: UserScenario 1-68
2019-04-08 14:34:41,961 INFO o.a.j.t.JMeterThread: Thread is done: UserScenario 1-65
2019-04-08 14:34:41,962 INFO o.a.j.t.JMeterThread: Thread finished: UserScenario 1-65
2019-04-08 14:34:41,962 INFO o.a.j.t.JMeterThread: Thread is done: UserScenario 1-38
2019-04-08 14:34:41,962 INFO o.a.j.t.JMeterThread: Thread finished: UserScenario 1-38
2019-04-08 14:34:41,963 INFO o.a.j.t.JMeterThread: Thread is done: UserScenario 1-35
2019-04-08 14:34:41,963 INFO o.a.j.t.JMeterThread: Thread finished: UserScenario 1-35
2019-04-08 14:34:41,963 INFO o.a.j.t.JMeterThread: Thread is done: UserScenario 1-24
2019-04-08 14:34:41,963 INFO o.a.j.t.JMeterThread: Thread finished: UserScenario 1-24
2019-04-08 14:34:41,964 INFO o.a.j.t.JMeterThread: Thread is done: UserScenario 1-70
2019-04-08 14:34:41,964 INFO o.a.j.t.JMeterThread: Thread finished: UserScenario 1-70
2019-04-08 14:34:41,964 INFO o.a.j.t.JMeterThread: Thread is done: UserScenario 1-71
2019-04-08 14:34:41,964 INFO o.a.j.t.JMeterThread: Thread finished: UserScenario 1-71
2019-04-08 14:34:41,993 INFO o.a.j.t.JMeterThread: Thread is done: UserScenario 1-23
2019-04-08 14:34:41,993 INFO o.a.j.t.JMeterThread: Thread finished: UserScenario 1-23
2019-04-08 14:34:41,994 INFO o.a.j.t.JMeterThread: Thread is done: UserScenario 1-26
2019-04-08 14:34:41,994 INFO o.a.j.t.JMeterThread: Thread finished: UserScenario 1-26
2019-04-08 14:34:42,350 INFO o.a.j.t.JMeterThread: Thread is done: UserScenario 1-72
2019-04-08 14:34:42,350 INFO o.a.j.t.JMeterThread: Thread finished: UserScenario 1-72
2019-04-08 14:34:42,351 INFO o.a.j.t.JMeterThread: Thread is done: UserScenario 1-75
2019-04-08 14:34:42,351 INFO o.a.j.t.JMeterThread: Thread finished: UserScenario 1-75
2019-04-08 14:34:42,352 INFO o.a.j.t.JMeterThread: Thread is done: UserScenario 1-76
2019-04-08 14:34:42,353 INFO o.a.j.t.JMeterThread: Thread finished: UserScenario 1-76
2019-04-08 14:34:42,353 INFO o.a.j.t.JMeterThread: Thread is done: UserScenario 1-73
2019-04-08 14:34:42,353 INFO o.a.j.t.JMeterThread: Thread finished: UserScenario 1-73
2019-04-08 14:34:42,353 INFO o.a.j.t.JMeterThread: Thread is done: UserScenario 1-74
2019-04-08 14:34:42,354 INFO o.a.j.t.JMeterThread: Thread finished: UserScenario 1-74
2019-04-08 14:34:43,345 INFO o.a.j.t.JMeterThread: Thread is done: UserScenario 1-77
2019-04-08 14:34:43,345 INFO o.a.j.t.JMeterThread: Thread finished: UserScenario 1-77
2019-04-08 14:34:43,347 INFO o.a.j.t.JMeterThread: Thread is done: UserScenario 1-78
2019-04-08 14:34:43,347 INFO o.a.j.t.JMeterThread: Thread finished: UserScenario 1-78
2019-04-08 14:34:43,350 INFO o.a.j.t.JMeterThread: Thread is done: UserScenario 1-79
2019-04-08 14:34:43,350 INFO o.a.j.t.JMeterThread: Thread finished: UserScenario 1-79
2019-04-08 14:34:43,351 INFO o.a.j.t.JMeterThread: Thread is done: UserScenario 1-80
2019-04-08 14:34:43,352 INFO o.a.j.t.JMeterThread: Thread finished: UserScenario 1-80
2019-04-08 14:34:43,352 INFO o.a.j.t.JMeterThread: Thread is done: UserScenario 1-81
2019-04-08 14:34:43,353 INFO o.a.j.t.JMeterThread: Thread finished: UserScenario 1-81
2019-04-08 14:34:44,340 INFO o.a.j.t.JMeterThread: Thread is done: UserScenario 1-83
2019-04-08 14:34:44,341 INFO o.a.j.t.JMeterThread: Thread finished: UserScenario 1-83
2019-04-08 14:34:44,342 INFO o.a.j.t.JMeterThread: Thread is done: UserScenario 1-84
2019-04-08 14:34:44,342 INFO o.a.j.t.JMeterThread: Thread finished: UserScenario 1-84
2019-04-08 14:34:44,342 INFO o.a.j.t.JMeterThread: Thread is done: UserScenario 1-82
2019-04-08 14:34:44,342 INFO o.a.j.t.JMeterThread: Thread finished: UserScenario 1-82
2019-04-08 14:34:44,343 INFO o.a.j.t.JMeterThread: Thread is done: UserScenario 1-85
2019-04-08 14:34:44,343 INFO o.a.j.t.JMeterThread: Thread finished: UserScenario 1-85
2019-04-08 14:34:44,343 INFO o.a.j.t.JMeterThread: Thread is done: UserScenario 1-86
2019-04-08 14:34:44,343 INFO o.a.j.t.JMeterThread: Thread finished: UserScenario 1-86
2019-04-08 14:34:45,342 INFO o.a.j.t.JMeterThread: Thread is done: UserScenario 1-87
2019-04-08 14:34:45,342 INFO o.a.j.t.JMeterThread: Thread finished: UserScenario 1-87
2019-04-08 14:34:45,343 INFO o.a.j.t.JMeterThread: Thread is done: UserScenario 1-89
2019-04-08 14:34:45,343 INFO o.a.j.t.JMeterThread: Thread finished: UserScenario 1-89
2019-04-08 14:34:45,343 INFO o.a.j.t.JMeterThread: Thread is done: UserScenario 1-88
2019-04-08 14:34:45,343 INFO o.a.j.t.JMeterThread: Thread finished: UserScenario 1-88
2019-04-08 14:34:45,345 INFO o.a.j.t.JMeterThread: Thread is done: UserScenario 1-90
2019-04-08 14:34:45,345 INFO o.a.j.t.JMeterThread: Thread finished: UserScenario 1-90
2019-04-08 14:34:45,346 INFO o.a.j.t.JMeterThread: Thread is done: UserScenario 1-91
2019-04-08 14:34:45,346 INFO o.a.j.t.JMeterThread: Thread finished: UserScenario 1-91
2019-04-08 14:34:46,349 INFO o.a.j.t.JMeterThread: Thread is done: UserScenario 1-93
2019-04-08 14:34:46,351 INFO o.a.j.t.JMeterThread: Thread is done: UserScenario 1-92
2019-04-08 14:34:46,351 INFO o.a.j.t.JMeterThread: Thread finished: UserScenario 1-92
2019-04-08 14:34:46,351 INFO o.a.j.t.JMeterThread: Thread finished: UserScenario 1-93
2019-04-08 14:34:46,352 INFO o.a.j.t.JMeterThread: Thread is done: UserScenario 1-97
2019-04-08 14:34:46,352 INFO o.a.j.t.JMeterThread: Thread finished: UserScenario 1-97
2019-04-08 14:34:46,352 INFO o.a.j.t.JMeterThread: Thread is done: UserScenario 1-96
2019-04-08 14:34:46,352 INFO o.a.j.t.JMeterThread: Thread finished: UserScenario 1-96
2019-04-08 14:34:46,353 INFO o.a.j.t.JMeterThread: Thread is done: UserScenario 1-95
2019-04-08 14:34:46,353 INFO o.a.j.t.JMeterThread: Thread finished: UserScenario 1-95
2019-04-08 14:34:46,353 INFO o.a.j.t.JMeterThread: Thread is done: UserScenario 1-94
2019-04-08 14:34:46,354 INFO o.a.j.t.JMeterThread: Thread finished: UserScenario 1-94
2019-04-08 14:34:47,350 INFO o.a.j.t.JMeterThread: Thread is done: UserScenario 1-99
2019-04-08 14:34:47,351 INFO o.a.j.t.JMeterThread: Thread is done: UserScenario 1-100
2019-04-08 14:34:47,351 INFO o.a.j.t.JMeterThread: Thread finished: UserScenario 1-99
2019-04-08 14:34:47,351 INFO o.a.j.t.JMeterThread: Thread finished: UserScenario 1-100
2019-04-08 14:34:47,352 INFO o.a.j.t.JMeterThread: Thread is done: UserScenario 1-98
2019-04-08 14:34:47,352 INFO o.a.j.t.JMeterThread: Thread finished: UserScenario 1-98
2019-04-08 14:36:29,164 INFO o.a.j.JMeter: Command: Shutdown received from /127.0.0.1
2019-04-08 14:36:29,184 WARN o.a.j.t.JMeterThread: Interrupting: UserScenario 1-7 sampler: PROPERTY: getstatus THING: falldetection
2019-04-08 14:36:29,192 WARN o.a.j.t.JMeterThread: Interrupting: UserScenario 1-40 sampler: PROPERTY: getstatus THING: falldetection
2019-04-08 14:36:29,194 WARN o.a.j.t.JMeterThread: Interrupting: UserScenario 1-10 sampler: ACTION: feedback THING: falldetection
2019-04-08 14:36:29,196 WARN o.a.j.t.JMeterThread: Interrupting: UserScenario 1-27 sampler: PROPERTY: getstatus THING: falldetection
2019-04-08 14:36:29,201 WARN o.a.j.t.JMeterThread: Interrupting: UserScenario 1-32 sampler: ACTION: feedback THING: falldetection
2019-04-08 14:36:29,205 WARN o.a.j.t.JMeterThread: Interrupting: UserScenario 1-57 sampler: PROPERTY: getstatus THING: falldetection
2019-04-08 14:36:29,208 WARN o.a.j.t.JMeterThread: Interrupting: UserScenario 1-13 sampler: PROPERTY: getstatus THING: falldetection
2019-04-08 14:36:29,210 WARN o.a.j.t.JMeterThread: Interrupting: UserScenario 1-48 sampler: ACTION: feedback THING: falldetection
2019-04-08 14:36:29,213 WARN o.a.j.t.JMeterThread: Interrupting: UserScenario 1-46 sampler: PROPERTY: getstatus THING: falldetection
2019-04-08 14:36:29,216 WARN o.a.j.t.JMeterThread: Interrupting: UserScenario 1-19 sampler: ACTION: feedback THING: falldetection
2019-04-08 14:36:29,224 INFO o.a.j.t.JMeterThread: Thread is done: UserScenario 1-46
2019-04-08 14:36:29,224 INFO o.a.j.t.JMeterThread: Thread finished: UserScenario 1-46
2019-04-08 14:36:29,227 INFO o.a.j.t.JMeterThread: Thread is done: UserScenario 1-48
2019-04-08 14:36:29,227 INFO o.a.j.t.JMeterThread: Thread is done: UserScenario 1-19
2019-04-08 14:36:29,227 INFO o.a.j.t.JMeterThread: Thread finished: UserScenario 1-48
2019-04-08 14:36:29,227 INFO o.a.j.t.JMeterThread: Thread finished: UserScenario 1-19
2019-04-08 14:36:29,227 INFO o.a.j.t.JMeterThread: Thread is done: UserScenario 1-27
2019-04-08 14:36:29,227 INFO o.a.j.t.JMeterThread: Thread finished: UserScenario 1-27
2019-04-08 14:36:29,228 INFO o.a.j.t.JMeterThread: Thread is done: UserScenario 1-13
2019-04-08 14:36:29,228 INFO o.a.j.t.JMeterThread: Thread finished: UserScenario 1-13
2019-04-08 14:36:29,229 INFO o.a.j.t.JMeterThread: Thread is done: UserScenario 1-57
2019-04-08 14:36:29,230 INFO o.a.j.t.JMeterThread: Thread finished: UserScenario 1-57
2019-04-08 14:36:29,230 INFO o.a.j.t.JMeterThread: Thread is done: UserScenario 1-32
2019-04-08 14:36:29,230 INFO o.a.j.t.JMeterThread: Thread finished: UserScenario 1-32
2019-04-08 14:36:29,230 INFO o.a.j.t.JMeterThread: Thread is done: UserScenario 1-10
2019-04-08 14:36:29,230 INFO o.a.j.t.JMeterThread: Thread finished: UserScenario 1-10
2019-04-08 14:36:29,231 INFO o.a.j.t.JMeterThread: Thread is done: UserScenario 1-7
2019-04-08 14:36:29,231 INFO o.a.j.t.JMeterThread: Thread finished: UserScenario 1-7
2019-04-08 14:36:29,231 INFO o.a.j.t.JMeterThread: Thread is done: UserScenario 1-40
2019-04-08 14:36:29,232 INFO o.a.j.t.JMeterThread: Thread finished: UserScenario 1-40
2019-04-08 14:36:29,232 INFO o.a.j.e.StandardJMeterEngine: Notifying test listeners of end of test
2019-04-08 14:36:29,237 INFO o.a.j.e.StandardJMeterEngine: Forced JVM shutdown requested at end of test
