[2019-04-08 14:26:19,036 INFO root] Taurus CLI Tool v1.13.4
[2019-04-08 14:26:19,037 DEBUG root] Command-line options: {'log': '/var/folders/9w/fj8tc51n59dgtrxfgskpxd9h0000gn/T/bzt_m87iekh3.log', 'option': None, 'quiet': None, 'verbose': None, 'no_system_configs': None, 'aliases': []}
[2019-04-08 14:26:19,037 DEBUG root] Python: CPython 3.7.3
[2019-04-08 14:26:19,037 DEBUG root] OS: uname_result(system='Darwin', node='amirhosein-mac.local', release='17.5.0', version='Darwin Kernel Version 17.5.0: Mon Mar  5 22:24:32 PST 2018; root:xnu-4570.51.1~1/RELEASE_X86_64', machine='x86_64', processor='i386')
[2019-04-08 14:26:19,038 INFO root] Starting with configs: ['allRequests.json']
[2019-04-08 14:26:19,038 DEBUG root] Using personal config: /Users/apple/.bzt-rc
[2019-04-08 14:26:19,038 INFO Engine] Configuring...
[2019-04-08 14:26:19,156 DEBUG Engine] Base configs list: ['/usr/local/Cellar/bzt/1.13.4/libexec/lib/python3.7/site-packages/bzt/resources/10-base-config.yml']
[2019-04-08 14:26:19,157 DEBUG Engine.Configuration] Configs: ['/usr/local/Cellar/bzt/1.13.4/libexec/lib/python3.7/site-packages/bzt/resources/10-base-config.yml']
[2019-04-08 14:26:19,157 DEBUG Engine.Configuration] Reading /usr/local/Cellar/bzt/1.13.4/libexec/lib/python3.7/site-packages/bzt/resources/10-base-config.yml as YAML
[2019-04-08 14:26:19,246 DEBUG Engine] User configs list: ['/Users/apple/.bzt-rc', 'allRequests.json']
[2019-04-08 14:26:19,246 DEBUG Engine.Configuration] Configs: ['/Users/apple/.bzt-rc', 'allRequests.json']
[2019-04-08 14:26:19,248 DEBUG Engine.Configuration] Reading /Users/apple/.bzt-rc as YAML
[2019-04-08 14:26:19,263 DEBUG Engine.Configuration] Reading allRequests.json as YAML
[2019-04-08 14:26:19,274 DEBUG Engine.Configuration] Configs: ['/Users/apple/.bzt-rc', 'allRequests.json']
[2019-04-08 14:26:19,275 DEBUG Engine.Configuration] Reading /Users/apple/.bzt-rc as YAML
[2019-04-08 14:26:19,290 DEBUG Engine.Configuration] Reading allRequests.json as YAML
[2019-04-08 14:26:19,304 DEBUG Engine] Requesting updates info: https://gettaurus.org/updates/?version=1.13.4&installID=macos-3c075440e027
[2019-04-08 14:26:19,304 DEBUG HTTPClient] Making HTTP request GET https://gettaurus.org/updates/?version=1.13.4&installID=macos-3c075440e027
[2019-04-08 14:26:19,305 INFO Engine] Artifacts dir: /Users/apple/Desktop/bachelorProject/stressThing/StressThing/2019-04-08_14-26-19.304386
[2019-04-08 14:26:19,306 DEBUG Engine] New artifact filename: /Users/apple/Desktop/bachelorProject/stressThing/StressThing/2019-04-08_14-26-19.304386/effective
[2019-04-08 14:26:19,313 DEBUG Engine.Configuration] Dumping YAML config into /Users/apple/Desktop/bachelorProject/stressThing/StressThing/2019-04-08_14-26-19.304386/effective.yml
[2019-04-08 14:26:19,337 DEBUG urllib3.connectionpool] Starting new HTTPS connection (1): gettaurus.org:443
[2019-04-08 14:26:19,371 DEBUG Engine.Configuration] Dumping JSON config into /Users/apple/Desktop/bachelorProject/stressThing/StressThing/2019-04-08_14-26-19.304386/effective.json
[2019-04-08 14:26:19,374 DEBUG Engine] New artifact filename: /Users/apple/Desktop/bachelorProject/stressThing/StressThing/2019-04-08_14-26-19.304386/merged.yml
[2019-04-08 14:26:19,375 DEBUG Engine.Configuration] Dumping YAML config into /Users/apple/Desktop/bachelorProject/stressThing/StressThing/2019-04-08_14-26-19.304386/merged.yml
[2019-04-08 14:26:19,382 DEBUG Engine] New artifact filename: /Users/apple/Desktop/bachelorProject/stressThing/StressThing/2019-04-08_14-26-19.304386/merged.json
[2019-04-08 14:26:19,383 DEBUG Engine.Configuration] Dumping JSON config into /Users/apple/Desktop/bachelorProject/stressThing/StressThing/2019-04-08_14-26-19.304386/merged.json
[2019-04-08 14:26:19,384 DEBUG Engine] Add existing artifact (move=False): allRequests.json
[2019-04-08 14:26:19,384 DEBUG Engine] Copying allRequests.json to /Users/apple/Desktop/bachelorProject/stressThing/StressThing/2019-04-08_14-26-19.304386/allRequests.json
[2019-04-08 14:26:19,387 DEBUG root] Closing log handler: /var/folders/9w/fj8tc51n59dgtrxfgskpxd9h0000gn/T/bzt_m87iekh3.log
[2019-04-08 14:26:19,389 DEBUG root] Switched writing logs to /Users/apple/Desktop/bachelorProject/stressThing/StressThing/2019-04-08_14-26-19.304386/bzt.log
[2019-04-08 14:26:19,389 DEBUG root] Linting config
[2019-04-08 14:26:19,396 INFO Engine] Preparing...
[2019-04-08 14:26:19,403 DEBUG Engine] Module config: consolidator {'class': 'bzt.modules.aggregator.ConsolidatingAggregator'}
[2019-04-08 14:26:19,404 DEBUG root] Importing module: bzt.modules.aggregator
[2019-04-08 14:26:19,929 DEBUG root] Loading class: 'ConsolidatingAggregator' from <module 'bzt.modules.aggregator' from '/usr/local/Cellar/bzt/1.13.4/libexec/lib/python3.7/site-packages/bzt/modules/aggregator.py'>
[2019-04-08 14:26:19,929 DEBUG Engine.consolidator] Buffer scaling setup: percentile 95.0 from [0.0, 50.0, 90.0, 95.0, 99.0, 99.9, 100.0] selected
[2019-04-08 14:26:19,930 DEBUG Engine] Module config: monitoring {'class': 'bzt.modules.monitoring.Monitoring'}
[2019-04-08 14:26:19,930 DEBUG root] Importing module: bzt.modules.monitoring
[2019-04-08 14:26:19,934 DEBUG root] Loading class: 'Monitoring' from <module 'bzt.modules.monitoring' from '/usr/local/Cellar/bzt/1.13.4/libexec/lib/python3.7/site-packages/bzt/modules/monitoring.py'>
[2019-04-08 14:26:19,935 DEBUG Engine] Module config: local {'class': 'bzt.modules.provisioning.Local'}
[2019-04-08 14:26:19,935 DEBUG root] Importing module: bzt.modules.provisioning
[2019-04-08 14:26:19,935 DEBUG root] Loading class: 'Local' from <module 'bzt.modules.provisioning' from '/usr/local/Cellar/bzt/1.13.4/libexec/lib/python3.7/site-packages/bzt/modules/provisioning.py'>
[2019-04-08 14:26:19,936 DEBUG Engine] Module config: jmeter {'class': 'bzt.modules.jmeter.JMeterExecutor', 'protocol-handlers': {'http': 'bzt.jmx.http.HTTPProtocolHandler'}, 'plugins': ['jpgc-casutg', 'jpgc-dummy', 'jpgc-ffw', 'jpgc-fifo', 'jpgc-functions', 'jpgc-json', 'jpgc-perfmon', 'jpgc-prmctl', 'jpgc-tst'], 'properties': {'jmeter.save.saveservice.autoflush': 'true', 'jmeter.save.saveservice.connect_time': 'true', 'jmeterengine.force.system.exit': 'true', 'summariser.name': ''}}
[2019-04-08 14:26:19,936 DEBUG root] Importing module: bzt.modules.jmeter
[2019-04-08 14:26:19,973 DEBUG root] Loading class: 'JMeterExecutor' from <module 'bzt.modules.jmeter' from '/usr/local/Cellar/bzt/1.13.4/libexec/lib/python3.7/site-packages/bzt/modules/jmeter.py'>
[2019-04-08 14:26:19,973 DEBUG Engine.local] Preparing executor: jmeter/4511941856
[2019-04-08 14:26:19,974 DEBUG Engine] New artifact filename: /Users/apple/Desktop/bachelorProject/stressThing/StressThing/2019-04-08_14-26-19.304386/jmeter.log
[2019-04-08 14:26:19,974 DEBUG Engine.jmeter] Checking if port 4445 is free
[2019-04-08 14:26:19,977 DEBUG Engine.jmeter] Port 4445 is free
[2019-04-08 14:26:19,977 DEBUG Engine.jmeter] Using port 4445 for management
[2019-04-08 14:26:19,977 DEBUG Engine] New artifact filename: /Users/apple/Desktop/bachelorProject/stressThing/StressThing/2019-04-08_14-26-19.304386/requests.jmx
[2019-04-08 14:26:19,979 DEBUG root] Importing module: bzt.jmx.http
[2019-04-08 14:26:19,980 DEBUG root] Loading class: 'HTTPProtocolHandler' from <module 'bzt.jmx.http' from '/usr/local/Cellar/bzt/1.13.4/libexec/lib/python3.7/site-packages/bzt/jmx/http.py'>
[2019-04-08 14:26:19,985 DEBUG JMeterScenarioBuilder] Saving JMX to: /Users/apple/Desktop/bachelorProject/stressThing/StressThing/2019-04-08_14-26-19.304386/requests.jmx
[2019-04-08 14:26:19,987 DEBUG Engine.jmeter] Additional system properties {'sun.net.inetaddr.ttl': 0}
[2019-04-08 14:26:19,987 DEBUG Engine] New artifact filename: /Users/apple/Desktop/bachelorProject/stressThing/StressThing/2019-04-08_14-26-19.304386/system.properties
[2019-04-08 14:26:19,988 DEBUG Engine.jmeter] Additional properties: {'jmeter.save.saveservice.autoflush': 'true', 'jmeter.save.saveservice.connect_time': 'true', 'jmeterengine.force.system.exit': 'true', 'summariser.name': '', 'jmeterengine.nongui.port': 4445, 'jmeterengine.nongui.maxport': 4445, 'jmeter.save.saveservice.timestamp_format': 'ms', 'sampleresult.default.encoding': 'UTF-8', 'user.classpath': '/Users/apple/Desktop/bachelorProject/stressThing/StressThing/2019-04-08_14-26-19.304386:/Users/apple/Desktop/bachelorProject/stressThing/StressThing/2019-04-08_14-26-19.304386'}
[2019-04-08 14:26:19,989 DEBUG Engine] New artifact filename: /Users/apple/Desktop/bachelorProject/stressThing/StressThing/2019-04-08_14-26-19.304386/jmeter-bzt.properties
[2019-04-08 14:26:19,990 DEBUG Engine.jmeter.JavaVM] Trying JavaVM: ['java', '-version']
[2019-04-08 14:26:19,991 DEBUG root] Executing shell: ['java', '-version'] at .
[2019-04-08 14:26:20,644 DEBUG Engine.jmeter.JavaVM] JavaVM output: 
[2019-04-08 14:26:20,645 DEBUG Engine.jmeter.TclLibrary] We don't need to check tcl library on this platform
[2019-04-08 14:26:20,645 DEBUG Engine.jmeter.JMeter] Trying JMeter..
[2019-04-08 14:26:20,648 DEBUG root] Executing shell: ['/Users/apple/.bzt/jmeter-taurus/5.1.1/bin/jmeter.sh', '-j', '/var/folders/9w/fj8tc51n59dgtrxfgskpxd9h0000gn/T/jmeter6ah88f_wlog', '--version'] at .
[2019-04-08 14:26:22,039 DEBUG urllib3.connectionpool] https://gettaurus.org:443 "GET /updates/?version=1.13.4&installID=macos-3c075440e027 HTTP/1.1" 200 40
[2019-04-08 14:26:22,042 DEBUG Engine] Taurus updates info: {'latest': '1.13.4', 'needsUpgrade': False}
[2019-04-08 14:26:22,043 DEBUG Engine] Installation is up-to-date
[2019-04-08 14:26:25,158 DEBUG Engine.jmeter.JMeter] JMeter check:     _    ____   _    ____ _   _ _____       _ __  __ _____ _____ _____ ____     
   / \  |  _ \ / \  / ___| | | | ____|     | |  \/  | ____|_   _| ____|  _ \   
  / _ \ | |_) / _ \| |   | |_| |  _|    _  | | |\/| |  _|   | | |  _| | |_) | 
 / ___ \|  __/ ___ \ |___|  _  | |___  | |_| | |  | | |___  | | | |___|  _ <  
/_/   \_\_| /_/   \_\____|_| |_|_____|  \___/|_|  |_|_____| |_| |_____|_| \_\ 5.1.1 r1855137  

Copyright (c) 1999-2019 The Apache Software Foundation

 / 
[2019-04-08 14:26:25,163 DEBUG Engine.jmeter] Load: LoadSpec(concurrency=1, throughput=1.0, ramp_up=20.0, hold=30.0, iterations=0, duration=50.0, steps=None)
[2019-04-08 14:26:25,175 DEBUG Engine] New artifact filename: /Users/apple/Desktop/bachelorProject/stressThing/StressThing/2019-04-08_14-26-19.304386/kpi.jtl
[2019-04-08 14:26:25,177 DEBUG Engine] New artifact filename: /Users/apple/Desktop/bachelorProject/stressThing/StressThing/2019-04-08_14-26-19.304386/error.jtl
[2019-04-08 14:26:25,186 DEBUG Engine.jmeter.LoadSettingsProcessor.ThreadGroupHandler] Converting ThreadGroup (UserScenario) to ConcurrencyThreadGroup and apply load parameters
[2019-04-08 14:26:25,188 DEBUG Engine] New artifact filename: /Users/apple/Desktop/bachelorProject/stressThing/StressThing/2019-04-08_14-26-19.304386/modified_requests.jmx
[2019-04-08 14:26:25,188 DEBUG JMX] Saving JMX to: /Users/apple/Desktop/bachelorProject/stressThing/StressThing/2019-04-08_14-26-19.304386/modified_requests.jmx
[2019-04-08 14:26:25,191 DEBUG root] Executing shell: ['/Users/apple/.bzt/jmeter-taurus/5.1.1/bin/PluginsManagerCMD.sh', 'install-for-jmx', '/Users/apple/Desktop/bachelorProject/stressThing/StressThing/2019-04-08_14-26-19.304386/modified_requests.jmx'] at .
[2019-04-08 14:26:31,327 DEBUG Engine.jmeter.JMeter] Try to detect plugins for /Users/apple/Desktop/bachelorProject/stressThing/StressThing/2019-04-08_14-26-19.304386/modified_requests.jmx
2019-04-08 14:26:27,862 INFO o.j.r.PluginManagerCMD: Command is: install-for-jmx
2019-04-08 14:26:28,256 INFO o.j.r.JARSourceHTTP: Found cached repo
2019-04-08 14:26:29,150 INFO o.j.r.PluginManager: Plugins Status: [jpgc-functions=2.1, jpgc-casutg=2.8, jpgc-dummy=0.2, jpgc-ffw=2.0, jpgc-fifo=0.2, jpgc-json=2.7, jpgc-prmctl=0.4, jpgc-perfmon=2.1, jpgc-plugins-manager=1.3, jpgc-tst=2.5, jmeter-core=5.1.1, jmeter-ftp=5.1.1, jmeter-http=5.1.1, jmeter-jdbc=5.1.1, jmeter-jms=5.1.1, jmeter-junit=5.1.1, jmeter-java=5.1.1, jmeter-ldap=5.1.1, jmeter-mail=5.1.1, jmeter-mongodb=5.1.1, jmeter-native=5.1.1, jmeter-tcp=5.1.1, jmeter-components=5.1.1]
2019-04-08 14:26:29,202 INFO o.j.r.PluginManagerCMD: Params line is: /Users/apple/Desktop/bachelorProject/stressThing/StressThing/2019-04-08_14-26-19.304386/modified_requests.jmx
2019-04-08 14:26:30,210 INFO o.a.j.s.SaveService: Testplan (JMX) version: 2.2. Testlog (JTL) version: 2.2
2019-04-08 14:26:30,248 INFO o.a.j.s.SaveService: Using SaveService properties file encoding UTF-8
2019-04-08 14:26:30,260 INFO o.a.j.s.SaveService: Using SaveService properties version 5.0
2019-04-08 14:26:30,410 INFO o.a.j.p.h.c.CacheManager: Will only cache the following methods: [GET]
2019-04-08 14:26:30,420 INFO o.a.j.p.h.c.CookieManager: Settings: Delete null: true Check: true Allow variable: true Save: false Prefix: COOKIE_
2019-04-08 14:26:30,567 INFO o.a.j.p.h.s.HTTPSamplerBase: Parser for text/html is org.apache.jmeter.protocol.http.parser.LagartoBasedHtmlParser
2019-04-08 14:26:30,568 INFO o.a.j.p.h.s.HTTPSamplerBase: Parser for application/xhtml+xml is org.apache.jmeter.protocol.http.parser.LagartoBasedHtmlParser
2019-04-08 14:26:30,568 INFO o.a.j.p.h.s.HTTPSamplerBase: Parser for application/xml is org.apache.jmeter.protocol.http.parser.LagartoBasedHtmlParser
2019-04-08 14:26:30,568 INFO o.a.j.p.h.s.HTTPSamplerBase: Parser for text/xml is org.apache.jmeter.protocol.http.parser.LagartoBasedHtmlParser
2019-04-08 14:26:30,569 INFO o.a.j.p.h.s.HTTPSamplerBase: Parser for text/vnd.wap.wml is org.apache.jmeter.protocol.http.parser.RegexpHTMLParser
2019-04-08 14:26:30,569 INFO o.a.j.p.h.s.HTTPSamplerBase: Parser for text/css is org.apache.jmeter.protocol.http.parser.CssParser
2019-04-08 14:26:30,910 INFO o.j.r.PluginManager: Finishing without changes


[2019-04-08 14:26:31,329 DEBUG Engine] New artifact filename: /Users/apple/Desktop/bachelorProject/stressThing/StressThing/2019-04-08_14-26-19.304386/jmeter.out
[2019-04-08 14:26:31,330 DEBUG Engine] New artifact filename: /Users/apple/Desktop/bachelorProject/stressThing/StressThing/2019-04-08_14-26-19.304386/jmeter.err
[2019-04-08 14:26:31,335 DEBUG Engine] Module config: final-stats {'class': 'bzt.modules.reporting.FinalStatus'}
[2019-04-08 14:26:31,336 DEBUG root] Importing module: bzt.modules.reporting
[2019-04-08 14:26:31,378 DEBUG easyprocess] version=0.2.5
[2019-04-08 14:26:31,383 DEBUG pyvirtualdisplay] version=0.2.1
[2019-04-08 14:26:31,390 DEBUG root] Loading class: 'FinalStatus' from <module 'bzt.modules.reporting' from '/usr/local/Cellar/bzt/1.13.4/libexec/lib/python3.7/site-packages/bzt/modules/reporting.py'>
[2019-04-08 14:26:31,390 DEBUG Engine] Module config: console {'class': 'bzt.modules.console.ConsoleStatusReporter'}
[2019-04-08 14:26:31,391 DEBUG root] Importing module: bzt.modules.console
[2019-04-08 14:26:31,391 DEBUG root] Loading class: 'ConsoleStatusReporter' from <module 'bzt.modules.console' from '/usr/local/Cellar/bzt/1.13.4/libexec/lib/python3.7/site-packages/bzt/modules/console.py'>
[2019-04-08 14:26:31,392 WARNING Engine] Module 'console' can be only used once, will merge all new instances into single
[2019-04-08 14:26:31,392 DEBUG Engine] Module config: blazemeter {'class': 'bzt.modules.blazemeter.BlazeMeterUploader'}
[2019-04-08 14:26:31,393 DEBUG root] Importing module: bzt.modules.blazemeter
[2019-04-08 14:26:31,393 DEBUG root] Loading class: 'BlazeMeterUploader' from <module 'bzt.modules.blazemeter' from '/usr/local/Cellar/bzt/1.13.4/libexec/lib/python3.7/site-packages/bzt/modules/blazemeter.py'>
[2019-04-08 14:26:31,420 WARNING Engine.blazemeter] No BlazeMeter API key provided, will upload anonymously
[2019-04-08 14:26:31,420 DEBUG Engine.blazemeter] Installing http client
[2019-04-08 14:26:31,421 DEBUG User] Request: GET https://a.blazemeter.com/api/v4/web/version None
[2019-04-08 14:26:31,421 DEBUG HTTPClient] Making HTTP request GET https://a.blazemeter.com/api/v4/web/version
[2019-04-08 14:26:31,430 DEBUG urllib3.connectionpool] Starting new HTTPS connection (1): a.blazemeter.com:443
[2019-04-08 14:26:35,251 DEBUG urllib3.connectionpool] https://a.blazemeter.com:443 "GET /api/v4/web/version HTTP/1.1" 200 233
[2019-04-08 14:26:35,257 DEBUG User] Response [200]: {
    "api_version": 4,
    "error": null,
    "result": "blazemeter-php7-backend-package 928 release/2019-04-02_126 137ce603d6f9e3814fbd1ecc2a17af16c5eee191 Thu Apr 4 18:27:30 2019 +0300 137ce603d6f9e3814fbd1ecc2a17af16c5eee191\n"
}
[2019-04-08 14:26:35,266 DEBUG Engine.Configuration] Dumping YAML config into /Users/apple/Desktop/bachelorProject/stressThing/StressThing/2019-04-08_14-26-19.304386/effective.yml
[2019-04-08 14:26:35,343 DEBUG Engine.Configuration] Dumping JSON config into /Users/apple/Desktop/bachelorProject/stressThing/StressThing/2019-04-08_14-26-19.304386/effective.json
[2019-04-08 14:26:35,346 INFO Engine] Starting...
[2019-04-08 14:26:35,346 DEBUG Engine] Startup <bzt.modules.monitoring.Monitoring object at 0x10d4adda0>
[2019-04-08 14:26:35,347 DEBUG Engine] Startup <bzt.modules.aggregator.ConsolidatingAggregator object at 0x10d4ade48>
[2019-04-08 14:26:35,348 DEBUG Engine] Startup <bzt.modules.reporting.FinalStatus object at 0x11085f710>
[2019-04-08 14:26:35,348 DEBUG Engine] Startup <bzt.modules.console.ConsoleStatusReporter object at 0x110972160>
[2019-04-08 14:26:35,348 INFO Engine.console] Waiting for results...
[2019-04-08 14:26:35,349 DEBUG Engine] Startup <bzt.modules.blazemeter.BlazeMeterUploader object at 0x1109d54a8>
[2019-04-08 14:26:35,349 INFO Engine.blazemeter] Initiating data feeding...
[2019-04-08 14:26:35,350 DEBUG User] Request: POST https://a.blazemeter.com/api/v4/sessions None
[2019-04-08 14:26:35,350 DEBUG HTTPClient] Making HTTP request POST https://a.blazemeter.com/api/v4/sessions
[2019-04-08 14:26:35,848 DEBUG urllib3.connectionpool] https://a.blazemeter.com:443 "POST /api/v4/sessions HTTP/1.1" 201 2844
[2019-04-08 14:26:35,849 DEBUG User] Response [201]: {
    "api_version": 4,
    "error": null,
    "result": {
        "session": {
            "id": "r-ext-5cab1ad37df98",
            "name": "external",
            "userId": 386483,
            "publicToken": "j6kXVwqnfcW3UuDGGZ9tCEMb2M7DLVsAMLtrzjzHGzwi6
[2019-04-08 14:26:35,850 INFO Engine.blazemeter] Started data feeding: https://a.blazemeter.com/app/?public-token=j6kXVwqnfcW3UuDGGZ9tCEMb2M7DLVsAMLtrzjzHGzwi6cv3CJ#reports/r-ext-5cab1ad37df98/summary
[2019-04-08 14:26:36,255 DEBUG Engine] Startup <bzt.modules.provisioning.Local object at 0x1105ddd68>
[2019-04-08 14:26:36,257 DEBUG Engine.local] Delay setup for jmeter/UserScenario: 0(start-at) + 0(delay) = 0
[2019-04-08 14:26:36,265 DEBUG Engine.Configuration] Dumping YAML config into /Users/apple/Desktop/bachelorProject/stressThing/StressThing/2019-04-08_14-26-19.304386/effective.yml
[2019-04-08 14:26:36,393 DEBUG Engine.Configuration] Dumping JSON config into /Users/apple/Desktop/bachelorProject/stressThing/StressThing/2019-04-08_14-26-19.304386/effective.json
[2019-04-08 14:26:36,399 DEBUG root] Leveling down log file verbosity to INFO, use -v option to have DEBUG messages enabled
[2019-04-08 14:26:36,401 DEBUG root] Leveled up log file verbosity
[2019-04-08 14:26:36,411 DEBUG root] Executing shell: ['/Users/apple/.bzt/jmeter-taurus/5.1.1/bin/jmeter.sh', '-t', '/Users/apple/Desktop/bachelorProject/stressThing/StressThing/2019-04-08_14-26-19.304386/modified_requests.jmx', '-j', '/Users/apple/Desktop/bachelorProject/stressThing/StressThing/2019-04-08_14-26-19.304386/jmeter.log', '-q', '/Users/apple/Desktop/bachelorProject/stressThing/StressThing/2019-04-08_14-26-19.304386/jmeter-bzt.properties', '-n', '-S', '/Users/apple/Desktop/bachelorProject/stressThing/StressThing/2019-04-08_14-26-19.304386/system.properties'] at /Users/apple/Desktop/bachelorProject/stressThing/StressThing
[2019-04-08 14:26:36,435 DEBUG root] Leveling down log file verbosity to INFO, use -v option to have DEBUG messages enabled
[2019-04-08 14:26:36,714 INFO Engine.console] Waiting for finish...
[2019-04-08 14:26:36,956 ERROR Engine.console] Console screen failure: ord() expected string of length 1, but int found
[2019-04-08 14:26:38,937 INFO Engine.console] Waiting for finish...
[2019-04-08 14:26:38,990 ERROR Engine.console] Console screen failure: ord() expected string of length 1, but int found
[2019-04-08 14:26:39,937 INFO Engine.console] Waiting for finish...
[2019-04-08 14:26:39,982 ERROR Engine.console] Console screen failure: ord() expected string of length 1, but int found
[2019-04-08 14:26:40,941 INFO Engine.console] Waiting for finish...
[2019-04-08 14:26:40,978 ERROR Engine.console] Console screen failure: ord() expected string of length 1, but int found
[2019-04-08 14:26:41,945 INFO Engine.console] Waiting for finish...
[2019-04-08 14:26:41,988 ERROR Engine.console] Console screen failure: ord() expected string of length 1, but int found
[2019-04-08 14:26:42,960 INFO Engine.console] Waiting for finish...
[2019-04-08 14:26:43,027 ERROR Engine.console] Console screen failure: ord() expected string of length 1, but int found
[2019-04-08 14:26:43,950 INFO Engine.console] Waiting for finish...
[2019-04-08 14:26:44,009 ERROR Engine.console] Console screen failure: ord() expected string of length 1, but int found
[2019-04-08 14:26:44,961 INFO Engine.console] Waiting for finish...
[2019-04-08 14:26:45,006 ERROR Engine.console] Console screen failure: ord() expected string of length 1, but int found
[2019-04-08 14:26:45,962 INFO Engine.console] Waiting for finish...
[2019-04-08 14:26:46,012 ERROR Engine.console] Console screen failure: ord() expected string of length 1, but int found
[2019-04-08 14:26:46,952 INFO Engine.console] Waiting for finish...
[2019-04-08 14:26:46,996 ERROR Engine.console] Console screen failure: ord() expected string of length 1, but int found
[2019-04-08 14:26:47,961 INFO Engine.console] Waiting for finish...
[2019-04-08 14:26:48,004 ERROR Engine.console] Console screen failure: ord() expected string of length 1, but int found
[2019-04-08 14:26:48,996 INFO Engine.console] Waiting for finish...
[2019-04-08 14:26:49,029 ERROR Engine.console] Console screen failure: ord() expected string of length 1, but int found
[2019-04-08 14:26:49,930 INFO Engine.console] Waiting for finish...
[2019-04-08 14:26:49,966 ERROR Engine.console] Console screen failure: ord() expected string of length 1, but int found
[2019-04-08 14:26:50,973 INFO Engine.console] Waiting for finish...
[2019-04-08 14:26:51,011 ERROR Engine.console] Console screen failure: ord() expected string of length 1, but int found
[2019-04-08 14:26:51,959 INFO Engine.console] Waiting for finish...
[2019-04-08 14:26:51,993 ERROR Engine.console] Console screen failure: ord() expected string of length 1, but int found
[2019-04-08 14:26:52,969 INFO Engine.console] Waiting for finish...
[2019-04-08 14:26:53,005 ERROR Engine.console] Console screen failure: ord() expected string of length 1, but int found
[2019-04-08 14:26:53,970 INFO Engine.console] Waiting for finish...
[2019-04-08 14:26:54,007 ERROR Engine.console] Console screen failure: ord() expected string of length 1, but int found
[2019-04-08 14:26:54,975 INFO Engine.console] Waiting for finish...
[2019-04-08 14:26:55,007 ERROR Engine.console] Console screen failure: ord() expected string of length 1, but int found
[2019-04-08 14:26:55,975 INFO Engine.console] Waiting for finish...
[2019-04-08 14:26:56,008 ERROR Engine.console] Console screen failure: ord() expected string of length 1, but int found
[2019-04-08 14:26:56,974 INFO Engine.console] Waiting for finish...
[2019-04-08 14:26:57,141 ERROR Engine.console] Console screen failure: ord() expected string of length 1, but int found
[2019-04-08 14:26:57,980 INFO Engine.console] Waiting for finish...
[2019-04-08 14:26:58,013 ERROR Engine.console] Console screen failure: ord() expected string of length 1, but int found
[2019-04-08 14:26:58,981 INFO Engine.console] Waiting for finish...
[2019-04-08 14:26:59,015 ERROR Engine.console] Console screen failure: ord() expected string of length 1, but int found
[2019-04-08 14:26:59,988 INFO Engine.console] Waiting for finish...
[2019-04-08 14:27:00,025 ERROR Engine.console] Console screen failure: ord() expected string of length 1, but int found
[2019-04-08 14:27:00,982 INFO Engine.console] Waiting for finish...
[2019-04-08 14:27:01,020 ERROR Engine.console] Console screen failure: ord() expected string of length 1, but int found
[2019-04-08 14:27:01,981 INFO Engine.console] Waiting for finish...
[2019-04-08 14:27:02,015 ERROR Engine.console] Console screen failure: ord() expected string of length 1, but int found
[2019-04-08 14:27:02,978 INFO Engine.console] Waiting for finish...
[2019-04-08 14:27:03,012 ERROR Engine.console] Console screen failure: ord() expected string of length 1, but int found
[2019-04-08 14:27:03,988 INFO Engine.console] Waiting for finish...
[2019-04-08 14:27:04,021 ERROR Engine.console] Console screen failure: ord() expected string of length 1, but int found
[2019-04-08 14:27:04,986 INFO Engine.console] Waiting for finish...
[2019-04-08 14:27:05,020 ERROR Engine.console] Console screen failure: ord() expected string of length 1, but int found
[2019-04-08 14:27:05,982 INFO Engine.console] Waiting for finish...
[2019-04-08 14:27:06,013 ERROR Engine.console] Console screen failure: ord() expected string of length 1, but int found
[2019-04-08 14:27:06,980 INFO Engine.console] Waiting for finish...
[2019-04-08 14:27:07,011 ERROR Engine.console] Console screen failure: ord() expected string of length 1, but int found
[2019-04-08 14:27:08,284 INFO Engine.console] Waiting for finish...
[2019-04-08 14:27:08,310 ERROR Engine.console] Console screen failure: ord() expected string of length 1, but int found
[2019-04-08 14:27:09,294 INFO Engine.console] Waiting for finish...
[2019-04-08 14:27:09,324 ERROR Engine.console] Console screen failure: ord() expected string of length 1, but int found
[2019-04-08 14:27:10,294 INFO Engine.console] Waiting for finish...
[2019-04-08 14:27:10,316 ERROR Engine.console] Console screen failure: ord() expected string of length 1, but int found
[2019-04-08 14:27:11,292 INFO Engine.console] Waiting for finish...
[2019-04-08 14:27:11,317 ERROR Engine.console] Console screen failure: ord() expected string of length 1, but int found
[2019-04-08 14:27:12,297 INFO Engine.console] Waiting for finish...
[2019-04-08 14:27:12,313 ERROR Engine.console] Console screen failure: ord() expected string of length 1, but int found
[2019-04-08 14:27:13,296 INFO Engine.console] Waiting for finish...
[2019-04-08 14:27:13,312 ERROR Engine.console] Console screen failure: ord() expected string of length 1, but int found
[2019-04-08 14:27:14,302 INFO Engine.console] Waiting for finish...
[2019-04-08 14:27:14,323 ERROR Engine.console] Console screen failure: ord() expected string of length 1, but int found
[2019-04-08 14:27:15,302 INFO Engine.console] Waiting for finish...
[2019-04-08 14:27:15,327 ERROR Engine.console] Console screen failure: ord() expected string of length 1, but int found
[2019-04-08 14:27:16,324 INFO Engine.console] Waiting for finish...
[2019-04-08 14:27:16,371 ERROR Engine.console] Console screen failure: ord() expected string of length 1, but int found
[2019-04-08 14:27:17,287 INFO Engine.console] Waiting for finish...
[2019-04-08 14:27:17,306 ERROR Engine.console] Console screen failure: ord() expected string of length 1, but int found
[2019-04-08 14:27:18,306 INFO Engine.console] Waiting for finish...
[2019-04-08 14:27:18,329 ERROR Engine.console] Console screen failure: ord() expected string of length 1, but int found
[2019-04-08 14:27:19,308 INFO Engine.console] Waiting for finish...
[2019-04-08 14:27:19,327 ERROR Engine.console] Console screen failure: ord() expected string of length 1, but int found
[2019-04-08 14:27:20,306 INFO Engine.console] Waiting for finish...
[2019-04-08 14:27:20,322 ERROR Engine.console] Console screen failure: ord() expected string of length 1, but int found
[2019-04-08 14:27:21,316 INFO Engine.console] Waiting for finish...
[2019-04-08 14:27:21,334 ERROR Engine.console] Console screen failure: ord() expected string of length 1, but int found
[2019-04-08 14:27:22,317 INFO Engine.console] Waiting for finish...
[2019-04-08 14:27:22,347 ERROR Engine.console] Console screen failure: ord() expected string of length 1, but int found
[2019-04-08 14:27:23,320 INFO Engine.console] Waiting for finish...
[2019-04-08 14:27:23,350 ERROR Engine.console] Console screen failure: ord() expected string of length 1, but int found
[2019-04-08 14:27:24,316 INFO Engine.console] Waiting for finish...
[2019-04-08 14:27:24,337 ERROR Engine.console] Console screen failure: ord() expected string of length 1, but int found
[2019-04-08 14:27:25,310 INFO Engine.console] Waiting for finish...
[2019-04-08 14:27:25,336 ERROR Engine.console] Console screen failure: ord() expected string of length 1, but int found
[2019-04-08 14:27:26,316 INFO Engine.console] Waiting for finish...
[2019-04-08 14:27:26,334 ERROR Engine.console] Console screen failure: ord() expected string of length 1, but int found
[2019-04-08 14:27:27,316 INFO Engine.console] Waiting for finish...
[2019-04-08 14:27:27,334 ERROR Engine.console] Console screen failure: ord() expected string of length 1, but int found
[2019-04-08 14:27:28,298 INFO Engine.console] Waiting for finish...
[2019-04-08 14:27:28,325 ERROR Engine.console] Console screen failure: ord() expected string of length 1, but int found
[2019-04-08 14:27:29,317 INFO Engine.console] Waiting for finish...
[2019-04-08 14:27:29,344 ERROR Engine.console] Console screen failure: ord() expected string of length 1, but int found
[2019-04-08 14:27:30,314 INFO Engine.console] Waiting for finish...
[2019-04-08 14:27:30,403 ERROR Engine.console] Console screen failure: ord() expected string of length 1, but int found
[2019-04-08 14:27:31,315 INFO Engine.console] Waiting for finish...
[2019-04-08 14:27:31,330 ERROR Engine.console] Console screen failure: ord() expected string of length 1, but int found
[2019-04-08 14:27:32,324 INFO Engine.console] Waiting for finish...
[2019-04-08 14:27:32,343 ERROR Engine.console] Console screen failure: ord() expected string of length 1, but int found
[2019-04-08 14:27:33,323 INFO Engine.console] Waiting for finish...
[2019-04-08 14:27:33,348 ERROR Engine.console] Console screen failure: ord() expected string of length 1, but int found
[2019-04-08 14:27:34,334 INFO Engine.console] Waiting for finish...
[2019-04-08 14:27:34,362 ERROR Engine.console] Console screen failure: ord() expected string of length 1, but int found
[2019-04-08 14:27:35,322 INFO Engine.console] Waiting for finish...
[2019-04-08 14:27:35,339 ERROR Engine.console] Console screen failure: ord() expected string of length 1, but int found
[2019-04-08 14:27:36,302 INFO Engine.console] Waiting for finish...
[2019-04-08 14:27:36,321 ERROR Engine.console] Console screen failure: ord() expected string of length 1, but int found
[2019-04-08 14:27:37,329 INFO Engine.console] Waiting for finish...
[2019-04-08 14:27:37,350 ERROR Engine.console] Console screen failure: ord() expected string of length 1, but int found
[2019-04-08 14:27:38,333 INFO Engine.console] Waiting for finish...
[2019-04-08 14:27:38,353 ERROR Engine.console] Console screen failure: ord() expected string of length 1, but int found
[2019-04-08 14:27:39,336 INFO Engine.console] Waiting for finish...
[2019-04-08 14:27:39,355 ERROR Engine.console] Console screen failure: ord() expected string of length 1, but int found
[2019-04-08 14:27:40,318 INFO Engine.console] Waiting for finish...
[2019-04-08 14:27:40,336 ERROR Engine.console] Console screen failure: ord() expected string of length 1, but int found
[2019-04-08 14:27:41,342 INFO Engine.console] Waiting for finish...
[2019-04-08 14:27:41,358 ERROR Engine.console] Console screen failure: ord() expected string of length 1, but int found
[2019-04-08 14:27:42,346 INFO Engine.console] Waiting for finish...
[2019-04-08 14:27:42,361 ERROR Engine.console] Console screen failure: ord() expected string of length 1, but int found
[2019-04-08 14:27:43,347 INFO Engine.console] Waiting for finish...
[2019-04-08 14:27:43,373 ERROR Engine.console] Console screen failure: ord() expected string of length 1, but int found
[2019-04-08 14:27:44,348 INFO Engine.console] Waiting for finish...
[2019-04-08 14:27:44,372 ERROR Engine.console] Console screen failure: ord() expected string of length 1, but int found
[2019-04-08 14:27:45,331 INFO Engine.console] Waiting for finish...
[2019-04-08 14:27:45,344 ERROR Engine.console] Console screen failure: ord() expected string of length 1, but int found
[2019-04-08 14:27:46,350 INFO Engine.console] Waiting for finish...
[2019-04-08 14:27:46,365 ERROR Engine.console] Console screen failure: ord() expected string of length 1, but int found
[2019-04-08 14:27:47,352 INFO Engine.console] Waiting for finish...
[2019-04-08 14:27:47,382 ERROR Engine.console] Console screen failure: ord() expected string of length 1, but int found
[2019-04-08 14:27:48,355 INFO Engine.console] Waiting for finish...
[2019-04-08 14:27:48,383 ERROR Engine.console] Console screen failure: ord() expected string of length 1, but int found
[2019-04-08 14:27:49,354 INFO Engine.console] Waiting for finish...
[2019-04-08 14:27:49,374 ERROR Engine.console] Console screen failure: ord() expected string of length 1, but int found
[2019-04-08 14:27:50,355 INFO Engine.console] Waiting for finish...
[2019-04-08 14:27:50,373 ERROR Engine.console] Console screen failure: ord() expected string of length 1, but int found
[2019-04-08 14:27:51,364 INFO Engine.console] Waiting for finish...
[2019-04-08 14:27:51,391 ERROR Engine.console] Console screen failure: ord() expected string of length 1, but int found
[2019-04-08 14:27:52,357 INFO Engine.console] Waiting for finish...
[2019-04-08 14:27:52,373 ERROR Engine.console] Console screen failure: ord() expected string of length 1, but int found
[2019-04-08 14:27:53,341 INFO Engine.console] Waiting for finish...
[2019-04-08 14:27:53,356 ERROR Engine.console] Console screen failure: ord() expected string of length 1, but int found
[2019-04-08 14:27:54,368 INFO Engine.console] Waiting for finish...
[2019-04-08 14:27:54,388 ERROR Engine.console] Console screen failure: ord() expected string of length 1, but int found
[2019-04-08 14:27:55,346 INFO Engine.console] Waiting for finish...
[2019-04-08 14:27:55,363 ERROR Engine.console] Console screen failure: ord() expected string of length 1, but int found
[2019-04-08 14:27:56,362 INFO Engine.console] Waiting for finish...
[2019-04-08 14:27:56,379 ERROR Engine.console] Console screen failure: ord() expected string of length 1, but int found
[2019-04-08 14:27:57,385 INFO Engine.console] Waiting for finish...
[2019-04-08 14:27:57,413 ERROR Engine.console] Console screen failure: ord() expected string of length 1, but int found
[2019-04-08 14:27:58,380 INFO Engine.console] Waiting for finish...
[2019-04-08 14:27:58,409 ERROR Engine.console] Console screen failure: ord() expected string of length 1, but int found
[2019-04-08 14:27:59,374 INFO Engine.console] Waiting for finish...
[2019-04-08 14:27:59,392 ERROR Engine.console] Console screen failure: ord() expected string of length 1, but int found
[2019-04-08 14:28:00,421 INFO Engine.console] Waiting for finish...
[2019-04-08 14:28:00,452 ERROR Engine.console] Console screen failure: ord() expected string of length 1, but int found
[2019-04-08 14:28:01,390 INFO Engine.console] Waiting for finish...
[2019-04-08 14:28:01,417 ERROR Engine.console] Console screen failure: ord() expected string of length 1, but int found
[2019-04-08 14:28:02,390 INFO Engine.console] Waiting for finish...
[2019-04-08 14:28:02,414 ERROR Engine.console] Console screen failure: ord() expected string of length 1, but int found
[2019-04-08 14:28:03,383 INFO Engine.console] Waiting for finish...
[2019-04-08 14:28:03,487 ERROR Engine.console] Console screen failure: ord() expected string of length 1, but int found
[2019-04-08 14:28:04,398 INFO Engine.console] Waiting for finish...
[2019-04-08 14:28:04,428 ERROR Engine.console] Console screen failure: ord() expected string of length 1, but int found
[2019-04-08 14:28:05,390 INFO Engine.console] Waiting for finish...
[2019-04-08 14:28:05,415 ERROR Engine.console] Console screen failure: ord() expected string of length 1, but int found
[2019-04-08 14:28:06,380 INFO Engine.console] Waiting for finish...
[2019-04-08 14:28:06,404 ERROR Engine.console] Console screen failure: ord() expected string of length 1, but int found
[2019-04-08 14:28:07,385 INFO Engine.console] Waiting for finish...
[2019-04-08 14:28:07,405 ERROR Engine.console] Console screen failure: ord() expected string of length 1, but int found
[2019-04-08 14:28:08,390 INFO Engine.console] Waiting for finish...
[2019-04-08 14:28:08,421 ERROR Engine.console] Console screen failure: ord() expected string of length 1, but int found
[2019-04-08 14:28:09,368 INFO Engine.console] Waiting for finish...
[2019-04-08 14:28:09,394 ERROR Engine.console] Console screen failure: ord() expected string of length 1, but int found
[2019-04-08 14:28:10,385 INFO Engine.console] Waiting for finish...
[2019-04-08 14:28:10,402 ERROR Engine.console] Console screen failure: ord() expected string of length 1, but int found
[2019-04-08 14:28:11,390 INFO Engine.console] Waiting for finish...
[2019-04-08 14:28:11,408 ERROR Engine.console] Console screen failure: ord() expected string of length 1, but int found
[2019-04-08 14:28:12,392 INFO Engine.console] Waiting for finish...
[2019-04-08 14:28:12,408 ERROR Engine.console] Console screen failure: ord() expected string of length 1, but int found
[2019-04-08 14:28:13,397 INFO Engine.console] Waiting for finish...
[2019-04-08 14:28:13,415 ERROR Engine.console] Console screen failure: ord() expected string of length 1, but int found
[2019-04-08 14:28:14,402 INFO Engine.console] Waiting for finish...
[2019-04-08 14:28:14,423 ERROR Engine.console] Console screen failure: ord() expected string of length 1, but int found
[2019-04-08 14:28:15,414 INFO Engine.console] Waiting for finish...
[2019-04-08 14:28:15,438 ERROR Engine.console] Console screen failure: ord() expected string of length 1, but int found
[2019-04-08 14:28:15,481 WARNING Engine] Please wait for graceful shutdown...
[2019-04-08 14:28:15,481 DEBUG root] Leveled up log file verbosity
[2019-04-08 14:28:15,481 INFO Engine] Shutting down...
[2019-04-08 14:28:15,481 DEBUG Engine] Current stop reason: None
[2019-04-08 14:28:15,482 DEBUG Engine.local] Shutdown jmeter/UserScenario
[2019-04-08 14:28:15,482 DEBUG Engine.console] No logger_handler or orig_stream was detected
[2019-04-08 14:28:15,484 DEBUG Engine.Configuration] Dumping YAML config into /Users/apple/Desktop/bachelorProject/stressThing/StressThing/2019-04-08_14-26-19.304386/effective.yml
[2019-04-08 14:28:15,515 DEBUG Engine.Configuration] Dumping JSON config into /Users/apple/Desktop/bachelorProject/stressThing/StressThing/2019-04-08_14-26-19.304386/effective.json
[2019-04-08 14:28:15,516 INFO Engine] Post-processing...
[2019-04-08 14:28:15,517 DEBUG Engine.local] Post-process jmeter/UserScenario
[2019-04-08 14:28:15,517 DEBUG Engine] Add existing artifact (move=True): /Users/apple/Desktop/bachelorProject/stressThing/StressThing/2019-04-08_14-26-19.304386/modified_requests.jmx
[2019-04-08 14:28:15,517 DEBUG Engine] No need to copy /Users/apple/Desktop/bachelorProject/stressThing/StressThing/2019-04-08_14-26-19.304386/modified_requests.jmx
[2019-04-08 14:28:15,517 DEBUG Engine.jmeter.JTLReader] Buffer len: 1; Known errors count: 1
[2019-04-08 14:28:15,518 DEBUG Engine.jmeter.JTLReader] Aggregating: 1554717419, 1 in buffer
[2019-04-08 14:28:15,525 DEBUG aggregator] Growing HDR from 5000.0 to 76000.0
[2019-04-08 14:28:15,531 DEBUG aggregator] Growing HDR from 5000.0 to 76000.0
[2019-04-08 14:28:15,536 WARNING Engine.jmeter.JTLReader] No details for errors of PROPERTY: getstatus THING: falldetection, dropped info: [{'cnt': 1, 'msg': 'Non HTTP response message: Connect to 172.20.10.3:8000 [/172.20.10.3] failed: Operation timed out', 'tag': None, 'rc': 'HttpHostConnectException', 'type': 0, 'urls': Counter()}]
[2019-04-08 14:28:15,537 WARNING Engine.jmeter.JTLReader] No details for errors of , dropped info: [{'cnt': 1, 'msg': 'Non HTTP response message: Connect to 172.20.10.3:8000 [/172.20.10.3] failed: Operation timed out', 'tag': None, 'rc': 'HttpHostConnectException', 'type': 0, 'urls': Counter()}]
[2019-04-08 14:28:15,540 DEBUG Engine.jmeter.JTLReader] Buffer len: 0; Known errors count: 1
[2019-04-08 14:28:15,540 DEBUG Engine.consolidator] Consolidator buffer[1]: dict_keys([1554717419])
[2019-04-08 14:28:15,540 DEBUG Engine.consolidator] Merging into 1554717419
[2019-04-08 14:28:15,540 DEBUG Engine.consolidator] Bypassing consolidation because of single result
[2019-04-08 14:28:15,859 DEBUG Engine.consolidator] Processed datapoint: 1554717419/ConsolidatingAggregator@4517977672
[2019-04-08 14:28:15,860 INFO Engine.final-stats] Test duration: 0:01:40
[2019-04-08 14:28:15,860 INFO Engine.final-stats] Samples count: 1, 100.00% failures
[2019-04-08 14:28:15,860 INFO Engine.final-stats] Average times: total 75.408, latency 0.000, connect 75.401
[2019-04-08 14:28:15,863 INFO Engine.final-stats] Percentiles:
(0lqqqqqqqqqqqqqqqwqqqqqqqqqqqqqqqk(B
(0x(B Percentile, % (0x(B Resp. Time, s (0x(B
(0tqqqqqqqqqqqqqqqnqqqqqqqqqqqqqqqu(B
(0x(B           0.0 (0x(B        75.392 (0x(B
(0x(B          50.0 (0x(B        75.392 (0x(B
(0x(B          90.0 (0x(B        75.392 (0x(B
(0x(B          95.0 (0x(B        75.392 (0x(B
(0x(B          99.0 (0x(B        75.392 (0x(B
(0x(B          99.9 (0x(B        75.392 (0x(B
(0x(B         100.0 (0x(B        75.392 (0x(B
(0mqqqqqqqqqqqqqqqvqqqqqqqqqqqqqqqj(B
[2019-04-08 14:28:15,867 INFO Engine.final-stats] Request label stats:
(0lqqqqqqqqqqqqqqqqqqqqqqqqqqqqqqqqqqqqqqqqqqwqqqqqqqqwqqqqqqqwqqqqqqqqwqqqqqqqqqqqqqqqqqqqqqqqqqqqqqqqqqqqqqqqqqqqqqqqqqqqqqqqqqqqqqqqqqqqqqqqqqqqqqqqqqqqqqqqqqqqqqqqqqqqk(B
(0x(B label                                    (0x(B status (0x(B  succ (0x(B avg_rt (0x(B error                                                                                             (0x(B
(0tqqqqqqqqqqqqqqqqqqqqqqqqqqqqqqqqqqqqqqqqqqnqqqqqqqqnqqqqqqqnqqqqqqqqnqqqqqqqqqqqqqqqqqqqqqqqqqqqqqqqqqqqqqqqqqqqqqqqqqqqqqqqqqqqqqqqqqqqqqqqqqqqqqqqqqqqqqqqqqqqqqqqqqqqu(B
(0x(B PROPERTY: getstatus THING: falldetection (0x(B  FAIL  (0x(B 0.00% (0x(B 75.408 (0x(B Non HTTP response message: Connect to 172.20.10.3:8000 [/172.20.10.3] failed: Operation timed out (0x(B
(0mqqqqqqqqqqqqqqqqqqqqqqqqqqqqqqqqqqqqqqqqqqvqqqqqqqqvqqqqqqqvqqqqqqqqvqqqqqqqqqqqqqqqqqqqqqqqqqqqqqqqqqqqqqqqqqqqqqqqqqqqqqqqqqqqqqqqqqqqqqqqqqqqqqqqqqqqqqqqqqqqqqqqqqqqj(B
[2019-04-08 14:28:15,867 DEBUG Engine.console] No logger_handler or orig_stream was detected
[2019-04-08 14:28:15,867 DEBUG Engine.blazemeter] KPI bulk buffer len in post-proc: 1
[2019-04-08 14:28:15,867 INFO Engine.blazemeter] Sending remaining KPI data to server...
[2019-04-08 14:28:16,108 DEBUG User] Request: POST https://data.blazemeter.com/submit.php?session_id=r-ext-5cab1ad37df98&signature=ci1leHQtNWNhYjFhZDM3ZGY5ODoxNTU1OTI2OTk1Ojk1NzdhNjY1MGEyODc5NTI3OWU4MjlkYjdjYTkwMWQ2NmU0NjE0NWMzMGI3MWNhNjhkZDdhNTJhODU0M2JiZjhiY2I1YWU2ZWE3N2ZkMDcwNmIzNGMwZmMzN2MwOWZlZmYzOGVlYTdmZTQ5YWQzM2Q1NTM2N2JhYTlhZjcxYTNi&test_id=6753809&user_id=386483&pq=0&target=labels_bulk&update=1 b'{\n "labels": [\n  {\n   "n": 1,\n   "name": "ALL",\n   "interval": 1,\n   "intervals": [\n    {\n     "ec": 1,\n     "ts": 1554717419,\n     "na": 1,\n     "n": 1,\n     "failed": 1,\n     "rc": [\n      {\n       "n": 1,\n       "f": [\n        1\n       ],\n       "rc": "'
[2019-04-08 14:28:16,109 DEBUG HTTPClient] Making HTTP request POST https://data.blazemeter.com/submit.php?session_id=r-ext-5cab1ad37df98&signature=ci1leHQtNWNhYjFhZDM3ZGY5ODoxNTU1OTI2OTk1Ojk1NzdhNjY1MGEyODc5NTI3OWU4MjlkYjdjYTkwMWQ2NmU0NjE0NWMzMGI3MWNhNjhkZDdhNTJhODU0M2JiZjhiY2I1YWU2ZWE3N2ZkMDcwNmIzNGMwZmMzN2MwOWZlZmYzOGVlYTdmZTQ5YWQzM2Q1NTM2N2JhYTlhZjcxYTNi&test_id=6753809&user_id=386483&pq=0&target=labels_bulk&update=1
[2019-04-08 14:28:16,620 DEBUG urllib3.connectionpool] https://data.blazemeter.com:443 "POST /submit.php?session_id=r-ext-5cab1ad37df98&signature=ci1leHQtNWNhYjFhZDM3ZGY5ODoxNTU1OTI2OTk1Ojk1NzdhNjY1MGEyODc5NTI3OWU4MjlkYjdjYTkwMWQ2NmU0NjE0NWMzMGI3MWNhNjhkZDdhNTJhODU0M2JiZjhiY2I1YWU2ZWE3N2ZkMDcwNmIzNGMwZmMzN2MwOWZlZmYzOGVlYTdmZTQ5YWQzM2Q1NTM2N2JhYTlhZjcxYTNi&test_id=6753809&user_id=386483&pq=0&target=labels_bulk&update=1 HTTP/1.1" 200 139
[2019-04-08 14:28:16,621 DEBUG User] Response [200]: {"api_version":2,"error":null,"result":{"session":{"_id":"r-ext-5cab1ad37df98","name":"external","statusCode":15,"status":"INITIALIZING"}}}
[2019-04-08 14:28:16,662 DEBUG User] Request: POST https://data.blazemeter.com/api/v4/image/r-ext-5cab1ad37df98/files?signature=ci1leHQtNWNhYjFhZDM3ZGY5ODoxNTU1OTI2OTk1Ojk1NzdhNjY1MGEyODc5NTI3OWU4MjlkYjdjYTkwMWQ2NmU0NjE0NWMzMGI3MWNhNjhkZDdhNTJhODU0M2JiZjhiY2I1YWU2ZWE3N2ZkMDcwNmIzNGMwZmMzN2MwOWZlZmYzOGVlYTdmZTQ5YWQzM2Q1NTM2N2JhYTlhZjcxYTNi&masterId=19303694 b'--===============9172274829493059430==\r\nContent-Disposition: file; name="file"; filename="r-ext-5cab1ad37df98-0-c.monitoring.json"\r\nContent-Type: application/json\r\n\r\n{\n "reportInfo": {\n  "sessionId": "r-ext-5cab1ad37df98",\n  "timestamp": 1554717496.6270158'
[2019-04-08 14:28:16,662 DEBUG HTTPClient] Making HTTP request POST https://data.blazemeter.com/api/v4/image/r-ext-5cab1ad37df98/files?signature=ci1leHQtNWNhYjFhZDM3ZGY5ODoxNTU1OTI2OTk1Ojk1NzdhNjY1MGEyODc5NTI3OWU4MjlkYjdjYTkwMWQ2NmU0NjE0NWMzMGI3MWNhNjhkZDdhNTJhODU0M2JiZjhiY2I1YWU2ZWE3N2ZkMDcwNmIzNGMwZmMzN2MwOWZlZmYzOGVlYTdmZTQ5YWQzM2Q1NTM2N2JhYTlhZjcxYTNi&masterId=19303694
[2019-04-08 14:28:17,542 DEBUG urllib3.connectionpool] https://data.blazemeter.com:443 "POST /api/v4/image/r-ext-5cab1ad37df98/files?signature=ci1leHQtNWNhYjFhZDM3ZGY5ODoxNTU1OTI2OTk1Ojk1NzdhNjY1MGEyODc5NTI3OWU4MjlkYjdjYTkwMWQ2NmU0NjE0NWMzMGI3MWNhNjhkZDdhNTJhODU0M2JiZjhiY2I1YWU2ZWE3N2ZkMDcwNmIzNGMwZmMzN2MwOWZlZmYzOGVlYTdmZTQ5YWQzM2Q1NTM2N2JhYTlhZjcxYTNi&masterId=19303694 HTTP/1.1" 200 116
[2019-04-08 14:28:17,543 DEBUG User] Response [200]: {
    "api_version": 4,
    "error": null,
    "result": [
        "r-ext-5cab1ad37df98-0-c.monitoring.json"
    ]
}
[2019-04-08 14:28:17,543 DEBUG Engine.blazemeter] Set last check time to: 1554717391.393655
[2019-04-08 14:28:17,543 INFO Engine.blazemeter] Ending data feeding...
[2019-04-08 14:28:17,544 DEBUG User] Request: POST https://a.blazemeter.com/api/v4/sessions/r-ext-5cab1ad37df98/terminate-external {
 "signature": "ci1leHQtNWNhYjFhZDM3ZGY5ODoxNTU1OTI2OTk1Ojk1NzdhNjY1MGEyODc5NTI3OWU4MjlkYjdjYTkwMWQ2NmU0NjE0NWMzMGI3MWNhNjhkZDdhNTJhODU0M2JiZjhiY2I1YWU2ZWE3N2ZkMDcwNmIzNGMwZmMzN2MwOWZlZmYzOGVlYTdmZTQ5YWQzM2Q1NTM2N2JhYTlhZjcxYTNi",
 "testId": 6753809,
 "se
[2019-04-08 14:28:17,544 DEBUG HTTPClient] Making HTTP request POST https://a.blazemeter.com/api/v4/sessions/r-ext-5cab1ad37df98/terminate-external
[2019-04-08 14:28:17,848 DEBUG urllib3.connectionpool] https://a.blazemeter.com:443 "POST /api/v4/sessions/r-ext-5cab1ad37df98/terminate-external HTTP/1.1" 200 1806
[2019-04-08 14:28:17,850 DEBUG User] Response [200]: {
    "api_version": 4,
    "error": null,
    "result": {
        "success": "Terminating",
        "session": {
            "id": "r-ext-5cab1ad37df98",
            "name": "external",
            "userId": 386483,
            "publicToken": "j6kXVwqnfcW
[2019-04-08 14:28:17,850 INFO Engine.blazemeter] Online report link: https://a.blazemeter.com/app/?public-token=j6kXVwqnfcW3UuDGGZ9tCEMb2M7DLVsAMLtrzjzHGzwi6cv3CJ#reports/r-ext-5cab1ad37df98/summary
[2019-04-08 14:28:17,855 DEBUG Engine.Configuration] Dumping YAML config into /Users/apple/Desktop/bachelorProject/stressThing/StressThing/2019-04-08_14-26-19.304386/effective.yml
[2019-04-08 14:28:17,914 DEBUG Engine.Configuration] Dumping JSON config into /Users/apple/Desktop/bachelorProject/stressThing/StressThing/2019-04-08_14-26-19.304386/effective.json
[2019-04-08 14:28:17,916 INFO root] Artifacts dir: /Users/apple/Desktop/bachelorProject/stressThing/StressThing/2019-04-08_14-26-19.304386
[2019-04-08 14:28:17,917 INFO root] Done performing with code: 0
[2019-04-08 14:28:17,917 DEBUG root] Closing log handler: /Users/apple/Desktop/bachelorProject/stressThing/StressThing/2019-04-08_14-26-19.304386/bzt.log
