2019-04-08 14:37:18,583 INFO o.a.j.u.JMeterUtils: Setting Locale to en_US
2019-04-08 14:37:18,739 INFO o.a.j.JMeter: Loading user properties from: /Users/apple/.bzt/jmeter-taurus/5.1.1/bin/user.properties
2019-04-08 14:37:18,751 INFO o.a.j.JMeter: Loading system properties from: /Users/apple/.bzt/jmeter-taurus/5.1.1/bin/system.properties
2019-04-08 14:37:18,752 INFO o.a.j.JMeter: Loading additional properties from: /Users/apple/Desktop/bachelorProject/stressThing/StressThing/2019-04-08_14-36-54.270549/jmeter-bzt.properties
2019-04-08 14:37:18,754 INFO o.a.j.JMeter: Setting System properties from file: /Users/apple/Desktop/bachelorProject/stressThing/StressThing/2019-04-08_14-36-54.270549/system.properties
2019-04-08 14:37:18,852 INFO o.a.j.JMeter: Copyright (c) 1998-2019 The Apache Software Foundation
2019-04-08 14:37:18,872 INFO o.a.j.JMeter: Version 5.1.1 r1855137
2019-04-08 14:37:18,890 INFO o.a.j.JMeter: java.version=1.8.0_66
2019-04-08 14:37:18,891 INFO o.a.j.JMeter: java.vm.name=Java HotSpot(TM) 64-Bit Server VM
2019-04-08 14:37:18,894 INFO o.a.j.JMeter: os.name=Mac OS X
2019-04-08 14:37:18,895 INFO o.a.j.JMeter: os.arch=x86_64
2019-04-08 14:37:18,895 INFO o.a.j.JMeter: os.version=10.13.4
2019-04-08 14:37:18,895 INFO o.a.j.JMeter: file.encoding=UTF-8
2019-04-08 14:37:18,895 INFO o.a.j.JMeter: java.awt.headless=true
2019-04-08 14:37:18,895 INFO o.a.j.JMeter: Max memory     =954728448
2019-04-08 14:37:18,896 INFO o.a.j.JMeter: Available Processors =4
2019-04-08 14:37:18,928 INFO o.a.j.JMeter: Default Locale=English (United States)
2019-04-08 14:37:18,930 INFO o.a.j.JMeter: JMeter  Locale=English (United States)
2019-04-08 14:37:18,930 INFO o.a.j.JMeter: JMeterHome=/Users/apple/.bzt/jmeter-taurus/5.1.1
2019-04-08 14:37:18,930 INFO o.a.j.JMeter: user.dir  =/Users/apple/Desktop/bachelorProject/stressThing/StressThing
2019-04-08 14:37:18,930 INFO o.a.j.JMeter: PWD       =/Users/apple/Desktop/bachelorProject/stressThing/StressThing
2019-04-08 14:37:18,934 INFO o.a.j.JMeter: IP: 172.20.10.5 Name: amirhosein-mac.local FullName: 172.20.10.5
2019-04-08 14:37:18,935 INFO o.a.j.JMeter: user.classpath=/Users/apple/Desktop/bachelorProject/stressThing/StressThing/2019-04-08_14-36-54.270549:/Users/apple/Desktop/bachelorProject/stressThing/StressThing/2019-04-08_14-36-54.270549
2019-04-08 14:37:18,935 INFO o.a.j.JMeter: Adding to classpath and loader: /Users/apple/Desktop/bachelorProject/stressThing/StressThing/2019-04-08_14-36-54.270549
2019-04-08 14:37:18,937 INFO o.a.j.JMeter: Adding to classpath and loader: /Users/apple/Desktop/bachelorProject/stressThing/StressThing/2019-04-08_14-36-54.270549
2019-04-08 14:37:18,959 INFO o.a.j.s.FileServer: Default base='/Users/apple/Desktop/bachelorProject/stressThing/StressThing'
2019-04-08 14:37:18,980 INFO o.a.j.s.FileServer: Set new base='/Users/apple/Desktop/bachelorProject/stressThing/StressThing/2019-04-08_14-36-54.270549'
2019-04-08 14:37:20,219 INFO o.a.j.s.SaveService: Testplan (JMX) version: 2.2. Testlog (JTL) version: 2.2
2019-04-08 14:37:20,367 INFO o.a.j.s.SaveService: Using SaveService properties file encoding UTF-8
2019-04-08 14:37:20,450 INFO o.a.j.s.SaveService: Using SaveService properties version 5.0
2019-04-08 14:37:20,522 INFO o.a.j.s.SaveService: Loading file: /Users/apple/Desktop/bachelorProject/stressThing/StressThing/2019-04-08_14-36-54.270549/modified_requests.jmx
2019-04-08 14:37:21,091 INFO o.a.j.p.h.c.CacheManager: Will only cache the following methods: [GET]
2019-04-08 14:37:21,107 INFO o.a.j.p.h.c.CookieManager: Settings: Delete null: true Check: true Allow variable: true Save: false Prefix: COOKIE_
2019-04-08 14:37:21,243 INFO o.a.j.p.h.s.HTTPSamplerBase: Parser for text/html is org.apache.jmeter.protocol.http.parser.LagartoBasedHtmlParser
2019-04-08 14:37:21,243 INFO o.a.j.p.h.s.HTTPSamplerBase: Parser for application/xhtml+xml is org.apache.jmeter.protocol.http.parser.LagartoBasedHtmlParser
2019-04-08 14:37:21,244 INFO o.a.j.p.h.s.HTTPSamplerBase: Parser for application/xml is org.apache.jmeter.protocol.http.parser.LagartoBasedHtmlParser
2019-04-08 14:37:21,244 INFO o.a.j.p.h.s.HTTPSamplerBase: Parser for text/xml is org.apache.jmeter.protocol.http.parser.LagartoBasedHtmlParser
2019-04-08 14:37:21,244 INFO o.a.j.p.h.s.HTTPSamplerBase: Parser for text/vnd.wap.wml is org.apache.jmeter.protocol.http.parser.RegexpHTMLParser
2019-04-08 14:37:21,244 INFO o.a.j.p.h.s.HTTPSamplerBase: Parser for text/css is org.apache.jmeter.protocol.http.parser.CssParser
2019-04-08 14:37:21,460 INFO o.a.j.e.StandardJMeterEngine: Running the test!
2019-04-08 14:37:21,465 INFO o.a.j.s.SampleEvent: List of sample_variables: []
2019-04-08 14:37:21,465 INFO o.a.j.s.SampleEvent: List of sample_variables: []
2019-04-08 14:37:21,479 INFO o.a.j.e.u.CompoundVariable: Note: Function class names must contain the string: '.functions.'
2019-04-08 14:37:21,479 INFO o.a.j.e.u.CompoundVariable: Note: Function class names must not contain the string: '.gui.'
2019-04-08 14:37:24,074 INFO o.a.j.JMeter: Running test (1554718044074)
2019-04-08 14:37:24,180 INFO o.a.j.e.StandardJMeterEngine: Starting ThreadGroup: 1 : UserScenario
2019-04-08 14:37:24,180 INFO o.a.j.e.StandardJMeterEngine: Starting 100 threads for group UserScenario.
2019-04-08 14:37:24,180 INFO o.a.j.e.StandardJMeterEngine: Thread will continue on error
2019-04-08 14:37:24,189 INFO o.a.j.e.StandardJMeterEngine: All thread groups have been started
2019-04-08 14:37:24,190 INFO c.b.j.t.c.ConcurrencyThreadStarter: Start supplying threads
2019-04-08 14:37:24,312 INFO o.a.j.s.SampleResult: Note: Sample TimeStamps are START times
2019-04-08 14:37:24,312 INFO o.a.j.s.SampleResult: sampleresult.default.encoding is set to UTF-8
2019-04-08 14:37:24,312 INFO o.a.j.s.SampleResult: sampleresult.useNanoTime=true
2019-04-08 14:37:24,313 INFO o.a.j.s.SampleResult: sampleresult.nanoThreadSleep=5000
2019-04-08 14:37:24,315 INFO o.a.j.t.JMeterThread: Thread started: UserScenario 1-1
2019-04-08 14:37:24,335 WARN k.a.j.t.VariableThroughputTimer: No free threads available in current Thread Group UserScenario, made 0 samples/s for expected rps 0.4 samples/s, increase your number of threads
2019-04-08 14:37:24,377 INFO o.a.j.p.h.s.HTTPHCAbstractImpl: Local host = amirhosein-mac.local
2019-04-08 14:37:24,393 INFO o.a.j.p.h.s.HTTPHC4Impl: HTTP request retry count = 0
2019-04-08 14:37:25,317 INFO o.a.j.p.h.p.BaseParser: Created org.apache.jmeter.protocol.http.parser.LagartoBasedHtmlParser
2019-04-08 14:37:25,320 INFO o.a.j.t.JMeterThread: Thread started: UserScenario 1-2
2019-04-08 14:37:25,322 WARN k.a.j.t.VariableThroughputTimer: No free threads available in current Thread Group UserScenario, made 1 samples/s for expected rps 1.3800000000000001 samples/s, increase your number of threads
2019-04-08 14:37:25,326 INFO o.a.j.t.JMeterThread: Thread started: UserScenario 1-3
2019-04-08 14:37:25,327 INFO o.a.j.t.JMeterThread: Thread started: UserScenario 1-4
2019-04-08 14:37:25,329 INFO o.a.j.t.JMeterThread: Thread started: UserScenario 1-5
2019-04-08 14:37:25,331 INFO o.a.j.t.JMeterThread: Thread started: UserScenario 1-6
2019-04-08 14:37:26,338 INFO o.a.j.t.JMeterThread: Thread started: UserScenario 1-7
2019-04-08 14:37:26,339 INFO o.a.j.t.JMeterThread: Thread started: UserScenario 1-8
2019-04-08 14:37:26,342 INFO o.a.j.t.JMeterThread: Thread started: UserScenario 1-9
2019-04-08 14:37:26,343 INFO o.a.j.t.JMeterThread: Thread started: UserScenario 1-10
2019-04-08 14:37:26,345 INFO o.a.j.t.JMeterThread: Thread started: UserScenario 1-11
2019-04-08 14:37:27,354 INFO o.a.j.t.JMeterThread: Thread started: UserScenario 1-12
2019-04-08 14:37:27,360 INFO o.a.j.t.JMeterThread: Thread started: UserScenario 1-13
2019-04-08 14:37:27,364 INFO o.a.j.t.JMeterThread: Thread started: UserScenario 1-14
2019-04-08 14:37:27,367 INFO o.a.j.t.JMeterThread: Thread started: UserScenario 1-15
2019-04-08 14:37:27,369 INFO o.a.j.t.JMeterThread: Thread started: UserScenario 1-16
2019-04-08 14:37:27,753 INFO o.a.j.u.JsseSSLManager: Using default SSL protocol: TLS
2019-04-08 14:37:27,753 INFO o.a.j.u.JsseSSLManager: SSL session context: per-thread
2019-04-08 14:37:28,370 INFO o.a.j.t.JMeterThread: Thread started: UserScenario 1-17
2019-04-08 14:37:28,372 INFO o.a.j.t.JMeterThread: Thread started: UserScenario 1-18
2019-04-08 14:37:28,376 INFO o.a.j.t.JMeterThread: Thread started: UserScenario 1-19
2019-04-08 14:37:28,386 INFO o.a.j.t.JMeterThread: Thread started: UserScenario 1-20
2019-04-08 14:37:28,387 INFO o.a.j.t.JMeterThread: Thread started: UserScenario 1-21
2019-04-08 14:37:29,392 INFO o.a.j.t.JMeterThread: Thread started: UserScenario 1-22
2019-04-08 14:37:29,394 INFO o.a.j.t.JMeterThread: Thread started: UserScenario 1-23
2019-04-08 14:37:29,396 INFO o.a.j.t.JMeterThread: Thread started: UserScenario 1-24
2019-04-08 14:37:29,399 INFO o.a.j.t.JMeterThread: Thread started: UserScenario 1-25
2019-04-08 14:37:29,400 INFO o.a.j.t.JMeterThread: Thread started: UserScenario 1-26
2019-04-08 14:37:30,401 INFO o.a.j.t.JMeterThread: Thread started: UserScenario 1-27
2019-04-08 14:37:30,402 INFO o.a.j.t.JMeterThread: Thread started: UserScenario 1-28
2019-04-08 14:37:30,404 INFO o.a.j.t.JMeterThread: Thread started: UserScenario 1-29
2019-04-08 14:37:30,406 INFO o.a.j.t.JMeterThread: Thread started: UserScenario 1-30
2019-04-08 14:37:30,407 INFO o.a.j.t.JMeterThread: Thread started: UserScenario 1-31
2019-04-08 14:37:31,412 INFO o.a.j.t.JMeterThread: Thread started: UserScenario 1-32
2019-04-08 14:37:31,415 INFO o.a.j.t.JMeterThread: Thread started: UserScenario 1-33
2019-04-08 14:37:31,418 INFO o.a.j.t.JMeterThread: Thread started: UserScenario 1-34
2019-04-08 14:37:31,418 INFO o.a.j.t.JMeterThread: Thread started: UserScenario 1-35
2019-04-08 14:37:31,421 INFO o.a.j.t.JMeterThread: Thread started: UserScenario 1-36
2019-04-08 14:37:32,422 INFO o.a.j.t.JMeterThread: Thread started: UserScenario 1-37
2019-04-08 14:37:32,423 INFO o.a.j.t.JMeterThread: Thread started: UserScenario 1-38
2019-04-08 14:37:32,425 INFO o.a.j.t.JMeterThread: Thread started: UserScenario 1-39
2019-04-08 14:37:32,427 INFO o.a.j.t.JMeterThread: Thread started: UserScenario 1-40
2019-04-08 14:37:32,429 INFO o.a.j.t.JMeterThread: Thread started: UserScenario 1-41
2019-04-08 14:37:33,435 INFO o.a.j.t.JMeterThread: Thread started: UserScenario 1-42
2019-04-08 14:37:33,444 INFO o.a.j.t.JMeterThread: Thread started: UserScenario 1-44
2019-04-08 14:37:33,444 INFO o.a.j.t.JMeterThread: Thread started: UserScenario 1-45
2019-04-08 14:37:33,445 INFO o.a.j.t.JMeterThread: Thread started: UserScenario 1-43
2019-04-08 14:37:33,447 INFO o.a.j.t.JMeterThread: Thread started: UserScenario 1-46
2019-04-08 14:37:34,454 INFO o.a.j.t.JMeterThread: Thread started: UserScenario 1-47
2019-04-08 14:37:34,458 INFO o.a.j.t.JMeterThread: Thread started: UserScenario 1-48
2019-04-08 14:37:34,461 INFO o.a.j.t.JMeterThread: Thread started: UserScenario 1-49
2019-04-08 14:37:34,465 INFO o.a.j.t.JMeterThread: Thread started: UserScenario 1-50
2019-04-08 14:37:34,466 INFO o.a.j.t.JMeterThread: Thread started: UserScenario 1-51
2019-04-08 14:37:35,468 INFO o.a.j.t.JMeterThread: Thread started: UserScenario 1-52
2019-04-08 14:37:35,469 INFO o.a.j.t.JMeterThread: Thread started: UserScenario 1-53
2019-04-08 14:37:35,471 INFO o.a.j.t.JMeterThread: Thread started: UserScenario 1-54
2019-04-08 14:37:35,472 INFO o.a.j.t.JMeterThread: Thread started: UserScenario 1-55
2019-04-08 14:37:35,473 INFO o.a.j.t.JMeterThread: Thread started: UserScenario 1-56
2019-04-08 14:37:36,474 INFO o.a.j.t.JMeterThread: Thread started: UserScenario 1-57
2019-04-08 14:37:36,476 INFO o.a.j.t.JMeterThread: Thread started: UserScenario 1-58
2019-04-08 14:37:36,477 INFO o.a.j.t.JMeterThread: Thread started: UserScenario 1-59
2019-04-08 14:37:36,478 INFO o.a.j.t.JMeterThread: Thread started: UserScenario 1-60
2019-04-08 14:37:36,479 INFO o.a.j.t.JMeterThread: Thread started: UserScenario 1-61
2019-04-08 14:37:37,480 INFO o.a.j.t.JMeterThread: Thread started: UserScenario 1-62
2019-04-08 14:37:37,481 INFO o.a.j.t.JMeterThread: Thread started: UserScenario 1-63
2019-04-08 14:37:37,483 INFO o.a.j.t.JMeterThread: Thread started: UserScenario 1-64
2019-04-08 14:37:37,488 INFO o.a.j.t.JMeterThread: Thread started: UserScenario 1-66
2019-04-08 14:37:37,488 INFO o.a.j.t.JMeterThread: Thread started: UserScenario 1-65
2019-04-08 14:37:38,492 INFO o.a.j.t.JMeterThread: Thread started: UserScenario 1-67
2019-04-08 14:37:38,493 INFO o.a.j.t.JMeterThread: Thread started: UserScenario 1-68
2019-04-08 14:37:38,497 INFO o.a.j.t.JMeterThread: Thread started: UserScenario 1-69
2019-04-08 14:37:38,499 INFO o.a.j.t.JMeterThread: Thread started: UserScenario 1-70
2019-04-08 14:37:38,501 INFO o.a.j.t.JMeterThread: Thread started: UserScenario 1-71
2019-04-08 14:37:38,501 INFO o.a.j.t.JMeterThread: Thread started: UserScenario 1-72
2019-04-08 14:37:39,506 INFO o.a.j.t.JMeterThread: Thread started: UserScenario 1-73
2019-04-08 14:37:39,507 INFO o.a.j.t.JMeterThread: Thread started: UserScenario 1-74
2019-04-08 14:37:39,509 INFO o.a.j.t.JMeterThread: Thread started: UserScenario 1-75
2019-04-08 14:37:39,510 INFO o.a.j.t.JMeterThread: Thread started: UserScenario 1-76
2019-04-08 14:37:39,511 INFO o.a.j.t.JMeterThread: Thread started: UserScenario 1-77
2019-04-08 14:37:40,513 INFO o.a.j.t.JMeterThread: Thread started: UserScenario 1-78
2019-04-08 14:37:40,513 INFO o.a.j.t.JMeterThread: Thread started: UserScenario 1-79
2019-04-08 14:37:40,515 INFO o.a.j.t.JMeterThread: Thread started: UserScenario 1-81
2019-04-08 14:37:40,520 INFO o.a.j.t.JMeterThread: Thread started: UserScenario 1-82
2019-04-08 14:37:40,521 INFO o.a.j.t.JMeterThread: Thread started: UserScenario 1-80
2019-04-08 14:37:41,524 INFO o.a.j.t.JMeterThread: Thread started: UserScenario 1-83
2019-04-08 14:37:41,525 INFO o.a.j.t.JMeterThread: Thread started: UserScenario 1-84
2019-04-08 14:37:41,526 INFO o.a.j.t.JMeterThread: Thread started: UserScenario 1-85
2019-04-08 14:37:41,526 INFO o.a.j.t.JMeterThread: Thread started: UserScenario 1-86
2019-04-08 14:37:41,528 INFO o.a.j.t.JMeterThread: Thread started: UserScenario 1-87
2019-04-08 14:37:42,531 INFO o.a.j.t.JMeterThread: Thread started: UserScenario 1-88
2019-04-08 14:37:42,533 INFO o.a.j.t.JMeterThread: Thread started: UserScenario 1-89
2019-04-08 14:37:42,539 INFO o.a.j.t.JMeterThread: Thread started: UserScenario 1-90
2019-04-08 14:37:42,539 INFO o.a.j.t.JMeterThread: Thread started: UserScenario 1-91
2019-04-08 14:37:42,541 INFO o.a.j.t.JMeterThread: Thread started: UserScenario 1-92
2019-04-08 14:37:43,552 INFO o.a.j.t.JMeterThread: Thread started: UserScenario 1-93
2019-04-08 14:37:43,553 INFO o.a.j.t.JMeterThread: Thread started: UserScenario 1-94
2019-04-08 14:37:43,554 INFO o.a.j.t.JMeterThread: Thread started: UserScenario 1-95
2019-04-08 14:37:43,555 INFO o.a.j.t.JMeterThread: Thread started: UserScenario 1-96
2019-04-08 14:37:43,556 INFO o.a.j.t.JMeterThread: Thread started: UserScenario 1-97
2019-04-08 14:37:44,557 INFO o.a.j.t.JMeterThread: Thread started: UserScenario 1-98
2019-04-08 14:37:44,558 INFO o.a.j.t.JMeterThread: Thread started: UserScenario 1-99
2019-04-08 14:37:44,718 INFO o.a.j.t.JMeterThread: Thread started: UserScenario 1-100
2019-04-08 14:38:14,608 INFO c.b.j.t.c.ConcurrencyThreadStarter: Done supplying threads
2019-04-08 14:38:14,690 INFO o.a.j.t.JMeterThread: Thread is done: UserScenario 1-78
2019-04-08 14:38:14,690 INFO o.a.j.t.JMeterThread: Thread is done: UserScenario 1-42
2019-04-08 14:38:14,691 INFO o.a.j.t.JMeterThread: Thread finished: UserScenario 1-78
2019-04-08 14:38:14,691 INFO o.a.j.t.JMeterThread: Thread finished: UserScenario 1-42
2019-04-08 14:38:14,694 INFO o.a.j.t.JMeterThread: Thread is done: UserScenario 1-74
2019-04-08 14:38:14,694 INFO o.a.j.t.JMeterThread: Thread is done: UserScenario 1-65
2019-04-08 14:38:14,694 INFO o.a.j.t.JMeterThread: Thread finished: UserScenario 1-74
2019-04-08 14:38:14,694 INFO o.a.j.t.JMeterThread: Thread finished: UserScenario 1-65
2019-04-08 14:38:14,929 INFO o.a.j.t.JMeterThread: Thread is done: UserScenario 1-81
2019-04-08 14:38:14,929 INFO o.a.j.t.JMeterThread: Thread finished: UserScenario 1-81
2019-04-08 14:38:14,981 INFO o.a.j.t.JMeterThread: Thread is done: UserScenario 1-19
2019-04-08 14:38:14,982 INFO o.a.j.t.JMeterThread: Thread finished: UserScenario 1-19
2019-04-08 14:38:14,986 INFO o.a.j.t.JMeterThread: Thread is done: UserScenario 1-85
2019-04-08 14:38:14,986 INFO o.a.j.t.JMeterThread: Thread is done: UserScenario 1-31
2019-04-08 14:38:14,986 INFO o.a.j.t.JMeterThread: Thread finished: UserScenario 1-85
2019-04-08 14:38:14,986 INFO o.a.j.t.JMeterThread: Thread finished: UserScenario 1-31
2019-04-08 14:38:15,060 INFO k.a.j.t.VariableThroughputTimer: No further RPS schedule, asking threads to stop...
2019-04-08 14:38:15,060 INFO k.a.j.t.VariableThroughputTimer: Stopping gracefuly threads of Thread Group : UserScenario
2019-04-08 14:38:15,133 INFO o.a.j.t.JMeterThread: Thread is done: UserScenario 1-50
2019-04-08 14:38:15,133 INFO o.a.j.t.JMeterThread: Thread finished: UserScenario 1-50
2019-04-08 14:38:15,135 INFO o.a.j.t.JMeterThread: Thread is done: UserScenario 1-12
2019-04-08 14:38:15,135 INFO o.a.j.t.JMeterThread: Thread is done: UserScenario 1-1
2019-04-08 14:38:15,135 INFO o.a.j.t.JMeterThread: Thread finished: UserScenario 1-12
2019-04-08 14:38:15,135 INFO o.a.j.t.JMeterThread: Thread finished: UserScenario 1-1
2019-04-08 14:38:15,326 INFO o.a.j.t.JMeterThread: Thread is done: UserScenario 1-45
2019-04-08 14:38:15,326 INFO o.a.j.t.JMeterThread: Thread finished: UserScenario 1-45
2019-04-08 14:38:15,439 INFO o.a.j.t.JMeterThread: Thread is done: UserScenario 1-89
2019-04-08 14:38:15,439 INFO o.a.j.t.JMeterThread: Thread is done: UserScenario 1-30
2019-04-08 14:38:15,439 INFO o.a.j.t.JMeterThread: Thread finished: UserScenario 1-89
2019-04-08 14:38:15,439 INFO o.a.j.t.JMeterThread: Thread finished: UserScenario 1-30
2019-04-08 14:38:15,439 INFO o.a.j.t.JMeterThread: Thread is done: UserScenario 1-71
2019-04-08 14:38:15,440 INFO o.a.j.t.JMeterThread: Thread finished: UserScenario 1-71
2019-04-08 14:38:15,457 INFO o.a.j.t.JMeterThread: Thread is done: UserScenario 1-36
2019-04-08 14:38:15,458 INFO o.a.j.t.JMeterThread: Thread finished: UserScenario 1-36
2019-04-08 14:38:15,490 INFO o.a.j.t.JMeterThread: Thread is done: UserScenario 1-4
2019-04-08 14:38:15,490 INFO o.a.j.t.JMeterThread: Thread finished: UserScenario 1-4
2019-04-08 14:38:15,559 INFO o.a.j.t.JMeterThread: Thread is done: UserScenario 1-69
2019-04-08 14:38:15,559 INFO o.a.j.t.JMeterThread: Thread finished: UserScenario 1-69
2019-04-08 14:38:15,594 INFO o.a.j.t.JMeterThread: Thread is done: UserScenario 1-90
2019-04-08 14:38:15,594 INFO o.a.j.t.JMeterThread: Thread finished: UserScenario 1-90
2019-04-08 14:38:15,646 INFO o.a.j.t.JMeterThread: Thread is done: UserScenario 1-93
2019-04-08 14:38:15,646 INFO o.a.j.t.JMeterThread: Thread finished: UserScenario 1-93
2019-04-08 14:38:15,825 INFO o.a.j.t.JMeterThread: Thread is done: UserScenario 1-72
2019-04-08 14:38:15,826 INFO o.a.j.t.JMeterThread: Thread finished: UserScenario 1-72
2019-04-08 14:38:15,843 INFO o.a.j.t.JMeterThread: Thread is done: UserScenario 1-94
2019-04-08 14:38:15,843 INFO o.a.j.t.JMeterThread: Thread finished: UserScenario 1-94
2019-04-08 14:38:15,903 INFO o.a.j.t.JMeterThread: Thread is done: UserScenario 1-91
2019-04-08 14:38:15,904 INFO o.a.j.t.JMeterThread: Thread finished: UserScenario 1-91
2019-04-08 14:38:15,904 INFO o.a.j.t.JMeterThread: Thread is done: UserScenario 1-73
2019-04-08 14:38:15,905 INFO o.a.j.t.JMeterThread: Thread finished: UserScenario 1-73
2019-04-08 14:38:15,936 INFO o.a.j.t.JMeterThread: Thread is done: UserScenario 1-26
2019-04-08 14:38:15,937 INFO o.a.j.t.JMeterThread: Thread finished: UserScenario 1-26
2019-04-08 14:38:15,951 INFO o.a.j.t.JMeterThread: Thread is done: UserScenario 1-66
2019-04-08 14:38:15,951 INFO o.a.j.t.JMeterThread: Thread finished: UserScenario 1-66
2019-04-08 14:38:16,000 INFO k.a.j.t.VariableThroughputTimer: No further RPS schedule, asking threads to stop...
2019-04-08 14:38:16,000 INFO k.a.j.t.VariableThroughputTimer: Stopping gracefuly threads of Thread Group : UserScenario
2019-04-08 14:38:16,002 WARN o.a.j.t.JMeterThread: Interrupting: UserScenario 1-100 sampler: ACTION: feedback THING: falldetection
2019-04-08 14:38:16,004 WARN o.a.j.t.JMeterThread: Interrupting: UserScenario 1-95 sampler: ACTION: feedback THING: falldetection
2019-04-08 14:38:16,009 INFO o.a.j.t.JMeterThread: Thread is done: UserScenario 1-100
2019-04-08 14:38:16,010 INFO o.a.j.t.JMeterThread: Thread finished: UserScenario 1-100
2019-04-08 14:38:16,011 INFO o.a.j.t.JMeterThread: Thread is done: UserScenario 1-95
2019-04-08 14:38:16,011 INFO o.a.j.t.JMeterThread: Thread finished: UserScenario 1-95
2019-04-08 14:38:16,189 INFO o.a.j.t.JMeterThread: Thread is done: UserScenario 1-97
2019-04-08 14:38:16,189 INFO o.a.j.t.JMeterThread: Thread finished: UserScenario 1-97
2019-04-08 14:38:16,216 INFO o.a.j.t.JMeterThread: Thread is done: UserScenario 1-33
2019-04-08 14:38:16,216 INFO o.a.j.t.JMeterThread: Thread finished: UserScenario 1-33
2019-04-08 14:38:16,219 INFO o.a.j.t.JMeterThread: Thread is done: UserScenario 1-48
2019-04-08 14:38:16,219 INFO o.a.j.t.JMeterThread: Thread finished: UserScenario 1-48
2019-04-08 14:38:16,251 INFO o.a.j.t.JMeterThread: Thread is done: UserScenario 1-99
2019-04-08 14:38:16,251 INFO o.a.j.t.JMeterThread: Thread finished: UserScenario 1-99
2019-04-08 14:38:16,252 INFO o.a.j.t.JMeterThread: Thread is done: UserScenario 1-77
2019-04-08 14:38:16,252 INFO o.a.j.t.JMeterThread: Thread finished: UserScenario 1-77
2019-04-08 14:38:16,351 INFO o.a.j.t.JMeterThread: Thread is done: UserScenario 1-61
2019-04-08 14:38:16,351 INFO o.a.j.t.JMeterThread: Thread finished: UserScenario 1-61
2019-04-08 14:38:16,352 INFO o.a.j.t.JMeterThread: Thread is done: UserScenario 1-37
2019-04-08 14:38:16,352 INFO o.a.j.t.JMeterThread: Thread finished: UserScenario 1-37
2019-04-08 14:38:16,429 INFO o.a.j.t.JMeterThread: Thread is done: UserScenario 1-5
2019-04-08 14:38:16,430 INFO o.a.j.t.JMeterThread: Thread finished: UserScenario 1-5
2019-04-08 14:38:16,496 INFO o.a.j.t.JMeterThread: Thread is done: UserScenario 1-60
2019-04-08 14:38:16,497 INFO o.a.j.t.JMeterThread: Thread finished: UserScenario 1-60
2019-04-08 14:38:16,588 INFO o.a.j.t.JMeterThread: Thread is done: UserScenario 1-58
2019-04-08 14:38:16,588 INFO o.a.j.t.JMeterThread: Thread finished: UserScenario 1-58
2019-04-08 14:38:16,671 INFO o.a.j.t.JMeterThread: Thread is done: UserScenario 1-27
2019-04-08 14:38:16,672 INFO o.a.j.t.JMeterThread: Thread finished: UserScenario 1-27
2019-04-08 14:38:16,673 INFO o.a.j.t.JMeterThread: Thread is done: UserScenario 1-98
2019-04-08 14:38:16,673 INFO o.a.j.t.JMeterThread: Thread finished: UserScenario 1-98
2019-04-08 14:38:16,723 INFO o.a.j.t.JMeterThread: Thread is done: UserScenario 1-83
2019-04-08 14:38:16,723 INFO o.a.j.t.JMeterThread: Thread finished: UserScenario 1-83
2019-04-08 14:38:16,775 INFO o.a.j.t.JMeterThread: Thread is done: UserScenario 1-8
2019-04-08 14:38:16,776 INFO o.a.j.t.JMeterThread: Thread finished: UserScenario 1-8
2019-04-08 14:38:16,849 INFO o.a.j.t.JMeterThread: Thread is done: UserScenario 1-46
2019-04-08 14:38:16,849 INFO o.a.j.t.JMeterThread: Thread finished: UserScenario 1-46
2019-04-08 14:38:16,932 INFO o.a.j.t.JMeterThread: Thread is done: UserScenario 1-17
2019-04-08 14:38:16,932 INFO o.a.j.t.JMeterThread: Thread finished: UserScenario 1-17
2019-04-08 14:38:16,970 INFO o.a.j.t.JMeterThread: Thread is done: UserScenario 1-53
2019-04-08 14:38:16,971 INFO o.a.j.t.JMeterThread: Thread is done: UserScenario 1-63
2019-04-08 14:38:16,971 INFO o.a.j.t.JMeterThread: Thread finished: UserScenario 1-53
2019-04-08 14:38:16,971 INFO o.a.j.t.JMeterThread: Thread finished: UserScenario 1-63
2019-04-08 14:38:17,000 INFO k.a.j.t.VariableThroughputTimer: No further RPS schedule, asking threads to stop...
2019-04-08 14:38:17,000 INFO k.a.j.t.VariableThroughputTimer: Stopping gracefuly threads of Thread Group : UserScenario
2019-04-08 14:38:17,001 WARN o.a.j.t.JMeterThread: Interrupting: UserScenario 1-20 sampler: ACTION: feedback THING: falldetection
2019-04-08 14:38:17,002 WARN o.a.j.t.JMeterThread: Interrupting: UserScenario 1-25 sampler: PROPERTY: getstatus THING: falldetection
2019-04-08 14:38:17,004 INFO o.a.j.t.JMeterThread: Thread is done: UserScenario 1-20
2019-04-08 14:38:17,005 INFO o.a.j.t.JMeterThread: Thread finished: UserScenario 1-20
2019-04-08 14:38:17,006 INFO o.a.j.t.JMeterThread: Thread is done: UserScenario 1-25
2019-04-08 14:38:17,006 INFO o.a.j.t.JMeterThread: Thread finished: UserScenario 1-25
2019-04-08 14:38:17,144 INFO o.a.j.t.JMeterThread: Thread is done: UserScenario 1-51
2019-04-08 14:38:17,144 INFO o.a.j.t.JMeterThread: Thread finished: UserScenario 1-51
2019-04-08 14:38:17,163 INFO o.a.j.t.JMeterThread: Thread is done: UserScenario 1-40
2019-04-08 14:38:17,163 INFO o.a.j.t.JMeterThread: Thread finished: UserScenario 1-40
2019-04-08 14:38:17,164 INFO o.a.j.t.JMeterThread: Thread is done: UserScenario 1-23
2019-04-08 14:38:17,164 INFO o.a.j.t.JMeterThread: Thread finished: UserScenario 1-23
2019-04-08 14:38:17,198 INFO o.a.j.t.JMeterThread: Thread is done: UserScenario 1-24
2019-04-08 14:38:17,198 INFO o.a.j.t.JMeterThread: Thread finished: UserScenario 1-24
2019-04-08 14:38:17,267 INFO o.a.j.t.JMeterThread: Thread is done: UserScenario 1-64
2019-04-08 14:38:17,267 INFO o.a.j.t.JMeterThread: Thread finished: UserScenario 1-64
2019-04-08 14:38:17,296 INFO o.a.j.t.JMeterThread: Thread is done: UserScenario 1-13
2019-04-08 14:38:17,296 INFO o.a.j.t.JMeterThread: Thread finished: UserScenario 1-13
2019-04-08 14:38:17,442 INFO o.a.j.t.JMeterThread: Thread is done: UserScenario 1-3
2019-04-08 14:38:17,442 INFO o.a.j.t.JMeterThread: Thread finished: UserScenario 1-3
2019-04-08 14:38:17,556 INFO o.a.j.t.JMeterThread: Thread is done: UserScenario 1-41
2019-04-08 14:38:17,558 INFO o.a.j.t.JMeterThread: Thread finished: UserScenario 1-41
2019-04-08 14:38:17,753 INFO o.a.j.t.JMeterThread: Thread is done: UserScenario 1-47
2019-04-08 14:38:17,753 INFO o.a.j.t.JMeterThread: Thread is done: UserScenario 1-16
2019-04-08 14:38:17,753 INFO o.a.j.t.JMeterThread: Thread finished: UserScenario 1-47
2019-04-08 14:38:17,755 INFO o.a.j.t.JMeterThread: Thread finished: UserScenario 1-16
2019-04-08 14:38:17,757 INFO o.a.j.t.JMeterThread: Thread is done: UserScenario 1-59
2019-04-08 14:38:17,757 INFO o.a.j.t.JMeterThread: Thread finished: UserScenario 1-59
2019-04-08 14:38:17,844 INFO o.a.j.t.JMeterThread: Thread is done: UserScenario 1-52
2019-04-08 14:38:17,844 INFO o.a.j.t.JMeterThread: Thread finished: UserScenario 1-52
2019-04-08 14:38:17,847 INFO o.a.j.t.JMeterThread: Thread is done: UserScenario 1-14
2019-04-08 14:38:17,847 INFO o.a.j.t.JMeterThread: Thread finished: UserScenario 1-14
2019-04-08 14:38:17,929 INFO o.a.j.t.JMeterThread: Thread is done: UserScenario 1-35
2019-04-08 14:38:17,929 INFO o.a.j.t.JMeterThread: Thread finished: UserScenario 1-35
2019-04-08 14:38:17,948 INFO o.a.j.t.JMeterThread: Thread is done: UserScenario 1-80
2019-04-08 14:38:17,948 INFO o.a.j.t.JMeterThread: Thread finished: UserScenario 1-80
2019-04-08 14:38:18,000 INFO k.a.j.t.VariableThroughputTimer: No further RPS schedule, asking threads to stop...
2019-04-08 14:38:18,000 INFO k.a.j.t.VariableThroughputTimer: Tries more than 3, hard stopping threads of Thread Group : UserScenario
2019-04-08 14:38:18,001 INFO o.a.j.t.JMeterThread: Stopping: UserScenario 1-29
2019-04-08 14:38:18,001 INFO o.a.j.t.JMeterThread: Stopping: UserScenario 1-82
2019-04-08 14:38:18,001 INFO o.a.j.t.JMeterThread: Stopping: UserScenario 1-43
2019-04-08 14:38:18,001 INFO o.a.j.t.JMeterThread: Stopping: UserScenario 1-84
2019-04-08 14:38:18,001 INFO o.a.j.t.JMeterThread: Stopping: UserScenario 1-96
2019-04-08 14:38:18,001 INFO o.a.j.t.JMeterThread: Stopping: UserScenario 1-57
2019-04-08 14:38:18,001 INFO o.a.j.t.JMeterThread: Stopping: UserScenario 1-32
2019-04-08 14:38:18,001 INFO o.a.j.t.JMeterThread: Stopping: UserScenario 1-34
2019-04-08 14:38:18,001 INFO o.a.j.t.JMeterThread: Stopping: UserScenario 1-38
2019-04-08 14:38:18,002 INFO o.a.j.t.JMeterThread: Stopping: UserScenario 1-39
2019-04-08 14:38:18,002 INFO o.a.j.t.JMeterThread: Stopping: UserScenario 1-49
2019-04-08 14:38:18,002 INFO o.a.j.t.JMeterThread: Stopping: UserScenario 1-11
2019-04-08 14:38:18,002 INFO o.a.j.t.JMeterThread: Stopping: UserScenario 1-7
2019-04-08 14:38:18,002 INFO o.a.j.t.JMeterThread: Stopping: UserScenario 1-2
2019-04-08 14:38:18,002 INFO o.a.j.t.JMeterThread: Stopping: UserScenario 1-75
2019-04-08 14:38:18,002 INFO o.a.j.t.JMeterThread: Stopping: UserScenario 1-88
2019-04-08 14:38:18,002 INFO o.a.j.t.JMeterThread: Stopping: UserScenario 1-15
2019-04-08 14:38:18,003 INFO o.a.j.t.JMeterThread: Stopping: UserScenario 1-87
2019-04-08 14:38:18,003 INFO o.a.j.t.JMeterThread: Stopping: UserScenario 1-6
2019-04-08 14:38:18,003 INFO o.a.j.t.JMeterThread: Stopping: UserScenario 1-76
2019-04-08 14:38:18,003 INFO o.a.j.t.JMeterThread: Stopping: UserScenario 1-9
2019-04-08 14:38:18,003 INFO o.a.j.t.JMeterThread: Stopping: UserScenario 1-62
2019-04-08 14:38:18,003 INFO o.a.j.t.JMeterThread: Stopping: UserScenario 1-18
2019-04-08 14:38:18,003 INFO o.a.j.t.JMeterThread: Stopping: UserScenario 1-10
2019-04-08 14:38:18,003 INFO o.a.j.t.JMeterThread: Stopping: UserScenario 1-44
2019-04-08 14:38:18,003 INFO o.a.j.t.JMeterThread: Stopping: UserScenario 1-21
2019-04-08 14:38:18,004 INFO o.a.j.t.JMeterThread: Stopping: UserScenario 1-70
2019-04-08 14:38:18,004 INFO o.a.j.t.JMeterThread: Stopping: UserScenario 1-56
2019-04-08 14:38:18,004 INFO o.a.j.t.JMeterThread: Stopping: UserScenario 1-54
2019-04-08 14:38:18,004 INFO o.a.j.t.JMeterThread: Stopping: UserScenario 1-92
2019-04-08 14:38:18,004 WARN o.a.j.t.JMeterThread: Interrupting: UserScenario 1-92 sampler: PROPERTY: getstatus THING: falldetection
2019-04-08 14:38:18,005 INFO o.a.j.t.JMeterThread: Stopping: UserScenario 1-28
2019-04-08 14:38:18,005 INFO o.a.j.t.JMeterThread: Stopping: UserScenario 1-55
2019-04-08 14:38:18,006 INFO o.a.j.t.JMeterThread: Stopping: UserScenario 1-79
2019-04-08 14:38:18,006 INFO o.a.j.t.JMeterThread: Stopping: UserScenario 1-86
2019-04-08 14:38:18,006 WARN o.a.j.t.JMeterThread: Interrupting: UserScenario 1-86 sampler: PROPERTY: getstatus THING: falldetection
2019-04-08 14:38:18,008 INFO o.a.j.t.JMeterThread: Thread is done: UserScenario 1-92
2019-04-08 14:38:18,008 INFO o.a.j.t.JMeterThread: Stopping: UserScenario 1-67
2019-04-08 14:38:18,008 INFO o.a.j.t.JMeterThread: Thread finished: UserScenario 1-92
2019-04-08 14:38:18,008 WARN o.a.j.t.JMeterThread: Interrupting: UserScenario 1-67 sampler: PROPERTY: getstatus THING: falldetection
2019-04-08 14:38:18,010 INFO o.a.j.t.JMeterThread: Stopping: UserScenario 1-22
2019-04-08 14:38:18,011 WARN o.a.j.t.JMeterThread: Interrupting: UserScenario 1-22 sampler: PROPERTY: getstatus THING: falldetection
2019-04-08 14:38:18,012 INFO o.a.j.t.JMeterThread: Thread is done: UserScenario 1-86
2019-04-08 14:38:18,012 INFO o.a.j.t.JMeterThread: Thread finished: UserScenario 1-86
2019-04-08 14:38:18,013 INFO o.a.j.t.JMeterThread: Stopping: UserScenario 1-68
2019-04-08 14:38:18,013 INFO o.a.j.t.JMeterThread: Thread is done: UserScenario 1-67
2019-04-08 14:38:18,013 WARN o.a.j.t.JMeterThread: Interrupting: UserScenario 1-68 sampler: ACTION: feedback THING: falldetection
2019-04-08 14:38:18,013 INFO o.a.j.t.JMeterThread: Thread finished: UserScenario 1-67
2019-04-08 14:38:18,017 INFO o.a.j.t.JMeterThread: Thread is done: UserScenario 1-79
2019-04-08 14:38:18,017 INFO o.a.j.t.JMeterThread: Thread finished: UserScenario 1-79
2019-04-08 14:38:18,017 INFO o.a.j.t.JMeterThread: Thread is done: UserScenario 1-22
2019-04-08 14:38:18,017 INFO o.a.j.t.JMeterThread: Thread finished: UserScenario 1-22
2019-04-08 14:38:18,017 INFO o.a.j.t.JMeterThread: Thread is done: UserScenario 1-68
2019-04-08 14:38:18,017 INFO o.a.j.t.JMeterThread: Thread finished: UserScenario 1-68
2019-04-08 14:38:18,050 INFO o.a.j.t.JMeterThread: Thread is done: UserScenario 1-28
2019-04-08 14:38:18,050 INFO o.a.j.t.JMeterThread: Thread finished: UserScenario 1-28
2019-04-08 14:38:18,102 INFO o.a.j.t.JMeterThread: Thread is done: UserScenario 1-55
2019-04-08 14:38:18,107 INFO o.a.j.t.JMeterThread: Thread finished: UserScenario 1-55
2019-04-08 14:38:18,150 INFO o.a.j.t.JMeterThread: Thread is done: UserScenario 1-54
2019-04-08 14:38:18,150 INFO o.a.j.t.JMeterThread: Thread finished: UserScenario 1-54
2019-04-08 14:38:18,200 INFO o.a.j.t.JMeterThread: Thread is done: UserScenario 1-56
2019-04-08 14:38:18,203 INFO o.a.j.t.JMeterThread: Thread finished: UserScenario 1-56
2019-04-08 14:38:18,250 INFO o.a.j.t.JMeterThread: Thread is done: UserScenario 1-70
2019-04-08 14:38:18,250 INFO o.a.j.t.JMeterThread: Thread finished: UserScenario 1-70
2019-04-08 14:38:18,300 INFO o.a.j.t.JMeterThread: Thread is done: UserScenario 1-21
2019-04-08 14:38:18,300 INFO o.a.j.t.JMeterThread: Thread finished: UserScenario 1-21
2019-04-08 14:38:18,350 INFO o.a.j.t.JMeterThread: Thread is done: UserScenario 1-44
2019-04-08 14:38:18,350 INFO o.a.j.t.JMeterThread: Thread finished: UserScenario 1-44
2019-04-08 14:38:18,400 INFO o.a.j.t.JMeterThread: Thread is done: UserScenario 1-10
2019-04-08 14:38:18,401 INFO o.a.j.t.JMeterThread: Thread finished: UserScenario 1-10
2019-04-08 14:38:18,450 INFO o.a.j.t.JMeterThread: Thread is done: UserScenario 1-18
2019-04-08 14:38:18,450 INFO o.a.j.t.JMeterThread: Thread finished: UserScenario 1-18
2019-04-08 14:38:18,500 INFO o.a.j.t.JMeterThread: Thread is done: UserScenario 1-62
2019-04-08 14:38:18,500 INFO o.a.j.t.JMeterThread: Thread finished: UserScenario 1-62
2019-04-08 14:38:18,550 INFO o.a.j.t.JMeterThread: Thread is done: UserScenario 1-9
2019-04-08 14:38:18,552 INFO o.a.j.t.JMeterThread: Thread finished: UserScenario 1-9
2019-04-08 14:38:18,600 INFO o.a.j.t.JMeterThread: Thread is done: UserScenario 1-76
2019-04-08 14:38:18,600 INFO o.a.j.t.JMeterThread: Thread finished: UserScenario 1-76
2019-04-08 14:38:18,650 INFO o.a.j.t.JMeterThread: Thread is done: UserScenario 1-6
2019-04-08 14:38:18,650 INFO o.a.j.t.JMeterThread: Thread finished: UserScenario 1-6
2019-04-08 14:38:18,700 INFO o.a.j.t.JMeterThread: Thread is done: UserScenario 1-87
2019-04-08 14:38:18,700 INFO o.a.j.t.JMeterThread: Thread finished: UserScenario 1-87
2019-04-08 14:38:18,750 INFO o.a.j.t.JMeterThread: Thread is done: UserScenario 1-15
2019-04-08 14:38:18,750 INFO o.a.j.t.JMeterThread: Thread finished: UserScenario 1-15
2019-04-08 14:38:18,800 INFO o.a.j.t.JMeterThread: Thread is done: UserScenario 1-88
2019-04-08 14:38:18,801 INFO o.a.j.t.JMeterThread: Thread finished: UserScenario 1-88
2019-04-08 14:38:18,850 INFO o.a.j.t.JMeterThread: Thread is done: UserScenario 1-75
2019-04-08 14:38:18,850 INFO o.a.j.t.JMeterThread: Thread finished: UserScenario 1-75
2019-04-08 14:38:18,900 INFO o.a.j.t.JMeterThread: Thread is done: UserScenario 1-2
2019-04-08 14:38:18,900 INFO o.a.j.t.JMeterThread: Thread finished: UserScenario 1-2
2019-04-08 14:38:18,950 INFO o.a.j.t.JMeterThread: Thread is done: UserScenario 1-7
2019-04-08 14:38:18,950 INFO o.a.j.t.JMeterThread: Thread finished: UserScenario 1-7
2019-04-08 14:38:19,000 INFO k.a.j.t.VariableThroughputTimer: No further RPS schedule, asking threads to stop...
2019-04-08 14:38:19,000 INFO k.a.j.t.VariableThroughputTimer: Tries more than 3, hard stopping threads of Thread Group : UserScenario
2019-04-08 14:38:19,000 INFO o.a.j.t.JMeterThread: Stopping: UserScenario 1-29
2019-04-08 14:38:19,000 INFO o.a.j.t.JMeterThread: Stopping: UserScenario 1-82
2019-04-08 14:38:19,000 INFO o.a.j.t.JMeterThread: Stopping: UserScenario 1-43
2019-04-08 14:38:19,000 INFO o.a.j.t.JMeterThread: Stopping: UserScenario 1-84
2019-04-08 14:38:19,000 INFO o.a.j.t.JMeterThread: Stopping: UserScenario 1-96
2019-04-08 14:38:19,000 INFO o.a.j.t.JMeterThread: Stopping: UserScenario 1-57
2019-04-08 14:38:19,001 INFO o.a.j.t.JMeterThread: Stopping: UserScenario 1-32
2019-04-08 14:38:19,001 INFO o.a.j.t.JMeterThread: Stopping: UserScenario 1-34
2019-04-08 14:38:19,001 INFO o.a.j.t.JMeterThread: Stopping: UserScenario 1-38
2019-04-08 14:38:19,001 INFO o.a.j.t.JMeterThread: Stopping: UserScenario 1-39
2019-04-08 14:38:19,001 INFO o.a.j.t.JMeterThread: Stopping: UserScenario 1-49
2019-04-08 14:38:19,001 INFO o.a.j.t.JMeterThread: Stopping: UserScenario 1-11
2019-04-08 14:38:19,002 INFO o.a.j.t.JMeterThread: Thread is done: UserScenario 1-11
2019-04-08 14:38:19,002 INFO o.a.j.t.JMeterThread: Thread finished: UserScenario 1-11
2019-04-08 14:38:19,056 INFO o.a.j.t.JMeterThread: Thread is done: UserScenario 1-49
2019-04-08 14:38:19,057 INFO o.a.j.t.JMeterThread: Thread finished: UserScenario 1-49
2019-04-08 14:38:19,100 INFO o.a.j.t.JMeterThread: Thread is done: UserScenario 1-39
2019-04-08 14:38:19,100 INFO o.a.j.t.JMeterThread: Thread finished: UserScenario 1-39
2019-04-08 14:38:19,150 INFO o.a.j.t.JMeterThread: Thread is done: UserScenario 1-38
2019-04-08 14:38:19,150 INFO o.a.j.t.JMeterThread: Thread finished: UserScenario 1-38
2019-04-08 14:38:19,200 INFO o.a.j.t.JMeterThread: Thread is done: UserScenario 1-34
2019-04-08 14:38:19,200 INFO o.a.j.t.JMeterThread: Thread finished: UserScenario 1-34
2019-04-08 14:38:19,250 INFO o.a.j.t.JMeterThread: Thread is done: UserScenario 1-32
2019-04-08 14:38:19,250 INFO o.a.j.t.JMeterThread: Thread finished: UserScenario 1-32
2019-04-08 14:38:19,300 INFO o.a.j.t.JMeterThread: Thread is done: UserScenario 1-57
2019-04-08 14:38:19,300 INFO o.a.j.t.JMeterThread: Thread finished: UserScenario 1-57
2019-04-08 14:38:19,350 INFO o.a.j.t.JMeterThread: Thread is done: UserScenario 1-96
2019-04-08 14:38:19,350 INFO o.a.j.t.JMeterThread: Thread finished: UserScenario 1-96
2019-04-08 14:38:19,400 INFO o.a.j.t.JMeterThread: Thread is done: UserScenario 1-84
2019-04-08 14:38:19,400 INFO o.a.j.t.JMeterThread: Thread finished: UserScenario 1-84
2019-04-08 14:38:19,421 INFO o.a.j.e.StandardJMeterEngine: Notifying test listeners of end of test
2019-04-08 14:38:19,430 INFO o.a.j.e.StandardJMeterEngine: Forced JVM shutdown requested at end of test
