[2019-04-08 14:51:52,792 INFO root] Taurus CLI Tool v1.13.4
[2019-04-08 14:51:52,793 DEBUG root] Command-line options: {'log': '/var/folders/9w/fj8tc51n59dgtrxfgskpxd9h0000gn/T/bzt_9i_kdpv7.log', 'option': None, 'quiet': None, 'verbose': None, 'no_system_configs': None, 'aliases': []}
[2019-04-08 14:51:52,793 DEBUG root] Python: CPython 3.7.3
[2019-04-08 14:51:52,793 DEBUG root] OS: uname_result(system='Darwin', node='amirhosein-mac.local', release='17.5.0', version='Darwin Kernel Version 17.5.0: Mon Mar  5 22:24:32 PST 2018; root:xnu-4570.51.1~1/RELEASE_X86_64', machine='x86_64', processor='i386')
[2019-04-08 14:51:52,794 INFO root] Starting with configs: ['allRequests.json']
[2019-04-08 14:51:52,795 DEBUG root] Using personal config: /Users/apple/.bzt-rc
[2019-04-08 14:51:52,795 INFO Engine] Configuring...
[2019-04-08 14:51:52,888 DEBUG Engine] Base configs list: ['/usr/local/Cellar/bzt/1.13.4/libexec/lib/python3.7/site-packages/bzt/resources/10-base-config.yml']
[2019-04-08 14:51:52,888 DEBUG Engine.Configuration] Configs: ['/usr/local/Cellar/bzt/1.13.4/libexec/lib/python3.7/site-packages/bzt/resources/10-base-config.yml']
[2019-04-08 14:51:52,889 DEBUG Engine.Configuration] Reading /usr/local/Cellar/bzt/1.13.4/libexec/lib/python3.7/site-packages/bzt/resources/10-base-config.yml as YAML
[2019-04-08 14:51:53,055 DEBUG Engine] User configs list: ['/Users/apple/.bzt-rc', 'allRequests.json']
[2019-04-08 14:51:53,055 DEBUG Engine.Configuration] Configs: ['/Users/apple/.bzt-rc', 'allRequests.json']
[2019-04-08 14:51:53,058 DEBUG Engine.Configuration] Reading /Users/apple/.bzt-rc as YAML
[2019-04-08 14:51:53,090 DEBUG Engine.Configuration] Reading allRequests.json as YAML
[2019-04-08 14:51:53,116 DEBUG Engine.Configuration] Configs: ['/Users/apple/.bzt-rc', 'allRequests.json']
[2019-04-08 14:51:53,118 DEBUG Engine.Configuration] Reading /Users/apple/.bzt-rc as YAML
[2019-04-08 14:51:53,140 DEBUG Engine.Configuration] Reading allRequests.json as YAML
[2019-04-08 14:51:53,161 DEBUG Engine] Requesting updates info: https://gettaurus.org/updates/?version=1.13.4&installID=macos-3c075440e027
[2019-04-08 14:51:53,161 DEBUG HTTPClient] Making HTTP request GET https://gettaurus.org/updates/?version=1.13.4&installID=macos-3c075440e027
[2019-04-08 14:51:53,163 INFO Engine] Artifacts dir: /Users/apple/Desktop/bachelorProject/stressThing/StressThing/2019-04-08_14-51-53.162911
[2019-04-08 14:51:53,168 DEBUG Engine] New artifact filename: /Users/apple/Desktop/bachelorProject/stressThing/StressThing/2019-04-08_14-51-53.162911/effective
[2019-04-08 14:51:53,176 DEBUG Engine.Configuration] Dumping YAML config into /Users/apple/Desktop/bachelorProject/stressThing/StressThing/2019-04-08_14-51-53.162911/effective.yml
[2019-04-08 14:51:53,178 DEBUG urllib3.connectionpool] Starting new HTTPS connection (1): gettaurus.org:443
[2019-04-08 14:51:53,393 DEBUG Engine.Configuration] Dumping JSON config into /Users/apple/Desktop/bachelorProject/stressThing/StressThing/2019-04-08_14-51-53.162911/effective.json
[2019-04-08 14:51:53,396 DEBUG Engine] New artifact filename: /Users/apple/Desktop/bachelorProject/stressThing/StressThing/2019-04-08_14-51-53.162911/merged.yml
[2019-04-08 14:51:53,398 DEBUG Engine.Configuration] Dumping YAML config into /Users/apple/Desktop/bachelorProject/stressThing/StressThing/2019-04-08_14-51-53.162911/merged.yml
[2019-04-08 14:51:53,408 DEBUG Engine] New artifact filename: /Users/apple/Desktop/bachelorProject/stressThing/StressThing/2019-04-08_14-51-53.162911/merged.json
[2019-04-08 14:51:53,409 DEBUG Engine.Configuration] Dumping JSON config into /Users/apple/Desktop/bachelorProject/stressThing/StressThing/2019-04-08_14-51-53.162911/merged.json
[2019-04-08 14:51:53,410 DEBUG Engine] Add existing artifact (move=False): allRequests.json
[2019-04-08 14:51:53,411 DEBUG Engine] Copying allRequests.json to /Users/apple/Desktop/bachelorProject/stressThing/StressThing/2019-04-08_14-51-53.162911/allRequests.json
[2019-04-08 14:51:53,414 DEBUG root] Closing log handler: /var/folders/9w/fj8tc51n59dgtrxfgskpxd9h0000gn/T/bzt_9i_kdpv7.log
[2019-04-08 14:51:53,416 DEBUG root] Switched writing logs to /Users/apple/Desktop/bachelorProject/stressThing/StressThing/2019-04-08_14-51-53.162911/bzt.log
[2019-04-08 14:51:53,416 DEBUG root] Linting config
[2019-04-08 14:51:53,424 INFO Engine] Preparing...
[2019-04-08 14:51:53,426 DEBUG Engine] Module config: consolidator {'class': 'bzt.modules.aggregator.ConsolidatingAggregator'}
[2019-04-08 14:51:53,426 DEBUG root] Importing module: bzt.modules.aggregator
[2019-04-08 14:51:53,728 DEBUG urllib3.connectionpool] https://gettaurus.org:443 "GET /updates/?version=1.13.4&installID=macos-3c075440e027 HTTP/1.1" 403 1587
[2019-04-08 14:51:53,819 DEBUG Engine] Failed to check for updates: Traceback (most recent call last):
  File "/usr/local/Cellar/bzt/1.13.4/libexec/lib/python3.7/site-packages/bzt/engine.py", line 697, in _check_updates
    data = response.json()
  File "/usr/local/Cellar/bzt/1.13.4/libexec/lib/python3.7/site-packages/requests/models.py", line 897, in json
    return complexjson.loads(self.text, **kwargs)
  File "/usr/local/opt/python/Frameworks/Python.framework/Versions/3.7/lib/python3.7/json/__init__.py", line 348, in loads
    return _default_decoder.decode(s)
  File "/usr/local/opt/python/Frameworks/Python.framework/Versions/3.7/lib/python3.7/json/decoder.py", line 337, in decode
    obj, end = self.raw_decode(s, idx=_w(s, 0).end())
  File "/usr/local/opt/python/Frameworks/Python.framework/Versions/3.7/lib/python3.7/json/decoder.py", line 355, in raw_decode
    raise JSONDecodeError("Expecting value", s, err.value) from None
json.decoder.JSONDecodeError: Expecting value: line 1 column 1 (char 0)

[2019-04-08 14:51:53,820 WARNING Engine] Failed to check for updates
[2019-04-08 14:51:54,096 DEBUG root] Loading class: 'ConsolidatingAggregator' from <module 'bzt.modules.aggregator' from '/usr/local/Cellar/bzt/1.13.4/libexec/lib/python3.7/site-packages/bzt/modules/aggregator.py'>
[2019-04-08 14:51:54,097 DEBUG Engine.consolidator] Buffer scaling setup: percentile 95.0 from [0.0, 50.0, 90.0, 95.0, 99.0, 99.9, 100.0] selected
[2019-04-08 14:51:54,097 DEBUG Engine] Module config: monitoring {'class': 'bzt.modules.monitoring.Monitoring'}
[2019-04-08 14:51:54,098 DEBUG root] Importing module: bzt.modules.monitoring
[2019-04-08 14:51:54,102 DEBUG root] Loading class: 'Monitoring' from <module 'bzt.modules.monitoring' from '/usr/local/Cellar/bzt/1.13.4/libexec/lib/python3.7/site-packages/bzt/modules/monitoring.py'>
[2019-04-08 14:51:54,103 DEBUG Engine] Module config: local {'class': 'bzt.modules.provisioning.Local'}
[2019-04-08 14:51:54,103 DEBUG root] Importing module: bzt.modules.provisioning
[2019-04-08 14:51:54,103 DEBUG root] Loading class: 'Local' from <module 'bzt.modules.provisioning' from '/usr/local/Cellar/bzt/1.13.4/libexec/lib/python3.7/site-packages/bzt/modules/provisioning.py'>
[2019-04-08 14:51:54,104 DEBUG Engine] Module config: jmeter {'class': 'bzt.modules.jmeter.JMeterExecutor', 'protocol-handlers': {'http': 'bzt.jmx.http.HTTPProtocolHandler'}, 'plugins': ['jpgc-casutg', 'jpgc-dummy', 'jpgc-ffw', 'jpgc-fifo', 'jpgc-functions', 'jpgc-json', 'jpgc-perfmon', 'jpgc-prmctl', 'jpgc-tst'], 'properties': {'jmeter.save.saveservice.autoflush': 'true', 'jmeter.save.saveservice.connect_time': 'true', 'jmeterengine.force.system.exit': 'true', 'summariser.name': ''}}
[2019-04-08 14:51:54,104 DEBUG root] Importing module: bzt.modules.jmeter
[2019-04-08 14:51:54,147 DEBUG root] Loading class: 'JMeterExecutor' from <module 'bzt.modules.jmeter' from '/usr/local/Cellar/bzt/1.13.4/libexec/lib/python3.7/site-packages/bzt/modules/jmeter.py'>
[2019-04-08 14:51:54,148 DEBUG Engine.local] Preparing executor: jmeter/4561328952
[2019-04-08 14:51:54,149 DEBUG Engine] New artifact filename: /Users/apple/Desktop/bachelorProject/stressThing/StressThing/2019-04-08_14-51-53.162911/jmeter.log
[2019-04-08 14:51:54,149 DEBUG Engine.jmeter] Checking if port 4445 is free
[2019-04-08 14:51:54,154 DEBUG Engine.jmeter] Port 4445 is free
[2019-04-08 14:51:54,154 DEBUG Engine.jmeter] Using port 4445 for management
[2019-04-08 14:51:54,155 DEBUG Engine] New artifact filename: /Users/apple/Desktop/bachelorProject/stressThing/StressThing/2019-04-08_14-51-53.162911/requests.jmx
[2019-04-08 14:51:54,156 DEBUG root] Importing module: bzt.jmx.http
[2019-04-08 14:51:54,158 DEBUG root] Loading class: 'HTTPProtocolHandler' from <module 'bzt.jmx.http' from '/usr/local/Cellar/bzt/1.13.4/libexec/lib/python3.7/site-packages/bzt/jmx/http.py'>
[2019-04-08 14:51:54,162 DEBUG JMeterScenarioBuilder] Saving JMX to: /Users/apple/Desktop/bachelorProject/stressThing/StressThing/2019-04-08_14-51-53.162911/requests.jmx
[2019-04-08 14:51:54,164 DEBUG Engine.jmeter] Additional system properties {'sun.net.inetaddr.ttl': 0}
[2019-04-08 14:51:54,164 DEBUG Engine] New artifact filename: /Users/apple/Desktop/bachelorProject/stressThing/StressThing/2019-04-08_14-51-53.162911/system.properties
[2019-04-08 14:51:54,166 DEBUG Engine.jmeter] Additional properties: {'jmeter.save.saveservice.autoflush': 'true', 'jmeter.save.saveservice.connect_time': 'true', 'jmeterengine.force.system.exit': 'true', 'summariser.name': '', 'jmeterengine.nongui.port': 4445, 'jmeterengine.nongui.maxport': 4445, 'jmeter.save.saveservice.timestamp_format': 'ms', 'sampleresult.default.encoding': 'UTF-8', 'user.classpath': '/Users/apple/Desktop/bachelorProject/stressThing/StressThing/2019-04-08_14-51-53.162911:/Users/apple/Desktop/bachelorProject/stressThing/StressThing/2019-04-08_14-51-53.162911'}
[2019-04-08 14:51:54,166 DEBUG Engine] New artifact filename: /Users/apple/Desktop/bachelorProject/stressThing/StressThing/2019-04-08_14-51-53.162911/jmeter-bzt.properties
[2019-04-08 14:51:54,167 DEBUG Engine.jmeter.JavaVM] Trying JavaVM: ['java', '-version']
[2019-04-08 14:51:54,168 DEBUG root] Executing shell: ['java', '-version'] at .
[2019-04-08 14:51:54,700 DEBUG Engine.jmeter.JavaVM] JavaVM output: 
[2019-04-08 14:51:54,700 DEBUG Engine.jmeter.TclLibrary] We don't need to check tcl library on this platform
[2019-04-08 14:51:54,701 DEBUG Engine.jmeter.JMeter] Trying JMeter..
[2019-04-08 14:51:54,702 DEBUG root] Executing shell: ['/Users/apple/.bzt/jmeter-taurus/5.1.1/bin/jmeter.sh', '-j', '/var/folders/9w/fj8tc51n59dgtrxfgskpxd9h0000gn/T/jmeterntzjm27ylog', '--version'] at .
[2019-04-08 14:51:59,015 DEBUG Engine.jmeter.JMeter] JMeter check:     _    ____   _    ____ _   _ _____       _ __  __ _____ _____ _____ ____     
   / \  |  _ \ / \  / ___| | | | ____|     | |  \/  | ____|_   _| ____|  _ \   
  / _ \ | |_) / _ \| |   | |_| |  _|    _  | | |\/| |  _|   | | |  _| | |_) | 
 / ___ \|  __/ ___ \ |___|  _  | |___  | |_| | |  | | |___  | | | |___|  _ <  
/_/   \_\_| /_/   \_\____|_| |_|_____|  \___/|_|  |_|_____| |_| |_____|_| \_\ 5.1.1 r1855137  

Copyright (c) 1999-2019 The Apache Software Foundation

 / 
[2019-04-08 14:51:59,018 DEBUG Engine.jmeter] Load: LoadSpec(concurrency=10, throughput=10.0, ramp_up=30.0, hold=20.0, iterations=0, duration=50.0, steps=None)
[2019-04-08 14:51:59,026 DEBUG Engine] New artifact filename: /Users/apple/Desktop/bachelorProject/stressThing/StressThing/2019-04-08_14-51-53.162911/kpi.jtl
[2019-04-08 14:51:59,028 DEBUG Engine] New artifact filename: /Users/apple/Desktop/bachelorProject/stressThing/StressThing/2019-04-08_14-51-53.162911/error.jtl
[2019-04-08 14:51:59,036 DEBUG Engine.jmeter.LoadSettingsProcessor.ThreadGroupHandler] Converting ThreadGroup (UserScenario) to ConcurrencyThreadGroup and apply load parameters
[2019-04-08 14:51:59,038 DEBUG Engine] New artifact filename: /Users/apple/Desktop/bachelorProject/stressThing/StressThing/2019-04-08_14-51-53.162911/modified_requests.jmx
[2019-04-08 14:51:59,038 DEBUG JMX] Saving JMX to: /Users/apple/Desktop/bachelorProject/stressThing/StressThing/2019-04-08_14-51-53.162911/modified_requests.jmx
[2019-04-08 14:51:59,040 DEBUG root] Executing shell: ['/Users/apple/.bzt/jmeter-taurus/5.1.1/bin/PluginsManagerCMD.sh', 'install-for-jmx', '/Users/apple/Desktop/bachelorProject/stressThing/StressThing/2019-04-08_14-51-53.162911/modified_requests.jmx'] at .
[2019-04-08 14:52:05,773 DEBUG Engine.jmeter.JMeter] Try to detect plugins for /Users/apple/Desktop/bachelorProject/stressThing/StressThing/2019-04-08_14-51-53.162911/modified_requests.jmx
2019-04-08 14:52:02,473 INFO o.j.r.PluginManagerCMD: Command is: install-for-jmx
2019-04-08 14:52:02,746 INFO o.j.r.JARSourceHTTP: Found cached repo
2019-04-08 14:52:03,626 INFO o.j.r.PluginManager: Plugins Status: [jpgc-functions=2.1, jpgc-casutg=2.8, jpgc-dummy=0.2, jpgc-ffw=2.0, jpgc-fifo=0.2, jpgc-json=2.7, jpgc-prmctl=0.4, jpgc-perfmon=2.1, jpgc-plugins-manager=1.3, jpgc-tst=2.5, jmeter-core=5.1.1, jmeter-ftp=5.1.1, jmeter-http=5.1.1, jmeter-jdbc=5.1.1, jmeter-jms=5.1.1, jmeter-junit=5.1.1, jmeter-java=5.1.1, jmeter-ldap=5.1.1, jmeter-mail=5.1.1, jmeter-mongodb=5.1.1, jmeter-native=5.1.1, jmeter-tcp=5.1.1, jmeter-components=5.1.1]
2019-04-08 14:52:03,633 INFO o.j.r.PluginManagerCMD: Params line is: /Users/apple/Desktop/bachelorProject/stressThing/StressThing/2019-04-08_14-51-53.162911/modified_requests.jmx
2019-04-08 14:52:04,613 INFO o.a.j.s.SaveService: Testplan (JMX) version: 2.2. Testlog (JTL) version: 2.2
2019-04-08 14:52:04,654 INFO o.a.j.s.SaveService: Using SaveService properties file encoding UTF-8
2019-04-08 14:52:04,673 INFO o.a.j.s.SaveService: Using SaveService properties version 5.0
2019-04-08 14:52:04,867 INFO o.a.j.p.h.c.CacheManager: Will only cache the following methods: [GET]
2019-04-08 14:52:04,877 INFO o.a.j.p.h.c.CookieManager: Settings: Delete null: true Check: true Allow variable: true Save: false Prefix: COOKIE_
2019-04-08 14:52:05,029 INFO o.a.j.p.h.s.HTTPSamplerBase: Parser for text/html is org.apache.jmeter.protocol.http.parser.LagartoBasedHtmlParser
2019-04-08 14:52:05,029 INFO o.a.j.p.h.s.HTTPSamplerBase: Parser for application/xhtml+xml is org.apache.jmeter.protocol.http.parser.LagartoBasedHtmlParser
2019-04-08 14:52:05,030 INFO o.a.j.p.h.s.HTTPSamplerBase: Parser for application/xml is org.apache.jmeter.protocol.http.parser.LagartoBasedHtmlParser
2019-04-08 14:52:05,030 INFO o.a.j.p.h.s.HTTPSamplerBase: Parser for text/xml is org.apache.jmeter.protocol.http.parser.LagartoBasedHtmlParser
2019-04-08 14:52:05,030 INFO o.a.j.p.h.s.HTTPSamplerBase: Parser for text/vnd.wap.wml is org.apache.jmeter.protocol.http.parser.RegexpHTMLParser
2019-04-08 14:52:05,031 INFO o.a.j.p.h.s.HTTPSamplerBase: Parser for text/css is org.apache.jmeter.protocol.http.parser.CssParser
2019-04-08 14:52:05,362 INFO o.j.r.PluginManager: Finishing without changes


[2019-04-08 14:52:05,775 DEBUG Engine] New artifact filename: /Users/apple/Desktop/bachelorProject/stressThing/StressThing/2019-04-08_14-51-53.162911/jmeter.out
[2019-04-08 14:52:05,777 DEBUG Engine] New artifact filename: /Users/apple/Desktop/bachelorProject/stressThing/StressThing/2019-04-08_14-51-53.162911/jmeter.err
[2019-04-08 14:52:05,783 DEBUG Engine] Module config: final-stats {'class': 'bzt.modules.reporting.FinalStatus'}
[2019-04-08 14:52:05,783 DEBUG root] Importing module: bzt.modules.reporting
[2019-04-08 14:52:05,832 DEBUG easyprocess] version=0.2.5
[2019-04-08 14:52:05,836 DEBUG pyvirtualdisplay] version=0.2.1
[2019-04-08 14:52:05,844 DEBUG root] Loading class: 'FinalStatus' from <module 'bzt.modules.reporting' from '/usr/local/Cellar/bzt/1.13.4/libexec/lib/python3.7/site-packages/bzt/modules/reporting.py'>
[2019-04-08 14:52:05,845 DEBUG Engine] Module config: console {'class': 'bzt.modules.console.ConsoleStatusReporter'}
[2019-04-08 14:52:05,845 DEBUG root] Importing module: bzt.modules.console
[2019-04-08 14:52:05,845 DEBUG root] Loading class: 'ConsoleStatusReporter' from <module 'bzt.modules.console' from '/usr/local/Cellar/bzt/1.13.4/libexec/lib/python3.7/site-packages/bzt/modules/console.py'>
[2019-04-08 14:52:05,847 WARNING Engine] Module 'console' can be only used once, will merge all new instances into single
[2019-04-08 14:52:05,848 DEBUG Engine] Module config: blazemeter {'class': 'bzt.modules.blazemeter.BlazeMeterUploader'}
[2019-04-08 14:52:05,848 DEBUG root] Importing module: bzt.modules.blazemeter
[2019-04-08 14:52:05,848 DEBUG root] Loading class: 'BlazeMeterUploader' from <module 'bzt.modules.blazemeter' from '/usr/local/Cellar/bzt/1.13.4/libexec/lib/python3.7/site-packages/bzt/modules/blazemeter.py'>
[2019-04-08 14:52:05,877 WARNING Engine.blazemeter] No BlazeMeter API key provided, will upload anonymously
[2019-04-08 14:52:05,878 DEBUG Engine.blazemeter] Installing http client
[2019-04-08 14:52:05,878 DEBUG User] Request: GET https://a.blazemeter.com/api/v4/web/version None
[2019-04-08 14:52:05,878 DEBUG HTTPClient] Making HTTP request GET https://a.blazemeter.com/api/v4/web/version
[2019-04-08 14:52:05,889 DEBUG urllib3.connectionpool] Starting new HTTPS connection (1): a.blazemeter.com:443
[2019-04-08 14:52:07,494 DEBUG urllib3.connectionpool] https://a.blazemeter.com:443 "GET /api/v4/web/version HTTP/1.1" 200 233
[2019-04-08 14:52:07,500 DEBUG User] Response [200]: {
    "api_version": 4,
    "error": null,
    "result": "blazemeter-php7-backend-package 928 release/2019-04-02_126 137ce603d6f9e3814fbd1ecc2a17af16c5eee191 Thu Apr 4 18:27:30 2019 +0300 137ce603d6f9e3814fbd1ecc2a17af16c5eee191\n"
}
[2019-04-08 14:52:07,510 DEBUG Engine.Configuration] Dumping YAML config into /Users/apple/Desktop/bachelorProject/stressThing/StressThing/2019-04-08_14-51-53.162911/effective.yml
[2019-04-08 14:52:07,598 DEBUG Engine.Configuration] Dumping JSON config into /Users/apple/Desktop/bachelorProject/stressThing/StressThing/2019-04-08_14-51-53.162911/effective.json
[2019-04-08 14:52:07,602 INFO Engine] Starting...
[2019-04-08 14:52:07,603 DEBUG Engine] Startup <bzt.modules.monitoring.Monitoring object at 0x10e38dd68>
[2019-04-08 14:52:07,604 DEBUG Engine] Startup <bzt.modules.aggregator.ConsolidatingAggregator object at 0x10e38d7f0>
[2019-04-08 14:52:07,604 DEBUG Engine] Startup <bzt.modules.reporting.FinalStatus object at 0x10faa60b8>
[2019-04-08 14:52:07,604 DEBUG Engine] Startup <bzt.modules.console.ConsoleStatusReporter object at 0x10fe78f28>
[2019-04-08 14:52:07,605 INFO Engine.console] Waiting for results...
[2019-04-08 14:52:07,605 DEBUG Engine] Startup <bzt.modules.blazemeter.BlazeMeterUploader object at 0x10feaa588>
[2019-04-08 14:52:07,605 INFO Engine.blazemeter] Initiating data feeding...
[2019-04-08 14:52:07,606 DEBUG User] Request: POST https://a.blazemeter.com/api/v4/sessions None
[2019-04-08 14:52:07,606 DEBUG HTTPClient] Making HTTP request POST https://a.blazemeter.com/api/v4/sessions
[2019-04-08 14:52:08,171 DEBUG urllib3.connectionpool] https://a.blazemeter.com:443 "POST /api/v4/sessions HTTP/1.1" 201 2844
[2019-04-08 14:52:08,173 DEBUG User] Response [201]: {
    "api_version": 4,
    "error": null,
    "result": {
        "session": {
            "id": "r-ext-5cab20cfbc7b0",
            "name": "external",
            "userId": 386483,
            "publicToken": "vvfbpXUuSw2BLw9AJhEok7baMcS3kbugxGmMUrZTCRfA8
[2019-04-08 14:52:08,175 INFO Engine.blazemeter] Started data feeding: https://a.blazemeter.com/app/?public-token=vvfbpXUuSw2BLw9AJhEok7baMcS3kbugxGmMUrZTCRfA8TJzcm#reports/r-ext-5cab20cfbc7b0/summary
[2019-04-08 14:52:08,761 DEBUG Engine] Startup <bzt.modules.provisioning.Local object at 0x10fdb7710>
[2019-04-08 14:52:08,764 DEBUG Engine.local] Delay setup for jmeter/UserScenario: 0(start-at) + 0(delay) = 0
[2019-04-08 14:52:08,770 DEBUG Engine.Configuration] Dumping YAML config into /Users/apple/Desktop/bachelorProject/stressThing/StressThing/2019-04-08_14-51-53.162911/effective.yml
[2019-04-08 14:52:09,183 DEBUG Engine.Configuration] Dumping JSON config into /Users/apple/Desktop/bachelorProject/stressThing/StressThing/2019-04-08_14-51-53.162911/effective.json
[2019-04-08 14:52:09,196 DEBUG root] Leveling down log file verbosity to INFO, use -v option to have DEBUG messages enabled
[2019-04-08 14:52:09,197 DEBUG root] Leveled up log file verbosity
[2019-04-08 14:52:09,203 DEBUG root] Executing shell: ['/Users/apple/.bzt/jmeter-taurus/5.1.1/bin/jmeter.sh', '-t', '/Users/apple/Desktop/bachelorProject/stressThing/StressThing/2019-04-08_14-51-53.162911/modified_requests.jmx', '-j', '/Users/apple/Desktop/bachelorProject/stressThing/StressThing/2019-04-08_14-51-53.162911/jmeter.log', '-q', '/Users/apple/Desktop/bachelorProject/stressThing/StressThing/2019-04-08_14-51-53.162911/jmeter-bzt.properties', '-n', '-S', '/Users/apple/Desktop/bachelorProject/stressThing/StressThing/2019-04-08_14-51-53.162911/system.properties'] at /Users/apple/Desktop/bachelorProject/stressThing/StressThing
[2019-04-08 14:52:09,231 DEBUG root] Leveling down log file verbosity to INFO, use -v option to have DEBUG messages enabled
[2019-04-08 14:52:09,591 INFO Engine.console] Waiting for finish...
[2019-04-08 14:52:10,117 ERROR Engine.console] Console screen failure: ord() expected string of length 1, but int found
[2019-04-08 14:52:12,510 INFO Engine.console] Waiting for finish...
[2019-04-08 14:52:12,563 ERROR Engine.console] Console screen failure: ord() expected string of length 1, but int found
[2019-04-08 14:52:13,472 INFO Engine.console] Waiting for finish...
[2019-04-08 14:52:13,514 ERROR Engine.console] Console screen failure: ord() expected string of length 1, but int found
[2019-04-08 14:52:14,507 INFO Engine.console] Waiting for finish...
[2019-04-08 14:52:14,549 ERROR Engine.console] Console screen failure: ord() expected string of length 1, but int found
[2019-04-08 14:52:15,510 INFO Engine.console] Waiting for finish...
[2019-04-08 14:52:15,551 ERROR Engine.console] Console screen failure: ord() expected string of length 1, but int found
[2019-04-08 14:52:16,530 INFO Engine.console] Waiting for finish...
[2019-04-08 14:52:16,586 ERROR Engine.console] Console screen failure: ord() expected string of length 1, but int found
[2019-04-08 14:52:17,515 INFO Engine.console] Waiting for finish...
[2019-04-08 14:52:17,564 ERROR Engine.console] Console screen failure: ord() expected string of length 1, but int found
[2019-04-08 14:52:18,521 INFO Engine.console] Waiting for finish...
[2019-04-08 14:52:18,563 ERROR Engine.console] Console screen failure: ord() expected string of length 1, but int found
[2019-04-08 14:52:19,523 INFO Engine.console] Waiting for finish...
[2019-04-08 14:52:19,559 ERROR Engine.console] Console screen failure: ord() expected string of length 1, but int found
[2019-04-08 14:52:20,521 INFO Engine.console] Waiting for finish...
[2019-04-08 14:52:20,557 ERROR Engine.console] Console screen failure: ord() expected string of length 1, but int found
[2019-04-08 14:52:21,532 INFO Engine.console] Waiting for finish...
[2019-04-08 14:52:21,570 ERROR Engine.console] Console screen failure: ord() expected string of length 1, but int found
[2019-04-08 14:52:22,556 INFO Engine.console] Waiting for finish...
[2019-04-08 14:52:22,586 ERROR Engine.console] Console screen failure: ord() expected string of length 1, but int found
[2019-04-08 14:52:23,499 INFO Engine.console] Waiting for finish...
[2019-04-08 14:52:23,532 ERROR Engine.console] Console screen failure: ord() expected string of length 1, but int found
[2019-04-08 14:52:24,530 INFO Engine.console] Waiting for finish...
[2019-04-08 14:52:24,565 ERROR Engine.console] Console screen failure: ord() expected string of length 1, but int found
[2019-04-08 14:52:25,531 INFO Engine.console] Waiting for finish...
[2019-04-08 14:52:25,565 ERROR Engine.console] Console screen failure: ord() expected string of length 1, but int found
[2019-04-08 14:52:26,547 INFO Engine.console] Waiting for finish...
[2019-04-08 14:52:26,576 ERROR Engine.console] Console screen failure: ord() expected string of length 1, but int found
[2019-04-08 14:52:27,504 INFO Engine.console] Waiting for finish...
[2019-04-08 14:52:27,528 ERROR Engine.console] Console screen failure: ord() expected string of length 1, but int found
[2019-04-08 14:52:28,579 INFO Engine.console] Waiting for finish...
[2019-04-08 14:52:28,615 ERROR Engine.console] Console screen failure: ord() expected string of length 1, but int found
[2019-04-08 14:52:29,510 INFO Engine.console] Waiting for finish...
[2019-04-08 14:52:29,914 ERROR Engine.console] Console screen failure: ord() expected string of length 1, but int found
[2019-04-08 14:52:30,567 INFO Engine.console] Waiting for finish...
[2019-04-08 14:52:30,608 ERROR Engine.console] Console screen failure: ord() expected string of length 1, but int found
[2019-04-08 14:52:31,583 INFO Engine.console] Waiting for finish...
[2019-04-08 14:52:31,647 ERROR Engine.console] Console screen failure: ord() expected string of length 1, but int found
[2019-04-08 14:52:32,628 INFO Engine.console] Waiting for finish...
[2019-04-08 14:52:32,668 ERROR Engine.console] Console screen failure: ord() expected string of length 1, but int found
[2019-04-08 14:52:33,569 INFO Engine.console] Waiting for finish...
[2019-04-08 14:52:33,609 ERROR Engine.console] Console screen failure: ord() expected string of length 1, but int found
[2019-04-08 14:52:34,545 INFO Engine.console] Waiting for finish...
[2019-04-08 14:52:34,580 ERROR Engine.console] Console screen failure: ord() expected string of length 1, but int found
[2019-04-08 14:52:35,597 INFO Engine.console] Waiting for finish...
[2019-04-08 14:52:35,619 ERROR Engine.console] Console screen failure: ord() expected string of length 1, but int found
[2019-04-08 14:52:36,568 INFO Engine.console] Waiting for finish...
[2019-04-08 14:52:36,597 ERROR Engine.console] Console screen failure: ord() expected string of length 1, but int found
[2019-04-08 14:52:37,599 INFO Engine.console] Waiting for finish...
[2019-04-08 14:52:37,638 ERROR Engine.console] Console screen failure: ord() expected string of length 1, but int found
[2019-04-08 14:52:38,575 INFO Engine.console] Waiting for finish...
[2019-04-08 14:52:38,605 ERROR Engine.console] Console screen failure: ord() expected string of length 1, but int found
[2019-04-08 14:52:39,553 INFO Engine.console] Waiting for finish...
[2019-04-08 14:52:39,574 ERROR Engine.console] Console screen failure: ord() expected string of length 1, but int found
[2019-04-08 14:52:40,648 INFO Engine.console] Waiting for finish...
[2019-04-08 14:52:40,670 ERROR Engine.console] Console screen failure: ord() expected string of length 1, but int found
[2019-04-08 14:52:42,397 INFO Engine.console] Waiting for finish...
[2019-04-08 14:52:42,429 ERROR Engine.console] Console screen failure: ord() expected string of length 1, but int found
[2019-04-08 14:52:43,550 INFO Engine.console] Waiting for finish...
[2019-04-08 14:52:43,592 ERROR Engine.console] Console screen failure: ord() expected string of length 1, but int found
[2019-04-08 14:52:44,395 INFO Engine.console] Waiting for finish...
[2019-04-08 14:52:44,448 ERROR Engine.console] Console screen failure: ord() expected string of length 1, but int found
[2019-04-08 14:52:45,345 INFO Engine.console] Waiting for finish...
[2019-04-08 14:52:45,380 ERROR Engine.console] Console screen failure: ord() expected string of length 1, but int found
[2019-04-08 14:52:46,458 INFO Engine.console] Waiting for finish...
[2019-04-08 14:52:46,490 ERROR Engine.console] Console screen failure: ord() expected string of length 1, but int found
[2019-04-08 14:52:47,377 INFO Engine.console] Waiting for finish...
[2019-04-08 14:52:47,401 ERROR Engine.console] Console screen failure: ord() expected string of length 1, but int found
[2019-04-08 14:52:48,364 INFO Engine.console] Waiting for finish...
[2019-04-08 14:52:48,400 ERROR Engine.console] Console screen failure: ord() expected string of length 1, but int found
[2019-04-08 14:52:49,419 INFO Engine.console] Waiting for finish...
[2019-04-08 14:52:49,459 ERROR Engine.console] Console screen failure: ord() expected string of length 1, but int found
[2019-04-08 14:52:50,457 INFO Engine.console] Waiting for finish...
[2019-04-08 14:52:50,491 ERROR Engine.console] Console screen failure: ord() expected string of length 1, but int found
[2019-04-08 14:52:51,335 INFO Engine.console] Waiting for finish...
[2019-04-08 14:52:51,370 ERROR Engine.console] Console screen failure: ord() expected string of length 1, but int found
[2019-04-08 14:52:52,471 INFO Engine.console] Waiting for finish...
[2019-04-08 14:52:52,673 ERROR Engine.console] Console screen failure: ord() expected string of length 1, but int found
[2019-04-08 14:52:53,533 INFO Engine.console] Waiting for finish...
[2019-04-08 14:52:53,571 ERROR Engine.console] Console screen failure: ord() expected string of length 1, but int found
[2019-04-08 14:52:54,547 INFO Engine.console] Waiting for finish...
[2019-04-08 14:52:54,586 ERROR Engine.console] Console screen failure: ord() expected string of length 1, but int found
[2019-04-08 14:52:55,422 INFO Engine.console] Waiting for finish...
[2019-04-08 14:52:55,458 ERROR Engine.console] Console screen failure: ord() expected string of length 1, but int found
[2019-04-08 14:52:56,520 INFO Engine.console] Waiting for finish...
[2019-04-08 14:52:56,563 ERROR Engine.console] Console screen failure: ord() expected string of length 1, but int found
[2019-04-08 14:52:57,512 INFO Engine.console] Waiting for finish...
[2019-04-08 14:52:57,548 ERROR Engine.console] Console screen failure: ord() expected string of length 1, but int found
[2019-04-08 14:52:58,417 INFO Engine.console] Waiting for finish...
[2019-04-08 14:52:58,450 ERROR Engine.console] Console screen failure: ord() expected string of length 1, but int found
[2019-04-08 14:52:59,519 INFO Engine.console] Waiting for finish...
[2019-04-08 14:52:59,559 ERROR Engine.console] Console screen failure: ord() expected string of length 1, but int found
[2019-04-08 14:53:00,528 INFO Engine.console] Waiting for finish...
[2019-04-08 14:53:00,575 ERROR Engine.console] Console screen failure: ord() expected string of length 1, but int found
[2019-04-08 14:53:01,513 INFO Engine.console] Waiting for finish...
[2019-04-08 14:53:01,559 ERROR Engine.console] Console screen failure: ord() expected string of length 1, but int found
[2019-04-08 14:53:02,521 INFO Engine.console] Waiting for finish...
[2019-04-08 14:53:02,564 ERROR Engine.console] Console screen failure: ord() expected string of length 1, but int found
[2019-04-08 14:53:03,846 INFO Engine.console] Waiting for finish...
[2019-04-08 14:53:03,958 ERROR Engine.console] Console screen failure: ord() expected string of length 1, but int found
[2019-04-08 14:53:04,819 INFO Engine.console] Waiting for finish...
[2019-04-08 14:53:04,867 ERROR Engine.console] Console screen failure: ord() expected string of length 1, but int found
[2019-04-08 14:53:05,569 INFO Engine.console] Waiting for finish...
[2019-04-08 14:53:05,619 ERROR Engine.console] Console screen failure: ord() expected string of length 1, but int found
[2019-04-08 14:53:06,367 INFO Engine.console] Waiting for finish...
[2019-04-08 14:53:06,389 ERROR Engine.console] Console screen failure: ord() expected string of length 1, but int found
[2019-04-08 14:53:07,810 INFO Engine.console] Waiting for finish...
[2019-04-08 14:53:07,856 ERROR Engine.console] Console screen failure: ord() expected string of length 1, but int found
[2019-04-08 14:53:08,492 INFO Engine.console] Waiting for finish...
[2019-04-08 14:53:08,527 ERROR Engine.console] Console screen failure: ord() expected string of length 1, but int found
[2019-04-08 14:53:09,398 INFO Engine.console] Waiting for finish...
[2019-04-08 14:53:09,425 ERROR Engine.console] Console screen failure: ord() expected string of length 1, but int found
[2019-04-08 14:53:10,603 INFO Engine.console] Waiting for finish...
[2019-04-08 14:53:10,662 ERROR Engine.console] Console screen failure: ord() expected string of length 1, but int found
[2019-04-08 14:53:11,682 INFO Engine.console] Waiting for finish...
[2019-04-08 14:53:11,730 ERROR Engine.console] Console screen failure: ord() expected string of length 1, but int found
[2019-04-08 14:53:15,332 INFO Engine.console] Waiting for finish...
[2019-04-08 14:53:15,385 ERROR Engine.console] Console screen failure: ord() expected string of length 1, but int found
[2019-04-08 14:53:15,476 WARNING Engine] Please wait for graceful shutdown...
[2019-04-08 14:53:15,476 DEBUG root] Leveled up log file verbosity
[2019-04-08 14:53:15,477 INFO Engine] Shutting down...
[2019-04-08 14:53:15,477 DEBUG Engine] Current stop reason: None
[2019-04-08 14:53:15,480 DEBUG Engine.local] Shutdown jmeter/UserScenario
[2019-04-08 14:53:15,480 DEBUG Engine.console] No logger_handler or orig_stream was detected
[2019-04-08 14:53:15,486 DEBUG Engine.Configuration] Dumping YAML config into /Users/apple/Desktop/bachelorProject/stressThing/StressThing/2019-04-08_14-51-53.162911/effective.yml
[2019-04-08 14:53:15,542 DEBUG Engine.Configuration] Dumping JSON config into /Users/apple/Desktop/bachelorProject/stressThing/StressThing/2019-04-08_14-51-53.162911/effective.json
[2019-04-08 14:53:15,545 INFO Engine] Post-processing...
[2019-04-08 14:53:15,545 DEBUG Engine.local] Post-process jmeter/UserScenario
[2019-04-08 14:53:15,545 DEBUG Engine] Add existing artifact (move=True): /Users/apple/Desktop/bachelorProject/stressThing/StressThing/2019-04-08_14-51-53.162911/modified_requests.jmx
[2019-04-08 14:53:15,546 DEBUG Engine] No need to copy /Users/apple/Desktop/bachelorProject/stressThing/StressThing/2019-04-08_14-51-53.162911/modified_requests.jmx
[2019-04-08 14:53:15,546 DEBUG Engine.jmeter.JTLReader] Buffer len: 2; Known errors count: 0
[2019-04-08 14:53:15,547 DEBUG Engine.jmeter.JTLReader] Aggregating: 1554718992, 2 in buffer
[2019-04-08 14:53:15,552 DEBUG Engine.jmeter.JTLReader] Buffer len: 1; Known errors count: 0
[2019-04-08 14:53:15,688 DEBUG Engine.jmeter.JTLReader] Aggregating: 1554718993, 1 in buffer
[2019-04-08 14:53:15,693 DEBUG Engine.jmeter.JTLReader] Buffer len: 0; Known errors count: 0
[2019-04-08 14:53:15,694 DEBUG Engine.consolidator] Consolidator buffer[4]: dict_keys([1554718990, 1554718991, 1554718992, 1554718993])
[2019-04-08 14:53:15,694 DEBUG Engine.consolidator] Merging into 1554718990
[2019-04-08 14:53:15,694 DEBUG Engine.consolidator] Bypassing consolidation because of single result
[2019-04-08 14:53:15,806 DEBUG Engine.consolidator] Processed datapoint: 1554718990/ConsolidatingAggregator@4533573616
[2019-04-08 14:53:15,807 DEBUG Engine.consolidator] Merging into 1554718991
[2019-04-08 14:53:15,807 DEBUG Engine.consolidator] Bypassing consolidation because of single result
[2019-04-08 14:53:16,012 DEBUG Engine.consolidator] Processed datapoint: 1554718991/ConsolidatingAggregator@4533573616
[2019-04-08 14:53:16,014 DEBUG Engine.consolidator] Merging into 1554718992
[2019-04-08 14:53:16,014 DEBUG Engine.consolidator] Bypassing consolidation because of single result
[2019-04-08 14:53:16,353 DEBUG Engine.consolidator] Processed datapoint: 1554718992/ConsolidatingAggregator@4533573616
[2019-04-08 14:53:16,354 DEBUG Engine.consolidator] Merging into 1554718993
[2019-04-08 14:53:16,354 DEBUG Engine.consolidator] Bypassing consolidation because of single result
[2019-04-08 14:53:16,440 DEBUG Engine.consolidator] Processed datapoint: 1554718993/ConsolidatingAggregator@4533573616
[2019-04-08 14:53:16,440 INFO Engine.final-stats] Test duration: 0:01:08
[2019-04-08 14:53:16,441 INFO Engine.final-stats] Samples count: 336, 0.00% failures
[2019-04-08 14:53:16,441 INFO Engine.final-stats] Average times: total 0.182, latency 0.182, connect 0.126
[2019-04-08 14:53:16,446 INFO Engine.final-stats] Percentiles:
(0lqqqqqqqqqqqqqqqwqqqqqqqqqqqqqqqk(B
(0x(B Percentile, % (0x(B Resp. Time, s (0x(B
(0tqqqqqqqqqqqqqqqnqqqqqqqqqqqqqqqu(B
(0x(B           0.0 (0x(B         0.012 (0x(B
(0x(B          50.0 (0x(B         0.077 (0x(B
(0x(B          90.0 (0x(B         0.405 (0x(B
(0x(B          95.0 (0x(B         0.693 (0x(B
(0x(B          99.0 (0x(B         1.271 (0x(B
(0x(B          99.9 (0x(B         1.638 (0x(B
(0x(B         100.0 (0x(B         1.638 (0x(B
(0mqqqqqqqqqqqqqqqvqqqqqqqqqqqqqqqj(B
[2019-04-08 14:53:16,452 INFO Engine.final-stats] Request label stats:
(0lqqqqqqqqqqqqqqqqqqqqqqqqqqqqqqqqqqqqqqqqqqwqqqqqqqqwqqqqqqqqqwqqqqqqqqwqqqqqqqk(B
(0x(B label                                    (0x(B status (0x(B    succ (0x(B avg_rt (0x(B error (0x(B
(0tqqqqqqqqqqqqqqqqqqqqqqqqqqqqqqqqqqqqqqqqqqnqqqqqqqqnqqqqqqqqqnqqqqqqqqnqqqqqqqu(B
(0x(B ACTION: feedback THING: falldetection    (0x(B   OK   (0x(B 100.00% (0x(B  0.172 (0x(B       (0x(B
(0x(B PROPERTY: getstatus THING: falldetection (0x(B   OK   (0x(B 100.00% (0x(B  0.192 (0x(B       (0x(B
(0mqqqqqqqqqqqqqqqqqqqqqqqqqqqqqqqqqqqqqqqqqqvqqqqqqqqvqqqqqqqqqvqqqqqqqqvqqqqqqqj(B
[2019-04-08 14:53:16,453 DEBUG Engine.console] No logger_handler or orig_stream was detected
[2019-04-08 14:53:16,453 DEBUG Engine.blazemeter] KPI bulk buffer len in post-proc: 6
[2019-04-08 14:53:16,453 INFO Engine.blazemeter] Sending remaining KPI data to server...
[2019-04-08 14:53:16,871 DEBUG User] Request: POST https://data.blazemeter.com/submit.php?session_id=r-ext-5cab20cfbc7b0&signature=ci1leHQtNWNhYjIwY2ZiYzdiMDoxNTU1OTI4NTI3OmQxNjM0NGViZWIxNWQ2MjEyY2M3NjkwMTY4YmRjYWFmNzVmNDNhNGUwMjk1NzllMmFlYjlmODlmY2U4NTNmZmFmZjY2MTk1YTQxNzI0OWViOTc1MmY1MzQ1MDA1NDc1NTQ5OGQ5NWIwNGUyN2RiYTQ4ZGRkNGNkYjdjNTNlYzJl&test_id=6753867&user_id=386483&pq=0&target=labels_bulk&update=1 b'{\n "labels": [\n  {\n   "n": 336,\n   "name": "ALL",\n   "interval": 1,\n   "intervals": [\n    {\n     "ec": 0,\n     "ts": 1554718988,\n     "na": 10,\n     "n": 10,\n     "failed": 0,\n     "rc": [\n      {\n       "n": 10,\n       "f": [],\n       "rc": "200"\n      }\n'
[2019-04-08 14:53:16,871 DEBUG HTTPClient] Making HTTP request POST https://data.blazemeter.com/submit.php?session_id=r-ext-5cab20cfbc7b0&signature=ci1leHQtNWNhYjIwY2ZiYzdiMDoxNTU1OTI4NTI3OmQxNjM0NGViZWIxNWQ2MjEyY2M3NjkwMTY4YmRjYWFmNzVmNDNhNGUwMjk1NzllMmFlYjlmODlmY2U4NTNmZmFmZjY2MTk1YTQxNzI0OWViOTc1MmY1MzQ1MDA1NDc1NTQ5OGQ5NWIwNGUyN2RiYTQ4ZGRkNGNkYjdjNTNlYzJl&test_id=6753867&user_id=386483&pq=0&target=labels_bulk&update=1
[2019-04-08 14:53:17,500 DEBUG urllib3.connectionpool] https://data.blazemeter.com:443 "POST /submit.php?session_id=r-ext-5cab20cfbc7b0&signature=ci1leHQtNWNhYjIwY2ZiYzdiMDoxNTU1OTI4NTI3OmQxNjM0NGViZWIxNWQ2MjEyY2M3NjkwMTY4YmRjYWFmNzVmNDNhNGUwMjk1NzllMmFlYjlmODlmY2U4NTNmZmFmZjY2MTk1YTQxNzI0OWViOTc1MmY1MzQ1MDA1NDc1NTQ5OGQ5NWIwNGUyN2RiYTQ4ZGRkNGNkYjdjNTNlYzJl&test_id=6753867&user_id=386483&pq=0&target=labels_bulk&update=1 HTTP/1.1" 200 140
[2019-04-08 14:53:17,502 DEBUG User] Response [200]: {"api_version":2,"error":null,"result":{"session":{"_id":"r-ext-5cab20cfbc7b0","name":"external","statusCode":100,"status":"INITIALIZING"}}}
[2019-04-08 14:53:17,522 DEBUG User] Request: POST https://data.blazemeter.com/api/v4/image/r-ext-5cab20cfbc7b0/files?signature=ci1leHQtNWNhYjIwY2ZiYzdiMDoxNTU1OTI4NTI3OmQxNjM0NGViZWIxNWQ2MjEyY2M3NjkwMTY4YmRjYWFmNzVmNDNhNGUwMjk1NzllMmFlYjlmODlmY2U4NTNmZmFmZjY2MTk1YTQxNzI0OWViOTc1MmY1MzQ1MDA1NDc1NTQ5OGQ5NWIwNGUyN2RiYTQ4ZGRkNGNkYjdjNTNlYzJl&masterId=19303831 b'--===============0216468976795804569==\r\nContent-Disposition: file; name="file"; filename="r-ext-5cab20cfbc7b0-0-c.monitoring.json"\r\nContent-Type: application/json\r\n\r\n{\n "reportInfo": {\n  "sessionId": "r-ext-5cab20cfbc7b0",\n  "timestamp": 1554718997.5050812'
[2019-04-08 14:53:17,522 DEBUG HTTPClient] Making HTTP request POST https://data.blazemeter.com/api/v4/image/r-ext-5cab20cfbc7b0/files?signature=ci1leHQtNWNhYjIwY2ZiYzdiMDoxNTU1OTI4NTI3OmQxNjM0NGViZWIxNWQ2MjEyY2M3NjkwMTY4YmRjYWFmNzVmNDNhNGUwMjk1NzllMmFlYjlmODlmY2U4NTNmZmFmZjY2MTk1YTQxNzI0OWViOTc1MmY1MzQ1MDA1NDc1NTQ5OGQ5NWIwNGUyN2RiYTQ4ZGRkNGNkYjdjNTNlYzJl&masterId=19303831
[2019-04-08 14:53:18,504 DEBUG urllib3.connectionpool] https://data.blazemeter.com:443 "POST /api/v4/image/r-ext-5cab20cfbc7b0/files?signature=ci1leHQtNWNhYjIwY2ZiYzdiMDoxNTU1OTI4NTI3OmQxNjM0NGViZWIxNWQ2MjEyY2M3NjkwMTY4YmRjYWFmNzVmNDNhNGUwMjk1NzllMmFlYjlmODlmY2U4NTNmZmFmZjY2MTk1YTQxNzI0OWViOTc1MmY1MzQ1MDA1NDc1NTQ5OGQ5NWIwNGUyN2RiYTQ4ZGRkNGNkYjdjNTNlYzJl&masterId=19303831 HTTP/1.1" 200 116
[2019-04-08 14:53:18,505 DEBUG User] Response [200]: {
    "api_version": 4,
    "error": null,
    "result": [
        "r-ext-5cab20cfbc7b0-0-c.monitoring.json"
    ]
}
[2019-04-08 14:53:18,506 DEBUG Engine.blazemeter] Set last check time to: 1554718925.84923
[2019-04-08 14:53:18,506 INFO Engine.blazemeter] Ending data feeding...
[2019-04-08 14:53:18,506 DEBUG User] Request: POST https://a.blazemeter.com/api/v4/sessions/r-ext-5cab20cfbc7b0/terminate-external {
 "signature": "ci1leHQtNWNhYjIwY2ZiYzdiMDoxNTU1OTI4NTI3OmQxNjM0NGViZWIxNWQ2MjEyY2M3NjkwMTY4YmRjYWFmNzVmNDNhNGUwMjk1NzllMmFlYjlmODlmY2U4NTNmZmFmZjY2MTk1YTQxNzI0OWViOTc1MmY1MzQ1MDA1NDc1NTQ5OGQ5NWIwNGUyN2RiYTQ4ZGRkNGNkYjdjNTNlYzJl",
 "testId": 6753867,
 "se
[2019-04-08 14:53:18,507 DEBUG HTTPClient] Making HTTP request POST https://a.blazemeter.com/api/v4/sessions/r-ext-5cab20cfbc7b0/terminate-external
[2019-04-08 14:53:18,842 DEBUG urllib3.connectionpool] https://a.blazemeter.com:443 "POST /api/v4/sessions/r-ext-5cab20cfbc7b0/terminate-external HTTP/1.1" 200 2076
[2019-04-08 14:53:18,843 DEBUG User] Response [200]: {
    "api_version": 4,
    "error": null,
    "result": {
        "success": "Terminating",
        "session": {
            "id": "r-ext-5cab20cfbc7b0",
            "name": "external",
            "userId": 386483,
            "publicToken": "vvfbpXUuSw2
[2019-04-08 14:53:18,844 INFO Engine.blazemeter] Online report link: https://a.blazemeter.com/app/?public-token=vvfbpXUuSw2BLw9AJhEok7baMcS3kbugxGmMUrZTCRfA8TJzcm#reports/r-ext-5cab20cfbc7b0/summary
[2019-04-08 14:53:18,848 DEBUG Engine.Configuration] Dumping YAML config into /Users/apple/Desktop/bachelorProject/stressThing/StressThing/2019-04-08_14-51-53.162911/effective.yml
[2019-04-08 14:53:18,908 DEBUG Engine.Configuration] Dumping JSON config into /Users/apple/Desktop/bachelorProject/stressThing/StressThing/2019-04-08_14-51-53.162911/effective.json
[2019-04-08 14:53:18,911 INFO root] Artifacts dir: /Users/apple/Desktop/bachelorProject/stressThing/StressThing/2019-04-08_14-51-53.162911
[2019-04-08 14:53:18,911 INFO root] Done performing with code: 0
[2019-04-08 14:53:18,911 DEBUG root] Closing log handler: /Users/apple/Desktop/bachelorProject/stressThing/StressThing/2019-04-08_14-51-53.162911/bzt.log
