2019-04-08 14:52:17,579 INFO o.a.j.u.JMeterUtils: Setting Locale to en_US
2019-04-08 14:52:17,807 INFO o.a.j.JMeter: Loading user properties from: /Users/apple/.bzt/jmeter-taurus/5.1.1/bin/user.properties
2019-04-08 14:52:17,813 INFO o.a.j.JMeter: Loading system properties from: /Users/apple/.bzt/jmeter-taurus/5.1.1/bin/system.properties
2019-04-08 14:52:17,814 INFO o.a.j.JMeter: Loading additional properties from: /Users/apple/Desktop/bachelorProject/stressThing/StressThing/2019-04-08_14-51-53.162911/jmeter-bzt.properties
2019-04-08 14:52:17,815 INFO o.a.j.JMeter: Setting System properties from file: /Users/apple/Desktop/bachelorProject/stressThing/StressThing/2019-04-08_14-51-53.162911/system.properties
2019-04-08 14:52:17,832 INFO o.a.j.JMeter: Copyright (c) 1998-2019 The Apache Software Foundation
2019-04-08 14:52:17,833 INFO o.a.j.JMeter: Version 5.1.1 r1855137
2019-04-08 14:52:17,833 INFO o.a.j.JMeter: java.version=1.8.0_66
2019-04-08 14:52:17,833 INFO o.a.j.JMeter: java.vm.name=Java HotSpot(TM) 64-Bit Server VM
2019-04-08 14:52:17,834 INFO o.a.j.JMeter: os.name=Mac OS X
2019-04-08 14:52:17,834 INFO o.a.j.JMeter: os.arch=x86_64
2019-04-08 14:52:17,834 INFO o.a.j.JMeter: os.version=10.13.4
2019-04-08 14:52:17,834 INFO o.a.j.JMeter: file.encoding=UTF-8
2019-04-08 14:52:17,835 INFO o.a.j.JMeter: java.awt.headless=true
2019-04-08 14:52:17,835 INFO o.a.j.JMeter: Max memory     =954728448
2019-04-08 14:52:17,835 INFO o.a.j.JMeter: Available Processors =4
2019-04-08 14:52:17,855 INFO o.a.j.JMeter: Default Locale=English (United States)
2019-04-08 14:52:17,856 INFO o.a.j.JMeter: JMeter  Locale=English (United States)
2019-04-08 14:52:17,856 INFO o.a.j.JMeter: JMeterHome=/Users/apple/.bzt/jmeter-taurus/5.1.1
2019-04-08 14:52:17,857 INFO o.a.j.JMeter: user.dir  =/Users/apple/Desktop/bachelorProject/stressThing/StressThing
2019-04-08 14:52:17,859 INFO o.a.j.JMeter: PWD       =/Users/apple/Desktop/bachelorProject/stressThing/StressThing
2019-04-08 14:52:17,867 INFO o.a.j.JMeter: IP: 172.20.10.5 Name: amirhosein-mac.local FullName: 172.20.10.5
2019-04-08 14:52:17,869 INFO o.a.j.JMeter: user.classpath=/Users/apple/Desktop/bachelorProject/stressThing/StressThing/2019-04-08_14-51-53.162911:/Users/apple/Desktop/bachelorProject/stressThing/StressThing/2019-04-08_14-51-53.162911
2019-04-08 14:52:17,869 INFO o.a.j.JMeter: Adding to classpath and loader: /Users/apple/Desktop/bachelorProject/stressThing/StressThing/2019-04-08_14-51-53.162911
2019-04-08 14:52:17,871 INFO o.a.j.JMeter: Adding to classpath and loader: /Users/apple/Desktop/bachelorProject/stressThing/StressThing/2019-04-08_14-51-53.162911
2019-04-08 14:52:17,956 INFO o.a.j.s.FileServer: Default base='/Users/apple/Desktop/bachelorProject/stressThing/StressThing'
2019-04-08 14:52:18,018 INFO o.a.j.s.FileServer: Set new base='/Users/apple/Desktop/bachelorProject/stressThing/StressThing/2019-04-08_14-51-53.162911'
2019-04-08 14:52:18,992 INFO o.a.j.s.SaveService: Testplan (JMX) version: 2.2. Testlog (JTL) version: 2.2
2019-04-08 14:52:19,056 INFO o.a.j.s.SaveService: Using SaveService properties file encoding UTF-8
2019-04-08 14:52:19,067 INFO o.a.j.s.SaveService: Using SaveService properties version 5.0
2019-04-08 14:52:19,086 INFO o.a.j.s.SaveService: Loading file: /Users/apple/Desktop/bachelorProject/stressThing/StressThing/2019-04-08_14-51-53.162911/modified_requests.jmx
2019-04-08 14:52:19,350 INFO o.a.j.p.h.c.CacheManager: Will only cache the following methods: [GET]
2019-04-08 14:52:19,354 INFO o.a.j.p.h.c.CookieManager: Settings: Delete null: true Check: true Allow variable: true Save: false Prefix: COOKIE_
2019-04-08 14:52:19,418 INFO o.a.j.p.h.s.HTTPSamplerBase: Parser for text/html is org.apache.jmeter.protocol.http.parser.LagartoBasedHtmlParser
2019-04-08 14:52:19,418 INFO o.a.j.p.h.s.HTTPSamplerBase: Parser for application/xhtml+xml is org.apache.jmeter.protocol.http.parser.LagartoBasedHtmlParser
2019-04-08 14:52:19,418 INFO o.a.j.p.h.s.HTTPSamplerBase: Parser for application/xml is org.apache.jmeter.protocol.http.parser.LagartoBasedHtmlParser
2019-04-08 14:52:19,418 INFO o.a.j.p.h.s.HTTPSamplerBase: Parser for text/xml is org.apache.jmeter.protocol.http.parser.LagartoBasedHtmlParser
2019-04-08 14:52:19,418 INFO o.a.j.p.h.s.HTTPSamplerBase: Parser for text/vnd.wap.wml is org.apache.jmeter.protocol.http.parser.RegexpHTMLParser
2019-04-08 14:52:19,419 INFO o.a.j.p.h.s.HTTPSamplerBase: Parser for text/css is org.apache.jmeter.protocol.http.parser.CssParser
2019-04-08 14:52:19,699 INFO o.a.j.e.StandardJMeterEngine: Running the test!
2019-04-08 14:52:19,703 INFO o.a.j.s.SampleEvent: List of sample_variables: []
2019-04-08 14:52:19,703 INFO o.a.j.s.SampleEvent: List of sample_variables: []
2019-04-08 14:52:19,722 INFO o.a.j.e.u.CompoundVariable: Note: Function class names must contain the string: '.functions.'
2019-04-08 14:52:19,722 INFO o.a.j.e.u.CompoundVariable: Note: Function class names must not contain the string: '.gui.'
2019-04-08 14:52:21,741 INFO o.a.j.JMeter: Running test (1554718941741)
2019-04-08 14:52:21,874 INFO o.a.j.e.StandardJMeterEngine: Starting ThreadGroup: 1 : UserScenario
2019-04-08 14:52:21,875 INFO o.a.j.e.StandardJMeterEngine: Starting 10 threads for group UserScenario.
2019-04-08 14:52:21,875 INFO o.a.j.e.StandardJMeterEngine: Thread will continue on error
2019-04-08 14:52:21,882 INFO o.a.j.e.StandardJMeterEngine: All thread groups have been started
2019-04-08 14:52:21,882 INFO c.b.j.t.c.ConcurrencyThreadStarter: Start supplying threads
2019-04-08 14:52:23,399 INFO o.a.j.s.SampleResult: Note: Sample TimeStamps are START times
2019-04-08 14:52:23,400 INFO o.a.j.s.SampleResult: sampleresult.default.encoding is set to UTF-8
2019-04-08 14:52:23,399 INFO o.a.j.t.JMeterThread: Thread started: UserScenario 1-1
2019-04-08 14:52:23,400 INFO o.a.j.s.SampleResult: sampleresult.useNanoTime=true
2019-04-08 14:52:23,400 INFO o.a.j.s.SampleResult: sampleresult.nanoThreadSleep=5000
2019-04-08 14:52:23,415 WARN k.a.j.t.VariableThroughputTimer: No free threads available in current Thread Group UserScenario, made 0 samples/s for expected rps 0.2 samples/s, increase your number of threads
2019-04-08 14:52:23,461 INFO o.a.j.p.h.s.HTTPHCAbstractImpl: Local host = amirhosein-mac.local
2019-04-08 14:52:23,491 INFO o.a.j.p.h.s.HTTPHC4Impl: HTTP request retry count = 0
2019-04-08 14:52:24,044 INFO o.a.j.p.h.p.BaseParser: Created org.apache.jmeter.protocol.http.parser.LagartoBasedHtmlParser
2019-04-08 14:52:26,039 WARN k.a.j.t.VariableThroughputTimer: No free threads available in current Thread Group UserScenario, made 1 samples/s for expected rps 1.1800000000000002 samples/s, increase your number of threads
2019-04-08 14:52:26,050 INFO o.a.j.u.JsseSSLManager: Using default SSL protocol: TLS
2019-04-08 14:52:26,050 INFO o.a.j.u.JsseSSLManager: SSL session context: per-thread
2019-04-08 14:52:26,410 INFO o.a.j.t.JMeterThread: Thread started: UserScenario 1-2
2019-04-08 14:52:29,416 INFO o.a.j.t.JMeterThread: Thread started: UserScenario 1-3
2019-04-08 14:52:32,418 INFO o.a.j.t.JMeterThread: Thread started: UserScenario 1-4
2019-04-08 14:52:35,424 INFO o.a.j.t.JMeterThread: Thread started: UserScenario 1-5
2019-04-08 14:52:38,430 INFO o.a.j.t.JMeterThread: Thread started: UserScenario 1-6
2019-04-08 14:52:41,439 INFO o.a.j.t.JMeterThread: Thread started: UserScenario 1-7
2019-04-08 14:52:44,452 INFO o.a.j.t.JMeterThread: Thread started: UserScenario 1-8
2019-04-08 14:52:47,459 INFO o.a.j.t.JMeterThread: Thread started: UserScenario 1-9
2019-04-08 14:52:50,468 INFO o.a.j.t.JMeterThread: Thread started: UserScenario 1-10
2019-04-08 14:53:02,619 WARN k.a.j.t.VariableThroughputTimer: No free threads available in current Thread Group UserScenario, made 7 samples/s for expected rps 10.0 samples/s, increase your number of threads
2019-04-08 14:53:12,506 INFO c.b.j.t.c.ConcurrencyThreadStarter: Done supplying threads
2019-04-08 14:53:12,735 INFO o.a.j.t.JMeterThread: Thread is done: UserScenario 1-4
2019-04-08 14:53:12,735 INFO o.a.j.t.JMeterThread: Thread is done: UserScenario 1-1
2019-04-08 14:53:12,735 INFO o.a.j.t.JMeterThread: Thread finished: UserScenario 1-4
2019-04-08 14:53:12,735 INFO o.a.j.t.JMeterThread: Thread finished: UserScenario 1-1
2019-04-08 14:53:12,738 INFO o.a.j.t.JMeterThread: Thread is done: UserScenario 1-6
2019-04-08 14:53:12,739 INFO o.a.j.t.JMeterThread: Thread finished: UserScenario 1-6
2019-04-08 14:53:13,062 INFO o.a.j.t.JMeterThread: Thread is done: UserScenario 1-7
2019-04-08 14:53:13,063 INFO o.a.j.t.JMeterThread: Thread finished: UserScenario 1-7
2019-04-08 14:53:13,079 INFO o.a.j.t.JMeterThread: Thread is done: UserScenario 1-2
2019-04-08 14:53:13,079 INFO o.a.j.t.JMeterThread: Thread finished: UserScenario 1-2
2019-04-08 14:53:13,079 INFO o.a.j.t.JMeterThread: Thread is done: UserScenario 1-5
2019-04-08 14:53:13,079 INFO o.a.j.t.JMeterThread: Thread finished: UserScenario 1-5
2019-04-08 14:53:13,267 INFO o.a.j.t.JMeterThread: Thread is done: UserScenario 1-10
2019-04-08 14:53:13,267 INFO o.a.j.t.JMeterThread: Thread finished: UserScenario 1-10
2019-04-08 14:53:13,269 INFO o.a.j.t.JMeterThread: Thread is done: UserScenario 1-3
2019-04-08 14:53:13,269 INFO o.a.j.t.JMeterThread: Thread finished: UserScenario 1-3
2019-04-08 14:53:13,269 INFO o.a.j.t.JMeterThread: Thread is done: UserScenario 1-9
2019-04-08 14:53:13,269 INFO o.a.j.t.JMeterThread: Thread finished: UserScenario 1-9
2019-04-08 14:53:13,350 INFO o.a.j.t.JMeterThread: Thread is done: UserScenario 1-8
2019-04-08 14:53:13,350 INFO o.a.j.t.JMeterThread: Thread finished: UserScenario 1-8
2019-04-08 14:53:13,350 INFO o.a.j.e.StandardJMeterEngine: Notifying test listeners of end of test
2019-04-08 14:53:13,358 INFO o.a.j.e.StandardJMeterEngine: Forced JVM shutdown requested at end of test
