2019-04-08 12:36:29,201 INFO o.a.j.u.JMeterUtils: Setting Locale to en_US
2019-04-08 12:36:29,410 INFO o.a.j.JMeter: Loading user properties from: /Users/apple/.bzt/jmeter-taurus/5.1.1/bin/user.properties
2019-04-08 12:36:29,415 INFO o.a.j.JMeter: Loading system properties from: /Users/apple/.bzt/jmeter-taurus/5.1.1/bin/system.properties
2019-04-08 12:36:29,416 INFO o.a.j.JMeter: Loading additional properties from: /Users/apple/Desktop/bachelorProject/stressThing/StressThing/2019-04-08_12-36-01.543081/jmeter-bzt.properties
2019-04-08 12:36:29,417 INFO o.a.j.JMeter: Setting System properties from file: /Users/apple/Desktop/bachelorProject/stressThing/StressThing/2019-04-08_12-36-01.543081/system.properties
2019-04-08 12:36:29,498 INFO o.a.j.JMeter: Copyright (c) 1998-2019 The Apache Software Foundation
2019-04-08 12:36:29,498 INFO o.a.j.JMeter: Version 5.1.1 r1855137
2019-04-08 12:36:29,498 INFO o.a.j.JMeter: java.version=1.8.0_66
2019-04-08 12:36:29,499 INFO o.a.j.JMeter: java.vm.name=Java HotSpot(TM) 64-Bit Server VM
2019-04-08 12:36:29,499 INFO o.a.j.JMeter: os.name=Mac OS X
2019-04-08 12:36:29,499 INFO o.a.j.JMeter: os.arch=x86_64
2019-04-08 12:36:29,499 INFO o.a.j.JMeter: os.version=10.13.4
2019-04-08 12:36:29,500 INFO o.a.j.JMeter: file.encoding=UTF-8
2019-04-08 12:36:29,500 INFO o.a.j.JMeter: java.awt.headless=true
2019-04-08 12:36:29,501 INFO o.a.j.JMeter: Max memory     =954728448
2019-04-08 12:36:29,501 INFO o.a.j.JMeter: Available Processors =4
2019-04-08 12:36:29,512 INFO o.a.j.JMeter: Default Locale=English (United States)
2019-04-08 12:36:29,513 INFO o.a.j.JMeter: JMeter  Locale=English (United States)
2019-04-08 12:36:29,513 INFO o.a.j.JMeter: JMeterHome=/Users/apple/.bzt/jmeter-taurus/5.1.1
2019-04-08 12:36:29,513 INFO o.a.j.JMeter: user.dir  =/Users/apple/Desktop/bachelorProject/stressThing/StressThing
2019-04-08 12:36:29,513 INFO o.a.j.JMeter: PWD       =/Users/apple/Desktop/bachelorProject/stressThing/StressThing
2019-04-08 12:36:29,517 INFO o.a.j.JMeter: IP: 172.20.10.5 Name: amirhosein-mac.local FullName: 172.20.10.5
2019-04-08 12:36:29,518 INFO o.a.j.JMeter: user.classpath=/Users/apple/Desktop/bachelorProject/stressThing/StressThing/2019-04-08_12-36-01.543081:/Users/apple/Desktop/bachelorProject/stressThing/StressThing/2019-04-08_12-36-01.543081
2019-04-08 12:36:29,518 INFO o.a.j.JMeter: Adding to classpath and loader: /Users/apple/Desktop/bachelorProject/stressThing/StressThing/2019-04-08_12-36-01.543081
2019-04-08 12:36:29,520 INFO o.a.j.JMeter: Adding to classpath and loader: /Users/apple/Desktop/bachelorProject/stressThing/StressThing/2019-04-08_12-36-01.543081
2019-04-08 12:36:29,537 INFO o.a.j.s.FileServer: Default base='/Users/apple/Desktop/bachelorProject/stressThing/StressThing'
2019-04-08 12:36:29,555 INFO o.a.j.s.FileServer: Set new base='/Users/apple/Desktop/bachelorProject/stressThing/StressThing/2019-04-08_12-36-01.543081'
2019-04-08 12:36:30,853 INFO o.a.j.s.SaveService: Testplan (JMX) version: 2.2. Testlog (JTL) version: 2.2
2019-04-08 12:36:31,129 INFO o.a.j.s.SaveService: Using SaveService properties file encoding UTF-8
2019-04-08 12:36:31,151 INFO o.a.j.s.SaveService: Using SaveService properties version 5.0
2019-04-08 12:36:31,192 INFO o.a.j.s.SaveService: Loading file: /Users/apple/Desktop/bachelorProject/stressThing/StressThing/2019-04-08_12-36-01.543081/modified_requests.jmx
2019-04-08 12:36:31,465 INFO o.a.j.p.h.c.CacheManager: Will only cache the following methods: [GET]
2019-04-08 12:36:31,501 INFO o.a.j.p.h.c.CookieManager: Settings: Delete null: true Check: true Allow variable: true Save: false Prefix: COOKIE_
2019-04-08 12:36:31,567 INFO o.a.j.p.h.s.HTTPSamplerBase: Parser for text/html is org.apache.jmeter.protocol.http.parser.LagartoBasedHtmlParser
2019-04-08 12:36:31,568 INFO o.a.j.p.h.s.HTTPSamplerBase: Parser for application/xhtml+xml is org.apache.jmeter.protocol.http.parser.LagartoBasedHtmlParser
2019-04-08 12:36:31,568 INFO o.a.j.p.h.s.HTTPSamplerBase: Parser for application/xml is org.apache.jmeter.protocol.http.parser.LagartoBasedHtmlParser
2019-04-08 12:36:31,568 INFO o.a.j.p.h.s.HTTPSamplerBase: Parser for text/xml is org.apache.jmeter.protocol.http.parser.LagartoBasedHtmlParser
2019-04-08 12:36:31,568 INFO o.a.j.p.h.s.HTTPSamplerBase: Parser for text/vnd.wap.wml is org.apache.jmeter.protocol.http.parser.RegexpHTMLParser
2019-04-08 12:36:31,569 INFO o.a.j.p.h.s.HTTPSamplerBase: Parser for text/css is org.apache.jmeter.protocol.http.parser.CssParser
2019-04-08 12:36:31,748 INFO o.a.j.e.StandardJMeterEngine: Running the test!
2019-04-08 12:36:31,753 INFO o.a.j.s.SampleEvent: List of sample_variables: []
2019-04-08 12:36:31,753 INFO o.a.j.s.SampleEvent: List of sample_variables: []
2019-04-08 12:36:31,775 INFO o.a.j.e.u.CompoundVariable: Note: Function class names must contain the string: '.functions.'
2019-04-08 12:36:31,776 INFO o.a.j.e.u.CompoundVariable: Note: Function class names must not contain the string: '.gui.'
2019-04-08 12:36:33,889 INFO o.a.j.JMeter: Running test (1554710793888)
2019-04-08 12:36:34,115 INFO o.a.j.e.StandardJMeterEngine: Starting ThreadGroup: 1 : UserScenario
2019-04-08 12:36:34,116 INFO o.a.j.e.StandardJMeterEngine: Starting 10 threads for group UserScenario.
2019-04-08 12:36:34,116 INFO o.a.j.e.StandardJMeterEngine: Thread will continue on error
2019-04-08 12:36:34,125 INFO c.b.j.t.c.ConcurrencyThreadStarter: Start supplying threads
2019-04-08 12:36:34,129 INFO o.a.j.e.StandardJMeterEngine: All thread groups have been started
2019-04-08 12:36:35,141 INFO o.a.j.s.SampleResult: Note: Sample TimeStamps are START times
2019-04-08 12:36:35,142 INFO o.a.j.s.SampleResult: sampleresult.default.encoding is set to UTF-8
2019-04-08 12:36:35,143 INFO o.a.j.s.SampleResult: sampleresult.useNanoTime=true
2019-04-08 12:36:35,144 INFO o.a.j.s.SampleResult: sampleresult.nanoThreadSleep=5000
2019-04-08 12:36:35,143 INFO o.a.j.t.JMeterThread: Thread started: UserScenario 1-1
2019-04-08 12:36:35,162 WARN k.a.j.t.VariableThroughputTimer: No free threads available in current Thread Group UserScenario, made 0 samples/s for expected rps 0.333 samples/s, increase your number of threads
2019-04-08 12:36:35,221 INFO o.a.j.p.h.s.HTTPHCAbstractImpl: Local host = amirhosein-mac.local
2019-04-08 12:36:35,237 INFO o.a.j.p.h.s.HTTPHC4Impl: HTTP request retry count = 0
2019-04-08 12:36:36,129 INFO o.a.j.p.h.p.BaseParser: Created org.apache.jmeter.protocol.http.parser.LagartoBasedHtmlParser
2019-04-08 12:36:37,157 INFO o.a.j.t.JMeterThread: Thread started: UserScenario 1-2
2019-04-08 12:36:37,967 INFO o.a.j.u.JsseSSLManager: Using default SSL protocol: TLS
2019-04-08 12:36:37,967 INFO o.a.j.u.JsseSSLManager: SSL session context: per-thread
2019-04-08 12:36:39,163 INFO o.a.j.t.JMeterThread: Thread started: UserScenario 1-3
2019-04-08 12:36:39,165 WARN k.a.j.t.VariableThroughputTimer: No free threads available in current Thread Group UserScenario, made 1 samples/s for expected rps 2.2664 samples/s, increase your number of threads
2019-04-08 12:36:41,167 INFO o.a.j.t.JMeterThread: Thread started: UserScenario 1-4
2019-04-08 12:36:43,179 INFO o.a.j.t.JMeterThread: Thread started: UserScenario 1-5
2019-04-08 12:36:45,194 INFO o.a.j.t.JMeterThread: Thread started: UserScenario 1-6
2019-04-08 12:36:47,200 INFO o.a.j.t.JMeterThread: Thread started: UserScenario 1-7
2019-04-08 12:36:49,203 INFO o.a.j.t.JMeterThread: Thread started: UserScenario 1-8
2019-04-08 12:36:51,208 INFO o.a.j.t.JMeterThread: Thread started: UserScenario 1-9
2019-04-08 12:36:53,219 INFO o.a.j.t.JMeterThread: Thread started: UserScenario 1-10
2019-04-08 12:37:04,242 INFO c.b.j.t.c.ConcurrencyThreadStarter: Done supplying threads
2019-04-08 12:37:04,297 INFO o.a.j.t.JMeterThread: Thread is done: UserScenario 1-3
2019-04-08 12:37:04,298 INFO o.a.j.t.JMeterThread: Thread finished: UserScenario 1-3
2019-04-08 12:37:04,339 INFO o.a.j.t.JMeterThread: Thread is done: UserScenario 1-2
2019-04-08 12:37:04,340 INFO o.a.j.t.JMeterThread: Thread finished: UserScenario 1-2
2019-04-08 12:37:04,702 INFO o.a.j.t.JMeterThread: Thread is done: UserScenario 1-7
2019-04-08 12:37:04,702 INFO o.a.j.t.JMeterThread: Thread finished: UserScenario 1-7
2019-04-08 12:37:04,709 INFO o.a.j.t.JMeterThread: Thread is done: UserScenario 1-9
2019-04-08 12:37:04,709 INFO o.a.j.t.JMeterThread: Thread is done: UserScenario 1-1
2019-04-08 12:37:04,709 INFO o.a.j.t.JMeterThread: Thread finished: UserScenario 1-9
2019-04-08 12:37:04,710 INFO o.a.j.t.JMeterThread: Thread finished: UserScenario 1-1
2019-04-08 12:37:04,715 INFO o.a.j.t.JMeterThread: Thread is done: UserScenario 1-8
2019-04-08 12:37:04,715 INFO o.a.j.t.JMeterThread: Thread finished: UserScenario 1-8
2019-04-08 12:37:04,911 INFO o.a.j.t.JMeterThread: Thread is done: UserScenario 1-6
2019-04-08 12:37:04,911 INFO o.a.j.t.JMeterThread: Thread finished: UserScenario 1-6
2019-04-08 12:37:04,929 INFO o.a.j.t.JMeterThread: Thread is done: UserScenario 1-4
2019-04-08 12:37:04,929 INFO o.a.j.t.JMeterThread: Thread finished: UserScenario 1-4
2019-04-08 12:37:04,977 INFO o.a.j.t.JMeterThread: Thread is done: UserScenario 1-10
2019-04-08 12:37:04,977 INFO o.a.j.t.JMeterThread: Thread finished: UserScenario 1-10
2019-04-08 12:37:05,260 INFO o.a.j.t.JMeterThread: Thread is done: UserScenario 1-5
2019-04-08 12:37:05,260 INFO o.a.j.t.JMeterThread: Thread finished: UserScenario 1-5
2019-04-08 12:37:05,261 INFO o.a.j.e.StandardJMeterEngine: Notifying test listeners of end of test
2019-04-08 12:37:05,265 INFO o.a.j.e.StandardJMeterEngine: Forced JVM shutdown requested at end of test
