2019-04-08 12:45:26,038 INFO o.a.j.u.JMeterUtils: Setting Locale to en_US
2019-04-08 12:45:26,186 INFO o.a.j.JMeter: Loading user properties from: /Users/apple/.bzt/jmeter-taurus/5.1.1/bin/user.properties
2019-04-08 12:45:26,188 INFO o.a.j.JMeter: Loading system properties from: /Users/apple/.bzt/jmeter-taurus/5.1.1/bin/system.properties
2019-04-08 12:45:26,194 INFO o.a.j.JMeter: Loading additional properties from: /Users/apple/Desktop/bachelorProject/stressThing/StressThing/2019-04-08_12-44-47.840330/jmeter-bzt.properties
2019-04-08 12:45:26,195 INFO o.a.j.JMeter: Setting System properties from file: /Users/apple/Desktop/bachelorProject/stressThing/StressThing/2019-04-08_12-44-47.840330/system.properties
2019-04-08 12:45:26,348 INFO o.a.j.JMeter: Copyright (c) 1998-2019 The Apache Software Foundation
2019-04-08 12:45:26,349 INFO o.a.j.JMeter: Version 5.1.1 r1855137
2019-04-08 12:45:26,349 INFO o.a.j.JMeter: java.version=1.8.0_66
2019-04-08 12:45:26,349 INFO o.a.j.JMeter: java.vm.name=Java HotSpot(TM) 64-Bit Server VM
2019-04-08 12:45:26,349 INFO o.a.j.JMeter: os.name=Mac OS X
2019-04-08 12:45:26,349 INFO o.a.j.JMeter: os.arch=x86_64
2019-04-08 12:45:26,350 INFO o.a.j.JMeter: os.version=10.13.4
2019-04-08 12:45:26,351 INFO o.a.j.JMeter: file.encoding=UTF-8
2019-04-08 12:45:26,352 INFO o.a.j.JMeter: java.awt.headless=true
2019-04-08 12:45:26,352 INFO o.a.j.JMeter: Max memory     =954728448
2019-04-08 12:45:26,352 INFO o.a.j.JMeter: Available Processors =4
2019-04-08 12:45:26,381 INFO o.a.j.JMeter: Default Locale=English (United States)
2019-04-08 12:45:26,382 INFO o.a.j.JMeter: JMeter  Locale=English (United States)
2019-04-08 12:45:26,383 INFO o.a.j.JMeter: JMeterHome=/Users/apple/.bzt/jmeter-taurus/5.1.1
2019-04-08 12:45:26,383 INFO o.a.j.JMeter: user.dir  =/Users/apple/Desktop/bachelorProject/stressThing/StressThing
2019-04-08 12:45:26,383 INFO o.a.j.JMeter: PWD       =/Users/apple/Desktop/bachelorProject/stressThing/StressThing
2019-04-08 12:45:26,390 INFO o.a.j.JMeter: IP: 172.20.10.5 Name: amirhosein-mac.local FullName: 172.20.10.5
2019-04-08 12:45:26,391 INFO o.a.j.JMeter: user.classpath=/Users/apple/Desktop/bachelorProject/stressThing/StressThing/2019-04-08_12-44-47.840330:/Users/apple/Desktop/bachelorProject/stressThing/StressThing/2019-04-08_12-44-47.840330
2019-04-08 12:45:26,391 INFO o.a.j.JMeter: Adding to classpath and loader: /Users/apple/Desktop/bachelorProject/stressThing/StressThing/2019-04-08_12-44-47.840330
2019-04-08 12:45:26,395 INFO o.a.j.JMeter: Adding to classpath and loader: /Users/apple/Desktop/bachelorProject/stressThing/StressThing/2019-04-08_12-44-47.840330
2019-04-08 12:45:26,422 INFO o.a.j.s.FileServer: Default base='/Users/apple/Desktop/bachelorProject/stressThing/StressThing'
2019-04-08 12:45:26,496 INFO o.a.j.s.FileServer: Set new base='/Users/apple/Desktop/bachelorProject/stressThing/StressThing/2019-04-08_12-44-47.840330'
2019-04-08 12:45:27,386 INFO o.a.j.s.SaveService: Testplan (JMX) version: 2.2. Testlog (JTL) version: 2.2
2019-04-08 12:45:27,522 INFO o.a.j.s.SaveService: Using SaveService properties file encoding UTF-8
2019-04-08 12:45:27,538 INFO o.a.j.s.SaveService: Using SaveService properties version 5.0
2019-04-08 12:45:27,561 INFO o.a.j.s.SaveService: Loading file: /Users/apple/Desktop/bachelorProject/stressThing/StressThing/2019-04-08_12-44-47.840330/modified_requests.jmx
2019-04-08 12:45:27,868 INFO o.a.j.p.h.c.CacheManager: Will only cache the following methods: [GET]
2019-04-08 12:45:27,875 INFO o.a.j.p.h.c.CookieManager: Settings: Delete null: true Check: true Allow variable: true Save: false Prefix: COOKIE_
2019-04-08 12:45:27,944 INFO o.a.j.p.h.s.HTTPSamplerBase: Parser for text/html is org.apache.jmeter.protocol.http.parser.LagartoBasedHtmlParser
2019-04-08 12:45:27,945 INFO o.a.j.p.h.s.HTTPSamplerBase: Parser for application/xhtml+xml is org.apache.jmeter.protocol.http.parser.LagartoBasedHtmlParser
2019-04-08 12:45:27,945 INFO o.a.j.p.h.s.HTTPSamplerBase: Parser for application/xml is org.apache.jmeter.protocol.http.parser.LagartoBasedHtmlParser
2019-04-08 12:45:27,945 INFO o.a.j.p.h.s.HTTPSamplerBase: Parser for text/xml is org.apache.jmeter.protocol.http.parser.LagartoBasedHtmlParser
2019-04-08 12:45:27,946 INFO o.a.j.p.h.s.HTTPSamplerBase: Parser for text/vnd.wap.wml is org.apache.jmeter.protocol.http.parser.RegexpHTMLParser
2019-04-08 12:45:27,946 INFO o.a.j.p.h.s.HTTPSamplerBase: Parser for text/css is org.apache.jmeter.protocol.http.parser.CssParser
2019-04-08 12:45:28,341 INFO o.a.j.e.StandardJMeterEngine: Running the test!
2019-04-08 12:45:28,346 INFO o.a.j.s.SampleEvent: List of sample_variables: []
2019-04-08 12:45:28,347 INFO o.a.j.s.SampleEvent: List of sample_variables: []
2019-04-08 12:45:28,376 INFO o.a.j.e.u.CompoundVariable: Note: Function class names must contain the string: '.functions.'
2019-04-08 12:45:28,376 INFO o.a.j.e.u.CompoundVariable: Note: Function class names must not contain the string: '.gui.'
2019-04-08 12:45:31,260 INFO o.a.j.JMeter: Running test (1554711331260)
2019-04-08 12:45:31,409 INFO o.a.j.e.StandardJMeterEngine: Starting ThreadGroup: 1 : UserScenario
2019-04-08 12:45:31,410 INFO o.a.j.e.StandardJMeterEngine: Starting 500 threads for group UserScenario.
2019-04-08 12:45:31,410 INFO o.a.j.e.StandardJMeterEngine: Thread will continue on error
2019-04-08 12:45:31,419 INFO c.b.j.t.c.ConcurrencyThreadStarter: Start supplying threads
2019-04-08 12:45:31,423 INFO o.a.j.e.StandardJMeterEngine: All thread groups have been started
2019-04-08 12:45:31,461 INFO o.a.j.s.SampleResult: Note: Sample TimeStamps are START times
2019-04-08 12:45:31,470 INFO o.a.j.s.SampleResult: sampleresult.default.encoding is set to UTF-8
2019-04-08 12:45:31,470 INFO o.a.j.t.JMeterThread: Thread started: UserScenario 1-1
2019-04-08 12:45:31,470 INFO o.a.j.s.SampleResult: sampleresult.useNanoTime=true
2019-04-08 12:45:31,471 INFO o.a.j.s.SampleResult: sampleresult.nanoThreadSleep=5000
2019-04-08 12:45:31,490 WARN k.a.j.t.VariableThroughputTimer: No free threads available in current Thread Group UserScenario, made 0 samples/s for expected rps 1.667 samples/s, increase your number of threads
2019-04-08 12:45:31,542 INFO o.a.j.p.h.s.HTTPHCAbstractImpl: Local host = amirhosein-mac.local
2019-04-08 12:45:31,572 INFO o.a.j.p.h.s.HTTPHC4Impl: HTTP request retry count = 0
2019-04-08 12:45:32,484 INFO o.a.j.t.JMeterThread: Thread started: UserScenario 1-2
2019-04-08 12:45:32,486 WARN k.a.j.t.VariableThroughputTimer: No free threads available in current Thread Group UserScenario, made 1 samples/s for expected rps 4.08365 samples/s, increase your number of threads
2019-04-08 12:45:32,488 INFO o.a.j.t.JMeterThread: Thread started: UserScenario 1-3
2019-04-08 12:45:32,489 INFO o.a.j.t.JMeterThread: Thread started: UserScenario 1-4
2019-04-08 12:45:32,494 INFO o.a.j.t.JMeterThread: Thread started: UserScenario 1-5
2019-04-08 12:45:32,498 INFO o.a.j.t.JMeterThread: Thread started: UserScenario 1-6
2019-04-08 12:45:32,500 INFO o.a.j.t.JMeterThread: Thread started: UserScenario 1-7
2019-04-08 12:45:32,502 INFO o.a.j.t.JMeterThread: Thread started: UserScenario 1-8
2019-04-08 12:45:32,505 INFO o.a.j.t.JMeterThread: Thread started: UserScenario 1-9
2019-04-08 12:45:32,506 INFO o.a.j.t.JMeterThread: Thread started: UserScenario 1-10
2019-04-08 12:45:32,510 INFO o.a.j.t.JMeterThread: Thread started: UserScenario 1-11
2019-04-08 12:45:32,512 INFO o.a.j.t.JMeterThread: Thread started: UserScenario 1-12
2019-04-08 12:45:32,516 INFO o.a.j.t.JMeterThread: Thread started: UserScenario 1-13
2019-04-08 12:45:32,524 INFO o.a.j.t.JMeterThread: Thread started: UserScenario 1-14
2019-04-08 12:45:32,526 INFO o.a.j.t.JMeterThread: Thread started: UserScenario 1-15
2019-04-08 12:45:32,529 INFO o.a.j.t.JMeterThread: Thread started: UserScenario 1-16
2019-04-08 12:45:32,531 INFO o.a.j.t.JMeterThread: Thread started: UserScenario 1-17
2019-04-08 12:45:32,535 INFO o.a.j.t.JMeterThread: Thread started: UserScenario 1-18
2019-04-08 12:45:32,538 INFO o.a.j.t.JMeterThread: Thread started: UserScenario 1-19
2019-04-08 12:45:32,542 INFO o.a.j.t.JMeterThread: Thread started: UserScenario 1-20
2019-04-08 12:45:32,543 INFO o.a.j.t.JMeterThread: Thread started: UserScenario 1-21
2019-04-08 12:45:32,546 INFO o.a.j.t.JMeterThread: Thread started: UserScenario 1-22
2019-04-08 12:45:32,547 INFO o.a.j.t.JMeterThread: Thread started: UserScenario 1-23
2019-04-08 12:45:32,550 INFO o.a.j.t.JMeterThread: Thread started: UserScenario 1-24
2019-04-08 12:45:32,553 INFO o.a.j.t.JMeterThread: Thread started: UserScenario 1-25
2019-04-08 12:45:32,557 INFO o.a.j.t.JMeterThread: Thread started: UserScenario 1-26
2019-04-08 12:45:32,559 INFO o.a.j.t.JMeterThread: Thread started: UserScenario 1-27
2019-04-08 12:45:32,561 INFO o.a.j.t.JMeterThread: Thread started: UserScenario 1-28
2019-04-08 12:45:33,568 INFO o.a.j.t.JMeterThread: Thread started: UserScenario 1-29
2019-04-08 12:45:33,570 INFO o.a.j.t.JMeterThread: Thread started: UserScenario 1-30
2019-04-08 12:45:33,575 INFO o.a.j.t.JMeterThread: Thread started: UserScenario 1-31
2019-04-08 12:45:33,576 INFO o.a.j.t.JMeterThread: Thread started: UserScenario 1-32
2019-04-08 12:45:33,579 INFO o.a.j.t.JMeterThread: Thread started: UserScenario 1-33
2019-04-08 12:45:33,580 INFO o.a.j.t.JMeterThread: Thread started: UserScenario 1-34
2019-04-08 12:45:33,581 INFO o.a.j.t.JMeterThread: Thread started: UserScenario 1-35
2019-04-08 12:45:33,584 INFO o.a.j.t.JMeterThread: Thread started: UserScenario 1-36
2019-04-08 12:45:33,586 INFO o.a.j.t.JMeterThread: Thread started: UserScenario 1-37
2019-04-08 12:45:33,588 INFO o.a.j.t.JMeterThread: Thread started: UserScenario 1-38
2019-04-08 12:45:33,589 INFO o.a.j.t.JMeterThread: Thread started: UserScenario 1-39
2019-04-08 12:45:33,590 INFO o.a.j.t.JMeterThread: Thread started: UserScenario 1-40
2019-04-08 12:45:33,592 INFO o.a.j.t.JMeterThread: Thread started: UserScenario 1-41
2019-04-08 12:45:33,592 INFO o.a.j.t.JMeterThread: Thread started: UserScenario 1-42
2019-04-08 12:45:33,595 INFO o.a.j.t.JMeterThread: Thread started: UserScenario 1-43
2019-04-08 12:45:33,596 INFO o.a.j.t.JMeterThread: Thread started: UserScenario 1-44
2019-04-08 12:45:33,605 INFO o.a.j.t.JMeterThread: Thread started: UserScenario 1-45
2019-04-08 12:45:33,607 INFO o.a.j.t.JMeterThread: Thread started: UserScenario 1-46
2019-04-08 12:45:33,610 INFO o.a.j.t.JMeterThread: Thread started: UserScenario 1-47
2019-04-08 12:45:33,610 INFO o.a.j.t.JMeterThread: Thread started: UserScenario 1-48
2019-04-08 12:45:33,611 INFO o.a.j.t.JMeterThread: Thread started: UserScenario 1-49
2019-04-08 12:45:33,612 INFO o.a.j.t.JMeterThread: Thread started: UserScenario 1-50
2019-04-08 12:45:33,613 INFO o.a.j.t.JMeterThread: Thread started: UserScenario 1-51
2019-04-08 12:45:33,614 INFO o.a.j.t.JMeterThread: Thread started: UserScenario 1-52
2019-04-08 12:45:33,615 INFO o.a.j.t.JMeterThread: Thread started: UserScenario 1-53
2019-04-08 12:45:33,617 INFO o.a.j.t.JMeterThread: Thread started: UserScenario 1-54
2019-04-08 12:45:33,620 INFO o.a.j.t.JMeterThread: Thread started: UserScenario 1-55
2019-04-08 12:45:34,624 INFO o.a.j.t.JMeterThread: Thread started: UserScenario 1-56
2019-04-08 12:45:34,625 INFO o.a.j.t.JMeterThread: Thread started: UserScenario 1-57
2019-04-08 12:45:34,634 INFO o.a.j.t.JMeterThread: Thread started: UserScenario 1-58
2019-04-08 12:45:34,634 INFO o.a.j.t.JMeterThread: Thread started: UserScenario 1-59
2019-04-08 12:45:34,637 INFO o.a.j.t.JMeterThread: Thread started: UserScenario 1-60
2019-04-08 12:45:34,639 INFO o.a.j.t.JMeterThread: Thread started: UserScenario 1-61
2019-04-08 12:45:34,640 INFO o.a.j.t.JMeterThread: Thread started: UserScenario 1-62
2019-04-08 12:45:34,640 INFO o.a.j.t.JMeterThread: Thread started: UserScenario 1-63
2019-04-08 12:45:34,643 INFO o.a.j.t.JMeterThread: Thread started: UserScenario 1-64
2019-04-08 12:45:34,645 INFO o.a.j.t.JMeterThread: Thread started: UserScenario 1-65
2019-04-08 12:45:34,647 INFO o.a.j.t.JMeterThread: Thread started: UserScenario 1-66
2019-04-08 12:45:34,647 INFO o.a.j.t.JMeterThread: Thread started: UserScenario 1-67
2019-04-08 12:45:34,648 INFO o.a.j.t.JMeterThread: Thread started: UserScenario 1-68
2019-04-08 12:45:34,649 INFO o.a.j.t.JMeterThread: Thread started: UserScenario 1-69
2019-04-08 12:45:34,650 INFO o.a.j.t.JMeterThread: Thread started: UserScenario 1-70
2019-04-08 12:45:34,651 INFO o.a.j.t.JMeterThread: Thread started: UserScenario 1-71
2019-04-08 12:45:34,652 INFO o.a.j.t.JMeterThread: Thread started: UserScenario 1-72
2019-04-08 12:45:34,653 INFO o.a.j.t.JMeterThread: Thread started: UserScenario 1-73
2019-04-08 12:45:34,654 INFO o.a.j.t.JMeterThread: Thread started: UserScenario 1-74
2019-04-08 12:45:34,655 INFO o.a.j.t.JMeterThread: Thread started: UserScenario 1-75
2019-04-08 12:45:34,656 INFO o.a.j.t.JMeterThread: Thread started: UserScenario 1-76
2019-04-08 12:45:34,657 INFO o.a.j.t.JMeterThread: Thread started: UserScenario 1-77
2019-04-08 12:45:34,658 INFO o.a.j.t.JMeterThread: Thread started: UserScenario 1-78
2019-04-08 12:45:34,659 INFO o.a.j.t.JMeterThread: Thread started: UserScenario 1-79
2019-04-08 12:45:34,660 INFO o.a.j.t.JMeterThread: Thread started: UserScenario 1-80
2019-04-08 12:45:34,661 INFO o.a.j.t.JMeterThread: Thread started: UserScenario 1-81
2019-04-08 12:45:35,663 INFO o.a.j.t.JMeterThread: Thread started: UserScenario 1-82
2019-04-08 12:45:35,666 INFO o.a.j.t.JMeterThread: Thread started: UserScenario 1-83
2019-04-08 12:45:35,697 INFO o.a.j.t.JMeterThread: Thread started: UserScenario 1-84
2019-04-08 12:45:35,704 INFO o.a.j.t.JMeterThread: Thread started: UserScenario 1-86
2019-04-08 12:45:35,709 INFO o.a.j.t.JMeterThread: Thread started: UserScenario 1-87
2019-04-08 12:45:35,715 INFO o.a.j.t.JMeterThread: Thread started: UserScenario 1-85
2019-04-08 12:45:35,717 INFO o.a.j.t.JMeterThread: Thread started: UserScenario 1-88
2019-04-08 12:45:35,720 INFO o.a.j.t.JMeterThread: Thread started: UserScenario 1-89
2019-04-08 12:45:35,722 INFO o.a.j.t.JMeterThread: Thread started: UserScenario 1-90
2019-04-08 12:45:35,723 INFO o.a.j.t.JMeterThread: Thread started: UserScenario 1-91
2019-04-08 12:45:35,724 INFO o.a.j.t.JMeterThread: Thread started: UserScenario 1-92
2019-04-08 12:45:35,726 INFO o.a.j.t.JMeterThread: Thread started: UserScenario 1-93
2019-04-08 12:45:35,727 INFO o.a.j.t.JMeterThread: Thread started: UserScenario 1-94
2019-04-08 12:45:35,728 INFO o.a.j.t.JMeterThread: Thread started: UserScenario 1-95
2019-04-08 12:45:35,730 INFO o.a.j.t.JMeterThread: Thread started: UserScenario 1-96
2019-04-08 12:45:35,732 INFO o.a.j.t.JMeterThread: Thread started: UserScenario 1-97
2019-04-08 12:45:35,733 INFO o.a.j.t.JMeterThread: Thread started: UserScenario 1-98
2019-04-08 12:45:35,735 INFO o.a.j.t.JMeterThread: Thread started: UserScenario 1-99
2019-04-08 12:45:35,736 INFO o.a.j.t.JMeterThread: Thread started: UserScenario 1-100
2019-04-08 12:45:35,736 INFO o.a.j.t.JMeterThread: Thread started: UserScenario 1-101
2019-04-08 12:45:35,737 INFO o.a.j.t.JMeterThread: Thread started: UserScenario 1-102
2019-04-08 12:45:35,739 INFO o.a.j.t.JMeterThread: Thread started: UserScenario 1-103
2019-04-08 12:45:35,739 INFO o.a.j.t.JMeterThread: Thread started: UserScenario 1-104
2019-04-08 12:45:35,740 INFO o.a.j.t.JMeterThread: Thread started: UserScenario 1-105
2019-04-08 12:45:35,744 INFO o.a.j.t.JMeterThread: Thread started: UserScenario 1-106
2019-04-08 12:45:35,745 INFO o.a.j.t.JMeterThread: Thread started: UserScenario 1-107
2019-04-08 12:45:35,746 INFO o.a.j.t.JMeterThread: Thread started: UserScenario 1-108
2019-04-08 12:45:36,749 INFO o.a.j.t.JMeterThread: Thread started: UserScenario 1-109
2019-04-08 12:45:36,751 INFO o.a.j.t.JMeterThread: Thread started: UserScenario 1-110
2019-04-08 12:45:36,759 INFO o.a.j.t.JMeterThread: Thread started: UserScenario 1-111
2019-04-08 12:45:36,760 INFO o.a.j.t.JMeterThread: Thread started: UserScenario 1-112
2019-04-08 12:45:36,763 INFO o.a.j.t.JMeterThread: Thread started: UserScenario 1-113
2019-04-08 12:45:36,763 INFO o.a.j.t.JMeterThread: Thread started: UserScenario 1-114
2019-04-08 12:45:36,765 INFO o.a.j.t.JMeterThread: Thread started: UserScenario 1-115
2019-04-08 12:45:36,767 INFO o.a.j.t.JMeterThread: Thread started: UserScenario 1-116
2019-04-08 12:45:36,858 INFO o.a.j.t.JMeterThread: Thread started: UserScenario 1-117
2019-04-08 12:45:36,863 INFO o.a.j.t.JMeterThread: Thread started: UserScenario 1-118
2019-04-08 12:45:36,864 INFO o.a.j.t.JMeterThread: Thread started: UserScenario 1-119
2019-04-08 12:45:36,867 INFO o.a.j.t.JMeterThread: Thread started: UserScenario 1-120
2019-04-08 12:45:36,869 INFO o.a.j.t.JMeterThread: Thread started: UserScenario 1-121
2019-04-08 12:45:36,870 INFO o.a.j.t.JMeterThread: Thread started: UserScenario 1-122
2019-04-08 12:45:36,872 INFO o.a.j.t.JMeterThread: Thread started: UserScenario 1-123
2019-04-08 12:45:36,876 INFO o.a.j.t.JMeterThread: Thread started: UserScenario 1-124
2019-04-08 12:45:36,879 INFO o.a.j.t.JMeterThread: Thread started: UserScenario 1-125
2019-04-08 12:45:36,880 INFO o.a.j.t.JMeterThread: Thread started: UserScenario 1-126
2019-04-08 12:45:36,881 INFO o.a.j.t.JMeterThread: Thread started: UserScenario 1-127
2019-04-08 12:45:36,883 INFO o.a.j.t.JMeterThread: Thread started: UserScenario 1-128
2019-04-08 12:45:36,884 INFO o.a.j.t.JMeterThread: Thread started: UserScenario 1-129
2019-04-08 12:45:36,889 INFO o.a.j.t.JMeterThread: Thread started: UserScenario 1-130
2019-04-08 12:45:36,894 INFO o.a.j.t.JMeterThread: Thread started: UserScenario 1-131
2019-04-08 12:45:36,895 INFO o.a.j.t.JMeterThread: Thread started: UserScenario 1-132
2019-04-08 12:45:36,896 INFO o.a.j.t.JMeterThread: Thread started: UserScenario 1-133
2019-04-08 12:45:36,897 INFO o.a.j.t.JMeterThread: Thread started: UserScenario 1-134
2019-04-08 12:45:36,899 INFO o.a.j.t.JMeterThread: Thread started: UserScenario 1-135
2019-04-08 12:45:36,900 INFO o.a.j.t.JMeterThread: Thread started: UserScenario 1-136
2019-04-08 12:45:36,901 INFO o.a.j.t.JMeterThread: Thread started: UserScenario 1-137
2019-04-08 12:45:37,905 INFO o.a.j.t.JMeterThread: Thread started: UserScenario 1-138
2019-04-08 12:45:37,906 INFO o.a.j.t.JMeterThread: Thread started: UserScenario 1-139
2019-04-08 12:45:37,908 INFO o.a.j.t.JMeterThread: Thread started: UserScenario 1-140
2019-04-08 12:45:37,916 INFO o.a.j.t.JMeterThread: Thread started: UserScenario 1-141
2019-04-08 12:45:37,922 INFO o.a.j.t.JMeterThread: Thread started: UserScenario 1-142
2019-04-08 12:45:37,926 INFO o.a.j.t.JMeterThread: Thread started: UserScenario 1-143
2019-04-08 12:45:37,932 INFO o.a.j.t.JMeterThread: Thread started: UserScenario 1-144
2019-04-08 12:45:37,934 INFO o.a.j.t.JMeterThread: Thread started: UserScenario 1-145
2019-04-08 12:45:37,936 INFO o.a.j.t.JMeterThread: Thread started: UserScenario 1-146
2019-04-08 12:45:37,937 INFO o.a.j.t.JMeterThread: Thread started: UserScenario 1-147
2019-04-08 12:45:37,939 INFO o.a.j.t.JMeterThread: Thread started: UserScenario 1-148
2019-04-08 12:45:37,942 INFO o.a.j.t.JMeterThread: Thread started: UserScenario 1-149
2019-04-08 12:45:37,942 INFO o.a.j.t.JMeterThread: Thread started: UserScenario 1-150
2019-04-08 12:45:37,945 INFO o.a.j.t.JMeterThread: Thread started: UserScenario 1-151
2019-04-08 12:45:37,947 INFO o.a.j.t.JMeterThread: Thread started: UserScenario 1-152
2019-04-08 12:45:37,950 INFO o.a.j.t.JMeterThread: Thread started: UserScenario 1-153
2019-04-08 12:45:37,952 INFO o.a.j.t.JMeterThread: Thread started: UserScenario 1-154
2019-04-08 12:45:37,952 INFO o.a.j.t.JMeterThread: Thread started: UserScenario 1-155
2019-04-08 12:45:37,954 INFO o.a.j.t.JMeterThread: Thread started: UserScenario 1-156
2019-04-08 12:45:37,955 INFO o.a.j.t.JMeterThread: Thread started: UserScenario 1-157
2019-04-08 12:45:37,957 INFO o.a.j.t.JMeterThread: Thread started: UserScenario 1-158
2019-04-08 12:45:37,958 INFO o.a.j.t.JMeterThread: Thread started: UserScenario 1-159
2019-04-08 12:45:37,964 INFO o.a.j.t.JMeterThread: Thread started: UserScenario 1-160
2019-04-08 12:45:37,972 INFO o.a.j.t.JMeterThread: Thread started: UserScenario 1-161
2019-04-08 12:45:37,974 INFO o.a.j.t.JMeterThread: Thread started: UserScenario 1-162
2019-04-08 12:45:37,978 INFO o.a.j.t.JMeterThread: Thread started: UserScenario 1-163
2019-04-08 12:45:37,978 INFO o.a.j.t.JMeterThread: Thread started: UserScenario 1-164
2019-04-08 12:45:38,979 INFO o.a.j.t.JMeterThread: Thread started: UserScenario 1-165
2019-04-08 12:45:38,980 INFO o.a.j.t.JMeterThread: Thread started: UserScenario 1-166
2019-04-08 12:45:38,982 INFO o.a.j.t.JMeterThread: Thread started: UserScenario 1-167
2019-04-08 12:45:38,987 INFO o.a.j.t.JMeterThread: Thread started: UserScenario 1-168
2019-04-08 12:45:38,992 INFO o.a.j.t.JMeterThread: Thread started: UserScenario 1-169
2019-04-08 12:45:39,002 INFO o.a.j.t.JMeterThread: Thread started: UserScenario 1-170
2019-04-08 12:45:39,007 INFO o.a.j.t.JMeterThread: Thread started: UserScenario 1-171
2019-04-08 12:45:39,009 INFO o.a.j.t.JMeterThread: Thread started: UserScenario 1-172
2019-04-08 12:45:39,011 INFO o.a.j.t.JMeterThread: Thread started: UserScenario 1-173
2019-04-08 12:45:39,013 INFO o.a.j.t.JMeterThread: Thread started: UserScenario 1-174
2019-04-08 12:45:39,014 INFO o.a.j.t.JMeterThread: Thread started: UserScenario 1-175
2019-04-08 12:45:39,014 INFO o.a.j.t.JMeterThread: Thread started: UserScenario 1-176
2019-04-08 12:45:39,016 INFO o.a.j.t.JMeterThread: Thread started: UserScenario 1-177
2019-04-08 12:45:39,016 INFO o.a.j.t.JMeterThread: Thread started: UserScenario 1-178
2019-04-08 12:45:39,017 INFO o.a.j.t.JMeterThread: Thread started: UserScenario 1-179
2019-04-08 12:45:39,018 INFO o.a.j.t.JMeterThread: Thread started: UserScenario 1-180
2019-04-08 12:45:39,018 INFO o.a.j.t.JMeterThread: Thread started: UserScenario 1-181
2019-04-08 12:45:39,019 INFO o.a.j.t.JMeterThread: Thread started: UserScenario 1-182
2019-04-08 12:45:39,020 INFO o.a.j.t.JMeterThread: Thread started: UserScenario 1-183
2019-04-08 12:45:39,021 INFO o.a.j.t.JMeterThread: Thread started: UserScenario 1-184
2019-04-08 12:45:39,022 INFO o.a.j.t.JMeterThread: Thread started: UserScenario 1-185
2019-04-08 12:45:39,023 INFO o.a.j.t.JMeterThread: Thread started: UserScenario 1-186
2019-04-08 12:45:39,023 INFO o.a.j.t.JMeterThread: Thread started: UserScenario 1-187
2019-04-08 12:45:39,024 INFO o.a.j.t.JMeterThread: Thread started: UserScenario 1-188
2019-04-08 12:45:39,025 INFO o.a.j.t.JMeterThread: Thread started: UserScenario 1-189
2019-04-08 12:45:39,026 INFO o.a.j.t.JMeterThread: Thread started: UserScenario 1-190
2019-04-08 12:45:40,027 INFO o.a.j.t.JMeterThread: Thread started: UserScenario 1-191
2019-04-08 12:45:40,029 INFO o.a.j.t.JMeterThread: Thread started: UserScenario 1-192
2019-04-08 12:45:40,032 INFO o.a.j.t.JMeterThread: Thread started: UserScenario 1-193
2019-04-08 12:45:40,034 INFO o.a.j.t.JMeterThread: Thread started: UserScenario 1-194
2019-04-08 12:45:40,034 INFO o.a.j.t.JMeterThread: Thread started: UserScenario 1-195
2019-04-08 12:45:40,035 INFO o.a.j.t.JMeterThread: Thread started: UserScenario 1-196
2019-04-08 12:45:40,036 INFO o.a.j.t.JMeterThread: Thread started: UserScenario 1-197
2019-04-08 12:45:40,037 INFO o.a.j.t.JMeterThread: Thread started: UserScenario 1-198
2019-04-08 12:45:40,038 INFO o.a.j.t.JMeterThread: Thread started: UserScenario 1-199
2019-04-08 12:45:40,039 INFO o.a.j.t.JMeterThread: Thread started: UserScenario 1-200
2019-04-08 12:45:40,040 INFO o.a.j.t.JMeterThread: Thread started: UserScenario 1-201
2019-04-08 12:45:40,040 INFO o.a.j.t.JMeterThread: Thread started: UserScenario 1-202
2019-04-08 12:45:40,042 INFO o.a.j.t.JMeterThread: Thread started: UserScenario 1-203
2019-04-08 12:45:40,042 INFO o.a.j.t.JMeterThread: Thread started: UserScenario 1-204
2019-04-08 12:45:40,043 INFO o.a.j.t.JMeterThread: Thread started: UserScenario 1-205
2019-04-08 12:45:40,044 INFO o.a.j.t.JMeterThread: Thread started: UserScenario 1-206
2019-04-08 12:45:40,045 INFO o.a.j.t.JMeterThread: Thread started: UserScenario 1-207
2019-04-08 12:45:40,047 INFO o.a.j.t.JMeterThread: Thread started: UserScenario 1-208
2019-04-08 12:45:40,047 INFO o.a.j.t.JMeterThread: Thread started: UserScenario 1-209
2019-04-08 12:45:40,048 INFO o.a.j.t.JMeterThread: Thread started: UserScenario 1-210
2019-04-08 12:45:40,051 INFO o.a.j.t.JMeterThread: Thread started: UserScenario 1-211
2019-04-08 12:45:40,054 INFO o.a.j.t.JMeterThread: Thread started: UserScenario 1-212
2019-04-08 12:45:40,055 INFO o.a.j.t.JMeterThread: Thread started: UserScenario 1-213
2019-04-08 12:45:40,058 INFO o.a.j.t.JMeterThread: Thread started: UserScenario 1-214
2019-04-08 12:45:40,059 INFO o.a.j.t.JMeterThread: Thread started: UserScenario 1-215
2019-04-08 12:45:40,060 INFO o.a.j.t.JMeterThread: Thread started: UserScenario 1-216
2019-04-08 12:45:41,066 INFO o.a.j.t.JMeterThread: Thread started: UserScenario 1-217
2019-04-08 12:45:41,069 INFO o.a.j.t.JMeterThread: Thread started: UserScenario 1-218
2019-04-08 12:45:41,079 INFO o.a.j.t.JMeterThread: Thread started: UserScenario 1-219
2019-04-08 12:45:41,088 INFO o.a.j.t.JMeterThread: Thread started: UserScenario 1-220
2019-04-08 12:45:41,090 INFO o.a.j.t.JMeterThread: Thread started: UserScenario 1-221
2019-04-08 12:45:41,091 INFO o.a.j.t.JMeterThread: Thread started: UserScenario 1-222
2019-04-08 12:45:41,092 INFO o.a.j.t.JMeterThread: Thread started: UserScenario 1-223
2019-04-08 12:45:41,094 INFO o.a.j.t.JMeterThread: Thread started: UserScenario 1-224
2019-04-08 12:45:41,095 INFO o.a.j.t.JMeterThread: Thread started: UserScenario 1-225
2019-04-08 12:45:41,096 INFO o.a.j.t.JMeterThread: Thread started: UserScenario 1-226
2019-04-08 12:45:41,102 INFO o.a.j.t.JMeterThread: Thread started: UserScenario 1-228
2019-04-08 12:45:41,101 INFO o.a.j.t.JMeterThread: Thread started: UserScenario 1-227
2019-04-08 12:45:41,107 INFO o.a.j.t.JMeterThread: Thread started: UserScenario 1-229
2019-04-08 12:45:41,108 INFO o.a.j.t.JMeterThread: Thread started: UserScenario 1-230
2019-04-08 12:45:41,113 INFO o.a.j.t.JMeterThread: Thread started: UserScenario 1-231
2019-04-08 12:45:41,116 INFO o.a.j.t.JMeterThread: Thread started: UserScenario 1-232
2019-04-08 12:45:41,123 INFO o.a.j.t.JMeterThread: Thread started: UserScenario 1-233
2019-04-08 12:45:41,125 INFO o.a.j.t.JMeterThread: Thread started: UserScenario 1-234
2019-04-08 12:45:41,126 INFO o.a.j.t.JMeterThread: Thread started: UserScenario 1-235
2019-04-08 12:45:41,127 INFO o.a.j.t.JMeterThread: Thread started: UserScenario 1-236
2019-04-08 12:45:41,129 INFO o.a.j.t.JMeterThread: Thread started: UserScenario 1-237
2019-04-08 12:45:41,131 INFO o.a.j.t.JMeterThread: Thread started: UserScenario 1-238
2019-04-08 12:45:41,132 INFO o.a.j.t.JMeterThread: Thread started: UserScenario 1-239
2019-04-08 12:45:41,136 INFO o.a.j.t.JMeterThread: Thread started: UserScenario 1-240
2019-04-08 12:45:41,137 INFO o.a.j.t.JMeterThread: Thread started: UserScenario 1-241
2019-04-08 12:45:41,141 INFO o.a.j.t.JMeterThread: Thread started: UserScenario 1-242
2019-04-08 12:45:41,144 INFO o.a.j.t.JMeterThread: Thread started: UserScenario 1-243
2019-04-08 12:45:42,147 INFO o.a.j.t.JMeterThread: Thread started: UserScenario 1-244
2019-04-08 12:45:42,149 INFO o.a.j.t.JMeterThread: Thread started: UserScenario 1-245
2019-04-08 12:45:42,155 INFO o.a.j.t.JMeterThread: Thread started: UserScenario 1-246
2019-04-08 12:45:42,162 INFO o.a.j.t.JMeterThread: Thread started: UserScenario 1-247
2019-04-08 12:45:42,163 INFO o.a.j.t.JMeterThread: Thread started: UserScenario 1-248
2019-04-08 12:45:42,167 INFO o.a.j.t.JMeterThread: Thread started: UserScenario 1-250
2019-04-08 12:45:42,166 INFO o.a.j.t.JMeterThread: Thread started: UserScenario 1-249
2019-04-08 12:45:42,169 INFO o.a.j.t.JMeterThread: Thread started: UserScenario 1-251
2019-04-08 12:45:42,170 INFO o.a.j.t.JMeterThread: Thread started: UserScenario 1-252
2019-04-08 12:45:42,171 INFO o.a.j.t.JMeterThread: Thread started: UserScenario 1-253
2019-04-08 12:45:42,172 INFO o.a.j.t.JMeterThread: Thread started: UserScenario 1-254
2019-04-08 12:45:42,173 INFO o.a.j.t.JMeterThread: Thread started: UserScenario 1-255
2019-04-08 12:45:42,174 INFO o.a.j.t.JMeterThread: Thread started: UserScenario 1-256
2019-04-08 12:45:42,176 INFO o.a.j.t.JMeterThread: Thread started: UserScenario 1-257
2019-04-08 12:45:42,177 INFO o.a.j.t.JMeterThread: Thread started: UserScenario 1-258
2019-04-08 12:45:42,177 INFO o.a.j.t.JMeterThread: Thread started: UserScenario 1-259
2019-04-08 12:45:42,180 INFO o.a.j.t.JMeterThread: Thread started: UserScenario 1-260
2019-04-08 12:45:42,185 INFO o.a.j.t.JMeterThread: Thread started: UserScenario 1-261
2019-04-08 12:45:42,193 INFO o.a.j.t.JMeterThread: Thread started: UserScenario 1-262
2019-04-08 12:45:42,194 INFO o.a.j.t.JMeterThread: Thread started: UserScenario 1-263
2019-04-08 12:45:42,196 INFO o.a.j.t.JMeterThread: Thread started: UserScenario 1-264
2019-04-08 12:45:42,196 INFO o.a.j.t.JMeterThread: Thread started: UserScenario 1-265
2019-04-08 12:45:42,197 INFO o.a.j.t.JMeterThread: Thread started: UserScenario 1-266
2019-04-08 12:45:42,198 INFO o.a.j.t.JMeterThread: Thread started: UserScenario 1-267
2019-04-08 12:45:42,198 INFO o.a.j.t.JMeterThread: Thread started: UserScenario 1-268
2019-04-08 12:45:42,199 INFO o.a.j.t.JMeterThread: Thread started: UserScenario 1-269
2019-04-08 12:45:43,200 INFO o.a.j.t.JMeterThread: Thread started: UserScenario 1-270
2019-04-08 12:45:43,201 INFO o.a.j.t.JMeterThread: Thread started: UserScenario 1-271
2019-04-08 12:45:43,202 INFO o.a.j.t.JMeterThread: Thread started: UserScenario 1-272
2019-04-08 12:45:43,207 INFO o.a.j.t.JMeterThread: Thread started: UserScenario 1-273
2019-04-08 12:45:43,207 INFO o.a.j.t.JMeterThread: Thread started: UserScenario 1-274
2019-04-08 12:45:43,208 INFO o.a.j.t.JMeterThread: Thread started: UserScenario 1-275
2019-04-08 12:45:43,213 INFO o.a.j.t.JMeterThread: Thread started: UserScenario 1-276
2019-04-08 12:45:43,215 INFO o.a.j.t.JMeterThread: Thread started: UserScenario 1-277
2019-04-08 12:45:43,216 INFO o.a.j.t.JMeterThread: Thread started: UserScenario 1-278
2019-04-08 12:45:43,217 INFO o.a.j.t.JMeterThread: Thread started: UserScenario 1-279
2019-04-08 12:45:43,217 INFO o.a.j.t.JMeterThread: Thread started: UserScenario 1-280
2019-04-08 12:45:43,218 INFO o.a.j.t.JMeterThread: Thread started: UserScenario 1-281
2019-04-08 12:45:43,218 INFO o.a.j.t.JMeterThread: Thread started: UserScenario 1-282
2019-04-08 12:45:43,219 INFO o.a.j.t.JMeterThread: Thread started: UserScenario 1-283
2019-04-08 12:45:43,219 INFO o.a.j.t.JMeterThread: Thread started: UserScenario 1-284
2019-04-08 12:45:43,220 INFO o.a.j.t.JMeterThread: Thread started: UserScenario 1-285
2019-04-08 12:45:43,221 INFO o.a.j.t.JMeterThread: Thread started: UserScenario 1-286
2019-04-08 12:45:43,222 INFO o.a.j.t.JMeterThread: Thread started: UserScenario 1-287
2019-04-08 12:45:43,222 INFO o.a.j.t.JMeterThread: Thread started: UserScenario 1-288
2019-04-08 12:45:43,223 INFO o.a.j.t.JMeterThread: Thread started: UserScenario 1-289
2019-04-08 12:45:43,224 INFO o.a.j.t.JMeterThread: Thread started: UserScenario 1-290
2019-04-08 12:45:43,224 INFO o.a.j.t.JMeterThread: Thread started: UserScenario 1-291
2019-04-08 12:45:43,225 INFO o.a.j.t.JMeterThread: Thread started: UserScenario 1-292
2019-04-08 12:45:43,226 INFO o.a.j.t.JMeterThread: Thread started: UserScenario 1-293
2019-04-08 12:45:43,226 INFO o.a.j.t.JMeterThread: Thread started: UserScenario 1-294
2019-04-08 12:45:43,227 INFO o.a.j.t.JMeterThread: Thread started: UserScenario 1-295
2019-04-08 12:45:44,228 INFO o.a.j.t.JMeterThread: Thread started: UserScenario 1-296
2019-04-08 12:45:44,232 INFO o.a.j.t.JMeterThread: Thread started: UserScenario 1-297
2019-04-08 12:45:44,234 INFO o.a.j.t.JMeterThread: Thread started: UserScenario 1-298
2019-04-08 12:45:44,235 INFO o.a.j.t.JMeterThread: Thread started: UserScenario 1-299
2019-04-08 12:45:44,236 INFO o.a.j.t.JMeterThread: Thread started: UserScenario 1-300
2019-04-08 12:45:44,236 INFO o.a.j.t.JMeterThread: Thread started: UserScenario 1-301
2019-04-08 12:45:44,237 INFO o.a.j.t.JMeterThread: Thread started: UserScenario 1-302
2019-04-08 12:45:44,238 INFO o.a.j.t.JMeterThread: Thread started: UserScenario 1-303
2019-04-08 12:45:44,238 INFO o.a.j.t.JMeterThread: Thread started: UserScenario 1-304
2019-04-08 12:45:44,239 INFO o.a.j.t.JMeterThread: Thread started: UserScenario 1-305
2019-04-08 12:45:44,240 INFO o.a.j.t.JMeterThread: Thread started: UserScenario 1-306
2019-04-08 12:45:44,242 INFO o.a.j.t.JMeterThread: Thread started: UserScenario 1-307
2019-04-08 12:45:44,243 INFO o.a.j.t.JMeterThread: Thread started: UserScenario 1-308
2019-04-08 12:45:44,244 INFO o.a.j.t.JMeterThread: Thread started: UserScenario 1-309
2019-04-08 12:45:44,245 INFO o.a.j.t.JMeterThread: Thread started: UserScenario 1-310
2019-04-08 12:45:44,246 INFO o.a.j.t.JMeterThread: Thread started: UserScenario 1-311
2019-04-08 12:45:44,246 INFO o.a.j.t.JMeterThread: Thread started: UserScenario 1-312
2019-04-08 12:45:44,247 INFO o.a.j.t.JMeterThread: Thread started: UserScenario 1-313
2019-04-08 12:45:44,248 INFO o.a.j.t.JMeterThread: Thread started: UserScenario 1-314
2019-04-08 12:45:44,250 INFO o.a.j.t.JMeterThread: Thread started: UserScenario 1-315
2019-04-08 12:45:44,250 INFO o.a.j.t.JMeterThread: Thread started: UserScenario 1-316
2019-04-08 12:45:44,251 INFO o.a.j.t.JMeterThread: Thread started: UserScenario 1-317
2019-04-08 12:45:44,252 INFO o.a.j.t.JMeterThread: Thread started: UserScenario 1-318
2019-04-08 12:45:44,253 INFO o.a.j.t.JMeterThread: Thread started: UserScenario 1-319
2019-04-08 12:45:44,254 INFO o.a.j.t.JMeterThread: Thread started: UserScenario 1-320
2019-04-08 12:45:44,255 INFO o.a.j.t.JMeterThread: Thread started: UserScenario 1-321
2019-04-08 12:45:45,258 INFO o.a.j.t.JMeterThread: Thread started: UserScenario 1-322
2019-04-08 12:45:45,259 INFO o.a.j.t.JMeterThread: Thread started: UserScenario 1-323
2019-04-08 12:45:45,261 INFO o.a.j.t.JMeterThread: Thread started: UserScenario 1-324
2019-04-08 12:45:45,268 INFO o.a.j.t.JMeterThread: Thread started: UserScenario 1-325
2019-04-08 12:45:45,275 INFO o.a.j.t.JMeterThread: Thread started: UserScenario 1-326
2019-04-08 12:45:45,277 INFO o.a.j.t.JMeterThread: Thread started: UserScenario 1-327
2019-04-08 12:45:45,279 INFO o.a.j.t.JMeterThread: Thread started: UserScenario 1-328
2019-04-08 12:45:45,280 INFO o.a.j.t.JMeterThread: Thread started: UserScenario 1-329
2019-04-08 12:45:45,283 INFO o.a.j.t.JMeterThread: Thread started: UserScenario 1-330
2019-04-08 12:45:45,284 INFO o.a.j.t.JMeterThread: Thread started: UserScenario 1-331
2019-04-08 12:45:45,286 INFO o.a.j.t.JMeterThread: Thread started: UserScenario 1-332
2019-04-08 12:45:45,286 INFO o.a.j.t.JMeterThread: Thread started: UserScenario 1-333
2019-04-08 12:45:45,287 INFO o.a.j.t.JMeterThread: Thread started: UserScenario 1-334
2019-04-08 12:45:45,288 INFO o.a.j.t.JMeterThread: Thread started: UserScenario 1-335
2019-04-08 12:45:45,288 INFO o.a.j.t.JMeterThread: Thread started: UserScenario 1-336
2019-04-08 12:45:45,289 INFO o.a.j.t.JMeterThread: Thread started: UserScenario 1-337
2019-04-08 12:45:45,289 INFO o.a.j.t.JMeterThread: Thread started: UserScenario 1-338
2019-04-08 12:45:45,291 INFO o.a.j.t.JMeterThread: Thread started: UserScenario 1-340
2019-04-08 12:45:45,291 INFO o.a.j.t.JMeterThread: Thread started: UserScenario 1-341
2019-04-08 12:45:45,290 INFO o.a.j.t.JMeterThread: Thread started: UserScenario 1-339
2019-04-08 12:45:45,292 INFO o.a.j.t.JMeterThread: Thread started: UserScenario 1-342
2019-04-08 12:45:45,293 INFO o.a.j.t.JMeterThread: Thread started: UserScenario 1-343
2019-04-08 12:45:45,294 INFO o.a.j.t.JMeterThread: Thread started: UserScenario 1-344
2019-04-08 12:45:45,295 INFO o.a.j.t.JMeterThread: Thread started: UserScenario 1-345
2019-04-08 12:45:45,297 INFO o.a.j.t.JMeterThread: Thread started: UserScenario 1-346
2019-04-08 12:45:45,301 INFO o.a.j.t.JMeterThread: Thread started: UserScenario 1-347
2019-04-08 12:45:46,303 INFO o.a.j.t.JMeterThread: Thread started: UserScenario 1-348
2019-04-08 12:45:46,304 INFO o.a.j.t.JMeterThread: Thread started: UserScenario 1-349
2019-04-08 12:45:46,305 INFO o.a.j.t.JMeterThread: Thread started: UserScenario 1-350
2019-04-08 12:45:46,309 INFO o.a.j.t.JMeterThread: Thread started: UserScenario 1-351
2019-04-08 12:45:46,312 INFO o.a.j.t.JMeterThread: Thread started: UserScenario 1-352
2019-04-08 12:45:46,315 INFO o.a.j.t.JMeterThread: Thread started: UserScenario 1-353
2019-04-08 12:45:46,320 INFO o.a.j.t.JMeterThread: Thread started: UserScenario 1-354
2019-04-08 12:45:46,323 INFO o.a.j.t.JMeterThread: Thread started: UserScenario 1-355
2019-04-08 12:45:46,324 INFO o.a.j.t.JMeterThread: Thread started: UserScenario 1-356
2019-04-08 12:45:46,325 INFO o.a.j.t.JMeterThread: Thread started: UserScenario 1-357
2019-04-08 12:45:46,326 INFO o.a.j.t.JMeterThread: Thread started: UserScenario 1-358
2019-04-08 12:45:46,328 INFO o.a.j.t.JMeterThread: Thread started: UserScenario 1-359
2019-04-08 12:45:46,329 INFO o.a.j.t.JMeterThread: Thread started: UserScenario 1-360
2019-04-08 12:45:46,331 INFO o.a.j.t.JMeterThread: Thread started: UserScenario 1-361
2019-04-08 12:45:46,331 INFO o.a.j.t.JMeterThread: Thread started: UserScenario 1-362
2019-04-08 12:45:46,333 INFO o.a.j.t.JMeterThread: Thread started: UserScenario 1-363
2019-04-08 12:45:46,333 INFO o.a.j.t.JMeterThread: Thread started: UserScenario 1-364
2019-04-08 12:45:46,340 INFO o.a.j.t.JMeterThread: Thread started: UserScenario 1-365
2019-04-08 12:45:46,342 INFO o.a.j.t.JMeterThread: Thread started: UserScenario 1-366
2019-04-08 12:45:46,342 INFO o.a.j.t.JMeterThread: Thread started: UserScenario 1-367
2019-04-08 12:45:46,347 INFO o.a.j.t.JMeterThread: Thread started: UserScenario 1-368
2019-04-08 12:45:46,347 INFO o.a.j.t.JMeterThread: Thread started: UserScenario 1-369
2019-04-08 12:45:46,348 INFO o.a.j.t.JMeterThread: Thread started: UserScenario 1-370
2019-04-08 12:45:46,349 INFO o.a.j.t.JMeterThread: Thread started: UserScenario 1-371
2019-04-08 12:45:46,350 INFO o.a.j.t.JMeterThread: Thread started: UserScenario 1-372
2019-04-08 12:45:46,350 INFO o.a.j.t.JMeterThread: Thread started: UserScenario 1-373
2019-04-08 12:45:47,355 INFO o.a.j.t.JMeterThread: Thread started: UserScenario 1-375
2019-04-08 12:45:47,355 INFO o.a.j.t.JMeterThread: Thread started: UserScenario 1-374
2019-04-08 12:45:47,356 INFO o.a.j.t.JMeterThread: Thread started: UserScenario 1-376
2019-04-08 12:45:47,359 INFO o.a.j.t.JMeterThread: Thread started: UserScenario 1-377
2019-04-08 12:45:47,363 INFO o.a.j.t.JMeterThread: Thread started: UserScenario 1-378
2019-04-08 12:45:47,363 INFO o.a.j.t.JMeterThread: Thread started: UserScenario 1-379
2019-04-08 12:45:47,364 INFO o.a.j.t.JMeterThread: Thread started: UserScenario 1-380
2019-04-08 12:45:47,365 INFO o.a.j.t.JMeterThread: Thread started: UserScenario 1-381
2019-04-08 12:45:47,365 INFO o.a.j.t.JMeterThread: Thread started: UserScenario 1-382
2019-04-08 12:45:47,366 INFO o.a.j.t.JMeterThread: Thread started: UserScenario 1-383
2019-04-08 12:45:47,368 INFO o.a.j.t.JMeterThread: Thread started: UserScenario 1-384
2019-04-08 12:45:47,369 INFO o.a.j.t.JMeterThread: Thread started: UserScenario 1-385
2019-04-08 12:45:47,369 INFO o.a.j.t.JMeterThread: Thread started: UserScenario 1-386
2019-04-08 12:45:47,371 INFO o.a.j.t.JMeterThread: Thread started: UserScenario 1-387
2019-04-08 12:45:47,372 INFO o.a.j.t.JMeterThread: Thread started: UserScenario 1-388
2019-04-08 12:45:47,374 INFO o.a.j.t.JMeterThread: Thread started: UserScenario 1-389
2019-04-08 12:45:47,375 INFO o.a.j.t.JMeterThread: Thread started: UserScenario 1-390
2019-04-08 12:45:47,375 INFO o.a.j.t.JMeterThread: Thread started: UserScenario 1-391
2019-04-08 12:45:47,376 INFO o.a.j.t.JMeterThread: Thread started: UserScenario 1-392
2019-04-08 12:45:47,377 INFO o.a.j.t.JMeterThread: Thread started: UserScenario 1-393
2019-04-08 12:45:47,377 INFO o.a.j.t.JMeterThread: Thread started: UserScenario 1-394
2019-04-08 12:45:47,378 INFO o.a.j.t.JMeterThread: Thread started: UserScenario 1-395
2019-04-08 12:45:47,378 INFO o.a.j.t.JMeterThread: Thread started: UserScenario 1-396
2019-04-08 12:45:47,379 INFO o.a.j.t.JMeterThread: Thread started: UserScenario 1-397
2019-04-08 12:45:47,380 INFO o.a.j.t.JMeterThread: Thread started: UserScenario 1-398
2019-04-08 12:45:47,380 INFO o.a.j.t.JMeterThread: Thread started: UserScenario 1-399
2019-04-08 12:45:48,382 INFO o.a.j.t.JMeterThread: Thread started: UserScenario 1-400
2019-04-08 12:45:48,382 INFO o.a.j.t.JMeterThread: Thread started: UserScenario 1-401
2019-04-08 12:45:48,383 INFO o.a.j.t.JMeterThread: Thread started: UserScenario 1-402
2019-04-08 12:45:48,385 INFO o.a.j.t.JMeterThread: Thread started: UserScenario 1-403
2019-04-08 12:45:48,387 INFO o.a.j.t.JMeterThread: Thread started: UserScenario 1-404
2019-04-08 12:45:48,388 INFO o.a.j.t.JMeterThread: Thread started: UserScenario 1-405
2019-04-08 12:45:48,388 INFO o.a.j.t.JMeterThread: Thread started: UserScenario 1-406
2019-04-08 12:45:48,390 INFO o.a.j.t.JMeterThread: Thread started: UserScenario 1-407
2019-04-08 12:45:48,391 INFO o.a.j.t.JMeterThread: Thread started: UserScenario 1-408
2019-04-08 12:45:48,392 INFO o.a.j.t.JMeterThread: Thread started: UserScenario 1-409
2019-04-08 12:45:48,395 INFO o.a.j.t.JMeterThread: Thread started: UserScenario 1-410
2019-04-08 12:45:48,397 INFO o.a.j.t.JMeterThread: Thread started: UserScenario 1-411
2019-04-08 12:45:48,397 INFO o.a.j.t.JMeterThread: Thread started: UserScenario 1-412
2019-04-08 12:45:48,399 INFO o.a.j.t.JMeterThread: Thread started: UserScenario 1-413
2019-04-08 12:45:48,399 INFO o.a.j.t.JMeterThread: Thread started: UserScenario 1-414
2019-04-08 12:45:48,400 INFO o.a.j.t.JMeterThread: Thread started: UserScenario 1-415
2019-04-08 12:45:48,401 INFO o.a.j.t.JMeterThread: Thread started: UserScenario 1-416
2019-04-08 12:45:48,402 INFO o.a.j.t.JMeterThread: Thread started: UserScenario 1-417
2019-04-08 12:45:48,403 INFO o.a.j.t.JMeterThread: Thread started: UserScenario 1-418
2019-04-08 12:45:48,404 INFO o.a.j.t.JMeterThread: Thread started: UserScenario 1-419
2019-04-08 12:45:48,404 INFO o.a.j.t.JMeterThread: Thread started: UserScenario 1-420
2019-04-08 12:45:48,406 INFO o.a.j.t.JMeterThread: Thread started: UserScenario 1-421
2019-04-08 12:45:48,408 INFO o.a.j.t.JMeterThread: Thread started: UserScenario 1-422
2019-04-08 12:45:48,408 INFO o.a.j.t.JMeterThread: Thread started: UserScenario 1-423
2019-04-08 12:45:48,409 INFO o.a.j.t.JMeterThread: Thread started: UserScenario 1-424
2019-04-08 12:45:48,410 INFO o.a.j.t.JMeterThread: Thread started: UserScenario 1-425
2019-04-08 12:45:49,412 INFO o.a.j.t.JMeterThread: Thread started: UserScenario 1-426
2019-04-08 12:45:49,413 INFO o.a.j.t.JMeterThread: Thread started: UserScenario 1-427
2019-04-08 12:45:49,417 INFO o.a.j.t.JMeterThread: Thread started: UserScenario 1-428
2019-04-08 12:45:49,418 INFO o.a.j.t.JMeterThread: Thread started: UserScenario 1-429
2019-04-08 12:45:49,420 INFO o.a.j.t.JMeterThread: Thread started: UserScenario 1-431
2019-04-08 12:45:49,422 INFO o.a.j.t.JMeterThread: Thread started: UserScenario 1-432
2019-04-08 12:45:49,424 INFO o.a.j.t.JMeterThread: Thread started: UserScenario 1-433
2019-04-08 12:45:49,424 INFO o.a.j.t.JMeterThread: Thread started: UserScenario 1-434
2019-04-08 12:45:49,419 INFO o.a.j.t.JMeterThread: Thread started: UserScenario 1-430
2019-04-08 12:45:49,425 INFO o.a.j.t.JMeterThread: Thread started: UserScenario 1-435
2019-04-08 12:45:49,426 INFO o.a.j.t.JMeterThread: Thread started: UserScenario 1-436
2019-04-08 12:45:49,427 INFO o.a.j.t.JMeterThread: Thread started: UserScenario 1-437
2019-04-08 12:45:49,428 INFO o.a.j.t.JMeterThread: Thread started: UserScenario 1-438
2019-04-08 12:45:49,428 INFO o.a.j.t.JMeterThread: Thread started: UserScenario 1-439
2019-04-08 12:45:49,430 INFO o.a.j.t.JMeterThread: Thread started: UserScenario 1-441
2019-04-08 12:45:49,430 INFO o.a.j.t.JMeterThread: Thread started: UserScenario 1-440
2019-04-08 12:45:49,431 INFO o.a.j.t.JMeterThread: Thread started: UserScenario 1-442
2019-04-08 12:45:49,431 INFO o.a.j.t.JMeterThread: Thread started: UserScenario 1-443
2019-04-08 12:45:49,432 INFO o.a.j.t.JMeterThread: Thread started: UserScenario 1-444
2019-04-08 12:45:49,433 INFO o.a.j.t.JMeterThread: Thread started: UserScenario 1-445
2019-04-08 12:45:49,434 INFO o.a.j.t.JMeterThread: Thread started: UserScenario 1-446
2019-04-08 12:45:49,434 INFO o.a.j.t.JMeterThread: Thread started: UserScenario 1-447
2019-04-08 12:45:49,435 INFO o.a.j.t.JMeterThread: Thread started: UserScenario 1-448
2019-04-08 12:45:49,435 INFO o.a.j.t.JMeterThread: Thread started: UserScenario 1-449
2019-04-08 12:45:49,436 INFO o.a.j.t.JMeterThread: Thread started: UserScenario 1-450
2019-04-08 12:45:50,437 INFO o.a.j.t.JMeterThread: Thread started: UserScenario 1-451
2019-04-08 12:45:50,438 INFO o.a.j.t.JMeterThread: Thread started: UserScenario 1-452
2019-04-08 12:45:50,442 INFO o.a.j.t.JMeterThread: Thread started: UserScenario 1-453
2019-04-08 12:45:50,457 INFO o.a.j.t.JMeterThread: Thread started: UserScenario 1-454
2019-04-08 12:45:50,460 INFO o.a.j.t.JMeterThread: Thread started: UserScenario 1-455
2019-04-08 12:45:50,462 INFO o.a.j.t.JMeterThread: Thread started: UserScenario 1-456
2019-04-08 12:45:50,463 INFO o.a.j.t.JMeterThread: Thread started: UserScenario 1-457
2019-04-08 12:45:50,472 INFO o.a.j.t.JMeterThread: Thread started: UserScenario 1-458
2019-04-08 12:45:50,481 INFO o.a.j.t.JMeterThread: Thread started: UserScenario 1-459
2019-04-08 12:45:50,484 INFO o.a.j.t.JMeterThread: Thread started: UserScenario 1-460
2019-04-08 12:45:50,492 INFO o.a.j.t.JMeterThread: Thread started: UserScenario 1-461
2019-04-08 12:45:50,495 INFO o.a.j.t.JMeterThread: Thread started: UserScenario 1-462
2019-04-08 12:45:50,496 INFO o.a.j.t.JMeterThread: Thread started: UserScenario 1-463
2019-04-08 12:45:50,497 INFO o.a.j.t.JMeterThread: Thread started: UserScenario 1-464
2019-04-08 12:45:50,498 INFO o.a.j.t.JMeterThread: Thread started: UserScenario 1-465
2019-04-08 12:45:50,501 INFO o.a.j.t.JMeterThread: Thread started: UserScenario 1-466
2019-04-08 12:45:50,502 INFO o.a.j.t.JMeterThread: Thread started: UserScenario 1-467
2019-04-08 12:45:50,506 INFO o.a.j.t.JMeterThread: Thread started: UserScenario 1-468
2019-04-08 12:45:50,512 INFO o.a.j.t.JMeterThread: Thread started: UserScenario 1-469
2019-04-08 12:45:50,514 INFO o.a.j.t.JMeterThread: Thread started: UserScenario 1-470
2019-04-08 12:45:50,514 INFO o.a.j.t.JMeterThread: Thread started: UserScenario 1-471
2019-04-08 12:45:50,516 INFO o.a.j.t.JMeterThread: Thread started: UserScenario 1-472
2019-04-08 12:45:50,517 INFO o.a.j.t.JMeterThread: Thread started: UserScenario 1-473
2019-04-08 12:45:50,520 INFO o.a.j.t.JMeterThread: Thread started: UserScenario 1-474
2019-04-08 12:45:50,521 INFO o.a.j.t.JMeterThread: Thread started: UserScenario 1-475
2019-04-08 12:45:50,522 INFO o.a.j.t.JMeterThread: Thread started: UserScenario 1-476
2019-04-08 12:45:50,522 INFO o.a.j.t.JMeterThread: Thread started: UserScenario 1-477
2019-04-08 12:45:50,523 INFO o.a.j.t.JMeterThread: Thread started: UserScenario 1-478
2019-04-08 12:45:51,526 INFO o.a.j.t.JMeterThread: Thread started: UserScenario 1-479
2019-04-08 12:45:51,526 INFO o.a.j.t.JMeterThread: Thread started: UserScenario 1-480
2019-04-08 12:45:51,527 INFO o.a.j.t.JMeterThread: Thread started: UserScenario 1-481
2019-04-08 12:45:51,528 INFO o.a.j.t.JMeterThread: Thread started: UserScenario 1-482
2019-04-08 12:45:51,530 INFO o.a.j.t.JMeterThread: Thread started: UserScenario 1-483
2019-04-08 12:45:51,532 INFO o.a.j.t.JMeterThread: Thread started: UserScenario 1-484
2019-04-08 12:45:51,533 INFO o.a.j.t.JMeterThread: Thread started: UserScenario 1-485
2019-04-08 12:45:51,533 INFO o.a.j.t.JMeterThread: Thread started: UserScenario 1-486
2019-04-08 12:45:51,534 INFO o.a.j.t.JMeterThread: Thread started: UserScenario 1-487
2019-04-08 12:45:51,534 INFO o.a.j.t.JMeterThread: Thread started: UserScenario 1-488
2019-04-08 12:45:51,537 INFO o.a.j.t.JMeterThread: Thread started: UserScenario 1-489
2019-04-08 12:45:51,539 INFO o.a.j.t.JMeterThread: Thread started: UserScenario 1-490
2019-04-08 12:45:51,542 INFO o.a.j.t.JMeterThread: Thread started: UserScenario 1-491
2019-04-08 12:45:51,543 INFO o.a.j.t.JMeterThread: Thread started: UserScenario 1-492
2019-04-08 12:45:51,543 INFO o.a.j.t.JMeterThread: Thread started: UserScenario 1-493
2019-04-08 12:45:51,544 INFO o.a.j.t.JMeterThread: Thread started: UserScenario 1-494
2019-04-08 12:45:51,544 INFO o.a.j.t.JMeterThread: Thread started: UserScenario 1-495
2019-04-08 12:45:51,545 INFO o.a.j.t.JMeterThread: Thread started: UserScenario 1-496
2019-04-08 12:45:51,546 INFO o.a.j.t.JMeterThread: Thread started: UserScenario 1-497
2019-04-08 12:45:51,546 INFO o.a.j.t.JMeterThread: Thread started: UserScenario 1-498
2019-04-08 12:45:51,547 INFO o.a.j.t.JMeterThread: Thread started: UserScenario 1-499
2019-04-08 12:45:51,547 INFO o.a.j.t.JMeterThread: Thread started: UserScenario 1-500
2019-04-08 12:45:59,566 WARN k.a.j.t.VariableThroughputTimer: No free threads available in current Thread Group UserScenario, made 48 samples/s for expected rps 50.0 samples/s, increase your number of threads
2019-04-08 12:46:00,275 WARN k.a.j.t.VariableThroughputTimer: No free threads available in current Thread Group UserScenario, made 5 samples/s for expected rps 50.0 samples/s, increase your number of threads
2019-04-08 12:46:02,566 INFO k.a.j.t.VariableThroughputTimer: No further RPS schedule, asking threads to stop...
2019-04-08 12:46:02,566 INFO k.a.j.t.VariableThroughputTimer: Stopping gracefuly threads of Thread Group : UserScenario
2019-04-08 12:46:02,567 WARN o.a.j.t.JMeterThread: Interrupting: UserScenario 1-228 sampler: PROPERTY: getstatus THING: falldetection
2019-04-08 12:46:02,568 INFO o.a.j.t.JMeterThread: Thread is done: UserScenario 1-13
2019-04-08 12:46:02,568 INFO o.a.j.t.JMeterThread: Thread finished: UserScenario 1-13
2019-04-08 12:46:02,572 INFO o.a.j.t.JMeterThread: Thread is done: UserScenario 1-17
2019-04-08 12:46:02,572 INFO o.a.j.t.JMeterThread: Thread finished: UserScenario 1-17
2019-04-08 12:46:02,577 INFO c.b.j.t.c.ConcurrencyThreadStarter: Done supplying threads
2019-04-08 12:46:02,593 WARN o.a.j.t.JMeterThread: Interrupting: UserScenario 1-212 sampler: PROPERTY: getstatus THING: falldetection
2019-04-08 12:46:02,608 WARN o.a.j.t.JMeterThread: Interrupting: UserScenario 1-359 sampler: PROPERTY: getstatus THING: falldetection
2019-04-08 12:46:02,609 INFO o.a.j.t.JMeterThread: Thread is done: UserScenario 1-53
2019-04-08 12:46:02,609 INFO o.a.j.t.JMeterThread: Thread finished: UserScenario 1-53
2019-04-08 12:46:02,626 WARN o.a.j.t.JMeterThread: Interrupting: UserScenario 1-40 sampler: PROPERTY: getstatus THING: falldetection
2019-04-08 12:46:02,638 INFO o.a.j.t.JMeterThread: Thread is done: UserScenario 1-30
2019-04-08 12:46:02,638 INFO o.a.j.t.JMeterThread: Thread finished: UserScenario 1-30
2019-04-08 12:46:02,642 WARN o.a.j.t.JMeterThread: Interrupting: UserScenario 1-279 sampler: PROPERTY: getstatus THING: falldetection
2019-04-08 12:46:02,658 WARN o.a.j.t.JMeterThread: Interrupting: UserScenario 1-400 sampler: PROPERTY: getstatus THING: falldetection
2019-04-08 12:46:02,659 INFO o.a.j.t.JMeterThread: Thread is done: UserScenario 1-29
2019-04-08 12:46:02,659 INFO o.a.j.t.JMeterThread: Thread finished: UserScenario 1-29
2019-04-08 12:46:02,660 INFO o.a.j.t.JMeterThread: Thread is done: UserScenario 1-56
2019-04-08 12:46:02,660 INFO o.a.j.t.JMeterThread: Thread finished: UserScenario 1-56
2019-04-08 12:46:02,723 INFO o.a.j.t.JMeterThread: Thread is done: UserScenario 1-40
2019-04-08 12:46:02,724 INFO o.a.j.t.JMeterThread: Thread finished: UserScenario 1-40
2019-04-08 12:46:02,924 INFO o.a.j.t.JMeterThread: Thread is done: UserScenario 1-19
2019-04-08 12:46:02,924 INFO o.a.j.t.JMeterThread: Thread finished: UserScenario 1-19
2019-04-08 12:46:02,926 INFO o.a.j.t.JMeterThread: Thread is done: UserScenario 1-22
2019-04-08 12:46:02,926 INFO o.a.j.t.JMeterThread: Thread finished: UserScenario 1-22
2019-04-08 12:46:02,931 INFO o.a.j.t.JMeterThread: Thread is done: UserScenario 1-84
2019-04-08 12:46:02,931 INFO o.a.j.t.JMeterThread: Thread finished: UserScenario 1-84
2019-04-08 12:46:02,934 INFO o.a.j.t.JMeterThread: Thread is done: UserScenario 1-212
2019-04-08 12:46:02,934 INFO o.a.j.t.JMeterThread: Thread is done: UserScenario 1-359
2019-04-08 12:46:02,934 INFO o.a.j.t.JMeterThread: Thread finished: UserScenario 1-359
2019-04-08 12:46:02,934 INFO o.a.j.t.JMeterThread: Thread finished: UserScenario 1-212
2019-04-08 12:46:02,936 INFO o.a.j.t.JMeterThread: Thread is done: UserScenario 1-228
2019-04-08 12:46:02,936 INFO o.a.j.t.JMeterThread: Thread finished: UserScenario 1-228
2019-04-08 12:46:02,936 INFO o.a.j.e.StandardJMeterEngine: Notifying test listeners of end of test
2019-04-08 12:46:02,937 INFO o.a.j.t.JMeterThread: Thread is done: UserScenario 1-57
2019-04-08 12:46:02,937 INFO o.a.j.t.JMeterThread: Thread finished: UserScenario 1-57
2019-04-08 12:46:02,938 INFO o.a.j.t.JMeterThread: Thread is done: UserScenario 1-14
2019-04-08 12:46:02,939 INFO o.a.j.t.JMeterThread: Thread finished: UserScenario 1-14
2019-04-08 12:46:02,962 INFO o.a.j.t.JMeterThread: Thread is done: UserScenario 1-24
2019-04-08 12:46:02,963 INFO o.a.j.t.JMeterThread: Thread finished: UserScenario 1-24
2019-04-08 12:46:02,964 INFO o.a.j.t.JMeterThread: Thread is done: UserScenario 1-20
2019-04-08 12:46:02,964 INFO o.a.j.t.JMeterThread: Thread finished: UserScenario 1-20
2019-04-08 12:46:02,965 INFO o.a.j.t.JMeterThread: Thread is done: UserScenario 1-23
2019-04-08 12:46:02,965 INFO o.a.j.t.JMeterThread: Thread finished: UserScenario 1-23
2019-04-08 12:46:02,967 INFO o.a.j.t.JMeterThread: Thread is done: UserScenario 1-82
2019-04-08 12:46:02,967 INFO o.a.j.t.JMeterThread: Thread finished: UserScenario 1-82
2019-04-08 12:46:02,968 INFO o.a.j.t.JMeterThread: Thread is done: UserScenario 1-83
2019-04-08 12:46:02,968 INFO o.a.j.t.JMeterThread: Thread finished: UserScenario 1-83
2019-04-08 12:46:02,969 INFO o.a.j.t.JMeterThread: Thread is done: UserScenario 1-279
2019-04-08 12:46:02,970 INFO o.a.j.t.JMeterThread: Thread finished: UserScenario 1-279
2019-04-08 12:46:02,993 WARN o.a.j.t.JMeterThread: Interrupting: UserScenario 1-472 sampler: PROPERTY: getstatus THING: falldetection
2019-04-08 12:46:02,995 INFO o.a.j.t.JMeterThread: Thread is done: UserScenario 1-21
2019-04-08 12:46:02,995 INFO o.a.j.t.JMeterThread: Thread finished: UserScenario 1-21
2019-04-08 12:46:03,001 INFO o.a.j.t.JMeterThread: Thread is done: UserScenario 1-400
2019-04-08 12:46:03,001 INFO o.a.j.t.JMeterThread: Thread finished: UserScenario 1-400
2019-04-08 12:46:03,007 WARN o.a.j.t.JMeterThread: Interrupting: UserScenario 1-488 sampler: PROPERTY: getstatus THING: falldetection
2019-04-08 12:46:03,007 INFO o.a.j.e.StandardJMeterEngine: Forced JVM shutdown requested at end of test
2019-04-08 12:46:03,016 WARN o.a.j.t.JMeterThread: Interrupting: UserScenario 1-2 sampler: ACTION: feedback THING: falldetection
2019-04-08 12:46:03,017 INFO o.a.j.t.JMeterThread: Thread is done: UserScenario 1-472
2019-04-08 12:46:03,017 INFO o.a.j.t.JMeterThread: Thread finished: UserScenario 1-472
2019-04-08 12:46:03,030 WARN o.a.j.t.JMeterThread: Interrupting: UserScenario 1-384 sampler: PROPERTY: getstatus THING: falldetection
2019-04-08 12:46:03,031 INFO o.a.j.t.JMeterThread: Thread is done: UserScenario 1-488
2019-04-08 12:46:03,031 INFO o.a.j.t.JMeterThread: Thread finished: UserScenario 1-488
2019-04-08 12:46:03,042 INFO o.a.j.t.JMeterThread: Thread is done: UserScenario 1-2
2019-04-08 12:46:03,042 INFO o.a.j.t.JMeterThread: Thread finished: UserScenario 1-2
2019-04-08 12:46:03,043 WARN o.a.j.t.JMeterThread: Interrupting: UserScenario 1-76 sampler: PROPERTY: getstatus THING: falldetection
