2019-04-08 17:40:43,354 INFO o.a.j.u.JMeterUtils: Setting Locale to en_US
2019-04-08 17:40:43,490 INFO o.a.j.JMeter: Loading user properties from: /Users/apple/.bzt/jmeter-taurus/5.1.1/bin/user.properties
2019-04-08 17:40:43,499 INFO o.a.j.JMeter: Loading system properties from: /Users/apple/.bzt/jmeter-taurus/5.1.1/bin/system.properties
2019-04-08 17:40:43,516 INFO o.a.j.JMeter: Loading additional properties from: /Users/apple/Desktop/bachelorProject/stressThing/StressThing/2019-04-08_17-39-20.417407/jmeter-bzt-1.properties
2019-04-08 17:40:43,518 INFO o.a.j.JMeter: Setting System properties from file: /Users/apple/Desktop/bachelorProject/stressThing/StressThing/2019-04-08_17-39-20.417407/system-1.properties
2019-04-08 17:40:43,535 INFO o.a.j.JMeter: Copyright (c) 1998-2019 The Apache Software Foundation
2019-04-08 17:40:43,535 INFO o.a.j.JMeter: Version 5.1.1 r1855137
2019-04-08 17:40:43,535 INFO o.a.j.JMeter: java.version=1.8.0_66
2019-04-08 17:40:43,535 INFO o.a.j.JMeter: java.vm.name=Java HotSpot(TM) 64-Bit Server VM
2019-04-08 17:40:43,536 INFO o.a.j.JMeter: os.name=Mac OS X
2019-04-08 17:40:43,536 INFO o.a.j.JMeter: os.arch=x86_64
2019-04-08 17:40:43,536 INFO o.a.j.JMeter: os.version=10.13.4
2019-04-08 17:40:43,536 INFO o.a.j.JMeter: file.encoding=UTF-8
2019-04-08 17:40:43,536 INFO o.a.j.JMeter: java.awt.headless=true
2019-04-08 17:40:43,536 INFO o.a.j.JMeter: Max memory     =954728448
2019-04-08 17:40:43,537 INFO o.a.j.JMeter: Available Processors =4
2019-04-08 17:40:43,549 INFO o.a.j.JMeter: Default Locale=English (United States)
2019-04-08 17:40:43,549 INFO o.a.j.JMeter: JMeter  Locale=English (United States)
2019-04-08 17:40:43,550 INFO o.a.j.JMeter: JMeterHome=/Users/apple/.bzt/jmeter-taurus/5.1.1
2019-04-08 17:40:43,550 INFO o.a.j.JMeter: user.dir  =/Users/apple/Desktop/bachelorProject/stressThing/StressThing
2019-04-08 17:40:43,550 INFO o.a.j.JMeter: PWD       =/Users/apple/Desktop/bachelorProject/stressThing/StressThing
2019-04-08 17:40:43,554 INFO o.a.j.JMeter: IP: 172.20.10.5 Name: amirhosein-mac.local FullName: 172.20.10.5
2019-04-08 17:40:43,554 INFO o.a.j.JMeter: user.classpath=/Users/apple/Desktop/bachelorProject/stressThing/StressThing/2019-04-08_17-39-20.417407:/Users/apple/Desktop/bachelorProject/stressThing/StressThing/2019-04-08_17-39-20.417407
2019-04-08 17:40:43,555 INFO o.a.j.JMeter: Adding to classpath and loader: /Users/apple/Desktop/bachelorProject/stressThing/StressThing/2019-04-08_17-39-20.417407
2019-04-08 17:40:43,559 INFO o.a.j.JMeter: Adding to classpath and loader: /Users/apple/Desktop/bachelorProject/stressThing/StressThing/2019-04-08_17-39-20.417407
2019-04-08 17:40:43,579 INFO o.a.j.s.FileServer: Default base='/Users/apple/Desktop/bachelorProject/stressThing/StressThing'
2019-04-08 17:40:43,596 INFO o.a.j.s.FileServer: Set new base='/Users/apple/Desktop/bachelorProject/stressThing/StressThing/2019-04-08_17-39-20.417407'
2019-04-08 17:40:44,145 INFO o.a.j.s.SaveService: Testplan (JMX) version: 2.2. Testlog (JTL) version: 2.2
2019-04-08 17:40:44,207 INFO o.a.j.s.SaveService: Using SaveService properties file encoding UTF-8
2019-04-08 17:40:44,228 INFO o.a.j.s.SaveService: Using SaveService properties version 5.0
2019-04-08 17:40:44,269 INFO o.a.j.s.SaveService: Loading file: /Users/apple/Desktop/bachelorProject/stressThing/StressThing/2019-04-08_17-39-20.417407/modified_requests-1.jmx
2019-04-08 17:40:44,581 INFO o.a.j.p.h.c.CacheManager: Will only cache the following methods: [GET]
2019-04-08 17:40:44,587 INFO o.a.j.p.h.c.CookieManager: Settings: Delete null: true Check: true Allow variable: true Save: false Prefix: COOKIE_
2019-04-08 17:40:44,631 INFO o.a.j.p.h.s.HTTPSamplerBase: Parser for text/html is org.apache.jmeter.protocol.http.parser.LagartoBasedHtmlParser
2019-04-08 17:40:44,631 INFO o.a.j.p.h.s.HTTPSamplerBase: Parser for application/xhtml+xml is org.apache.jmeter.protocol.http.parser.LagartoBasedHtmlParser
2019-04-08 17:40:44,631 INFO o.a.j.p.h.s.HTTPSamplerBase: Parser for application/xml is org.apache.jmeter.protocol.http.parser.LagartoBasedHtmlParser
2019-04-08 17:40:44,632 INFO o.a.j.p.h.s.HTTPSamplerBase: Parser for text/xml is org.apache.jmeter.protocol.http.parser.LagartoBasedHtmlParser
2019-04-08 17:40:44,632 INFO o.a.j.p.h.s.HTTPSamplerBase: Parser for text/vnd.wap.wml is org.apache.jmeter.protocol.http.parser.RegexpHTMLParser
2019-04-08 17:40:44,632 INFO o.a.j.p.h.s.HTTPSamplerBase: Parser for text/css is org.apache.jmeter.protocol.http.parser.CssParser
2019-04-08 17:40:44,789 INFO o.a.j.e.StandardJMeterEngine: Running the test!
2019-04-08 17:40:44,790 INFO o.a.j.s.SampleEvent: List of sample_variables: []
2019-04-08 17:40:44,790 INFO o.a.j.s.SampleEvent: List of sample_variables: []
2019-04-08 17:40:44,804 INFO o.a.j.e.u.CompoundVariable: Note: Function class names must contain the string: '.functions.'
2019-04-08 17:40:44,804 INFO o.a.j.e.u.CompoundVariable: Note: Function class names must not contain the string: '.gui.'
2019-04-08 17:40:46,449 INFO o.a.j.JMeter: Running test (1554729046449)
2019-04-08 17:40:46,575 INFO o.a.j.e.StandardJMeterEngine: Starting ThreadGroup: 1 : scenario1
2019-04-08 17:40:46,576 INFO o.a.j.e.StandardJMeterEngine: Starting 1 threads for group scenario1.
2019-04-08 17:40:46,576 INFO o.a.j.e.StandardJMeterEngine: Thread will continue on error
2019-04-08 17:40:46,583 INFO o.a.j.e.StandardJMeterEngine: All thread groups have been started
2019-04-08 17:40:46,583 INFO c.b.j.t.c.ConcurrencyThreadStarter: Start supplying threads
2019-04-08 17:41:01,671 INFO o.a.j.t.JMeterThread: Thread started: scenario1 1-1
2019-04-08 17:41:01,673 INFO o.a.j.s.SampleResult: Note: Sample TimeStamps are START times
2019-04-08 17:41:01,680 INFO o.a.j.s.SampleResult: sampleresult.default.encoding is set to UTF-8
2019-04-08 17:41:01,681 INFO o.a.j.s.SampleResult: sampleresult.useNanoTime=true
2019-04-08 17:41:01,681 INFO o.a.j.s.SampleResult: sampleresult.nanoThreadSleep=5000
2019-04-08 17:41:01,706 WARN k.a.j.t.VariableThroughputTimer: No free threads available in current Thread Group scenario1, made 0 samples/s for expected rps 0.022 samples/s, increase your number of threads
2019-04-08 17:41:01,782 INFO o.a.j.p.h.s.HTTPHCAbstractImpl: Local host = amirhosein-mac.local
2019-04-08 17:41:01,805 INFO o.a.j.p.h.s.HTTPHC4Impl: HTTP request retry count = 0
2019-04-08 17:41:02,772 INFO o.a.j.p.h.p.BaseParser: Created org.apache.jmeter.protocol.http.parser.LagartoBasedHtmlParser
2019-04-08 17:41:02,862 INFO o.a.j.p.h.s.ResourcesDownloader: Creating ResourcesDownloader with keepalive_inseconds : 60
2019-04-08 17:41:02,979 INFO o.a.j.p.h.p.BaseParser: Created org.apache.jmeter.protocol.http.parser.CssParser
2019-04-08 17:41:12,227 INFO o.a.j.u.JsseSSLManager: Using default SSL protocol: TLS
2019-04-08 17:41:12,229 INFO o.a.j.u.JsseSSLManager: SSL session context: per-thread
2019-04-08 17:41:31,742 INFO c.b.j.t.c.ConcurrencyThreadStarter: Done supplying threads
2019-04-08 17:41:32,644 INFO o.a.j.t.JMeterThread: Thread is done: scenario1 1-1
2019-04-08 17:41:32,644 INFO o.a.j.t.JMeterThread: Thread finished: scenario1 1-1
2019-04-08 17:41:32,646 INFO o.a.j.e.StandardJMeterEngine: Notifying test listeners of end of test
2019-04-08 17:41:32,653 INFO o.a.j.e.StandardJMeterEngine: Forced JVM shutdown requested at end of test
