2019-04-08 17:41:39,768 INFO o.a.j.u.JMeterUtils: Setting Locale to en_US
2019-04-08 17:41:39,841 INFO o.a.j.JMeter: Loading user properties from: /Users/apple/.bzt/jmeter-taurus/5.1.1/bin/user.properties
2019-04-08 17:41:39,846 INFO o.a.j.JMeter: Loading system properties from: /Users/apple/.bzt/jmeter-taurus/5.1.1/bin/system.properties
2019-04-08 17:41:39,847 INFO o.a.j.JMeter: Loading additional properties from: /Users/apple/Desktop/bachelorProject/stressThing/StressThing/2019-04-08_17-39-20.417407/jmeter-bzt-2.properties
2019-04-08 17:41:39,853 INFO o.a.j.JMeter: Setting System properties from file: /Users/apple/Desktop/bachelorProject/stressThing/StressThing/2019-04-08_17-39-20.417407/system-2.properties
2019-04-08 17:41:39,871 INFO o.a.j.JMeter: Copyright (c) 1998-2019 The Apache Software Foundation
2019-04-08 17:41:39,871 INFO o.a.j.JMeter: Version 5.1.1 r1855137
2019-04-08 17:41:39,871 INFO o.a.j.JMeter: java.version=1.8.0_66
2019-04-08 17:41:39,872 INFO o.a.j.JMeter: java.vm.name=Java HotSpot(TM) 64-Bit Server VM
2019-04-08 17:41:39,872 INFO o.a.j.JMeter: os.name=Mac OS X
2019-04-08 17:41:39,872 INFO o.a.j.JMeter: os.arch=x86_64
2019-04-08 17:41:39,872 INFO o.a.j.JMeter: os.version=10.13.4
2019-04-08 17:41:39,872 INFO o.a.j.JMeter: file.encoding=UTF-8
2019-04-08 17:41:39,872 INFO o.a.j.JMeter: java.awt.headless=true
2019-04-08 17:41:39,873 INFO o.a.j.JMeter: Max memory     =954728448
2019-04-08 17:41:39,873 INFO o.a.j.JMeter: Available Processors =4
2019-04-08 17:41:39,884 INFO o.a.j.JMeter: Default Locale=English (United States)
2019-04-08 17:41:39,884 INFO o.a.j.JMeter: JMeter  Locale=English (United States)
2019-04-08 17:41:39,885 INFO o.a.j.JMeter: JMeterHome=/Users/apple/.bzt/jmeter-taurus/5.1.1
2019-04-08 17:41:39,885 INFO o.a.j.JMeter: user.dir  =/Users/apple/Desktop/bachelorProject/stressThing/StressThing
2019-04-08 17:41:39,886 INFO o.a.j.JMeter: PWD       =/Users/apple/Desktop/bachelorProject/stressThing/StressThing
2019-04-08 17:41:39,893 INFO o.a.j.JMeter: IP: 172.20.10.5 Name: amirhosein-mac.local FullName: 172.20.10.5
2019-04-08 17:41:39,893 INFO o.a.j.JMeter: user.classpath=/Users/apple/Desktop/bachelorProject/stressThing/StressThing/2019-04-08_17-39-20.417407:/Users/apple/Desktop/bachelorProject/stressThing/StressThing/2019-04-08_17-39-20.417407
2019-04-08 17:41:39,894 INFO o.a.j.JMeter: Adding to classpath and loader: /Users/apple/Desktop/bachelorProject/stressThing/StressThing/2019-04-08_17-39-20.417407
2019-04-08 17:41:39,896 INFO o.a.j.JMeter: Adding to classpath and loader: /Users/apple/Desktop/bachelorProject/stressThing/StressThing/2019-04-08_17-39-20.417407
2019-04-08 17:41:39,919 INFO o.a.j.s.FileServer: Default base='/Users/apple/Desktop/bachelorProject/stressThing/StressThing'
2019-04-08 17:41:39,932 INFO o.a.j.s.FileServer: Set new base='/Users/apple/Desktop/bachelorProject/stressThing/StressThing/2019-04-08_17-39-20.417407'
2019-04-08 17:41:40,878 INFO o.a.j.s.SaveService: Testplan (JMX) version: 2.2. Testlog (JTL) version: 2.2
2019-04-08 17:41:40,936 INFO o.a.j.s.SaveService: Using SaveService properties file encoding UTF-8
2019-04-08 17:41:41,088 INFO o.a.j.s.SaveService: Using SaveService properties version 5.0
2019-04-08 17:41:41,111 INFO o.a.j.s.SaveService: Loading file: /Users/apple/Desktop/bachelorProject/stressThing/StressThing/2019-04-08_17-39-20.417407/modified_requests-2.jmx
2019-04-08 17:41:41,381 INFO o.a.j.p.h.c.CacheManager: Will only cache the following methods: [GET]
2019-04-08 17:41:41,388 INFO o.a.j.p.h.c.CookieManager: Settings: Delete null: true Check: true Allow variable: true Save: false Prefix: COOKIE_
2019-04-08 17:41:41,429 INFO o.a.j.p.h.s.HTTPSamplerBase: Parser for text/html is org.apache.jmeter.protocol.http.parser.LagartoBasedHtmlParser
2019-04-08 17:41:41,430 INFO o.a.j.p.h.s.HTTPSamplerBase: Parser for application/xhtml+xml is org.apache.jmeter.protocol.http.parser.LagartoBasedHtmlParser
2019-04-08 17:41:41,430 INFO o.a.j.p.h.s.HTTPSamplerBase: Parser for application/xml is org.apache.jmeter.protocol.http.parser.LagartoBasedHtmlParser
2019-04-08 17:41:41,430 INFO o.a.j.p.h.s.HTTPSamplerBase: Parser for text/xml is org.apache.jmeter.protocol.http.parser.LagartoBasedHtmlParser
2019-04-08 17:41:41,431 INFO o.a.j.p.h.s.HTTPSamplerBase: Parser for text/vnd.wap.wml is org.apache.jmeter.protocol.http.parser.RegexpHTMLParser
2019-04-08 17:41:41,431 INFO o.a.j.p.h.s.HTTPSamplerBase: Parser for text/css is org.apache.jmeter.protocol.http.parser.CssParser
2019-04-08 17:41:41,715 INFO o.a.j.e.StandardJMeterEngine: Running the test!
2019-04-08 17:41:41,722 INFO o.a.j.s.SampleEvent: List of sample_variables: []
2019-04-08 17:41:41,722 INFO o.a.j.s.SampleEvent: List of sample_variables: []
2019-04-08 17:41:41,737 INFO o.a.j.e.u.CompoundVariable: Note: Function class names must contain the string: '.functions.'
2019-04-08 17:41:41,737 INFO o.a.j.e.u.CompoundVariable: Note: Function class names must not contain the string: '.gui.'
2019-04-08 17:41:43,979 INFO o.a.j.JMeter: Running test (1554729103978)
2019-04-08 17:41:44,115 INFO o.a.j.e.StandardJMeterEngine: Starting ThreadGroup: 1 : scenario2
2019-04-08 17:41:44,116 INFO o.a.j.e.StandardJMeterEngine: Starting 500 threads for group scenario2.
2019-04-08 17:41:44,116 INFO o.a.j.e.StandardJMeterEngine: Thread will continue on error
2019-04-08 17:41:44,126 INFO o.a.j.e.StandardJMeterEngine: All thread groups have been started
2019-04-08 17:41:44,126 INFO c.b.j.t.c.ConcurrencyThreadStarter: Start supplying threads
2019-04-08 17:41:44,181 INFO o.a.j.s.SampleResult: Note: Sample TimeStamps are START times
2019-04-08 17:41:44,182 INFO o.a.j.s.SampleResult: sampleresult.default.encoding is set to UTF-8
2019-04-08 17:41:44,182 INFO o.a.j.s.SampleResult: sampleresult.useNanoTime=true
2019-04-08 17:41:44,182 INFO o.a.j.s.SampleResult: sampleresult.nanoThreadSleep=5000
2019-04-08 17:41:44,187 INFO o.a.j.t.JMeterThread: Thread started: scenario2 1-1
2019-04-08 17:41:44,204 WARN k.a.j.t.VariableThroughputTimer: No free threads available in current Thread Group scenario2, made 0 samples/s for expected rps 0.022 samples/s, increase your number of threads
2019-04-08 17:41:44,242 INFO o.a.j.p.h.s.HTTPHCAbstractImpl: Local host = amirhosein-mac.local
2019-04-08 17:41:44,259 INFO o.a.j.p.h.s.HTTPHC4Impl: HTTP request retry count = 0
2019-04-08 17:41:45,187 INFO o.a.j.t.JMeterThread: Thread started: scenario2 1-2
2019-04-08 17:41:45,188 INFO o.a.j.t.JMeterThread: Thread started: scenario2 1-3
2019-04-08 17:41:45,191 INFO o.a.j.t.JMeterThread: Thread started: scenario2 1-4
2019-04-08 17:41:45,193 INFO o.a.j.t.JMeterThread: Thread started: scenario2 1-5
2019-04-08 17:41:45,194 INFO o.a.j.t.JMeterThread: Thread started: scenario2 1-6
2019-04-08 17:41:45,195 INFO o.a.j.t.JMeterThread: Thread started: scenario2 1-7
2019-04-08 17:41:45,196 INFO o.a.j.t.JMeterThread: Thread started: scenario2 1-8
2019-04-08 17:41:45,198 INFO o.a.j.t.JMeterThread: Thread started: scenario2 1-9
2019-04-08 17:41:45,199 INFO o.a.j.t.JMeterThread: Thread started: scenario2 1-10
2019-04-08 17:41:45,201 INFO o.a.j.t.JMeterThread: Thread started: scenario2 1-11
2019-04-08 17:41:45,203 INFO o.a.j.t.JMeterThread: Thread started: scenario2 1-12
2019-04-08 17:41:45,204 INFO o.a.j.t.JMeterThread: Thread started: scenario2 1-13
2019-04-08 17:41:45,209 INFO o.a.j.t.JMeterThread: Thread started: scenario2 1-14
2019-04-08 17:41:45,210 INFO o.a.j.t.JMeterThread: Thread started: scenario2 1-15
2019-04-08 17:41:45,212 INFO o.a.j.t.JMeterThread: Thread started: scenario2 1-16
2019-04-08 17:41:45,214 INFO o.a.j.t.JMeterThread: Thread started: scenario2 1-17
2019-04-08 17:41:45,215 INFO o.a.j.t.JMeterThread: Thread started: scenario2 1-18
2019-04-08 17:41:45,311 INFO o.a.j.p.h.p.BaseParser: Created org.apache.jmeter.protocol.http.parser.LagartoBasedHtmlParser
2019-04-08 17:41:45,406 INFO o.a.j.p.h.s.ResourcesDownloader: Creating ResourcesDownloader with keepalive_inseconds : 60
2019-04-08 17:41:45,531 INFO o.a.j.p.h.p.BaseParser: Created org.apache.jmeter.protocol.http.parser.CssParser
2019-04-08 17:41:45,531 INFO o.a.j.p.h.p.BaseParser: Created org.apache.jmeter.protocol.http.parser.CssParser
2019-04-08 17:41:46,221 INFO o.a.j.t.JMeterThread: Thread started: scenario2 1-19
2019-04-08 17:41:46,222 INFO o.a.j.t.JMeterThread: Thread started: scenario2 1-20
2019-04-08 17:41:46,223 INFO o.a.j.t.JMeterThread: Thread started: scenario2 1-21
2019-04-08 17:41:46,224 INFO o.a.j.t.JMeterThread: Thread started: scenario2 1-22
2019-04-08 17:41:46,225 INFO o.a.j.t.JMeterThread: Thread started: scenario2 1-23
2019-04-08 17:41:46,226 INFO o.a.j.t.JMeterThread: Thread started: scenario2 1-24
2019-04-08 17:41:46,227 INFO o.a.j.t.JMeterThread: Thread started: scenario2 1-25
2019-04-08 17:41:46,229 INFO o.a.j.t.JMeterThread: Thread started: scenario2 1-26
2019-04-08 17:41:46,229 INFO o.a.j.t.JMeterThread: Thread started: scenario2 1-27
2019-04-08 17:41:46,233 INFO o.a.j.t.JMeterThread: Thread started: scenario2 1-28
2019-04-08 17:41:46,233 INFO o.a.j.t.JMeterThread: Thread started: scenario2 1-29
2019-04-08 17:41:46,235 INFO o.a.j.t.JMeterThread: Thread started: scenario2 1-30
2019-04-08 17:41:46,236 INFO o.a.j.t.JMeterThread: Thread started: scenario2 1-31
2019-04-08 17:41:46,237 INFO o.a.j.t.JMeterThread: Thread started: scenario2 1-32
2019-04-08 17:41:46,238 INFO o.a.j.t.JMeterThread: Thread started: scenario2 1-33
2019-04-08 17:41:46,239 INFO o.a.j.t.JMeterThread: Thread started: scenario2 1-34
2019-04-08 17:41:46,240 INFO o.a.j.t.JMeterThread: Thread started: scenario2 1-35
2019-04-08 17:41:47,246 INFO o.a.j.t.JMeterThread: Thread started: scenario2 1-36
2019-04-08 17:41:47,247 INFO o.a.j.t.JMeterThread: Thread started: scenario2 1-37
2019-04-08 17:41:47,248 INFO o.a.j.t.JMeterThread: Thread started: scenario2 1-38
2019-04-08 17:41:47,249 INFO o.a.j.t.JMeterThread: Thread started: scenario2 1-39
2019-04-08 17:41:47,251 INFO o.a.j.t.JMeterThread: Thread started: scenario2 1-40
2019-04-08 17:41:47,252 INFO o.a.j.t.JMeterThread: Thread started: scenario2 1-41
2019-04-08 17:41:47,253 INFO o.a.j.t.JMeterThread: Thread started: scenario2 1-42
2019-04-08 17:41:47,254 INFO o.a.j.t.JMeterThread: Thread started: scenario2 1-43
2019-04-08 17:41:47,255 INFO o.a.j.t.JMeterThread: Thread started: scenario2 1-44
2019-04-08 17:41:47,257 INFO o.a.j.t.JMeterThread: Thread started: scenario2 1-45
2019-04-08 17:41:47,258 INFO o.a.j.t.JMeterThread: Thread started: scenario2 1-46
2019-04-08 17:41:47,259 INFO o.a.j.t.JMeterThread: Thread started: scenario2 1-47
2019-04-08 17:41:47,261 INFO o.a.j.t.JMeterThread: Thread started: scenario2 1-48
2019-04-08 17:41:47,263 INFO o.a.j.t.JMeterThread: Thread started: scenario2 1-49
2019-04-08 17:41:47,265 INFO o.a.j.t.JMeterThread: Thread started: scenario2 1-50
2019-04-08 17:41:47,268 INFO o.a.j.t.JMeterThread: Thread started: scenario2 1-51
2019-04-08 17:41:47,270 INFO o.a.j.t.JMeterThread: Thread started: scenario2 1-52
2019-04-08 17:41:48,273 INFO o.a.j.t.JMeterThread: Thread started: scenario2 1-53
2019-04-08 17:41:48,274 INFO o.a.j.t.JMeterThread: Thread started: scenario2 1-54
2019-04-08 17:41:48,275 INFO o.a.j.t.JMeterThread: Thread started: scenario2 1-55
2019-04-08 17:41:48,276 INFO o.a.j.t.JMeterThread: Thread started: scenario2 1-56
2019-04-08 17:41:48,277 INFO o.a.j.t.JMeterThread: Thread started: scenario2 1-57
2019-04-08 17:41:48,278 INFO o.a.j.t.JMeterThread: Thread started: scenario2 1-58
2019-04-08 17:41:48,279 INFO o.a.j.t.JMeterThread: Thread started: scenario2 1-59
2019-04-08 17:41:48,280 INFO o.a.j.t.JMeterThread: Thread started: scenario2 1-60
2019-04-08 17:41:48,282 INFO o.a.j.t.JMeterThread: Thread started: scenario2 1-61
2019-04-08 17:41:48,285 INFO o.a.j.t.JMeterThread: Thread started: scenario2 1-62
2019-04-08 17:41:48,287 INFO o.a.j.t.JMeterThread: Thread started: scenario2 1-63
2019-04-08 17:41:48,288 INFO o.a.j.t.JMeterThread: Thread started: scenario2 1-64
2019-04-08 17:41:48,289 INFO o.a.j.t.JMeterThread: Thread started: scenario2 1-65
2019-04-08 17:41:48,290 INFO o.a.j.t.JMeterThread: Thread started: scenario2 1-66
2019-04-08 17:41:48,292 INFO o.a.j.t.JMeterThread: Thread started: scenario2 1-67
2019-04-08 17:41:48,293 INFO o.a.j.t.JMeterThread: Thread started: scenario2 1-68
2019-04-08 17:41:48,294 INFO o.a.j.t.JMeterThread: Thread started: scenario2 1-69
2019-04-08 17:41:49,299 INFO o.a.j.t.JMeterThread: Thread started: scenario2 1-70
2019-04-08 17:41:49,305 INFO o.a.j.t.JMeterThread: Thread started: scenario2 1-71
2019-04-08 17:41:49,307 INFO o.a.j.t.JMeterThread: Thread started: scenario2 1-72
2019-04-08 17:41:49,310 INFO o.a.j.t.JMeterThread: Thread started: scenario2 1-73
2019-04-08 17:41:49,312 INFO o.a.j.t.JMeterThread: Thread started: scenario2 1-74
2019-04-08 17:41:49,314 INFO o.a.j.t.JMeterThread: Thread started: scenario2 1-75
2019-04-08 17:41:49,315 INFO o.a.j.t.JMeterThread: Thread started: scenario2 1-76
2019-04-08 17:41:49,316 INFO o.a.j.t.JMeterThread: Thread started: scenario2 1-77
2019-04-08 17:41:49,318 INFO o.a.j.t.JMeterThread: Thread started: scenario2 1-78
2019-04-08 17:41:49,319 INFO o.a.j.t.JMeterThread: Thread started: scenario2 1-79
2019-04-08 17:41:49,320 INFO o.a.j.t.JMeterThread: Thread started: scenario2 1-80
2019-04-08 17:41:49,321 INFO o.a.j.t.JMeterThread: Thread started: scenario2 1-81
2019-04-08 17:41:49,322 INFO o.a.j.t.JMeterThread: Thread started: scenario2 1-82
2019-04-08 17:41:49,323 INFO o.a.j.t.JMeterThread: Thread started: scenario2 1-83
2019-04-08 17:41:49,324 INFO o.a.j.t.JMeterThread: Thread started: scenario2 1-84
2019-04-08 17:41:49,325 INFO o.a.j.t.JMeterThread: Thread started: scenario2 1-85
2019-04-08 17:41:49,326 INFO o.a.j.t.JMeterThread: Thread started: scenario2 1-86
2019-04-08 17:41:49,327 INFO o.a.j.t.JMeterThread: Thread started: scenario2 1-87
2019-04-08 17:41:50,332 INFO o.a.j.t.JMeterThread: Thread started: scenario2 1-88
2019-04-08 17:41:50,333 INFO o.a.j.t.JMeterThread: Thread started: scenario2 1-89
2019-04-08 17:41:50,428 INFO o.a.j.t.JMeterThread: Thread started: scenario2 1-90
2019-04-08 17:41:50,430 INFO o.a.j.t.JMeterThread: Thread started: scenario2 1-91
2019-04-08 17:41:50,431 INFO o.a.j.t.JMeterThread: Thread started: scenario2 1-92
2019-04-08 17:41:50,432 INFO o.a.j.t.JMeterThread: Thread started: scenario2 1-93
2019-04-08 17:41:50,433 INFO o.a.j.t.JMeterThread: Thread started: scenario2 1-94
2019-04-08 17:41:50,434 INFO o.a.j.t.JMeterThread: Thread started: scenario2 1-95
2019-04-08 17:41:50,436 INFO o.a.j.t.JMeterThread: Thread started: scenario2 1-96
2019-04-08 17:41:50,437 INFO o.a.j.t.JMeterThread: Thread started: scenario2 1-97
2019-04-08 17:41:50,437 INFO o.a.j.t.JMeterThread: Thread started: scenario2 1-98
2019-04-08 17:41:50,438 INFO o.a.j.t.JMeterThread: Thread started: scenario2 1-99
2019-04-08 17:41:50,442 INFO o.a.j.t.JMeterThread: Thread started: scenario2 1-100
2019-04-08 17:41:50,444 INFO o.a.j.t.JMeterThread: Thread started: scenario2 1-101
2019-04-08 17:41:50,445 INFO o.a.j.t.JMeterThread: Thread started: scenario2 1-102
2019-04-08 17:41:50,446 INFO o.a.j.t.JMeterThread: Thread started: scenario2 1-103
2019-04-08 17:41:50,447 INFO o.a.j.t.JMeterThread: Thread started: scenario2 1-104
2019-04-08 17:41:50,448 INFO o.a.j.t.JMeterThread: Thread started: scenario2 1-105
2019-04-08 17:41:51,450 INFO o.a.j.t.JMeterThread: Thread started: scenario2 1-106
2019-04-08 17:41:51,451 INFO o.a.j.t.JMeterThread: Thread started: scenario2 1-107
2019-04-08 17:41:51,452 INFO o.a.j.t.JMeterThread: Thread started: scenario2 1-108
2019-04-08 17:41:51,452 INFO o.a.j.t.JMeterThread: Thread started: scenario2 1-109
2019-04-08 17:41:51,453 INFO o.a.j.t.JMeterThread: Thread started: scenario2 1-110
2019-04-08 17:41:51,454 INFO o.a.j.t.JMeterThread: Thread started: scenario2 1-111
2019-04-08 17:41:51,455 INFO o.a.j.t.JMeterThread: Thread started: scenario2 1-112
2019-04-08 17:41:51,455 INFO o.a.j.t.JMeterThread: Thread started: scenario2 1-113
2019-04-08 17:41:51,456 INFO o.a.j.t.JMeterThread: Thread started: scenario2 1-114
2019-04-08 17:41:51,457 INFO o.a.j.t.JMeterThread: Thread started: scenario2 1-115
2019-04-08 17:41:51,458 INFO o.a.j.t.JMeterThread: Thread started: scenario2 1-116
2019-04-08 17:41:51,459 INFO o.a.j.t.JMeterThread: Thread started: scenario2 1-117
2019-04-08 17:41:51,459 INFO o.a.j.t.JMeterThread: Thread started: scenario2 1-118
2019-04-08 17:41:51,460 INFO o.a.j.t.JMeterThread: Thread started: scenario2 1-119
2019-04-08 17:41:51,461 INFO o.a.j.t.JMeterThread: Thread started: scenario2 1-120
2019-04-08 17:41:51,462 INFO o.a.j.t.JMeterThread: Thread started: scenario2 1-121
2019-04-08 17:41:51,462 INFO o.a.j.t.JMeterThread: Thread started: scenario2 1-122
2019-04-08 17:41:52,466 INFO o.a.j.t.JMeterThread: Thread started: scenario2 1-123
2019-04-08 17:41:52,467 INFO o.a.j.t.JMeterThread: Thread started: scenario2 1-124
2019-04-08 17:41:52,469 INFO o.a.j.t.JMeterThread: Thread started: scenario2 1-125
2019-04-08 17:41:52,475 INFO o.a.j.t.JMeterThread: Thread started: scenario2 1-126
2019-04-08 17:41:52,480 INFO o.a.j.t.JMeterThread: Thread started: scenario2 1-127
2019-04-08 17:41:52,482 INFO o.a.j.t.JMeterThread: Thread started: scenario2 1-128
2019-04-08 17:41:52,486 INFO o.a.j.t.JMeterThread: Thread started: scenario2 1-129
2019-04-08 17:41:52,487 INFO o.a.j.t.JMeterThread: Thread started: scenario2 1-130
2019-04-08 17:41:52,488 INFO o.a.j.t.JMeterThread: Thread started: scenario2 1-131
2019-04-08 17:41:52,489 INFO o.a.j.t.JMeterThread: Thread started: scenario2 1-132
2019-04-08 17:41:52,490 INFO o.a.j.t.JMeterThread: Thread started: scenario2 1-133
2019-04-08 17:41:52,492 INFO o.a.j.t.JMeterThread: Thread started: scenario2 1-134
2019-04-08 17:41:52,493 INFO o.a.j.t.JMeterThread: Thread started: scenario2 1-135
2019-04-08 17:41:52,494 INFO o.a.j.t.JMeterThread: Thread started: scenario2 1-136
2019-04-08 17:41:52,495 INFO o.a.j.t.JMeterThread: Thread started: scenario2 1-137
2019-04-08 17:41:52,497 INFO o.a.j.t.JMeterThread: Thread started: scenario2 1-138
2019-04-08 17:41:52,499 INFO o.a.j.t.JMeterThread: Thread started: scenario2 1-139
2019-04-08 17:41:52,499 INFO o.a.j.t.JMeterThread: Thread started: scenario2 1-140
2019-04-08 17:41:53,506 INFO o.a.j.t.JMeterThread: Thread started: scenario2 1-141
2019-04-08 17:41:53,508 INFO o.a.j.t.JMeterThread: Thread started: scenario2 1-142
2019-04-08 17:41:53,513 INFO o.a.j.t.JMeterThread: Thread started: scenario2 1-143
2019-04-08 17:41:53,518 INFO o.a.j.t.JMeterThread: Thread started: scenario2 1-144
2019-04-08 17:41:53,519 INFO o.a.j.t.JMeterThread: Thread started: scenario2 1-145
2019-04-08 17:41:53,521 INFO o.a.j.t.JMeterThread: Thread started: scenario2 1-146
2019-04-08 17:41:53,522 INFO o.a.j.t.JMeterThread: Thread started: scenario2 1-147
2019-04-08 17:41:53,523 INFO o.a.j.t.JMeterThread: Thread started: scenario2 1-148
2019-04-08 17:41:53,524 INFO o.a.j.t.JMeterThread: Thread started: scenario2 1-149
2019-04-08 17:41:53,525 INFO o.a.j.t.JMeterThread: Thread started: scenario2 1-150
2019-04-08 17:41:53,527 INFO o.a.j.t.JMeterThread: Thread started: scenario2 1-151
2019-04-08 17:41:53,528 INFO o.a.j.t.JMeterThread: Thread started: scenario2 1-152
2019-04-08 17:41:53,529 INFO o.a.j.t.JMeterThread: Thread started: scenario2 1-153
2019-04-08 17:41:53,531 INFO o.a.j.t.JMeterThread: Thread started: scenario2 1-154
2019-04-08 17:41:53,532 INFO o.a.j.t.JMeterThread: Thread started: scenario2 1-155
2019-04-08 17:41:53,533 INFO o.a.j.t.JMeterThread: Thread started: scenario2 1-156
2019-04-08 17:41:53,538 INFO o.a.j.t.JMeterThread: Thread started: scenario2 1-157
2019-04-08 17:41:54,547 INFO o.a.j.t.JMeterThread: Thread started: scenario2 1-158
2019-04-08 17:41:54,550 INFO o.a.j.t.JMeterThread: Thread started: scenario2 1-160
2019-04-08 17:41:54,549 INFO o.a.j.t.JMeterThread: Thread started: scenario2 1-159
2019-04-08 17:41:54,551 INFO o.a.j.t.JMeterThread: Thread started: scenario2 1-161
2019-04-08 17:41:54,553 INFO o.a.j.t.JMeterThread: Thread started: scenario2 1-162
2019-04-08 17:41:54,555 INFO o.a.j.t.JMeterThread: Thread started: scenario2 1-163
2019-04-08 17:41:54,557 INFO o.a.j.t.JMeterThread: Thread started: scenario2 1-164
2019-04-08 17:41:54,558 INFO o.a.j.t.JMeterThread: Thread started: scenario2 1-165
2019-04-08 17:41:54,558 INFO o.a.j.t.JMeterThread: Thread started: scenario2 1-166
2019-04-08 17:41:54,560 INFO o.a.j.t.JMeterThread: Thread started: scenario2 1-168
2019-04-08 17:41:54,560 INFO o.a.j.t.JMeterThread: Thread started: scenario2 1-167
2019-04-08 17:41:54,561 INFO o.a.j.t.JMeterThread: Thread started: scenario2 1-169
2019-04-08 17:41:54,563 INFO o.a.j.t.JMeterThread: Thread started: scenario2 1-170
2019-04-08 17:41:54,563 INFO o.a.j.t.JMeterThread: Thread started: scenario2 1-171
2019-04-08 17:41:54,564 INFO o.a.j.t.JMeterThread: Thread started: scenario2 1-172
2019-04-08 17:41:54,565 INFO o.a.j.t.JMeterThread: Thread started: scenario2 1-173
2019-04-08 17:41:54,565 INFO o.a.j.t.JMeterThread: Thread started: scenario2 1-174
2019-04-08 17:41:55,569 INFO o.a.j.t.JMeterThread: Thread started: scenario2 1-175
2019-04-08 17:41:55,569 INFO o.a.j.t.JMeterThread: Thread started: scenario2 1-176
2019-04-08 17:41:55,570 INFO o.a.j.t.JMeterThread: Thread started: scenario2 1-177
2019-04-08 17:41:55,571 INFO o.a.j.t.JMeterThread: Thread started: scenario2 1-178
2019-04-08 17:41:55,572 INFO o.a.j.t.JMeterThread: Thread started: scenario2 1-179
2019-04-08 17:41:55,573 INFO o.a.j.t.JMeterThread: Thread started: scenario2 1-180
2019-04-08 17:41:55,574 INFO o.a.j.t.JMeterThread: Thread started: scenario2 1-181
2019-04-08 17:41:55,575 INFO o.a.j.t.JMeterThread: Thread started: scenario2 1-182
2019-04-08 17:41:55,577 INFO o.a.j.t.JMeterThread: Thread started: scenario2 1-183
2019-04-08 17:41:55,581 INFO o.a.j.t.JMeterThread: Thread started: scenario2 1-184
2019-04-08 17:41:55,582 INFO o.a.j.t.JMeterThread: Thread started: scenario2 1-185
2019-04-08 17:41:55,585 INFO o.a.j.t.JMeterThread: Thread started: scenario2 1-186
2019-04-08 17:41:55,586 INFO o.a.j.t.JMeterThread: Thread started: scenario2 1-187
2019-04-08 17:41:55,586 INFO o.a.j.t.JMeterThread: Thread started: scenario2 1-188
2019-04-08 17:41:55,588 INFO o.a.j.t.JMeterThread: Thread started: scenario2 1-189
2019-04-08 17:41:55,588 INFO o.a.j.t.JMeterThread: Thread started: scenario2 1-190
2019-04-08 17:41:55,590 INFO o.a.j.t.JMeterThread: Thread started: scenario2 1-191
2019-04-08 17:41:56,596 INFO o.a.j.t.JMeterThread: Thread started: scenario2 1-192
2019-04-08 17:41:56,599 INFO o.a.j.t.JMeterThread: Thread started: scenario2 1-193
2019-04-08 17:41:56,601 INFO o.a.j.t.JMeterThread: Thread started: scenario2 1-194
2019-04-08 17:41:56,603 INFO o.a.j.t.JMeterThread: Thread started: scenario2 1-195
2019-04-08 17:41:56,605 INFO o.a.j.t.JMeterThread: Thread started: scenario2 1-196
2019-04-08 17:41:56,607 INFO o.a.j.t.JMeterThread: Thread started: scenario2 1-197
2019-04-08 17:41:56,609 INFO o.a.j.t.JMeterThread: Thread started: scenario2 1-198
2019-04-08 17:41:56,611 INFO o.a.j.t.JMeterThread: Thread started: scenario2 1-199
2019-04-08 17:41:56,612 INFO o.a.j.t.JMeterThread: Thread started: scenario2 1-200
2019-04-08 17:41:56,613 INFO o.a.j.t.JMeterThread: Thread started: scenario2 1-201
2019-04-08 17:41:56,616 INFO o.a.j.t.JMeterThread: Thread started: scenario2 1-202
2019-04-08 17:41:56,619 INFO o.a.j.t.JMeterThread: Thread started: scenario2 1-203
2019-04-08 17:41:56,620 INFO o.a.j.t.JMeterThread: Thread started: scenario2 1-204
2019-04-08 17:41:56,621 INFO o.a.j.t.JMeterThread: Thread started: scenario2 1-205
2019-04-08 17:41:56,621 INFO o.a.j.t.JMeterThread: Thread started: scenario2 1-206
2019-04-08 17:41:56,622 INFO o.a.j.t.JMeterThread: Thread started: scenario2 1-207
2019-04-08 17:41:56,623 INFO o.a.j.t.JMeterThread: Thread started: scenario2 1-208
2019-04-08 17:41:57,624 INFO o.a.j.t.JMeterThread: Thread started: scenario2 1-209
2019-04-08 17:41:57,625 INFO o.a.j.t.JMeterThread: Thread started: scenario2 1-210
2019-04-08 17:41:57,626 INFO o.a.j.t.JMeterThread: Thread started: scenario2 1-211
2019-04-08 17:41:57,627 INFO o.a.j.t.JMeterThread: Thread started: scenario2 1-212
2019-04-08 17:41:57,628 INFO o.a.j.t.JMeterThread: Thread started: scenario2 1-213
2019-04-08 17:41:57,628 INFO o.a.j.t.JMeterThread: Thread started: scenario2 1-214
2019-04-08 17:41:57,629 INFO o.a.j.t.JMeterThread: Thread started: scenario2 1-215
2019-04-08 17:41:57,630 INFO o.a.j.t.JMeterThread: Thread started: scenario2 1-216
2019-04-08 17:41:57,630 INFO o.a.j.t.JMeterThread: Thread started: scenario2 1-217
2019-04-08 17:41:57,632 INFO o.a.j.t.JMeterThread: Thread started: scenario2 1-218
2019-04-08 17:41:57,633 INFO o.a.j.t.JMeterThread: Thread started: scenario2 1-219
2019-04-08 17:41:57,633 INFO o.a.j.t.JMeterThread: Thread started: scenario2 1-220
2019-04-08 17:41:57,634 INFO o.a.j.t.JMeterThread: Thread started: scenario2 1-221
2019-04-08 17:41:57,635 INFO o.a.j.t.JMeterThread: Thread started: scenario2 1-222
2019-04-08 17:41:57,635 INFO o.a.j.t.JMeterThread: Thread started: scenario2 1-223
2019-04-08 17:41:57,636 INFO o.a.j.t.JMeterThread: Thread started: scenario2 1-224
2019-04-08 17:41:57,637 INFO o.a.j.t.JMeterThread: Thread started: scenario2 1-225
2019-04-08 17:41:58,639 INFO o.a.j.t.JMeterThread: Thread started: scenario2 1-226
2019-04-08 17:41:58,640 INFO o.a.j.t.JMeterThread: Thread started: scenario2 1-227
2019-04-08 17:41:58,640 INFO o.a.j.t.JMeterThread: Thread started: scenario2 1-228
2019-04-08 17:41:58,641 INFO o.a.j.t.JMeterThread: Thread started: scenario2 1-229
2019-04-08 17:41:58,642 INFO o.a.j.t.JMeterThread: Thread started: scenario2 1-230
2019-04-08 17:41:58,642 INFO o.a.j.t.JMeterThread: Thread started: scenario2 1-231
2019-04-08 17:41:58,643 INFO o.a.j.t.JMeterThread: Thread started: scenario2 1-232
2019-04-08 17:41:58,644 INFO o.a.j.t.JMeterThread: Thread started: scenario2 1-233
2019-04-08 17:41:58,645 INFO o.a.j.t.JMeterThread: Thread started: scenario2 1-234
2019-04-08 17:41:58,645 INFO o.a.j.t.JMeterThread: Thread started: scenario2 1-235
2019-04-08 17:41:58,648 INFO o.a.j.t.JMeterThread: Thread started: scenario2 1-236
2019-04-08 17:41:58,650 INFO o.a.j.t.JMeterThread: Thread started: scenario2 1-237
2019-04-08 17:41:58,652 INFO o.a.j.t.JMeterThread: Thread started: scenario2 1-238
2019-04-08 17:41:58,653 INFO o.a.j.t.JMeterThread: Thread started: scenario2 1-239
2019-04-08 17:41:58,654 INFO o.a.j.t.JMeterThread: Thread started: scenario2 1-240
2019-04-08 17:41:58,654 INFO o.a.j.t.JMeterThread: Thread started: scenario2 1-241
2019-04-08 17:41:58,656 INFO o.a.j.t.JMeterThread: Thread started: scenario2 1-242
2019-04-08 17:41:59,660 INFO o.a.j.t.JMeterThread: Thread started: scenario2 1-243
2019-04-08 17:41:59,661 INFO o.a.j.t.JMeterThread: Thread started: scenario2 1-244
2019-04-08 17:41:59,662 INFO o.a.j.t.JMeterThread: Thread started: scenario2 1-245
2019-04-08 17:41:59,662 INFO o.a.j.t.JMeterThread: Thread started: scenario2 1-246
2019-04-08 17:41:59,664 INFO o.a.j.t.JMeterThread: Thread started: scenario2 1-247
2019-04-08 17:41:59,665 INFO o.a.j.t.JMeterThread: Thread started: scenario2 1-248
2019-04-08 17:41:59,665 INFO o.a.j.t.JMeterThread: Thread started: scenario2 1-249
2019-04-08 17:41:59,666 INFO o.a.j.t.JMeterThread: Thread started: scenario2 1-250
2019-04-08 17:41:59,667 INFO o.a.j.t.JMeterThread: Thread started: scenario2 1-251
2019-04-08 17:41:59,667 INFO o.a.j.t.JMeterThread: Thread started: scenario2 1-252
2019-04-08 17:41:59,668 INFO o.a.j.t.JMeterThread: Thread started: scenario2 1-253
2019-04-08 17:41:59,668 INFO o.a.j.t.JMeterThread: Thread started: scenario2 1-254
2019-04-08 17:41:59,669 INFO o.a.j.t.JMeterThread: Thread started: scenario2 1-255
2019-04-08 17:41:59,670 INFO o.a.j.t.JMeterThread: Thread started: scenario2 1-256
2019-04-08 17:41:59,671 INFO o.a.j.t.JMeterThread: Thread started: scenario2 1-257
2019-04-08 17:41:59,671 INFO o.a.j.t.JMeterThread: Thread started: scenario2 1-258
2019-04-08 17:41:59,673 INFO o.a.j.t.JMeterThread: Thread started: scenario2 1-259
2019-04-08 17:42:00,674 INFO o.a.j.t.JMeterThread: Thread started: scenario2 1-260
2019-04-08 17:42:00,675 INFO o.a.j.t.JMeterThread: Thread started: scenario2 1-261
2019-04-08 17:42:00,675 INFO o.a.j.t.JMeterThread: Thread started: scenario2 1-262
2019-04-08 17:42:00,676 INFO o.a.j.t.JMeterThread: Thread started: scenario2 1-263
2019-04-08 17:42:00,677 INFO o.a.j.t.JMeterThread: Thread started: scenario2 1-264
2019-04-08 17:42:00,678 INFO o.a.j.t.JMeterThread: Thread started: scenario2 1-265
2019-04-08 17:42:00,678 INFO o.a.j.t.JMeterThread: Thread started: scenario2 1-266
2019-04-08 17:42:00,679 INFO o.a.j.t.JMeterThread: Thread started: scenario2 1-267
2019-04-08 17:42:00,680 INFO o.a.j.t.JMeterThread: Thread started: scenario2 1-268
2019-04-08 17:42:00,680 INFO o.a.j.t.JMeterThread: Thread started: scenario2 1-269
2019-04-08 17:42:00,682 INFO o.a.j.t.JMeterThread: Thread started: scenario2 1-270
2019-04-08 17:42:00,687 INFO o.a.j.t.JMeterThread: Thread started: scenario2 1-271
2019-04-08 17:42:00,693 INFO o.a.j.t.JMeterThread: Thread started: scenario2 1-272
2019-04-08 17:42:00,694 INFO o.a.j.t.JMeterThread: Thread started: scenario2 1-273
2019-04-08 17:42:00,694 INFO o.a.j.t.JMeterThread: Thread started: scenario2 1-274
2019-04-08 17:42:00,696 INFO o.a.j.t.JMeterThread: Thread started: scenario2 1-275
2019-04-08 17:42:00,697 INFO o.a.j.t.JMeterThread: Thread started: scenario2 1-276
2019-04-08 17:42:01,699 INFO o.a.j.t.JMeterThread: Thread started: scenario2 1-277
2019-04-08 17:42:01,700 INFO o.a.j.t.JMeterThread: Thread started: scenario2 1-278
2019-04-08 17:42:01,701 INFO o.a.j.t.JMeterThread: Thread started: scenario2 1-279
2019-04-08 17:42:01,703 INFO o.a.j.t.JMeterThread: Thread started: scenario2 1-280
2019-04-08 17:42:01,704 INFO o.a.j.t.JMeterThread: Thread started: scenario2 1-281
2019-04-08 17:42:01,705 INFO o.a.j.t.JMeterThread: Thread started: scenario2 1-282
2019-04-08 17:42:01,707 INFO o.a.j.t.JMeterThread: Thread started: scenario2 1-283
2019-04-08 17:42:01,708 INFO o.a.j.t.JMeterThread: Thread started: scenario2 1-284
2019-04-08 17:42:01,708 INFO o.a.j.t.JMeterThread: Thread started: scenario2 1-285
2019-04-08 17:42:01,709 INFO o.a.j.t.JMeterThread: Thread started: scenario2 1-286
2019-04-08 17:42:01,709 INFO o.a.j.t.JMeterThread: Thread started: scenario2 1-287
2019-04-08 17:42:01,710 INFO o.a.j.t.JMeterThread: Thread started: scenario2 1-288
2019-04-08 17:42:01,711 INFO o.a.j.t.JMeterThread: Thread started: scenario2 1-289
2019-04-08 17:42:01,712 INFO o.a.j.t.JMeterThread: Thread started: scenario2 1-290
2019-04-08 17:42:01,712 INFO o.a.j.t.JMeterThread: Thread started: scenario2 1-291
2019-04-08 17:42:01,715 INFO o.a.j.t.JMeterThread: Thread started: scenario2 1-292
2019-04-08 17:42:01,716 INFO o.a.j.t.JMeterThread: Thread started: scenario2 1-293
2019-04-08 17:42:02,718 INFO o.a.j.t.JMeterThread: Thread started: scenario2 1-294
2019-04-08 17:42:02,718 INFO o.a.j.t.JMeterThread: Thread started: scenario2 1-295
2019-04-08 17:42:02,719 INFO o.a.j.t.JMeterThread: Thread started: scenario2 1-296
2019-04-08 17:42:02,720 INFO o.a.j.t.JMeterThread: Thread started: scenario2 1-297
2019-04-08 17:42:02,721 INFO o.a.j.t.JMeterThread: Thread started: scenario2 1-299
2019-04-08 17:42:02,721 INFO o.a.j.t.JMeterThread: Thread started: scenario2 1-298
2019-04-08 17:42:02,722 INFO o.a.j.t.JMeterThread: Thread started: scenario2 1-300
2019-04-08 17:42:02,722 INFO o.a.j.t.JMeterThread: Thread started: scenario2 1-301
2019-04-08 17:42:02,723 INFO o.a.j.t.JMeterThread: Thread started: scenario2 1-302
2019-04-08 17:42:02,724 INFO o.a.j.t.JMeterThread: Thread started: scenario2 1-303
2019-04-08 17:42:02,724 INFO o.a.j.t.JMeterThread: Thread started: scenario2 1-304
2019-04-08 17:42:02,725 INFO o.a.j.t.JMeterThread: Thread started: scenario2 1-305
2019-04-08 17:42:02,725 INFO o.a.j.t.JMeterThread: Thread started: scenario2 1-306
2019-04-08 17:42:02,726 INFO o.a.j.t.JMeterThread: Thread started: scenario2 1-307
2019-04-08 17:42:02,726 INFO o.a.j.t.JMeterThread: Thread started: scenario2 1-308
2019-04-08 17:42:02,727 INFO o.a.j.t.JMeterThread: Thread started: scenario2 1-309
2019-04-08 17:42:02,728 INFO o.a.j.t.JMeterThread: Thread started: scenario2 1-310
2019-04-08 17:42:03,729 INFO o.a.j.t.JMeterThread: Thread started: scenario2 1-311
2019-04-08 17:42:03,731 INFO o.a.j.t.JMeterThread: Thread started: scenario2 1-312
2019-04-08 17:42:03,734 INFO o.a.j.t.JMeterThread: Thread started: scenario2 1-313
2019-04-08 17:42:03,735 INFO o.a.j.t.JMeterThread: Thread started: scenario2 1-314
2019-04-08 17:42:03,736 INFO o.a.j.t.JMeterThread: Thread started: scenario2 1-315
2019-04-08 17:42:03,737 INFO o.a.j.t.JMeterThread: Thread started: scenario2 1-316
2019-04-08 17:42:03,739 INFO o.a.j.t.JMeterThread: Thread started: scenario2 1-317
2019-04-08 17:42:03,740 INFO o.a.j.t.JMeterThread: Thread started: scenario2 1-318
2019-04-08 17:42:03,740 INFO o.a.j.t.JMeterThread: Thread started: scenario2 1-319
2019-04-08 17:42:03,741 INFO o.a.j.t.JMeterThread: Thread started: scenario2 1-320
2019-04-08 17:42:03,742 INFO o.a.j.t.JMeterThread: Thread started: scenario2 1-321
2019-04-08 17:42:03,743 INFO o.a.j.t.JMeterThread: Thread started: scenario2 1-322
2019-04-08 17:42:03,743 INFO o.a.j.t.JMeterThread: Thread started: scenario2 1-323
2019-04-08 17:42:03,744 INFO o.a.j.t.JMeterThread: Thread started: scenario2 1-324
2019-04-08 17:42:03,745 INFO o.a.j.t.JMeterThread: Thread started: scenario2 1-325
2019-04-08 17:42:03,746 INFO o.a.j.t.JMeterThread: Thread started: scenario2 1-326
2019-04-08 17:42:03,746 INFO o.a.j.t.JMeterThread: Thread started: scenario2 1-327
2019-04-08 17:42:04,749 INFO o.a.j.t.JMeterThread: Thread started: scenario2 1-328
2019-04-08 17:42:04,752 INFO o.a.j.t.JMeterThread: Thread started: scenario2 1-329
2019-04-08 17:42:04,760 INFO o.a.j.t.JMeterThread: Thread started: scenario2 1-330
2019-04-08 17:42:04,760 INFO o.a.j.t.JMeterThread: Thread started: scenario2 1-331
2019-04-08 17:42:04,761 INFO o.a.j.t.JMeterThread: Thread started: scenario2 1-332
2019-04-08 17:42:04,762 INFO o.a.j.t.JMeterThread: Thread started: scenario2 1-333
2019-04-08 17:42:04,763 INFO o.a.j.t.JMeterThread: Thread started: scenario2 1-334
2019-04-08 17:42:04,763 INFO o.a.j.t.JMeterThread: Thread started: scenario2 1-335
2019-04-08 17:42:04,765 INFO o.a.j.t.JMeterThread: Thread started: scenario2 1-336
2019-04-08 17:42:04,766 INFO o.a.j.t.JMeterThread: Thread started: scenario2 1-337
2019-04-08 17:42:04,766 INFO o.a.j.t.JMeterThread: Thread started: scenario2 1-338
2019-04-08 17:42:04,767 INFO o.a.j.t.JMeterThread: Thread started: scenario2 1-339
2019-04-08 17:42:04,768 INFO o.a.j.t.JMeterThread: Thread started: scenario2 1-340
2019-04-08 17:42:04,769 INFO o.a.j.t.JMeterThread: Thread started: scenario2 1-341
2019-04-08 17:42:04,770 INFO o.a.j.t.JMeterThread: Thread started: scenario2 1-342
2019-04-08 17:42:04,771 INFO o.a.j.t.JMeterThread: Thread started: scenario2 1-343
2019-04-08 17:42:04,771 INFO o.a.j.t.JMeterThread: Thread started: scenario2 1-344
2019-04-08 17:42:05,773 INFO o.a.j.t.JMeterThread: Thread started: scenario2 1-345
2019-04-08 17:42:05,773 INFO o.a.j.t.JMeterThread: Thread started: scenario2 1-346
2019-04-08 17:42:05,774 INFO o.a.j.t.JMeterThread: Thread started: scenario2 1-347
2019-04-08 17:42:05,775 INFO o.a.j.t.JMeterThread: Thread started: scenario2 1-348
2019-04-08 17:42:05,775 INFO o.a.j.t.JMeterThread: Thread started: scenario2 1-349
2019-04-08 17:42:05,776 INFO o.a.j.t.JMeterThread: Thread started: scenario2 1-350
2019-04-08 17:42:05,776 INFO o.a.j.t.JMeterThread: Thread started: scenario2 1-351
2019-04-08 17:42:05,777 INFO o.a.j.t.JMeterThread: Thread started: scenario2 1-352
2019-04-08 17:42:05,778 INFO o.a.j.t.JMeterThread: Thread started: scenario2 1-353
2019-04-08 17:42:05,778 INFO o.a.j.t.JMeterThread: Thread started: scenario2 1-354
2019-04-08 17:42:05,779 INFO o.a.j.t.JMeterThread: Thread started: scenario2 1-355
2019-04-08 17:42:05,780 INFO o.a.j.t.JMeterThread: Thread started: scenario2 1-356
2019-04-08 17:42:05,780 INFO o.a.j.t.JMeterThread: Thread started: scenario2 1-357
2019-04-08 17:42:05,781 INFO o.a.j.t.JMeterThread: Thread started: scenario2 1-358
2019-04-08 17:42:05,781 INFO o.a.j.t.JMeterThread: Thread started: scenario2 1-359
2019-04-08 17:42:05,782 INFO o.a.j.t.JMeterThread: Thread started: scenario2 1-360
2019-04-08 17:42:05,785 INFO o.a.j.t.JMeterThread: Thread started: scenario2 1-361
2019-04-08 17:42:06,787 INFO o.a.j.t.JMeterThread: Thread started: scenario2 1-362
2019-04-08 17:42:06,788 INFO o.a.j.t.JMeterThread: Thread started: scenario2 1-363
2019-04-08 17:42:06,788 INFO o.a.j.t.JMeterThread: Thread started: scenario2 1-364
2019-04-08 17:42:06,790 INFO o.a.j.t.JMeterThread: Thread started: scenario2 1-365
2019-04-08 17:42:06,790 INFO o.a.j.t.JMeterThread: Thread started: scenario2 1-366
2019-04-08 17:42:06,792 INFO o.a.j.t.JMeterThread: Thread started: scenario2 1-367
2019-04-08 17:42:06,792 INFO o.a.j.t.JMeterThread: Thread started: scenario2 1-368
2019-04-08 17:42:06,793 INFO o.a.j.t.JMeterThread: Thread started: scenario2 1-369
2019-04-08 17:42:06,794 INFO o.a.j.t.JMeterThread: Thread started: scenario2 1-370
2019-04-08 17:42:06,794 INFO o.a.j.t.JMeterThread: Thread started: scenario2 1-371
2019-04-08 17:42:06,795 INFO o.a.j.t.JMeterThread: Thread started: scenario2 1-372
2019-04-08 17:42:06,795 INFO o.a.j.t.JMeterThread: Thread started: scenario2 1-373
2019-04-08 17:42:06,796 INFO o.a.j.t.JMeterThread: Thread started: scenario2 1-374
2019-04-08 17:42:06,796 INFO o.a.j.t.JMeterThread: Thread started: scenario2 1-375
2019-04-08 17:42:06,797 INFO o.a.j.t.JMeterThread: Thread started: scenario2 1-376
2019-04-08 17:42:06,798 INFO o.a.j.t.JMeterThread: Thread started: scenario2 1-377
2019-04-08 17:42:06,799 INFO o.a.j.t.JMeterThread: Thread started: scenario2 1-378
2019-04-08 17:42:07,800 INFO o.a.j.t.JMeterThread: Thread started: scenario2 1-379
2019-04-08 17:42:07,800 INFO o.a.j.t.JMeterThread: Thread started: scenario2 1-380
2019-04-08 17:42:07,801 INFO o.a.j.t.JMeterThread: Thread started: scenario2 1-381
2019-04-08 17:42:07,801 INFO o.a.j.t.JMeterThread: Thread started: scenario2 1-382
2019-04-08 17:42:07,802 INFO o.a.j.t.JMeterThread: Thread started: scenario2 1-383
2019-04-08 17:42:07,803 INFO o.a.j.t.JMeterThread: Thread started: scenario2 1-384
2019-04-08 17:42:07,803 INFO o.a.j.t.JMeterThread: Thread started: scenario2 1-385
2019-04-08 17:42:07,804 INFO o.a.j.t.JMeterThread: Thread started: scenario2 1-386
2019-04-08 17:42:07,804 INFO o.a.j.t.JMeterThread: Thread started: scenario2 1-387
2019-04-08 17:42:07,805 INFO o.a.j.t.JMeterThread: Thread started: scenario2 1-388
2019-04-08 17:42:07,805 INFO o.a.j.t.JMeterThread: Thread started: scenario2 1-389
2019-04-08 17:42:07,806 INFO o.a.j.t.JMeterThread: Thread started: scenario2 1-390
2019-04-08 17:42:07,806 INFO o.a.j.t.JMeterThread: Thread started: scenario2 1-391
2019-04-08 17:42:07,807 INFO o.a.j.t.JMeterThread: Thread started: scenario2 1-392
2019-04-08 17:42:07,807 INFO o.a.j.t.JMeterThread: Thread started: scenario2 1-393
2019-04-08 17:42:07,808 INFO o.a.j.t.JMeterThread: Thread started: scenario2 1-394
2019-04-08 17:42:07,809 INFO o.a.j.t.JMeterThread: Thread started: scenario2 1-395
2019-04-08 17:42:08,814 INFO o.a.j.t.JMeterThread: Thread started: scenario2 1-396
2019-04-08 17:42:08,814 INFO o.a.j.t.JMeterThread: Thread started: scenario2 1-397
2019-04-08 17:42:08,815 INFO o.a.j.t.JMeterThread: Thread started: scenario2 1-398
2019-04-08 17:42:08,817 INFO o.a.j.t.JMeterThread: Thread started: scenario2 1-399
2019-04-08 17:42:08,817 INFO o.a.j.t.JMeterThread: Thread started: scenario2 1-400
2019-04-08 17:42:08,818 INFO o.a.j.t.JMeterThread: Thread started: scenario2 1-401
2019-04-08 17:42:08,819 INFO o.a.j.t.JMeterThread: Thread started: scenario2 1-402
2019-04-08 17:42:08,820 INFO o.a.j.t.JMeterThread: Thread started: scenario2 1-403
2019-04-08 17:42:08,820 INFO o.a.j.t.JMeterThread: Thread started: scenario2 1-404
2019-04-08 17:42:08,822 INFO o.a.j.t.JMeterThread: Thread started: scenario2 1-405
2019-04-08 17:42:08,823 INFO o.a.j.t.JMeterThread: Thread started: scenario2 1-406
2019-04-08 17:42:08,825 INFO o.a.j.t.JMeterThread: Thread started: scenario2 1-407
2019-04-08 17:42:08,826 INFO o.a.j.t.JMeterThread: Thread started: scenario2 1-408
2019-04-08 17:42:08,828 INFO o.a.j.t.JMeterThread: Thread started: scenario2 1-409
2019-04-08 17:42:08,829 INFO o.a.j.t.JMeterThread: Thread started: scenario2 1-410
2019-04-08 17:42:08,830 INFO o.a.j.t.JMeterThread: Thread started: scenario2 1-411
2019-04-08 17:42:08,831 INFO o.a.j.t.JMeterThread: Thread started: scenario2 1-412
2019-04-08 17:42:09,832 INFO o.a.j.t.JMeterThread: Thread started: scenario2 1-413
2019-04-08 17:42:09,832 INFO o.a.j.t.JMeterThread: Thread started: scenario2 1-414
2019-04-08 17:42:09,833 INFO o.a.j.t.JMeterThread: Thread started: scenario2 1-415
2019-04-08 17:42:09,833 INFO o.a.j.t.JMeterThread: Thread started: scenario2 1-416
2019-04-08 17:42:09,834 INFO o.a.j.t.JMeterThread: Thread started: scenario2 1-417
2019-04-08 17:42:09,834 INFO o.a.j.t.JMeterThread: Thread started: scenario2 1-418
2019-04-08 17:42:09,835 INFO o.a.j.t.JMeterThread: Thread started: scenario2 1-419
2019-04-08 17:42:09,835 INFO o.a.j.t.JMeterThread: Thread started: scenario2 1-420
2019-04-08 17:42:09,835 INFO o.a.j.t.JMeterThread: Thread started: scenario2 1-421
2019-04-08 17:42:09,836 INFO o.a.j.t.JMeterThread: Thread started: scenario2 1-422
2019-04-08 17:42:09,836 INFO o.a.j.t.JMeterThread: Thread started: scenario2 1-423
2019-04-08 17:42:09,837 INFO o.a.j.t.JMeterThread: Thread started: scenario2 1-424
2019-04-08 17:42:09,838 INFO o.a.j.t.JMeterThread: Thread started: scenario2 1-426
2019-04-08 17:42:09,837 INFO o.a.j.t.JMeterThread: Thread started: scenario2 1-425
2019-04-08 17:42:09,840 INFO o.a.j.t.JMeterThread: Thread started: scenario2 1-427
2019-04-08 17:42:09,841 INFO o.a.j.t.JMeterThread: Thread started: scenario2 1-428
2019-04-08 17:42:09,842 INFO o.a.j.t.JMeterThread: Thread started: scenario2 1-429
2019-04-08 17:42:10,843 INFO o.a.j.t.JMeterThread: Thread started: scenario2 1-430
2019-04-08 17:42:10,843 INFO o.a.j.t.JMeterThread: Thread started: scenario2 1-431
2019-04-08 17:42:10,844 INFO o.a.j.t.JMeterThread: Thread started: scenario2 1-432
2019-04-08 17:42:10,844 INFO o.a.j.t.JMeterThread: Thread started: scenario2 1-433
2019-04-08 17:42:10,845 INFO o.a.j.t.JMeterThread: Thread started: scenario2 1-434
2019-04-08 17:42:10,846 INFO o.a.j.t.JMeterThread: Thread started: scenario2 1-435
2019-04-08 17:42:10,846 INFO o.a.j.t.JMeterThread: Thread started: scenario2 1-436
2019-04-08 17:42:10,847 INFO o.a.j.t.JMeterThread: Thread started: scenario2 1-437
2019-04-08 17:42:10,847 INFO o.a.j.t.JMeterThread: Thread started: scenario2 1-438
2019-04-08 17:42:10,848 INFO o.a.j.t.JMeterThread: Thread started: scenario2 1-439
2019-04-08 17:42:10,848 INFO o.a.j.t.JMeterThread: Thread started: scenario2 1-440
2019-04-08 17:42:10,849 INFO o.a.j.t.JMeterThread: Thread started: scenario2 1-441
2019-04-08 17:42:10,849 INFO o.a.j.t.JMeterThread: Thread started: scenario2 1-442
2019-04-08 17:42:10,850 INFO o.a.j.t.JMeterThread: Thread started: scenario2 1-443
2019-04-08 17:42:10,850 INFO o.a.j.t.JMeterThread: Thread started: scenario2 1-444
2019-04-08 17:42:10,851 INFO o.a.j.t.JMeterThread: Thread started: scenario2 1-445
2019-04-08 17:42:11,855 INFO o.a.j.t.JMeterThread: Thread started: scenario2 1-446
2019-04-08 17:42:11,856 INFO o.a.j.t.JMeterThread: Thread started: scenario2 1-447
2019-04-08 17:42:11,856 INFO o.a.j.t.JMeterThread: Thread started: scenario2 1-448
2019-04-08 17:42:11,857 INFO o.a.j.t.JMeterThread: Thread started: scenario2 1-449
2019-04-08 17:42:11,857 INFO o.a.j.t.JMeterThread: Thread started: scenario2 1-450
2019-04-08 17:42:11,858 INFO o.a.j.t.JMeterThread: Thread started: scenario2 1-451
2019-04-08 17:42:11,859 INFO o.a.j.t.JMeterThread: Thread started: scenario2 1-452
2019-04-08 17:42:11,859 INFO o.a.j.t.JMeterThread: Thread started: scenario2 1-453
2019-04-08 17:42:11,860 INFO o.a.j.t.JMeterThread: Thread started: scenario2 1-454
2019-04-08 17:42:11,861 INFO o.a.j.t.JMeterThread: Thread started: scenario2 1-455
2019-04-08 17:42:11,862 INFO o.a.j.t.JMeterThread: Thread started: scenario2 1-456
2019-04-08 17:42:11,862 INFO o.a.j.t.JMeterThread: Thread started: scenario2 1-457
2019-04-08 17:42:11,863 INFO o.a.j.t.JMeterThread: Thread started: scenario2 1-458
2019-04-08 17:42:11,863 INFO o.a.j.t.JMeterThread: Thread started: scenario2 1-459
2019-04-08 17:42:11,867 INFO o.a.j.t.JMeterThread: Thread started: scenario2 1-460
2019-04-08 17:42:11,873 INFO o.a.j.t.JMeterThread: Thread started: scenario2 1-461
2019-04-08 17:42:11,874 INFO o.a.j.t.JMeterThread: Thread started: scenario2 1-462
2019-04-08 17:42:12,877 INFO o.a.j.t.JMeterThread: Thread started: scenario2 1-463
2019-04-08 17:42:12,885 INFO o.a.j.t.JMeterThread: Thread started: scenario2 1-464
2019-04-08 17:42:12,885 INFO o.a.j.t.JMeterThread: Thread started: scenario2 1-465
2019-04-08 17:42:12,887 INFO o.a.j.t.JMeterThread: Thread started: scenario2 1-466
2019-04-08 17:42:12,889 INFO o.a.j.t.JMeterThread: Thread started: scenario2 1-467
2019-04-08 17:42:12,890 INFO o.a.j.t.JMeterThread: Thread started: scenario2 1-468
2019-04-08 17:42:12,890 INFO o.a.j.t.JMeterThread: Thread started: scenario2 1-469
2019-04-08 17:42:12,891 INFO o.a.j.t.JMeterThread: Thread started: scenario2 1-470
2019-04-08 17:42:12,893 INFO o.a.j.t.JMeterThread: Thread started: scenario2 1-471
2019-04-08 17:42:12,900 INFO o.a.j.t.JMeterThread: Thread started: scenario2 1-472
2019-04-08 17:42:12,901 INFO o.a.j.t.JMeterThread: Thread started: scenario2 1-473
2019-04-08 17:42:12,903 INFO o.a.j.t.JMeterThread: Thread started: scenario2 1-474
2019-04-08 17:42:12,904 INFO o.a.j.t.JMeterThread: Thread started: scenario2 1-475
2019-04-08 17:42:12,908 INFO o.a.j.t.JMeterThread: Thread started: scenario2 1-476
2019-04-08 17:42:12,910 INFO o.a.j.t.JMeterThread: Thread started: scenario2 1-477
2019-04-08 17:42:12,911 INFO o.a.j.t.JMeterThread: Thread started: scenario2 1-478
2019-04-08 17:42:12,911 INFO o.a.j.t.JMeterThread: Thread started: scenario2 1-479
2019-04-08 17:42:12,913 INFO o.a.j.t.JMeterThread: Thread started: scenario2 1-480
2019-04-08 17:42:13,914 INFO o.a.j.t.JMeterThread: Thread started: scenario2 1-481
2019-04-08 17:42:13,915 INFO o.a.j.t.JMeterThread: Thread started: scenario2 1-482
2019-04-08 17:42:13,915 INFO o.a.j.t.JMeterThread: Thread started: scenario2 1-483
2019-04-08 17:42:13,916 INFO o.a.j.t.JMeterThread: Thread started: scenario2 1-484
2019-04-08 17:42:13,918 INFO o.a.j.t.JMeterThread: Thread started: scenario2 1-485
2019-04-08 17:42:13,919 INFO o.a.j.t.JMeterThread: Thread started: scenario2 1-486
2019-04-08 17:42:13,921 INFO o.a.j.t.JMeterThread: Thread started: scenario2 1-487
2019-04-08 17:42:13,922 INFO o.a.j.t.JMeterThread: Thread started: scenario2 1-488
2019-04-08 17:42:13,922 INFO o.a.j.t.JMeterThread: Thread started: scenario2 1-489
2019-04-08 17:42:13,923 INFO o.a.j.t.JMeterThread: Thread started: scenario2 1-490
2019-04-08 17:42:13,924 INFO o.a.j.t.JMeterThread: Thread started: scenario2 1-491
2019-04-08 17:42:13,924 INFO o.a.j.t.JMeterThread: Thread started: scenario2 1-492
2019-04-08 17:42:13,925 INFO o.a.j.t.JMeterThread: Thread started: scenario2 1-493
2019-04-08 17:42:13,925 INFO o.a.j.t.JMeterThread: Thread started: scenario2 1-494
2019-04-08 17:42:13,926 INFO o.a.j.t.JMeterThread: Thread started: scenario2 1-495
2019-04-08 17:42:13,927 INFO o.a.j.t.JMeterThread: Thread started: scenario2 1-496
2019-04-08 17:42:13,927 INFO o.a.j.t.JMeterThread: Thread started: scenario2 1-497
2019-04-08 17:42:14,928 INFO o.a.j.t.JMeterThread: Thread started: scenario2 1-498
2019-04-08 17:42:14,929 INFO o.a.j.t.JMeterThread: Thread started: scenario2 1-499
2019-04-08 17:42:14,930 INFO o.a.j.t.JMeterThread: Thread started: scenario2 1-500
2019-04-08 17:42:29,960 INFO c.b.j.t.c.ConcurrencyThreadStarter: Done supplying threads
2019-04-08 17:46:14,360 INFO k.a.j.t.VariableThroughputTimer: No further RPS schedule, asking threads to stop...
2019-04-08 17:46:14,366 INFO k.a.j.t.VariableThroughputTimer: Stopping gracefuly threads of Thread Group : scenario2
2019-04-08 17:46:14,566 WARN o.a.j.p.h.s.HTTPSamplerBase: Interrupted fetching embedded resources
java.lang.InterruptedException: null
	at java.util.concurrent.locks.AbstractQueuedSynchronizer.acquireInterruptibly(AbstractQueuedSynchronizer.java:1220) ~[?:1.8.0_66]
	at java.util.concurrent.locks.ReentrantLock.lockInterruptibly(ReentrantLock.java:335) ~[?:1.8.0_66]
	at java.util.concurrent.LinkedBlockingQueue.take(LinkedBlockingQueue.java:439) ~[?:1.8.0_66]
	at java.util.concurrent.ExecutorCompletionService.take(ExecutorCompletionService.java:193) ~[?:1.8.0_66]
	at org.apache.jmeter.protocol.http.sampler.ResourcesDownloader.invokeAllAndAwaitTermination(ResourcesDownloader.java:187) ~[ApacheJMeter_http.jar:5.1.1 r1855137]
	at org.apache.jmeter.protocol.http.sampler.HTTPSamplerBase.downloadPageResources(HTTPSamplerBase.java:1385) [ApacheJMeter_http.jar:5.1.1 r1855137]
	at org.apache.jmeter.protocol.http.sampler.HTTPSamplerBase.resultProcessing(HTTPSamplerBase.java:1693) [ApacheJMeter_http.jar:5.1.1 r1855137]
	at org.apache.jmeter.protocol.http.sampler.HTTPAbstractImpl.resultProcessing(HTTPAbstractImpl.java:556) [ApacheJMeter_http.jar:5.1.1 r1855137]
	at org.apache.jmeter.protocol.http.sampler.HTTPHC4Impl.sample(HTTPHC4Impl.java:660) [ApacheJMeter_http.jar:5.1.1 r1855137]
	at org.apache.jmeter.protocol.http.sampler.HTTPSamplerProxy.sample(HTTPSamplerProxy.java:67) [ApacheJMeter_http.jar:5.1.1 r1855137]
	at org.apache.jmeter.protocol.http.sampler.HTTPSamplerBase.followRedirects(HTTPSamplerBase.java:1578) [ApacheJMeter_http.jar:5.1.1 r1855137]
	at org.apache.jmeter.protocol.http.sampler.HTTPSamplerBase.resultProcessing(HTTPSamplerBase.java:1672) [ApacheJMeter_http.jar:5.1.1 r1855137]
	at org.apache.jmeter.protocol.http.sampler.HTTPAbstractImpl.resultProcessing(HTTPAbstractImpl.java:556) [ApacheJMeter_http.jar:5.1.1 r1855137]
	at org.apache.jmeter.protocol.http.sampler.HTTPHC4Impl.sample(HTTPHC4Impl.java:660) [ApacheJMeter_http.jar:5.1.1 r1855137]
	at org.apache.jmeter.protocol.http.sampler.HTTPSamplerProxy.sample(HTTPSamplerProxy.java:67) [ApacheJMeter_http.jar:5.1.1 r1855137]
	at org.apache.jmeter.protocol.http.sampler.HTTPSamplerBase.sample(HTTPSamplerBase.java:1231) [ApacheJMeter_http.jar:5.1.1 r1855137]
	at org.apache.jmeter.protocol.http.sampler.HTTPSamplerBase.sample(HTTPSamplerBase.java:1220) [ApacheJMeter_http.jar:5.1.1 r1855137]
	at org.apache.jmeter.threads.JMeterThread.doSampling(JMeterThread.java:622) [ApacheJMeter_core.jar:5.1.1 r1855137]
	at org.apache.jmeter.threads.JMeterThread.executeSamplePackage(JMeterThread.java:546) [ApacheJMeter_core.jar:5.1.1 r1855137]
	at org.apache.jmeter.threads.JMeterThread.processSampler(JMeterThread.java:486) [ApacheJMeter_core.jar:5.1.1 r1855137]
	at org.apache.jmeter.threads.JMeterThread.run(JMeterThread.java:253) [ApacheJMeter_core.jar:5.1.1 r1855137]
	at java.lang.Thread.run(Thread.java:745) [?:1.8.0_66]
2019-04-08 17:46:14,603 INFO o.a.j.t.JMeterThread: Thread is done: scenario2 1-4
2019-04-08 17:46:14,603 INFO o.a.j.t.JMeterThread: Thread finished: scenario2 1-4
2019-04-08 17:46:14,701 INFO o.a.j.e.StandardJMeterEngine: Notifying test listeners of end of test
2019-04-08 17:46:14,707 INFO o.a.j.e.StandardJMeterEngine: Forced JVM shutdown requested at end of test
