2019-04-05 01:16:09,749 INFO o.a.j.u.JMeterUtils: Setting Locale to en_US
2019-04-05 01:16:09,928 INFO o.a.j.JMeter: Loading user properties from: /Users/apple/.bzt/jmeter-taurus/5.1.1/bin/user.properties
2019-04-05 01:16:09,929 INFO o.a.j.JMeter: Loading system properties from: /Users/apple/.bzt/jmeter-taurus/5.1.1/bin/system.properties
2019-04-05 01:16:09,931 INFO o.a.j.JMeter: Loading additional properties from: /Users/apple/Desktop/bachelorProject/stressThing/StressThing/2019-04-05_01-15-50.148669/jmeter-bzt.properties
2019-04-05 01:16:09,932 INFO o.a.j.JMeter: Setting System properties from file: /Users/apple/Desktop/bachelorProject/stressThing/StressThing/2019-04-05_01-15-50.148669/system.properties
2019-04-05 01:16:09,942 INFO o.a.j.JMeter: Copyright (c) 1998-2019 The Apache Software Foundation
2019-04-05 01:16:09,943 INFO o.a.j.JMeter: Version 5.1.1 r1855137
2019-04-05 01:16:09,943 INFO o.a.j.JMeter: java.version=1.8.0_66
2019-04-05 01:16:09,943 INFO o.a.j.JMeter: java.vm.name=Java HotSpot(TM) 64-Bit Server VM
2019-04-05 01:16:09,943 INFO o.a.j.JMeter: os.name=Mac OS X
2019-04-05 01:16:09,943 INFO o.a.j.JMeter: os.arch=x86_64
2019-04-05 01:16:09,943 INFO o.a.j.JMeter: os.version=10.13.4
2019-04-05 01:16:09,943 INFO o.a.j.JMeter: file.encoding=UTF-8
2019-04-05 01:16:09,943 INFO o.a.j.JMeter: java.awt.headless=true
2019-04-05 01:16:09,944 INFO o.a.j.JMeter: Max memory     =954728448
2019-04-05 01:16:09,944 INFO o.a.j.JMeter: Available Processors =4
2019-04-05 01:16:09,951 INFO o.a.j.JMeter: Default Locale=English (United States)
2019-04-05 01:16:09,952 INFO o.a.j.JMeter: JMeter  Locale=English (United States)
2019-04-05 01:16:09,952 INFO o.a.j.JMeter: JMeterHome=/Users/apple/.bzt/jmeter-taurus/5.1.1
2019-04-05 01:16:09,952 INFO o.a.j.JMeter: user.dir  =/Users/apple/Desktop/bachelorProject/stressThing/StressThing
2019-04-05 01:16:09,952 INFO o.a.j.JMeter: PWD       =/Users/apple/Desktop/bachelorProject/stressThing/StressThing
2019-04-05 01:16:09,955 INFO o.a.j.JMeter: IP: 192.168.1.9 Name: amirhosein-mac.local FullName: 192.168.1.9
2019-04-05 01:16:09,956 INFO o.a.j.JMeter: user.classpath=/Users/apple/Desktop/bachelorProject/stressThing/StressThing/2019-04-05_01-15-50.148669:/Users/apple/Desktop/bachelorProject/stressThing/StressThing/2019-04-05_01-15-50.148669
2019-04-05 01:16:09,956 INFO o.a.j.JMeter: Adding to classpath and loader: /Users/apple/Desktop/bachelorProject/stressThing/StressThing/2019-04-05_01-15-50.148669
2019-04-05 01:16:09,958 INFO o.a.j.JMeter: Adding to classpath and loader: /Users/apple/Desktop/bachelorProject/stressThing/StressThing/2019-04-05_01-15-50.148669
2019-04-05 01:16:09,974 INFO o.a.j.s.FileServer: Default base='/Users/apple/Desktop/bachelorProject/stressThing/StressThing'
2019-04-05 01:16:10,012 INFO o.a.j.s.FileServer: Set new base='/Users/apple/Desktop/bachelorProject/stressThing/StressThing/2019-04-05_01-15-50.148669'
2019-04-05 01:16:11,435 INFO o.a.j.s.SaveService: Testplan (JMX) version: 2.2. Testlog (JTL) version: 2.2
2019-04-05 01:16:11,600 INFO o.a.j.s.SaveService: Using SaveService properties file encoding UTF-8
2019-04-05 01:16:11,616 INFO o.a.j.s.SaveService: Using SaveService properties version 5.0
2019-04-05 01:16:11,631 INFO o.a.j.s.SaveService: Loading file: /Users/apple/Desktop/bachelorProject/stressThing/StressThing/2019-04-05_01-15-50.148669/modified_requests.jmx
2019-04-05 01:16:11,790 INFO o.a.j.p.h.c.CacheManager: Will only cache the following methods: [GET]
2019-04-05 01:16:11,795 INFO o.a.j.p.h.c.CookieManager: Settings: Delete null: true Check: true Allow variable: true Save: false Prefix: COOKIE_
2019-04-05 01:16:11,829 INFO o.a.j.p.h.s.HTTPSamplerBase: Parser for text/html is org.apache.jmeter.protocol.http.parser.LagartoBasedHtmlParser
2019-04-05 01:16:11,830 INFO o.a.j.p.h.s.HTTPSamplerBase: Parser for application/xhtml+xml is org.apache.jmeter.protocol.http.parser.LagartoBasedHtmlParser
2019-04-05 01:16:11,830 INFO o.a.j.p.h.s.HTTPSamplerBase: Parser for application/xml is org.apache.jmeter.protocol.http.parser.LagartoBasedHtmlParser
2019-04-05 01:16:11,830 INFO o.a.j.p.h.s.HTTPSamplerBase: Parser for text/xml is org.apache.jmeter.protocol.http.parser.LagartoBasedHtmlParser
2019-04-05 01:16:11,830 INFO o.a.j.p.h.s.HTTPSamplerBase: Parser for text/vnd.wap.wml is org.apache.jmeter.protocol.http.parser.RegexpHTMLParser
2019-04-05 01:16:11,830 INFO o.a.j.p.h.s.HTTPSamplerBase: Parser for text/css is org.apache.jmeter.protocol.http.parser.CssParser
2019-04-05 01:16:11,910 INFO o.a.j.e.StandardJMeterEngine: Running the test!
2019-04-05 01:16:11,915 INFO o.a.j.s.SampleEvent: List of sample_variables: []
2019-04-05 01:16:11,915 INFO o.a.j.s.SampleEvent: List of sample_variables: []
2019-04-05 01:16:11,928 INFO o.a.j.e.u.CompoundVariable: Note: Function class names must contain the string: '.functions.'
2019-04-05 01:16:11,929 INFO o.a.j.e.u.CompoundVariable: Note: Function class names must not contain the string: '.gui.'
2019-04-05 01:16:14,215 INFO o.a.j.JMeter: Running test (1554410774215)
2019-04-05 01:16:14,389 INFO o.a.j.e.StandardJMeterEngine: Starting ThreadGroup: 1 : UserScenario
2019-04-05 01:16:14,390 INFO o.a.j.e.StandardJMeterEngine: Starting 20 threads for group UserScenario.
2019-04-05 01:16:14,390 INFO o.a.j.e.StandardJMeterEngine: Thread will continue on error
2019-04-05 01:16:14,398 INFO o.a.j.e.StandardJMeterEngine: All thread groups have been started
2019-04-05 01:16:14,398 INFO c.b.j.t.c.ConcurrencyThreadStarter: Start supplying threads
2019-04-05 01:16:14,667 INFO o.a.j.t.JMeterThread: Thread started: UserScenario 1-1
2019-04-05 01:16:14,667 INFO o.a.j.s.SampleResult: Note: Sample TimeStamps are START times
2019-04-05 01:16:14,667 INFO o.a.j.s.SampleResult: sampleresult.default.encoding is set to UTF-8
2019-04-05 01:16:14,667 INFO o.a.j.s.SampleResult: sampleresult.useNanoTime=true
2019-04-05 01:16:14,667 INFO o.a.j.s.SampleResult: sampleresult.nanoThreadSleep=5000
2019-04-05 01:16:14,679 WARN k.a.j.t.VariableThroughputTimer: No free threads available in current Thread Group UserScenario, made 0 samples/s for expected rps 0.286 samples/s, increase your number of threads
2019-04-05 01:16:14,723 INFO o.a.j.p.h.s.HTTPHCAbstractImpl: Local host = amirhosein-mac.local
2019-04-05 01:16:14,736 INFO o.a.j.p.h.s.HTTPHC4Impl: HTTP request retry count = 0
2019-04-05 01:16:15,671 INFO o.a.j.t.JMeterThread: Thread started: UserScenario 1-2
2019-04-05 01:16:15,673 WARN k.a.j.t.VariableThroughputTimer: No free threads available in current Thread Group UserScenario, made 1 samples/s for expected rps 2.2573999999999996 samples/s, increase your number of threads
2019-04-05 01:16:15,676 INFO o.a.j.t.JMeterThread: Thread started: UserScenario 1-3
2019-04-05 01:16:15,720 INFO o.a.j.p.h.s.h.LazyLayeredConnectionSocketFactory: Setting up HTTPS TrustAll Socket Factory
2019-04-05 01:16:15,735 INFO o.a.j.u.JsseSSLManager: Using default SSL protocol: TLS
2019-04-05 01:16:15,736 INFO o.a.j.u.JsseSSLManager: SSL session context: per-thread
2019-04-05 01:16:15,980 INFO o.a.j.u.SSLManager: JmeterKeyStore Location:  type JKS
2019-04-05 01:16:15,992 INFO o.a.j.u.SSLManager: KeyStore created OK
2019-04-05 01:16:15,992 WARN o.a.j.u.SSLManager: Keystore file not found, loading empty keystore
2019-04-05 01:16:16,700 INFO o.a.j.t.JMeterThread: Thread started: UserScenario 1-4
2019-04-05 01:16:16,700 INFO o.a.j.t.JMeterThread: Thread started: UserScenario 1-5
2019-04-05 01:16:16,701 WARN k.a.j.t.VariableThroughputTimer: No free threads available in current Thread Group UserScenario, made 2 samples/s for expected rps 4.2288 samples/s, increase your number of threads
2019-04-05 01:16:17,558 INFO o.a.j.p.h.p.BaseParser: Created org.apache.jmeter.protocol.http.parser.LagartoBasedHtmlParser
2019-04-05 01:16:17,558 INFO o.a.j.p.h.p.BaseParser: Created org.apache.jmeter.protocol.http.parser.LagartoBasedHtmlParser
2019-04-05 01:16:17,559 INFO o.a.j.p.h.p.BaseParser: Created org.apache.jmeter.protocol.http.parser.LagartoBasedHtmlParser
2019-04-05 01:16:17,703 INFO o.a.j.t.JMeterThread: Thread started: UserScenario 1-6
2019-04-05 01:16:17,704 WARN k.a.j.t.VariableThroughputTimer: No free threads available in current Thread Group UserScenario, made 2 samples/s for expected rps 6.200199999999999 samples/s, increase your number of threads
2019-04-05 01:16:17,704 INFO o.a.j.t.JMeterThread: Thread started: UserScenario 1-7
2019-04-05 01:16:17,993 INFO o.a.j.p.h.s.ResourcesDownloader: Creating ResourcesDownloader with keepalive_inseconds : 60
2019-04-05 01:16:18,706 INFO o.a.j.t.JMeterThread: Thread started: UserScenario 1-8
2019-04-05 01:16:18,707 WARN k.a.j.t.VariableThroughputTimer: No free threads available in current Thread Group UserScenario, made 2 samples/s for expected rps 8.1716 samples/s, increase your number of threads
2019-04-05 01:16:18,707 INFO o.a.j.t.JMeterThread: Thread started: UserScenario 1-9
2019-04-05 01:16:19,708 INFO o.a.j.t.JMeterThread: Thread started: UserScenario 1-10
2019-04-05 01:16:19,710 INFO o.a.j.t.JMeterThread: Thread started: UserScenario 1-11
2019-04-05 01:16:19,709 WARN k.a.j.t.VariableThroughputTimer: No free threads available in current Thread Group UserScenario, made 2 samples/s for expected rps 10.142999999999999 samples/s, increase your number of threads
2019-04-05 01:16:19,797 INFO o.a.j.p.h.p.BaseParser: Created org.apache.jmeter.protocol.http.parser.CssParser
2019-04-05 01:16:21,550 INFO o.a.j.t.JMeterThread: Thread started: UserScenario 1-12
2019-04-05 01:16:21,553 INFO o.a.j.t.JMeterThread: Thread started: UserScenario 1-13
2019-04-05 01:16:21,554 WARN k.a.j.t.VariableThroughputTimer: No free threads available in current Thread Group UserScenario, made 2 samples/s for expected rps 14.085799999999999 samples/s, increase your number of threads
2019-04-05 01:16:21,594 INFO o.a.j.t.JMeterThread: Thread started: UserScenario 1-14
2019-04-05 01:16:22,617 INFO o.a.j.t.JMeterThread: Thread started: UserScenario 1-15
2019-04-05 01:16:22,619 WARN k.a.j.t.VariableThroughputTimer: No free threads available in current Thread Group UserScenario, made 3 samples/s for expected rps 16.057199999999998 samples/s, increase your number of threads
2019-04-05 01:16:22,619 INFO o.a.j.t.JMeterThread: Thread started: UserScenario 1-16
2019-04-05 01:16:23,632 INFO o.a.j.t.JMeterThread: Thread started: UserScenario 1-17
2019-04-05 01:16:23,634 INFO o.a.j.t.JMeterThread: Thread started: UserScenario 1-18
2019-04-05 01:16:23,636 WARN k.a.j.t.VariableThroughputTimer: No free threads available in current Thread Group UserScenario, made 2 samples/s for expected rps 18.0286 samples/s, increase your number of threads
2019-04-05 01:16:24,637 INFO o.a.j.t.JMeterThread: Thread started: UserScenario 1-19
2019-04-05 01:16:24,639 WARN k.a.j.t.VariableThroughputTimer: No free threads available in current Thread Group UserScenario, made 2 samples/s for expected rps 20.0 samples/s, increase your number of threads
2019-04-05 01:16:24,638 INFO o.a.j.t.JMeterThread: Thread started: UserScenario 1-20
2019-04-05 01:16:35,582 WARN c.h.c.r.e.LoggingCSSParseErrorHandler: Browser compliant mode skipped CSS from [1:174276] starting at token ' ' until [1:174277] to token ';' (based on com.helger.css.parser.ParseException: Encountered unexpected token: ";" ";"
    at line 1, column 174277.

Was expecting one of:

    "+"
    "-"
    "["
    "and"
    "expression("
    "from"
    "inherit"
    "not"
    "only"
    "or"
    "to"
    <ANGLE_DEG>
    <ANGLE_GRAD>
    <ANGLE_RAD>
    <ANGLE_TURN>
    <CH>
    <DPCM>
    <DPI>
    <DPPX>
    <EM>
    <EX>
    <FR>
    <FREQ_HZ>
    <FREQ_KHZ>
    <FUNCTION>
    <FUNCTION_CALC>
    <HASH>
    <IDENT>
    <LENGTH_CM>
    <LENGTH_IN>
    <LENGTH_MM>
    <LENGTH_PC>
    <LENGTH_PT>
    <LENGTH_Q>
    <NUMBER>
    <PERCENTAGE>
    <PX>
    <REM>
    <S>
    <STRING1>
    <STRING2>
    <TIME_MS>
    <TIME_S>
    <URANGE>
    <URL>
    <VH>
    <VMAX>
    <VMIN>
    <VW>
)
2019-04-05 01:16:35,588 WARN c.h.c.r.e.LoggingCSSParseErrorHandler: Browser compliant mode skipped CSS from [1:174450] starting at token ' ' until [1:174451] to token ';' (based on com.helger.css.parser.ParseException: Encountered unexpected token: ";" ";"
    at line 1, column 174451.

Was expecting one of:

    "+"
    "-"
    "["
    "and"
    "expression("
    "from"
    "inherit"
    "not"
    "only"
    "or"
    "to"
    <ANGLE_DEG>
    <ANGLE_GRAD>
    <ANGLE_RAD>
    <ANGLE_TURN>
    <CH>
    <DPCM>
    <DPI>
    <DPPX>
    <EM>
    <EX>
    <FR>
    <FREQ_HZ>
    <FREQ_KHZ>
    <FUNCTION>
    <FUNCTION_CALC>
    <HASH>
    <IDENT>
    <LENGTH_CM>
    <LENGTH_IN>
    <LENGTH_MM>
    <LENGTH_PC>
    <LENGTH_PT>
    <LENGTH_Q>
    <NUMBER>
    <PERCENTAGE>
    <PX>
    <REM>
    <S>
    <STRING1>
    <STRING2>
    <TIME_MS>
    <TIME_S>
    <URANGE>
    <URL>
    <VH>
    <VMAX>
    <VMIN>
    <VW>
)
2019-04-05 01:16:35,591 WARN c.h.c.r.e.LoggingCSSParseErrorHandler: Browser compliant mode skipped CSS from [1:174788] starting at token ' ' until [1:174789] to token ';' (based on com.helger.css.parser.ParseException: Encountered unexpected token: ";" ";"
    at line 1, column 174789.

Was expecting one of:

    "+"
    "-"
    "["
    "and"
    "expression("
    "from"
    "inherit"
    "not"
    "only"
    "or"
    "to"
    <ANGLE_DEG>
    <ANGLE_GRAD>
    <ANGLE_RAD>
    <ANGLE_TURN>
    <CH>
    <DPCM>
    <DPI>
    <DPPX>
    <EM>
    <EX>
    <FR>
    <FREQ_HZ>
    <FREQ_KHZ>
    <FUNCTION>
    <FUNCTION_CALC>
    <HASH>
    <IDENT>
    <LENGTH_CM>
    <LENGTH_IN>
    <LENGTH_MM>
    <LENGTH_PC>
    <LENGTH_PT>
    <LENGTH_Q>
    <NUMBER>
    <PERCENTAGE>
    <PX>
    <REM>
    <S>
    <STRING1>
    <STRING2>
    <TIME_MS>
    <TIME_S>
    <URANGE>
    <URL>
    <VH>
    <VMAX>
    <VMIN>
    <VW>
)
2019-04-05 01:16:35,592 WARN c.h.c.r.e.LoggingCSSParseErrorHandler: Browser compliant mode skipped CSS from [1:174958] starting at token ' ' until [1:174959] to token ';' (based on com.helger.css.parser.ParseException: Encountered unexpected token: ";" ";"
    at line 1, column 174959.

Was expecting one of:

    "+"
    "-"
    "["
    "and"
    "expression("
    "from"
    "inherit"
    "not"
    "only"
    "or"
    "to"
    <ANGLE_DEG>
    <ANGLE_GRAD>
    <ANGLE_RAD>
    <ANGLE_TURN>
    <CH>
    <DPCM>
    <DPI>
    <DPPX>
    <EM>
    <EX>
    <FR>
    <FREQ_HZ>
    <FREQ_KHZ>
    <FUNCTION>
    <FUNCTION_CALC>
    <HASH>
    <IDENT>
    <LENGTH_CM>
    <LENGTH_IN>
    <LENGTH_MM>
    <LENGTH_PC>
    <LENGTH_PT>
    <LENGTH_Q>
    <NUMBER>
    <PERCENTAGE>
    <PX>
    <REM>
    <S>
    <STRING1>
    <STRING2>
    <TIME_MS>
    <TIME_S>
    <URANGE>
    <URL>
    <VH>
    <VMAX>
    <VMIN>
    <VW>
)
2019-04-05 01:16:46,001 WARN k.a.j.t.VariableThroughputTimer: No free threads available in current Thread Group UserScenario, made 2 samples/s for expected rps 20.0 samples/s, increase your number of threads
2019-04-05 01:16:55,861 WARN k.a.j.t.VariableThroughputTimer: No free threads available in current Thread Group UserScenario, made 1 samples/s for expected rps 20.0 samples/s, increase your number of threads
2019-04-05 01:16:56,469 WARN k.a.j.t.VariableThroughputTimer: No free threads available in current Thread Group UserScenario, made 1 samples/s for expected rps 20.0 samples/s, increase your number of threads
2019-04-05 01:16:59,945 WARN k.a.j.t.VariableThroughputTimer: No free threads available in current Thread Group UserScenario, made 1 samples/s for expected rps 20.0 samples/s, increase your number of threads
2019-04-05 01:17:02,277 WARN k.a.j.t.VariableThroughputTimer: No free threads available in current Thread Group UserScenario, made 1 samples/s for expected rps 20.0 samples/s, increase your number of threads
2019-04-05 01:17:04,913 WARN k.a.j.t.VariableThroughputTimer: No free threads available in current Thread Group UserScenario, made 1 samples/s for expected rps 20.0 samples/s, increase your number of threads
2019-04-05 01:17:06,047 WARN k.a.j.t.VariableThroughputTimer: No free threads available in current Thread Group UserScenario, made 1 samples/s for expected rps 20.0 samples/s, increase your number of threads
2019-04-05 01:17:11,882 WARN k.a.j.t.VariableThroughputTimer: No free threads available in current Thread Group UserScenario, made 2 samples/s for expected rps 20.0 samples/s, increase your number of threads
2019-04-05 01:17:13,431 WARN k.a.j.t.VariableThroughputTimer: No free threads available in current Thread Group UserScenario, made 1 samples/s for expected rps 20.0 samples/s, increase your number of threads
2019-04-05 01:17:24,730 INFO c.b.j.t.c.ConcurrencyThreadStarter: Done supplying threads
2019-04-05 01:17:25,428 INFO o.a.j.t.JMeterThread: Thread is done: UserScenario 1-5
2019-04-05 01:17:25,429 INFO o.a.j.t.JMeterThread: Thread finished: UserScenario 1-5
2019-04-05 01:17:30,327 INFO o.a.j.t.JMeterThread: Thread is done: UserScenario 1-19
2019-04-05 01:17:30,327 INFO o.a.j.t.JMeterThread: Thread finished: UserScenario 1-19
2019-04-05 01:17:36,172 INFO o.a.j.t.JMeterThread: Thread is done: UserScenario 1-12
2019-04-05 01:17:36,173 INFO o.a.j.t.JMeterThread: Thread finished: UserScenario 1-12
2019-04-05 01:17:42,530 INFO o.a.j.t.JMeterThread: Thread is done: UserScenario 1-1
2019-04-05 01:17:42,531 INFO o.a.j.t.JMeterThread: Thread finished: UserScenario 1-1
2019-04-05 01:17:45,035 INFO o.a.j.t.JMeterThread: Thread is done: UserScenario 1-6
2019-04-05 01:17:45,036 INFO o.a.j.t.JMeterThread: Thread finished: UserScenario 1-6
2019-04-05 01:17:46,260 INFO o.a.j.t.JMeterThread: Thread is done: UserScenario 1-8
2019-04-05 01:17:46,260 INFO o.a.j.t.JMeterThread: Thread finished: UserScenario 1-8
2019-04-05 01:17:47,647 INFO o.a.j.t.JMeterThread: Thread is done: UserScenario 1-11
2019-04-05 01:17:47,647 INFO o.a.j.t.JMeterThread: Thread finished: UserScenario 1-11
2019-04-05 01:17:48,099 INFO o.a.j.t.JMeterThread: Thread is done: UserScenario 1-18
2019-04-05 01:17:48,099 INFO o.a.j.t.JMeterThread: Thread finished: UserScenario 1-18
2019-04-05 01:17:48,397 INFO o.a.j.t.JMeterThread: Thread is done: UserScenario 1-17
2019-04-05 01:17:48,398 INFO o.a.j.t.JMeterThread: Thread finished: UserScenario 1-17
2019-04-05 01:17:49,079 INFO o.a.j.t.JMeterThread: Thread is done: UserScenario 1-10
2019-04-05 01:17:49,079 INFO o.a.j.t.JMeterThread: Thread finished: UserScenario 1-10
2019-04-05 01:17:49,621 INFO o.a.j.t.JMeterThread: Thread is done: UserScenario 1-3
2019-04-05 01:17:49,621 INFO o.a.j.t.JMeterThread: Thread finished: UserScenario 1-3
2019-04-05 01:17:54,323 INFO o.a.j.t.JMeterThread: Thread is done: UserScenario 1-7
2019-04-05 01:17:54,323 INFO o.a.j.t.JMeterThread: Thread finished: UserScenario 1-7
2019-04-05 01:17:58,487 INFO o.a.j.t.JMeterThread: Thread is done: UserScenario 1-14
2019-04-05 01:17:58,487 INFO o.a.j.t.JMeterThread: Thread finished: UserScenario 1-14
2019-04-05 01:18:11,213 INFO o.a.j.t.JMeterThread: Thread is done: UserScenario 1-20
2019-04-05 01:18:11,214 INFO o.a.j.t.JMeterThread: Thread finished: UserScenario 1-20
2019-04-05 01:18:26,405 INFO o.a.j.t.JMeterThread: Thread is done: UserScenario 1-15
2019-04-05 01:18:26,409 INFO o.a.j.t.JMeterThread: Thread finished: UserScenario 1-15
2019-04-05 01:19:31,517 INFO o.a.j.t.JMeterThread: Thread is done: UserScenario 1-9
2019-04-05 01:19:31,520 INFO o.a.j.t.JMeterThread: Thread finished: UserScenario 1-9
2019-04-05 01:32:13,312 INFO o.a.j.JMeter: Command: Shutdown received from /127.0.0.1
2019-04-05 01:32:13,355 WARN o.a.j.t.JMeterThread: Interrupting: UserScenario 1-2 sampler: PROPERTY: statusTHING: MyLampThing
2019-04-05 01:32:13,356 WARN o.a.j.t.JMeterThread: No operation pending
2019-04-05 01:32:13,356 WARN o.a.j.t.JMeterThread: Interrupting: UserScenario 1-16 sampler: PROPERTY: statusTHING: MyLampThing
2019-04-05 01:32:13,356 WARN o.a.j.t.JMeterThread: No operation pending
2019-04-05 01:32:13,356 WARN o.a.j.t.JMeterThread: Interrupting: UserScenario 1-13 sampler: PROPERTY: statusTHING: MyLampThing
2019-04-05 01:32:13,356 WARN o.a.j.t.JMeterThread: No operation pending
2019-04-05 01:32:13,357 WARN o.a.j.t.JMeterThread: Interrupting: UserScenario 1-4 sampler: PROPERTY: statusTHING: MyLampThing
2019-04-05 01:32:13,357 WARN o.a.j.t.JMeterThread: No operation pending
2019-04-05 01:32:13,361 WARN o.a.j.p.h.s.HTTPSamplerBase: Interrupted fetching embedded resources
java.lang.InterruptedException: null
	at java.util.concurrent.locks.AbstractQueuedSynchronizer$ConditionObject.reportInterruptAfterWait(AbstractQueuedSynchronizer.java:2014) ~[?:1.8.0_66]
	at java.util.concurrent.locks.AbstractQueuedSynchronizer$ConditionObject.await(AbstractQueuedSynchronizer.java:2048) ~[?:1.8.0_66]
	at java.util.concurrent.LinkedBlockingQueue.take(LinkedBlockingQueue.java:442) ~[?:1.8.0_66]
	at java.util.concurrent.ExecutorCompletionService.take(ExecutorCompletionService.java:193) ~[?:1.8.0_66]
	at org.apache.jmeter.protocol.http.sampler.ResourcesDownloader.invokeAllAndAwaitTermination(ResourcesDownloader.java:187) ~[ApacheJMeter_http.jar:5.1.1 r1855137]
	at org.apache.jmeter.protocol.http.sampler.HTTPSamplerBase.downloadPageResources(HTTPSamplerBase.java:1385) [ApacheJMeter_http.jar:5.1.1 r1855137]
	at org.apache.jmeter.protocol.http.sampler.HTTPSamplerBase.resultProcessing(HTTPSamplerBase.java:1693) [ApacheJMeter_http.jar:5.1.1 r1855137]
	at org.apache.jmeter.protocol.http.sampler.HTTPAbstractImpl.resultProcessing(HTTPAbstractImpl.java:556) [ApacheJMeter_http.jar:5.1.1 r1855137]
	at org.apache.jmeter.protocol.http.sampler.HTTPHC4Impl.sample(HTTPHC4Impl.java:660) [ApacheJMeter_http.jar:5.1.1 r1855137]
	at org.apache.jmeter.protocol.http.sampler.HTTPSamplerProxy.sample(HTTPSamplerProxy.java:67) [ApacheJMeter_http.jar:5.1.1 r1855137]
	at org.apache.jmeter.protocol.http.sampler.HTTPSamplerBase.followRedirects(HTTPSamplerBase.java:1578) [ApacheJMeter_http.jar:5.1.1 r1855137]
	at org.apache.jmeter.protocol.http.sampler.HTTPSamplerBase.resultProcessing(HTTPSamplerBase.java:1672) [ApacheJMeter_http.jar:5.1.1 r1855137]
	at org.apache.jmeter.protocol.http.sampler.HTTPAbstractImpl.resultProcessing(HTTPAbstractImpl.java:556) [ApacheJMeter_http.jar:5.1.1 r1855137]
	at org.apache.jmeter.protocol.http.sampler.HTTPHC4Impl.sample(HTTPHC4Impl.java:660) [ApacheJMeter_http.jar:5.1.1 r1855137]
	at org.apache.jmeter.protocol.http.sampler.HTTPSamplerProxy.sample(HTTPSamplerProxy.java:67) [ApacheJMeter_http.jar:5.1.1 r1855137]
	at org.apache.jmeter.protocol.http.sampler.HTTPSamplerBase.sample(HTTPSamplerBase.java:1231) [ApacheJMeter_http.jar:5.1.1 r1855137]
	at org.apache.jmeter.protocol.http.sampler.HTTPSamplerBase.sample(HTTPSamplerBase.java:1220) [ApacheJMeter_http.jar:5.1.1 r1855137]
	at org.apache.jmeter.threads.JMeterThread.doSampling(JMeterThread.java:622) [ApacheJMeter_core.jar:5.1.1 r1855137]
	at org.apache.jmeter.threads.JMeterThread.executeSamplePackage(JMeterThread.java:546) [ApacheJMeter_core.jar:5.1.1 r1855137]
	at org.apache.jmeter.threads.JMeterThread.processSampler(JMeterThread.java:486) [ApacheJMeter_core.jar:5.1.1 r1855137]
	at org.apache.jmeter.threads.JMeterThread.run(JMeterThread.java:253) [ApacheJMeter_core.jar:5.1.1 r1855137]
	at java.lang.Thread.run(Thread.java:745) [?:1.8.0_66]
2019-04-05 01:32:13,361 WARN o.a.j.p.h.s.HTTPSamplerBase: Interrupted fetching embedded resources
java.lang.InterruptedException: null
	at java.util.concurrent.locks.AbstractQueuedSynchronizer$ConditionObject.reportInterruptAfterWait(AbstractQueuedSynchronizer.java:2014) ~[?:1.8.0_66]
	at java.util.concurrent.locks.AbstractQueuedSynchronizer$ConditionObject.await(AbstractQueuedSynchronizer.java:2048) ~[?:1.8.0_66]
	at java.util.concurrent.LinkedBlockingQueue.take(LinkedBlockingQueue.java:442) ~[?:1.8.0_66]
	at java.util.concurrent.ExecutorCompletionService.take(ExecutorCompletionService.java:193) ~[?:1.8.0_66]
	at org.apache.jmeter.protocol.http.sampler.ResourcesDownloader.invokeAllAndAwaitTermination(ResourcesDownloader.java:187) ~[ApacheJMeter_http.jar:5.1.1 r1855137]
	at org.apache.jmeter.protocol.http.sampler.HTTPSamplerBase.downloadPageResources(HTTPSamplerBase.java:1385) [ApacheJMeter_http.jar:5.1.1 r1855137]
	at org.apache.jmeter.protocol.http.sampler.HTTPSamplerBase.resultProcessing(HTTPSamplerBase.java:1693) [ApacheJMeter_http.jar:5.1.1 r1855137]
	at org.apache.jmeter.protocol.http.sampler.HTTPAbstractImpl.resultProcessing(HTTPAbstractImpl.java:556) [ApacheJMeter_http.jar:5.1.1 r1855137]
	at org.apache.jmeter.protocol.http.sampler.HTTPHC4Impl.sample(HTTPHC4Impl.java:660) [ApacheJMeter_http.jar:5.1.1 r1855137]
	at org.apache.jmeter.protocol.http.sampler.HTTPSamplerProxy.sample(HTTPSamplerProxy.java:67) [ApacheJMeter_http.jar:5.1.1 r1855137]
	at org.apache.jmeter.protocol.http.sampler.HTTPSamplerBase.followRedirects(HTTPSamplerBase.java:1578) [ApacheJMeter_http.jar:5.1.1 r1855137]
	at org.apache.jmeter.protocol.http.sampler.HTTPSamplerBase.resultProcessing(HTTPSamplerBase.java:1672) [ApacheJMeter_http.jar:5.1.1 r1855137]
	at org.apache.jmeter.protocol.http.sampler.HTTPAbstractImpl.resultProcessing(HTTPAbstractImpl.java:556) [ApacheJMeter_http.jar:5.1.1 r1855137]
	at org.apache.jmeter.protocol.http.sampler.HTTPHC4Impl.sample(HTTPHC4Impl.java:660) [ApacheJMeter_http.jar:5.1.1 r1855137]
	at org.apache.jmeter.protocol.http.sampler.HTTPSamplerProxy.sample(HTTPSamplerProxy.java:67) [ApacheJMeter_http.jar:5.1.1 r1855137]
	at org.apache.jmeter.protocol.http.sampler.HTTPSamplerBase.sample(HTTPSamplerBase.java:1231) [ApacheJMeter_http.jar:5.1.1 r1855137]
	at org.apache.jmeter.protocol.http.sampler.HTTPSamplerBase.sample(HTTPSamplerBase.java:1220) [ApacheJMeter_http.jar:5.1.1 r1855137]
	at org.apache.jmeter.threads.JMeterThread.doSampling(JMeterThread.java:622) [ApacheJMeter_core.jar:5.1.1 r1855137]
	at org.apache.jmeter.threads.JMeterThread.executeSamplePackage(JMeterThread.java:546) [ApacheJMeter_core.jar:5.1.1 r1855137]
	at org.apache.jmeter.threads.JMeterThread.processSampler(JMeterThread.java:486) [ApacheJMeter_core.jar:5.1.1 r1855137]
	at org.apache.jmeter.threads.JMeterThread.run(JMeterThread.java:253) [ApacheJMeter_core.jar:5.1.1 r1855137]
	at java.lang.Thread.run(Thread.java:745) [?:1.8.0_66]
2019-04-05 01:32:13,361 WARN o.a.j.p.h.s.HTTPSamplerBase: Interrupted fetching embedded resources
java.lang.InterruptedException: null
	at java.util.concurrent.locks.AbstractQueuedSynchronizer$ConditionObject.reportInterruptAfterWait(AbstractQueuedSynchronizer.java:2014) ~[?:1.8.0_66]
	at java.util.concurrent.locks.AbstractQueuedSynchronizer$ConditionObject.await(AbstractQueuedSynchronizer.java:2048) ~[?:1.8.0_66]
	at java.util.concurrent.LinkedBlockingQueue.take(LinkedBlockingQueue.java:442) ~[?:1.8.0_66]
	at java.util.concurrent.ExecutorCompletionService.take(ExecutorCompletionService.java:193) ~[?:1.8.0_66]
	at org.apache.jmeter.protocol.http.sampler.ResourcesDownloader.invokeAllAndAwaitTermination(ResourcesDownloader.java:187) ~[ApacheJMeter_http.jar:5.1.1 r1855137]
	at org.apache.jmeter.protocol.http.sampler.HTTPSamplerBase.downloadPageResources(HTTPSamplerBase.java:1385) [ApacheJMeter_http.jar:5.1.1 r1855137]
	at org.apache.jmeter.protocol.http.sampler.HTTPSamplerBase.resultProcessing(HTTPSamplerBase.java:1693) [ApacheJMeter_http.jar:5.1.1 r1855137]
	at org.apache.jmeter.protocol.http.sampler.HTTPAbstractImpl.resultProcessing(HTTPAbstractImpl.java:556) [ApacheJMeter_http.jar:5.1.1 r1855137]
	at org.apache.jmeter.protocol.http.sampler.HTTPHC4Impl.sample(HTTPHC4Impl.java:660) [ApacheJMeter_http.jar:5.1.1 r1855137]
	at org.apache.jmeter.protocol.http.sampler.HTTPSamplerProxy.sample(HTTPSamplerProxy.java:67) [ApacheJMeter_http.jar:5.1.1 r1855137]
	at org.apache.jmeter.protocol.http.sampler.HTTPSamplerBase.followRedirects(HTTPSamplerBase.java:1578) [ApacheJMeter_http.jar:5.1.1 r1855137]
	at org.apache.jmeter.protocol.http.sampler.HTTPSamplerBase.resultProcessing(HTTPSamplerBase.java:1672) [ApacheJMeter_http.jar:5.1.1 r1855137]
	at org.apache.jmeter.protocol.http.sampler.HTTPAbstractImpl.resultProcessing(HTTPAbstractImpl.java:556) [ApacheJMeter_http.jar:5.1.1 r1855137]
	at org.apache.jmeter.protocol.http.sampler.HTTPHC4Impl.sample(HTTPHC4Impl.java:660) [ApacheJMeter_http.jar:5.1.1 r1855137]
	at org.apache.jmeter.protocol.http.sampler.HTTPSamplerProxy.sample(HTTPSamplerProxy.java:67) [ApacheJMeter_http.jar:5.1.1 r1855137]
	at org.apache.jmeter.protocol.http.sampler.HTTPSamplerBase.sample(HTTPSamplerBase.java:1231) [ApacheJMeter_http.jar:5.1.1 r1855137]
	at org.apache.jmeter.protocol.http.sampler.HTTPSamplerBase.sample(HTTPSamplerBase.java:1220) [ApacheJMeter_http.jar:5.1.1 r1855137]
	at org.apache.jmeter.threads.JMeterThread.doSampling(JMeterThread.java:622) [ApacheJMeter_core.jar:5.1.1 r1855137]
	at org.apache.jmeter.threads.JMeterThread.executeSamplePackage(JMeterThread.java:546) [ApacheJMeter_core.jar:5.1.1 r1855137]
	at org.apache.jmeter.threads.JMeterThread.processSampler(JMeterThread.java:486) [ApacheJMeter_core.jar:5.1.1 r1855137]
	at org.apache.jmeter.threads.JMeterThread.run(JMeterThread.java:253) [ApacheJMeter_core.jar:5.1.1 r1855137]
	at java.lang.Thread.run(Thread.java:745) [?:1.8.0_66]
2019-04-05 01:32:13,361 WARN o.a.j.p.h.s.HTTPSamplerBase: Interrupted fetching embedded resources
java.lang.InterruptedException: null
	at java.util.concurrent.locks.AbstractQueuedSynchronizer$ConditionObject.reportInterruptAfterWait(AbstractQueuedSynchronizer.java:2014) ~[?:1.8.0_66]
	at java.util.concurrent.locks.AbstractQueuedSynchronizer$ConditionObject.await(AbstractQueuedSynchronizer.java:2048) ~[?:1.8.0_66]
	at java.util.concurrent.LinkedBlockingQueue.take(LinkedBlockingQueue.java:442) ~[?:1.8.0_66]
	at java.util.concurrent.ExecutorCompletionService.take(ExecutorCompletionService.java:193) ~[?:1.8.0_66]
	at org.apache.jmeter.protocol.http.sampler.ResourcesDownloader.invokeAllAndAwaitTermination(ResourcesDownloader.java:187) ~[ApacheJMeter_http.jar:5.1.1 r1855137]
	at org.apache.jmeter.protocol.http.sampler.HTTPSamplerBase.downloadPageResources(HTTPSamplerBase.java:1385) [ApacheJMeter_http.jar:5.1.1 r1855137]
	at org.apache.jmeter.protocol.http.sampler.HTTPSamplerBase.resultProcessing(HTTPSamplerBase.java:1693) [ApacheJMeter_http.jar:5.1.1 r1855137]
	at org.apache.jmeter.protocol.http.sampler.HTTPAbstractImpl.resultProcessing(HTTPAbstractImpl.java:556) [ApacheJMeter_http.jar:5.1.1 r1855137]
	at org.apache.jmeter.protocol.http.sampler.HTTPHC4Impl.sample(HTTPHC4Impl.java:660) [ApacheJMeter_http.jar:5.1.1 r1855137]
	at org.apache.jmeter.protocol.http.sampler.HTTPSamplerProxy.sample(HTTPSamplerProxy.java:67) [ApacheJMeter_http.jar:5.1.1 r1855137]
	at org.apache.jmeter.protocol.http.sampler.HTTPSamplerBase.followRedirects(HTTPSamplerBase.java:1578) [ApacheJMeter_http.jar:5.1.1 r1855137]
	at org.apache.jmeter.protocol.http.sampler.HTTPSamplerBase.resultProcessing(HTTPSamplerBase.java:1672) [ApacheJMeter_http.jar:5.1.1 r1855137]
	at org.apache.jmeter.protocol.http.sampler.HTTPAbstractImpl.resultProcessing(HTTPAbstractImpl.java:556) [ApacheJMeter_http.jar:5.1.1 r1855137]
	at org.apache.jmeter.protocol.http.sampler.HTTPHC4Impl.sample(HTTPHC4Impl.java:660) [ApacheJMeter_http.jar:5.1.1 r1855137]
	at org.apache.jmeter.protocol.http.sampler.HTTPSamplerProxy.sample(HTTPSamplerProxy.java:67) [ApacheJMeter_http.jar:5.1.1 r1855137]
	at org.apache.jmeter.protocol.http.sampler.HTTPSamplerBase.sample(HTTPSamplerBase.java:1231) [ApacheJMeter_http.jar:5.1.1 r1855137]
	at org.apache.jmeter.protocol.http.sampler.HTTPSamplerBase.sample(HTTPSamplerBase.java:1220) [ApacheJMeter_http.jar:5.1.1 r1855137]
	at org.apache.jmeter.threads.JMeterThread.doSampling(JMeterThread.java:622) [ApacheJMeter_core.jar:5.1.1 r1855137]
	at org.apache.jmeter.threads.JMeterThread.executeSamplePackage(JMeterThread.java:546) [ApacheJMeter_core.jar:5.1.1 r1855137]
	at org.apache.jmeter.threads.JMeterThread.processSampler(JMeterThread.java:486) [ApacheJMeter_core.jar:5.1.1 r1855137]
	at org.apache.jmeter.threads.JMeterThread.run(JMeterThread.java:253) [ApacheJMeter_core.jar:5.1.1 r1855137]
	at java.lang.Thread.run(Thread.java:745) [?:1.8.0_66]
2019-04-05 01:32:13,398 INFO o.a.j.t.JMeterThread: Thread is done: UserScenario 1-4
2019-04-05 01:32:13,398 INFO o.a.j.t.JMeterThread: Thread is done: UserScenario 1-2
2019-04-05 01:32:13,398 INFO o.a.j.t.JMeterThread: Thread is done: UserScenario 1-13
2019-04-05 01:32:13,398 INFO o.a.j.t.JMeterThread: Thread finished: UserScenario 1-2
2019-04-05 01:32:13,398 INFO o.a.j.t.JMeterThread: Thread is done: UserScenario 1-16
2019-04-05 01:32:13,398 INFO o.a.j.t.JMeterThread: Thread finished: UserScenario 1-4
2019-04-05 01:32:13,398 INFO o.a.j.t.JMeterThread: Thread finished: UserScenario 1-13
2019-04-05 01:32:13,398 INFO o.a.j.t.JMeterThread: Thread finished: UserScenario 1-16
2019-04-05 01:32:13,405 INFO o.a.j.e.StandardJMeterEngine: Notifying test listeners of end of test
2019-04-05 01:32:13,413 INFO o.a.j.e.StandardJMeterEngine: Forced JVM shutdown requested at end of test
