2019-04-05 01:16:09,915 INFO o.a.j.u.JMeterUtils: Setting Locale to en_US
2019-04-05 01:16:09,963 INFO o.a.j.JMeter: Loading user properties from: /Users/apple/.bzt/jmeter-taurus/5.1.1/bin/user.properties
2019-04-05 01:16:09,964 INFO o.a.j.JMeter: Loading system properties from: /Users/apple/.bzt/jmeter-taurus/5.1.1/bin/system.properties
2019-04-05 01:16:09,965 INFO o.a.j.JMeter: Loading additional properties from: /Users/apple/Desktop/bachelorProject/stressThing/StressThing/2019-04-05_01-15-50.148669/jmeter-bzt-1.properties
2019-04-05 01:16:09,966 INFO o.a.j.JMeter: Setting System properties from file: /Users/apple/Desktop/bachelorProject/stressThing/StressThing/2019-04-05_01-15-50.148669/system-1.properties
2019-04-05 01:16:09,978 INFO o.a.j.JMeter: Copyright (c) 1998-2019 The Apache Software Foundation
2019-04-05 01:16:09,978 INFO o.a.j.JMeter: Version 5.1.1 r1855137
2019-04-05 01:16:09,978 INFO o.a.j.JMeter: java.version=1.8.0_66
2019-04-05 01:16:09,978 INFO o.a.j.JMeter: java.vm.name=Java HotSpot(TM) 64-Bit Server VM
2019-04-05 01:16:09,978 INFO o.a.j.JMeter: os.name=Mac OS X
2019-04-05 01:16:09,978 INFO o.a.j.JMeter: os.arch=x86_64
2019-04-05 01:16:09,979 INFO o.a.j.JMeter: os.version=10.13.4
2019-04-05 01:16:09,979 INFO o.a.j.JMeter: file.encoding=UTF-8
2019-04-05 01:16:09,979 INFO o.a.j.JMeter: java.awt.headless=true
2019-04-05 01:16:09,979 INFO o.a.j.JMeter: Max memory     =954728448
2019-04-05 01:16:09,979 INFO o.a.j.JMeter: Available Processors =4
2019-04-05 01:16:09,988 INFO o.a.j.JMeter: Default Locale=English (United States)
2019-04-05 01:16:09,989 INFO o.a.j.JMeter: JMeter  Locale=English (United States)
2019-04-05 01:16:09,989 INFO o.a.j.JMeter: JMeterHome=/Users/apple/.bzt/jmeter-taurus/5.1.1
2019-04-05 01:16:09,989 INFO o.a.j.JMeter: user.dir  =/Users/apple/Desktop/bachelorProject/stressThing/StressThing
2019-04-05 01:16:09,990 INFO o.a.j.JMeter: PWD       =/Users/apple/Desktop/bachelorProject/stressThing/StressThing
2019-04-05 01:16:09,992 INFO o.a.j.JMeter: IP: 192.168.1.9 Name: amirhosein-mac.local FullName: 192.168.1.9
2019-04-05 01:16:09,993 INFO o.a.j.JMeter: user.classpath=/Users/apple/Desktop/bachelorProject/stressThing/StressThing/2019-04-05_01-15-50.148669:/Users/apple/Desktop/bachelorProject/stressThing/StressThing/2019-04-05_01-15-50.148669
2019-04-05 01:16:09,993 INFO o.a.j.JMeter: Adding to classpath and loader: /Users/apple/Desktop/bachelorProject/stressThing/StressThing/2019-04-05_01-15-50.148669
2019-04-05 01:16:09,996 INFO o.a.j.JMeter: Adding to classpath and loader: /Users/apple/Desktop/bachelorProject/stressThing/StressThing/2019-04-05_01-15-50.148669
2019-04-05 01:16:10,186 INFO o.a.j.s.FileServer: Default base='/Users/apple/Desktop/bachelorProject/stressThing/StressThing'
2019-04-05 01:16:10,195 INFO o.a.j.s.FileServer: Set new base='/Users/apple/Desktop/bachelorProject/stressThing/StressThing/2019-04-05_01-15-50.148669'
2019-04-05 01:16:11,443 INFO o.a.j.s.SaveService: Testplan (JMX) version: 2.2. Testlog (JTL) version: 2.2
2019-04-05 01:16:11,599 INFO o.a.j.s.SaveService: Using SaveService properties file encoding UTF-8
2019-04-05 01:16:11,614 INFO o.a.j.s.SaveService: Using SaveService properties version 5.0
2019-04-05 01:16:11,640 INFO o.a.j.s.SaveService: Loading file: /Users/apple/Desktop/bachelorProject/stressThing/StressThing/2019-04-05_01-15-50.148669/modified_requests-1.jmx
2019-04-05 01:16:11,803 INFO o.a.j.p.h.c.CacheManager: Will only cache the following methods: [GET]
2019-04-05 01:16:11,808 INFO o.a.j.p.h.c.CookieManager: Settings: Delete null: true Check: true Allow variable: true Save: false Prefix: COOKIE_
2019-04-05 01:16:11,842 INFO o.a.j.p.h.s.HTTPSamplerBase: Parser for text/html is org.apache.jmeter.protocol.http.parser.LagartoBasedHtmlParser
2019-04-05 01:16:11,842 INFO o.a.j.p.h.s.HTTPSamplerBase: Parser for application/xhtml+xml is org.apache.jmeter.protocol.http.parser.LagartoBasedHtmlParser
2019-04-05 01:16:11,842 INFO o.a.j.p.h.s.HTTPSamplerBase: Parser for application/xml is org.apache.jmeter.protocol.http.parser.LagartoBasedHtmlParser
2019-04-05 01:16:11,842 INFO o.a.j.p.h.s.HTTPSamplerBase: Parser for text/xml is org.apache.jmeter.protocol.http.parser.LagartoBasedHtmlParser
2019-04-05 01:16:11,843 INFO o.a.j.p.h.s.HTTPSamplerBase: Parser for text/vnd.wap.wml is org.apache.jmeter.protocol.http.parser.RegexpHTMLParser
2019-04-05 01:16:11,843 INFO o.a.j.p.h.s.HTTPSamplerBase: Parser for text/css is org.apache.jmeter.protocol.http.parser.CssParser
2019-04-05 01:16:11,933 INFO o.a.j.e.StandardJMeterEngine: Running the test!
2019-04-05 01:16:11,936 INFO o.a.j.s.SampleEvent: List of sample_variables: []
2019-04-05 01:16:11,936 INFO o.a.j.s.SampleEvent: List of sample_variables: []
2019-04-05 01:16:11,954 INFO o.a.j.e.u.CompoundVariable: Note: Function class names must contain the string: '.functions.'
2019-04-05 01:16:11,954 INFO o.a.j.e.u.CompoundVariable: Note: Function class names must not contain the string: '.gui.'
2019-04-05 01:16:14,210 INFO o.a.j.JMeter: Running test (1554410774210)
2019-04-05 01:16:14,362 INFO o.a.j.e.StandardJMeterEngine: Starting ThreadGroup: 1 : scenario1
2019-04-05 01:16:14,363 INFO o.a.j.e.StandardJMeterEngine: Starting 20 threads for group scenario1.
2019-04-05 01:16:14,363 INFO o.a.j.e.StandardJMeterEngine: Thread will continue on error
2019-04-05 01:16:14,368 INFO o.a.j.e.StandardJMeterEngine: All thread groups have been started
2019-04-05 01:16:14,369 INFO c.b.j.t.c.ConcurrencyThreadStarter: Start supplying threads
2019-04-05 01:16:14,638 INFO o.a.j.s.SampleResult: Note: Sample TimeStamps are START times
2019-04-05 01:16:14,638 INFO o.a.j.t.JMeterThread: Thread started: scenario1 1-1
2019-04-05 01:16:14,639 INFO o.a.j.s.SampleResult: sampleresult.default.encoding is set to UTF-8
2019-04-05 01:16:14,639 INFO o.a.j.s.SampleResult: sampleresult.useNanoTime=true
2019-04-05 01:16:14,639 INFO o.a.j.s.SampleResult: sampleresult.nanoThreadSleep=5000
2019-04-05 01:16:14,651 WARN k.a.j.t.VariableThroughputTimer: No free threads available in current Thread Group scenario1, made 0 samples/s for expected rps 0.286 samples/s, increase your number of threads
2019-04-05 01:16:14,684 INFO o.a.j.p.h.s.HTTPHCAbstractImpl: Local host = amirhosein-mac.local
2019-04-05 01:16:14,696 INFO o.a.j.p.h.s.HTTPHC4Impl: HTTP request retry count = 0
2019-04-05 01:16:15,644 INFO o.a.j.t.JMeterThread: Thread started: scenario1 1-2
2019-04-05 01:16:15,647 WARN k.a.j.t.VariableThroughputTimer: No free threads available in current Thread Group scenario1, made 1 samples/s for expected rps 2.2573999999999996 samples/s, increase your number of threads
2019-04-05 01:16:15,648 INFO o.a.j.t.JMeterThread: Thread started: scenario1 1-3
2019-04-05 01:16:15,720 INFO o.a.j.p.h.s.h.LazyLayeredConnectionSocketFactory: Setting up HTTPS TrustAll Socket Factory
2019-04-05 01:16:15,736 INFO o.a.j.u.JsseSSLManager: Using default SSL protocol: TLS
2019-04-05 01:16:15,736 INFO o.a.j.u.JsseSSLManager: SSL session context: per-thread
2019-04-05 01:16:15,980 INFO o.a.j.u.SSLManager: JmeterKeyStore Location:  type JKS
2019-04-05 01:16:15,994 INFO o.a.j.u.SSLManager: KeyStore created OK
2019-04-05 01:16:15,994 WARN o.a.j.u.SSLManager: Keystore file not found, loading empty keystore
2019-04-05 01:16:16,649 INFO o.a.j.t.JMeterThread: Thread started: scenario1 1-4
2019-04-05 01:16:16,650 WARN k.a.j.t.VariableThroughputTimer: No free threads available in current Thread Group scenario1, made 2 samples/s for expected rps 4.2288 samples/s, increase your number of threads
2019-04-05 01:16:16,654 INFO o.a.j.t.JMeterThread: Thread started: scenario1 1-5
2019-04-05 01:16:17,428 INFO o.a.j.p.h.p.BaseParser: Created org.apache.jmeter.protocol.http.parser.LagartoBasedHtmlParser
2019-04-05 01:16:17,656 INFO o.a.j.t.JMeterThread: Thread started: scenario1 1-6
2019-04-05 01:16:17,658 WARN k.a.j.t.VariableThroughputTimer: No free threads available in current Thread Group scenario1, made 2 samples/s for expected rps 6.200199999999999 samples/s, increase your number of threads
2019-04-05 01:16:17,658 INFO o.a.j.t.JMeterThread: Thread started: scenario1 1-7
2019-04-05 01:16:17,783 INFO o.a.j.p.h.s.ResourcesDownloader: Creating ResourcesDownloader with keepalive_inseconds : 60
2019-04-05 01:16:18,480 INFO o.a.j.p.h.p.BaseParser: Created org.apache.jmeter.protocol.http.parser.CssParser
2019-04-05 01:16:18,480 INFO o.a.j.p.h.p.BaseParser: Created org.apache.jmeter.protocol.http.parser.CssParser
2019-04-05 01:16:18,810 INFO o.a.j.t.JMeterThread: Thread started: scenario1 1-8
2019-04-05 01:16:18,810 INFO o.a.j.t.JMeterThread: Thread started: scenario1 1-9
2019-04-05 01:16:18,811 WARN k.a.j.t.VariableThroughputTimer: No free threads available in current Thread Group scenario1, made 2 samples/s for expected rps 8.1716 samples/s, increase your number of threads
2019-04-05 01:16:19,892 INFO o.a.j.t.JMeterThread: Thread started: scenario1 1-10
2019-04-05 01:16:19,893 INFO o.a.j.t.JMeterThread: Thread started: scenario1 1-11
2019-04-05 01:16:19,893 WARN k.a.j.t.VariableThroughputTimer: No free threads available in current Thread Group scenario1, made 2 samples/s for expected rps 10.142999999999999 samples/s, increase your number of threads
2019-04-05 01:16:20,896 INFO o.a.j.t.JMeterThread: Thread started: scenario1 1-12
2019-04-05 01:16:20,897 WARN k.a.j.t.VariableThroughputTimer: No free threads available in current Thread Group scenario1, made 2 samples/s for expected rps 12.114399999999998 samples/s, increase your number of threads
2019-04-05 01:16:20,898 INFO o.a.j.t.JMeterThread: Thread started: scenario1 1-13
2019-04-05 01:16:21,900 INFO o.a.j.t.JMeterThread: Thread started: scenario1 1-14
2019-04-05 01:16:21,901 WARN k.a.j.t.VariableThroughputTimer: No free threads available in current Thread Group scenario1, made 2 samples/s for expected rps 14.085799999999999 samples/s, increase your number of threads
2019-04-05 01:16:21,901 INFO o.a.j.t.JMeterThread: Thread started: scenario1 1-15
2019-04-05 01:16:22,902 INFO o.a.j.t.JMeterThread: Thread started: scenario1 1-16
2019-04-05 01:16:22,903 INFO o.a.j.t.JMeterThread: Thread started: scenario1 1-17
2019-04-05 01:16:22,904 WARN k.a.j.t.VariableThroughputTimer: No free threads available in current Thread Group scenario1, made 2 samples/s for expected rps 16.057199999999998 samples/s, increase your number of threads
2019-04-05 01:16:23,909 INFO o.a.j.t.JMeterThread: Thread started: scenario1 1-18
2019-04-05 01:16:23,914 WARN k.a.j.t.VariableThroughputTimer: No free threads available in current Thread Group scenario1, made 2 samples/s for expected rps 18.0286 samples/s, increase your number of threads
2019-04-05 01:16:23,914 INFO o.a.j.t.JMeterThread: Thread started: scenario1 1-19
2019-04-05 01:16:24,917 INFO o.a.j.t.JMeterThread: Thread started: scenario1 1-20
2019-04-05 01:16:24,919 WARN k.a.j.t.VariableThroughputTimer: No free threads available in current Thread Group scenario1, made 2 samples/s for expected rps 20.0 samples/s, increase your number of threads
2019-04-05 01:16:25,989 WARN c.h.c.r.e.LoggingCSSParseErrorHandler: Browser compliant mode skipped CSS from [1:174276] starting at token ' ' until [1:174277] to token ';' (based on com.helger.css.parser.ParseException: Encountered unexpected token: ";" ";"
    at line 1, column 174277.

Was expecting one of:

    "+"
    "-"
    "["
    "and"
    "expression("
    "from"
    "inherit"
    "not"
    "only"
    "or"
    "to"
    <ANGLE_DEG>
    <ANGLE_GRAD>
    <ANGLE_RAD>
    <ANGLE_TURN>
    <CH>
    <DPCM>
    <DPI>
    <DPPX>
    <EM>
    <EX>
    <FR>
    <FREQ_HZ>
    <FREQ_KHZ>
    <FUNCTION>
    <FUNCTION_CALC>
    <HASH>
    <IDENT>
    <LENGTH_CM>
    <LENGTH_IN>
    <LENGTH_MM>
    <LENGTH_PC>
    <LENGTH_PT>
    <LENGTH_Q>
    <NUMBER>
    <PERCENTAGE>
    <PX>
    <REM>
    <S>
    <STRING1>
    <STRING2>
    <TIME_MS>
    <TIME_S>
    <URANGE>
    <URL>
    <VH>
    <VMAX>
    <VMIN>
    <VW>
)
2019-04-05 01:16:26,015 WARN c.h.c.r.e.LoggingCSSParseErrorHandler: Browser compliant mode skipped CSS from [1:174450] starting at token ' ' until [1:174451] to token ';' (based on com.helger.css.parser.ParseException: Encountered unexpected token: ";" ";"
    at line 1, column 174451.

Was expecting one of:

    "+"
    "-"
    "["
    "and"
    "expression("
    "from"
    "inherit"
    "not"
    "only"
    "or"
    "to"
    <ANGLE_DEG>
    <ANGLE_GRAD>
    <ANGLE_RAD>
    <ANGLE_TURN>
    <CH>
    <DPCM>
    <DPI>
    <DPPX>
    <EM>
    <EX>
    <FR>
    <FREQ_HZ>
    <FREQ_KHZ>
    <FUNCTION>
    <FUNCTION_CALC>
    <HASH>
    <IDENT>
    <LENGTH_CM>
    <LENGTH_IN>
    <LENGTH_MM>
    <LENGTH_PC>
    <LENGTH_PT>
    <LENGTH_Q>
    <NUMBER>
    <PERCENTAGE>
    <PX>
    <REM>
    <S>
    <STRING1>
    <STRING2>
    <TIME_MS>
    <TIME_S>
    <URANGE>
    <URL>
    <VH>
    <VMAX>
    <VMIN>
    <VW>
)
2019-04-05 01:16:26,029 WARN c.h.c.r.e.LoggingCSSParseErrorHandler: Browser compliant mode skipped CSS from [1:174788] starting at token ' ' until [1:174789] to token ';' (based on com.helger.css.parser.ParseException: Encountered unexpected token: ";" ";"
    at line 1, column 174789.

Was expecting one of:

    "+"
    "-"
    "["
    "and"
    "expression("
    "from"
    "inherit"
    "not"
    "only"
    "or"
    "to"
    <ANGLE_DEG>
    <ANGLE_GRAD>
    <ANGLE_RAD>
    <ANGLE_TURN>
    <CH>
    <DPCM>
    <DPI>
    <DPPX>
    <EM>
    <EX>
    <FR>
    <FREQ_HZ>
    <FREQ_KHZ>
    <FUNCTION>
    <FUNCTION_CALC>
    <HASH>
    <IDENT>
    <LENGTH_CM>
    <LENGTH_IN>
    <LENGTH_MM>
    <LENGTH_PC>
    <LENGTH_PT>
    <LENGTH_Q>
    <NUMBER>
    <PERCENTAGE>
    <PX>
    <REM>
    <S>
    <STRING1>
    <STRING2>
    <TIME_MS>
    <TIME_S>
    <URANGE>
    <URL>
    <VH>
    <VMAX>
    <VMIN>
    <VW>
)
2019-04-05 01:16:26,031 WARN c.h.c.r.e.LoggingCSSParseErrorHandler: Browser compliant mode skipped CSS from [1:174958] starting at token ' ' until [1:174959] to token ';' (based on com.helger.css.parser.ParseException: Encountered unexpected token: ";" ";"
    at line 1, column 174959.

Was expecting one of:

    "+"
    "-"
    "["
    "and"
    "expression("
    "from"
    "inherit"
    "not"
    "only"
    "or"
    "to"
    <ANGLE_DEG>
    <ANGLE_GRAD>
    <ANGLE_RAD>
    <ANGLE_TURN>
    <CH>
    <DPCM>
    <DPI>
    <DPPX>
    <EM>
    <EX>
    <FR>
    <FREQ_HZ>
    <FREQ_KHZ>
    <FUNCTION>
    <FUNCTION_CALC>
    <HASH>
    <IDENT>
    <LENGTH_CM>
    <LENGTH_IN>
    <LENGTH_MM>
    <LENGTH_PC>
    <LENGTH_PT>
    <LENGTH_Q>
    <NUMBER>
    <PERCENTAGE>
    <PX>
    <REM>
    <S>
    <STRING1>
    <STRING2>
    <TIME_MS>
    <TIME_S>
    <URANGE>
    <URL>
    <VH>
    <VMAX>
    <VMIN>
    <VW>
)
2019-04-05 01:16:49,362 WARN k.a.j.t.VariableThroughputTimer: No free threads available in current Thread Group scenario1, made 1 samples/s for expected rps 20.0 samples/s, increase your number of threads
2019-04-05 01:16:57,824 WARN k.a.j.t.VariableThroughputTimer: No free threads available in current Thread Group scenario1, made 2 samples/s for expected rps 20.0 samples/s, increase your number of threads
2019-04-05 01:16:58,867 WARN k.a.j.t.VariableThroughputTimer: No free threads available in current Thread Group scenario1, made 1 samples/s for expected rps 20.0 samples/s, increase your number of threads
2019-04-05 01:17:04,928 WARN k.a.j.t.VariableThroughputTimer: No free threads available in current Thread Group scenario1, made 1 samples/s for expected rps 20.0 samples/s, increase your number of threads
2019-04-05 01:17:12,864 WARN k.a.j.t.VariableThroughputTimer: No free threads available in current Thread Group scenario1, made 1 samples/s for expected rps 20.0 samples/s, increase your number of threads
2019-04-05 01:17:23,381 WARN k.a.j.t.VariableThroughputTimer: No free threads available in current Thread Group scenario1, made 1 samples/s for expected rps 20.0 samples/s, increase your number of threads
2019-04-05 01:17:24,660 INFO c.b.j.t.c.ConcurrencyThreadStarter: Done supplying threads
2019-04-05 01:17:31,259 INFO o.a.j.t.JMeterThread: Thread is done: scenario1 1-16
2019-04-05 01:17:31,260 INFO o.a.j.t.JMeterThread: Thread finished: scenario1 1-16
2019-04-05 01:17:32,360 INFO o.a.j.t.JMeterThread: Thread is done: scenario1 1-7
2019-04-05 01:17:32,361 INFO o.a.j.t.JMeterThread: Thread finished: scenario1 1-7
2019-04-05 01:17:35,392 INFO o.a.j.t.JMeterThread: Thread is done: scenario1 1-3
2019-04-05 01:17:35,392 INFO o.a.j.t.JMeterThread: Thread finished: scenario1 1-3
2019-04-05 01:17:37,531 INFO o.a.j.t.JMeterThread: Thread is done: scenario1 1-10
2019-04-05 01:17:37,531 INFO o.a.j.t.JMeterThread: Thread finished: scenario1 1-10
2019-04-05 01:17:45,461 INFO o.a.j.t.JMeterThread: Thread is done: scenario1 1-12
2019-04-05 01:17:45,461 INFO o.a.j.t.JMeterThread: Thread finished: scenario1 1-12
2019-04-05 01:17:46,700 INFO o.a.j.t.JMeterThread: Thread is done: scenario1 1-1
2019-04-05 01:17:46,701 INFO o.a.j.t.JMeterThread: Thread finished: scenario1 1-1
2019-04-05 01:17:47,392 INFO o.a.j.t.JMeterThread: Thread is done: scenario1 1-8
2019-04-05 01:17:47,392 INFO o.a.j.t.JMeterThread: Thread finished: scenario1 1-8
2019-04-05 01:17:47,430 INFO o.a.j.t.JMeterThread: Thread is done: scenario1 1-13
2019-04-05 01:17:47,430 INFO o.a.j.t.JMeterThread: Thread finished: scenario1 1-13
2019-04-05 01:17:47,739 INFO o.a.j.t.JMeterThread: Thread is done: scenario1 1-18
2019-04-05 01:17:47,739 INFO o.a.j.t.JMeterThread: Thread finished: scenario1 1-18
2019-04-05 01:17:47,748 INFO o.a.j.t.JMeterThread: Thread is done: scenario1 1-17
2019-04-05 01:17:47,749 INFO o.a.j.t.JMeterThread: Thread finished: scenario1 1-17
2019-04-05 01:17:47,838 INFO o.a.j.t.JMeterThread: Thread is done: scenario1 1-20
2019-04-05 01:17:47,838 INFO o.a.j.t.JMeterThread: Thread finished: scenario1 1-20
2019-04-05 01:17:49,051 INFO o.a.j.t.JMeterThread: Thread is done: scenario1 1-2
2019-04-05 01:17:49,051 INFO o.a.j.t.JMeterThread: Thread finished: scenario1 1-2
2019-04-05 01:17:49,966 INFO o.a.j.t.JMeterThread: Thread is done: scenario1 1-4
2019-04-05 01:17:49,966 INFO o.a.j.t.JMeterThread: Thread finished: scenario1 1-4
2019-04-05 01:17:58,111 INFO o.a.j.t.JMeterThread: Thread is done: scenario1 1-9
2019-04-05 01:17:58,113 INFO o.a.j.t.JMeterThread: Thread finished: scenario1 1-9
2019-04-05 01:18:02,931 INFO o.a.j.t.JMeterThread: Thread is done: scenario1 1-11
2019-04-05 01:18:02,933 INFO o.a.j.t.JMeterThread: Thread finished: scenario1 1-11
2019-04-05 01:18:30,847 INFO o.a.j.t.JMeterThread: Thread is done: scenario1 1-14
2019-04-05 01:18:30,850 INFO o.a.j.t.JMeterThread: Thread finished: scenario1 1-14
2019-04-05 01:32:15,306 INFO o.a.j.JMeter: Command: Shutdown received from /127.0.0.1
2019-04-05 01:32:15,326 WARN o.a.j.t.JMeterThread: Interrupting: scenario1 1-15 sampler: PROPERTY: statusTHING: MyLampThing
2019-04-05 01:32:15,327 WARN o.a.j.t.JMeterThread: No operation pending
2019-04-05 01:32:15,327 WARN o.a.j.t.JMeterThread: Interrupting: scenario1 1-6 sampler: PROPERTY: statusTHING: MyLampThing
2019-04-05 01:32:15,327 WARN o.a.j.t.JMeterThread: No operation pending
2019-04-05 01:32:15,327 WARN o.a.j.t.JMeterThread: Interrupting: scenario1 1-5 sampler: PROPERTY: statusTHING: MyLampThing
2019-04-05 01:32:15,328 WARN o.a.j.t.JMeterThread: No operation pending
2019-04-05 01:32:15,330 WARN o.a.j.t.JMeterThread: Interrupting: scenario1 1-19 sampler: PROPERTY: statusTHING: MyLampThing
2019-04-05 01:32:15,360 INFO o.a.j.t.JMeterThread: Thread is done: scenario1 1-19
2019-04-05 01:32:15,360 INFO o.a.j.t.JMeterThread: Thread finished: scenario1 1-19
2019-04-05 01:32:15,330 WARN o.a.j.p.h.s.HTTPSamplerBase: Interrupted fetching embedded resources
java.lang.InterruptedException: null
	at java.util.concurrent.locks.AbstractQueuedSynchronizer$ConditionObject.reportInterruptAfterWait(AbstractQueuedSynchronizer.java:2014) ~[?:1.8.0_66]
	at java.util.concurrent.locks.AbstractQueuedSynchronizer$ConditionObject.await(AbstractQueuedSynchronizer.java:2048) ~[?:1.8.0_66]
	at java.util.concurrent.LinkedBlockingQueue.take(LinkedBlockingQueue.java:442) ~[?:1.8.0_66]
	at java.util.concurrent.ExecutorCompletionService.take(ExecutorCompletionService.java:193) ~[?:1.8.0_66]
	at org.apache.jmeter.protocol.http.sampler.ResourcesDownloader.invokeAllAndAwaitTermination(ResourcesDownloader.java:187) ~[ApacheJMeter_http.jar:5.1.1 r1855137]
	at org.apache.jmeter.protocol.http.sampler.HTTPSamplerBase.downloadPageResources(HTTPSamplerBase.java:1385) [ApacheJMeter_http.jar:5.1.1 r1855137]
	at org.apache.jmeter.protocol.http.sampler.HTTPSamplerBase.resultProcessing(HTTPSamplerBase.java:1693) [ApacheJMeter_http.jar:5.1.1 r1855137]
	at org.apache.jmeter.protocol.http.sampler.HTTPAbstractImpl.resultProcessing(HTTPAbstractImpl.java:556) [ApacheJMeter_http.jar:5.1.1 r1855137]
	at org.apache.jmeter.protocol.http.sampler.HTTPHC4Impl.sample(HTTPHC4Impl.java:660) [ApacheJMeter_http.jar:5.1.1 r1855137]
	at org.apache.jmeter.protocol.http.sampler.HTTPSamplerProxy.sample(HTTPSamplerProxy.java:67) [ApacheJMeter_http.jar:5.1.1 r1855137]
	at org.apache.jmeter.protocol.http.sampler.HTTPSamplerBase.followRedirects(HTTPSamplerBase.java:1578) [ApacheJMeter_http.jar:5.1.1 r1855137]
	at org.apache.jmeter.protocol.http.sampler.HTTPSamplerBase.resultProcessing(HTTPSamplerBase.java:1672) [ApacheJMeter_http.jar:5.1.1 r1855137]
	at org.apache.jmeter.protocol.http.sampler.HTTPAbstractImpl.resultProcessing(HTTPAbstractImpl.java:556) [ApacheJMeter_http.jar:5.1.1 r1855137]
	at org.apache.jmeter.protocol.http.sampler.HTTPHC4Impl.sample(HTTPHC4Impl.java:660) [ApacheJMeter_http.jar:5.1.1 r1855137]
	at org.apache.jmeter.protocol.http.sampler.HTTPSamplerProxy.sample(HTTPSamplerProxy.java:67) [ApacheJMeter_http.jar:5.1.1 r1855137]
	at org.apache.jmeter.protocol.http.sampler.HTTPSamplerBase.sample(HTTPSamplerBase.java:1231) [ApacheJMeter_http.jar:5.1.1 r1855137]
	at org.apache.jmeter.protocol.http.sampler.HTTPSamplerBase.sample(HTTPSamplerBase.java:1220) [ApacheJMeter_http.jar:5.1.1 r1855137]
	at org.apache.jmeter.threads.JMeterThread.doSampling(JMeterThread.java:622) [ApacheJMeter_core.jar:5.1.1 r1855137]
	at org.apache.jmeter.threads.JMeterThread.executeSamplePackage(JMeterThread.java:546) [ApacheJMeter_core.jar:5.1.1 r1855137]
	at org.apache.jmeter.threads.JMeterThread.processSampler(JMeterThread.java:486) [ApacheJMeter_core.jar:5.1.1 r1855137]
	at org.apache.jmeter.threads.JMeterThread.run(JMeterThread.java:253) [ApacheJMeter_core.jar:5.1.1 r1855137]
	at java.lang.Thread.run(Thread.java:745) [?:1.8.0_66]
2019-04-05 01:32:15,330 WARN o.a.j.p.h.s.HTTPSamplerBase: Interrupted fetching embedded resources
java.lang.InterruptedException: null
	at java.util.concurrent.locks.AbstractQueuedSynchronizer$ConditionObject.reportInterruptAfterWait(AbstractQueuedSynchronizer.java:2014) ~[?:1.8.0_66]
	at java.util.concurrent.locks.AbstractQueuedSynchronizer$ConditionObject.await(AbstractQueuedSynchronizer.java:2048) ~[?:1.8.0_66]
	at java.util.concurrent.LinkedBlockingQueue.take(LinkedBlockingQueue.java:442) ~[?:1.8.0_66]
	at java.util.concurrent.ExecutorCompletionService.take(ExecutorCompletionService.java:193) ~[?:1.8.0_66]
	at org.apache.jmeter.protocol.http.sampler.ResourcesDownloader.invokeAllAndAwaitTermination(ResourcesDownloader.java:187) ~[ApacheJMeter_http.jar:5.1.1 r1855137]
	at org.apache.jmeter.protocol.http.sampler.HTTPSamplerBase.downloadPageResources(HTTPSamplerBase.java:1385) [ApacheJMeter_http.jar:5.1.1 r1855137]
	at org.apache.jmeter.protocol.http.sampler.HTTPSamplerBase.resultProcessing(HTTPSamplerBase.java:1693) [ApacheJMeter_http.jar:5.1.1 r1855137]
	at org.apache.jmeter.protocol.http.sampler.HTTPAbstractImpl.resultProcessing(HTTPAbstractImpl.java:556) [ApacheJMeter_http.jar:5.1.1 r1855137]
	at org.apache.jmeter.protocol.http.sampler.HTTPHC4Impl.sample(HTTPHC4Impl.java:660) [ApacheJMeter_http.jar:5.1.1 r1855137]
	at org.apache.jmeter.protocol.http.sampler.HTTPSamplerProxy.sample(HTTPSamplerProxy.java:67) [ApacheJMeter_http.jar:5.1.1 r1855137]
	at org.apache.jmeter.protocol.http.sampler.HTTPSamplerBase.followRedirects(HTTPSamplerBase.java:1578) [ApacheJMeter_http.jar:5.1.1 r1855137]
	at org.apache.jmeter.protocol.http.sampler.HTTPSamplerBase.resultProcessing(HTTPSamplerBase.java:1672) [ApacheJMeter_http.jar:5.1.1 r1855137]
	at org.apache.jmeter.protocol.http.sampler.HTTPAbstractImpl.resultProcessing(HTTPAbstractImpl.java:556) [ApacheJMeter_http.jar:5.1.1 r1855137]
	at org.apache.jmeter.protocol.http.sampler.HTTPHC4Impl.sample(HTTPHC4Impl.java:660) [ApacheJMeter_http.jar:5.1.1 r1855137]
	at org.apache.jmeter.protocol.http.sampler.HTTPSamplerProxy.sample(HTTPSamplerProxy.java:67) [ApacheJMeter_http.jar:5.1.1 r1855137]
	at org.apache.jmeter.protocol.http.sampler.HTTPSamplerBase.sample(HTTPSamplerBase.java:1231) [ApacheJMeter_http.jar:5.1.1 r1855137]
	at org.apache.jmeter.protocol.http.sampler.HTTPSamplerBase.sample(HTTPSamplerBase.java:1220) [ApacheJMeter_http.jar:5.1.1 r1855137]
	at org.apache.jmeter.threads.JMeterThread.doSampling(JMeterThread.java:622) [ApacheJMeter_core.jar:5.1.1 r1855137]
	at org.apache.jmeter.threads.JMeterThread.executeSamplePackage(JMeterThread.java:546) [ApacheJMeter_core.jar:5.1.1 r1855137]
	at org.apache.jmeter.threads.JMeterThread.processSampler(JMeterThread.java:486) [ApacheJMeter_core.jar:5.1.1 r1855137]
	at org.apache.jmeter.threads.JMeterThread.run(JMeterThread.java:253) [ApacheJMeter_core.jar:5.1.1 r1855137]
	at java.lang.Thread.run(Thread.java:745) [?:1.8.0_66]
2019-04-05 01:32:15,330 WARN o.a.j.p.h.s.HTTPSamplerBase: Interrupted fetching embedded resources
java.lang.InterruptedException: null
	at java.util.concurrent.locks.AbstractQueuedSynchronizer$ConditionObject.reportInterruptAfterWait(AbstractQueuedSynchronizer.java:2014) ~[?:1.8.0_66]
	at java.util.concurrent.locks.AbstractQueuedSynchronizer$ConditionObject.await(AbstractQueuedSynchronizer.java:2048) ~[?:1.8.0_66]
	at java.util.concurrent.LinkedBlockingQueue.take(LinkedBlockingQueue.java:442) ~[?:1.8.0_66]
	at java.util.concurrent.ExecutorCompletionService.take(ExecutorCompletionService.java:193) ~[?:1.8.0_66]
	at org.apache.jmeter.protocol.http.sampler.ResourcesDownloader.invokeAllAndAwaitTermination(ResourcesDownloader.java:187) ~[ApacheJMeter_http.jar:5.1.1 r1855137]
	at org.apache.jmeter.protocol.http.sampler.HTTPSamplerBase.downloadPageResources(HTTPSamplerBase.java:1385) [ApacheJMeter_http.jar:5.1.1 r1855137]
	at org.apache.jmeter.protocol.http.sampler.HTTPSamplerBase.resultProcessing(HTTPSamplerBase.java:1693) [ApacheJMeter_http.jar:5.1.1 r1855137]
	at org.apache.jmeter.protocol.http.sampler.HTTPAbstractImpl.resultProcessing(HTTPAbstractImpl.java:556) [ApacheJMeter_http.jar:5.1.1 r1855137]
	at org.apache.jmeter.protocol.http.sampler.HTTPHC4Impl.sample(HTTPHC4Impl.java:660) [ApacheJMeter_http.jar:5.1.1 r1855137]
	at org.apache.jmeter.protocol.http.sampler.HTTPSamplerProxy.sample(HTTPSamplerProxy.java:67) [ApacheJMeter_http.jar:5.1.1 r1855137]
	at org.apache.jmeter.protocol.http.sampler.HTTPSamplerBase.followRedirects(HTTPSamplerBase.java:1578) [ApacheJMeter_http.jar:5.1.1 r1855137]
	at org.apache.jmeter.protocol.http.sampler.HTTPSamplerBase.resultProcessing(HTTPSamplerBase.java:1672) [ApacheJMeter_http.jar:5.1.1 r1855137]
	at org.apache.jmeter.protocol.http.sampler.HTTPAbstractImpl.resultProcessing(HTTPAbstractImpl.java:556) [ApacheJMeter_http.jar:5.1.1 r1855137]
	at org.apache.jmeter.protocol.http.sampler.HTTPHC4Impl.sample(HTTPHC4Impl.java:660) [ApacheJMeter_http.jar:5.1.1 r1855137]
	at org.apache.jmeter.protocol.http.sampler.HTTPSamplerProxy.sample(HTTPSamplerProxy.java:67) [ApacheJMeter_http.jar:5.1.1 r1855137]
	at org.apache.jmeter.protocol.http.sampler.HTTPSamplerBase.sample(HTTPSamplerBase.java:1231) [ApacheJMeter_http.jar:5.1.1 r1855137]
	at org.apache.jmeter.protocol.http.sampler.HTTPSamplerBase.sample(HTTPSamplerBase.java:1220) [ApacheJMeter_http.jar:5.1.1 r1855137]
	at org.apache.jmeter.threads.JMeterThread.doSampling(JMeterThread.java:622) [ApacheJMeter_core.jar:5.1.1 r1855137]
	at org.apache.jmeter.threads.JMeterThread.executeSamplePackage(JMeterThread.java:546) [ApacheJMeter_core.jar:5.1.1 r1855137]
	at org.apache.jmeter.threads.JMeterThread.processSampler(JMeterThread.java:486) [ApacheJMeter_core.jar:5.1.1 r1855137]
	at org.apache.jmeter.threads.JMeterThread.run(JMeterThread.java:253) [ApacheJMeter_core.jar:5.1.1 r1855137]
	at java.lang.Thread.run(Thread.java:745) [?:1.8.0_66]
2019-04-05 01:32:15,369 INFO o.a.j.t.JMeterThread: Thread is done: scenario1 1-5
2019-04-05 01:32:15,369 INFO o.a.j.t.JMeterThread: Thread is done: scenario1 1-15
2019-04-05 01:32:15,369 INFO o.a.j.t.JMeterThread: Thread is done: scenario1 1-6
2019-04-05 01:32:15,369 INFO o.a.j.t.JMeterThread: Thread finished: scenario1 1-15
2019-04-05 01:32:15,369 INFO o.a.j.t.JMeterThread: Thread finished: scenario1 1-6
2019-04-05 01:32:15,369 INFO o.a.j.t.JMeterThread: Thread finished: scenario1 1-5
2019-04-05 01:32:15,373 INFO o.a.j.e.StandardJMeterEngine: Notifying test listeners of end of test
2019-04-05 01:32:15,377 INFO o.a.j.e.StandardJMeterEngine: Forced JVM shutdown requested at end of test
