2019-03-16 19:19:49,350 INFO o.a.j.u.JMeterUtils: Setting Locale to en_US
2019-03-16 19:19:49,454 INFO o.a.j.JMeter: Loading user properties from: /Users/apple/.bzt/jmeter-taurus/5.0/bin/user.properties
2019-03-16 19:19:49,455 INFO o.a.j.JMeter: Loading system properties from: /Users/apple/.bzt/jmeter-taurus/5.0/bin/system.properties
2019-03-16 19:19:49,456 INFO o.a.j.JMeter: Loading additional properties from: /Users/apple/Desktop/bachelorProject/stressThing/StressThing/2019-03-16_19-19-25.651961/jmeter-bzt.properties
2019-03-16 19:19:49,457 INFO o.a.j.JMeter: Setting System properties from file: /Users/apple/Desktop/bachelorProject/stressThing/StressThing/2019-03-16_19-19-25.651961/system.properties
2019-03-16 19:19:49,481 INFO o.a.j.JMeter: Copyright (c) 1998-2018 The Apache Software Foundation
2019-03-16 19:19:49,482 INFO o.a.j.JMeter: Version 5.0 r1840935
2019-03-16 19:19:49,482 INFO o.a.j.JMeter: java.version=1.8.0_66
2019-03-16 19:19:49,482 INFO o.a.j.JMeter: java.vm.name=Java HotSpot(TM) 64-Bit Server VM
2019-03-16 19:19:49,482 INFO o.a.j.JMeter: os.name=Mac OS X
2019-03-16 19:19:49,482 INFO o.a.j.JMeter: os.arch=x86_64
2019-03-16 19:19:49,482 INFO o.a.j.JMeter: os.version=10.13.4
2019-03-16 19:19:49,483 INFO o.a.j.JMeter: file.encoding=UTF-8
2019-03-16 19:19:49,483 INFO o.a.j.JMeter: Max memory     =954728448
2019-03-16 19:19:49,484 INFO o.a.j.JMeter: Available Processors =4
2019-03-16 19:19:49,502 INFO o.a.j.JMeter: Default Locale=English (United States)
2019-03-16 19:19:49,504 INFO o.a.j.JMeter: JMeter  Locale=English (United States)
2019-03-16 19:19:49,504 INFO o.a.j.JMeter: JMeterHome=/Users/apple/.bzt/jmeter-taurus/5.0
2019-03-16 19:19:49,504 INFO o.a.j.JMeter: user.dir  =/Users/apple/Desktop/bachelorProject/stressThing/StressThing
2019-03-16 19:19:49,505 INFO o.a.j.JMeter: PWD       =/Users/apple/Desktop/bachelorProject/stressThing/StressThing
2019-03-16 19:19:49,509 INFO o.a.j.JMeter: IP: 172.23.166.46 Name: amirhosein-mac.local FullName: 172.23.166.46
2019-03-16 19:19:49,510 INFO o.a.j.JMeter: user.classpath=/Users/apple/Desktop/bachelorProject/stressThing/StressThing/2019-03-16_19-19-25.651961:/Users/apple/Desktop/bachelorProject/stressThing/StressThing/2019-03-16_19-19-25.651961
2019-03-16 19:19:49,510 INFO o.a.j.JMeter: Adding to classpath and loader: /Users/apple/Desktop/bachelorProject/stressThing/StressThing/2019-03-16_19-19-25.651961
2019-03-16 19:19:49,517 INFO o.a.j.JMeter: Adding to classpath and loader: /Users/apple/Desktop/bachelorProject/stressThing/StressThing/2019-03-16_19-19-25.651961
2019-03-16 19:19:49,527 INFO o.a.j.s.FileServer: Default base='/Users/apple/Desktop/bachelorProject/stressThing/StressThing'
2019-03-16 19:19:49,546 INFO o.a.j.s.FileServer: Set new base='/Users/apple/Desktop/bachelorProject/stressThing/StressThing/2019-03-16_19-19-25.651961'
2019-03-16 19:19:49,993 INFO o.a.j.s.SaveService: Testplan (JMX) version: 2.2. Testlog (JTL) version: 2.2
2019-03-16 19:19:50,041 INFO o.a.j.s.SaveService: Using SaveService properties file encoding UTF-8
2019-03-16 19:19:50,052 INFO o.a.j.s.SaveService: Using SaveService properties version 5.0
2019-03-16 19:19:50,105 INFO o.a.j.s.SaveService: Loading file: /Users/apple/Desktop/bachelorProject/stressThing/StressThing/2019-03-16_19-19-25.651961/modified_requests.jmx
2019-03-16 19:19:50,298 INFO o.a.j.p.h.c.CacheManager: Will only cache the following methods: [GET]
2019-03-16 19:19:50,302 INFO o.a.j.p.h.c.CookieManager: Settings: Delete null: true Check: true Allow variable: true Save: false Prefix: COOKIE_
2019-03-16 19:19:50,334 INFO o.a.j.p.h.s.HTTPSamplerBase: Parser for text/html is org.apache.jmeter.protocol.http.parser.LagartoBasedHtmlParser
2019-03-16 19:19:50,335 INFO o.a.j.p.h.s.HTTPSamplerBase: Parser for application/xhtml+xml is org.apache.jmeter.protocol.http.parser.LagartoBasedHtmlParser
2019-03-16 19:19:50,335 INFO o.a.j.p.h.s.HTTPSamplerBase: Parser for application/xml is org.apache.jmeter.protocol.http.parser.LagartoBasedHtmlParser
2019-03-16 19:19:50,335 INFO o.a.j.p.h.s.HTTPSamplerBase: Parser for text/xml is org.apache.jmeter.protocol.http.parser.LagartoBasedHtmlParser
2019-03-16 19:19:50,335 INFO o.a.j.p.h.s.HTTPSamplerBase: Parser for text/vnd.wap.wml is org.apache.jmeter.protocol.http.parser.RegexpHTMLParser
2019-03-16 19:19:50,335 INFO o.a.j.p.h.s.HTTPSamplerBase: Parser for text/css is org.apache.jmeter.protocol.http.parser.CssParser
2019-03-16 19:19:50,406 INFO o.a.j.e.StandardJMeterEngine: Running the test!
2019-03-16 19:19:50,408 INFO o.a.j.s.SampleEvent: List of sample_variables: []
2019-03-16 19:19:50,408 INFO o.a.j.s.SampleEvent: List of sample_variables: []
2019-03-16 19:19:50,427 INFO o.a.j.e.u.CompoundVariable: Note: Function class names must contain the string: '.functions.'
2019-03-16 19:19:50,427 INFO o.a.j.e.u.CompoundVariable: Note: Function class names must not contain the string: '.gui.'
2019-03-16 19:19:51,905 INFO o.a.j.JMeter: Running test (1552751391905)
2019-03-16 19:19:52,025 INFO o.a.j.e.StandardJMeterEngine: Starting ThreadGroup: 1 : quick-test
2019-03-16 19:19:52,025 INFO o.a.j.e.StandardJMeterEngine: Starting 100 threads for group quick-test.
2019-03-16 19:19:52,026 INFO o.a.j.e.StandardJMeterEngine: Thread will continue on error
2019-03-16 19:19:52,057 INFO c.b.j.t.c.ConcurrencyThreadStarter: Start supplying threads
2019-03-16 19:19:52,065 INFO o.a.j.e.StandardJMeterEngine: All thread groups have been started
2019-03-16 19:19:52,250 INFO o.a.j.t.JMeterThread: Thread started: quick-test 1-1
2019-03-16 19:19:52,256 INFO o.a.j.s.SampleResult: Note: Sample TimeStamps are START times
2019-03-16 19:19:52,256 INFO o.a.j.s.SampleResult: sampleresult.default.encoding is set to UTF-8
2019-03-16 19:19:52,256 INFO o.a.j.s.SampleResult: sampleresult.useNanoTime=true
2019-03-16 19:19:52,256 INFO o.a.j.s.SampleResult: sampleresult.nanoThreadSleep=5000
2019-03-16 19:19:52,301 INFO o.a.j.p.h.s.HTTPHCAbstractImpl: Local host = amirhosein-mac.local
2019-03-16 19:19:52,320 INFO o.a.j.p.h.s.HTTPHC4Impl: HTTP request retry count = 0
2019-03-16 19:19:53,294 INFO o.a.j.t.JMeterThread: Thread started: quick-test 1-2
2019-03-16 19:19:53,293 INFO o.a.j.t.JMeterThread: Thread started: quick-test 1-3
2019-03-16 19:19:53,302 INFO o.a.j.t.JMeterThread: Thread started: quick-test 1-4
2019-03-16 19:19:54,310 INFO o.a.j.t.JMeterThread: Thread started: quick-test 1-5
2019-03-16 19:19:54,316 INFO o.a.j.t.JMeterThread: Thread started: quick-test 1-6
2019-03-16 19:19:54,317 INFO o.a.j.t.JMeterThread: Thread started: quick-test 1-7
2019-03-16 19:19:54,326 INFO o.a.j.t.JMeterThread: Thread started: quick-test 1-8
2019-03-16 19:19:55,330 INFO o.a.j.t.JMeterThread: Thread started: quick-test 1-9
2019-03-16 19:19:55,334 INFO o.a.j.t.JMeterThread: Thread started: quick-test 1-10
2019-03-16 19:19:55,334 INFO o.a.j.t.JMeterThread: Thread started: quick-test 1-11
2019-03-16 19:19:56,339 INFO o.a.j.t.JMeterThread: Thread started: quick-test 1-12
2019-03-16 19:19:56,340 INFO o.a.j.t.JMeterThread: Thread started: quick-test 1-13
2019-03-16 19:19:56,342 INFO o.a.j.t.JMeterThread: Thread started: quick-test 1-14
2019-03-16 19:19:56,398 INFO o.a.j.p.h.s.h.LazyLayeredConnectionSocketFactory: Setting up HTTPS TrustAll Socket Factory
2019-03-16 19:19:56,415 INFO o.a.j.u.JsseSSLManager: Using default SSL protocol: TLS
2019-03-16 19:19:56,415 INFO o.a.j.u.JsseSSLManager: SSL session context: per-thread
2019-03-16 19:19:57,348 INFO o.a.j.t.JMeterThread: Thread started: quick-test 1-15
2019-03-16 19:19:57,350 INFO o.a.j.t.JMeterThread: Thread started: quick-test 1-16
2019-03-16 19:19:57,354 INFO o.a.j.t.JMeterThread: Thread started: quick-test 1-17
2019-03-16 19:19:57,358 INFO o.a.j.t.JMeterThread: Thread started: quick-test 1-18
2019-03-16 19:19:57,448 INFO o.a.j.u.SSLManager: JmeterKeyStore Location:  type JKS
2019-03-16 19:19:57,452 INFO o.a.j.u.SSLManager: KeyStore created OK
2019-03-16 19:19:57,453 WARN o.a.j.u.SSLManager: Keystore file not found, loading empty keystore
2019-03-16 19:19:58,359 INFO o.a.j.t.JMeterThread: Thread started: quick-test 1-19
2019-03-16 19:19:58,360 INFO o.a.j.t.JMeterThread: Thread started: quick-test 1-20
2019-03-16 19:19:58,361 INFO o.a.j.t.JMeterThread: Thread started: quick-test 1-21
2019-03-16 19:19:59,364 INFO o.a.j.t.JMeterThread: Thread started: quick-test 1-22
2019-03-16 19:19:59,364 INFO o.a.j.t.JMeterThread: Thread started: quick-test 1-23
2019-03-16 19:19:59,365 INFO o.a.j.t.JMeterThread: Thread started: quick-test 1-24
2019-03-16 19:20:00,369 INFO o.a.j.t.JMeterThread: Thread started: quick-test 1-25
2019-03-16 19:20:00,371 INFO o.a.j.t.JMeterThread: Thread started: quick-test 1-26
2019-03-16 19:20:00,373 INFO o.a.j.t.JMeterThread: Thread started: quick-test 1-27
2019-03-16 19:20:00,374 INFO o.a.j.t.JMeterThread: Thread started: quick-test 1-28
2019-03-16 19:20:01,376 INFO o.a.j.t.JMeterThread: Thread started: quick-test 1-29
2019-03-16 19:20:01,377 INFO o.a.j.t.JMeterThread: Thread started: quick-test 1-31
2019-03-16 19:20:01,376 INFO o.a.j.t.JMeterThread: Thread started: quick-test 1-30
2019-03-16 19:20:02,382 INFO o.a.j.t.JMeterThread: Thread started: quick-test 1-32
2019-03-16 19:20:02,382 INFO o.a.j.t.JMeterThread: Thread started: quick-test 1-33
2019-03-16 19:20:02,383 INFO o.a.j.t.JMeterThread: Thread started: quick-test 1-34
2019-03-16 19:20:03,386 INFO o.a.j.t.JMeterThread: Thread started: quick-test 1-35
2019-03-16 19:20:03,394 INFO o.a.j.t.JMeterThread: Thread started: quick-test 1-37
2019-03-16 19:20:03,394 INFO o.a.j.t.JMeterThread: Thread started: quick-test 1-36
2019-03-16 19:20:03,396 INFO o.a.j.t.JMeterThread: Thread started: quick-test 1-38
2019-03-16 19:20:04,504 INFO o.a.j.t.JMeterThread: Thread started: quick-test 1-39
2019-03-16 19:20:04,505 INFO o.a.j.t.JMeterThread: Thread started: quick-test 1-40
2019-03-16 19:20:04,506 INFO o.a.j.t.JMeterThread: Thread started: quick-test 1-41
2019-03-16 19:20:05,509 INFO o.a.j.t.JMeterThread: Thread started: quick-test 1-42
2019-03-16 19:20:05,509 INFO o.a.j.t.JMeterThread: Thread started: quick-test 1-43
2019-03-16 19:20:05,510 INFO o.a.j.t.JMeterThread: Thread started: quick-test 1-44
2019-03-16 19:20:05,512 INFO o.a.j.t.JMeterThread: Thread started: quick-test 1-45
2019-03-16 19:20:06,513 INFO o.a.j.t.JMeterThread: Thread started: quick-test 1-46
2019-03-16 19:20:06,516 INFO o.a.j.t.JMeterThread: Thread started: quick-test 1-47
2019-03-16 19:20:06,517 INFO o.a.j.t.JMeterThread: Thread started: quick-test 1-48
2019-03-16 19:20:07,518 INFO o.a.j.t.JMeterThread: Thread started: quick-test 1-49
2019-03-16 19:20:07,519 INFO o.a.j.t.JMeterThread: Thread started: quick-test 1-50
2019-03-16 19:20:07,530 INFO o.a.j.t.JMeterThread: Thread started: quick-test 1-51
2019-03-16 19:20:07,534 INFO o.a.j.t.JMeterThread: Thread started: quick-test 1-52
2019-03-16 19:20:08,539 INFO o.a.j.t.JMeterThread: Thread started: quick-test 1-53
2019-03-16 19:20:08,543 INFO o.a.j.t.JMeterThread: Thread started: quick-test 1-54
2019-03-16 19:20:08,547 INFO o.a.j.t.JMeterThread: Thread started: quick-test 1-55
2019-03-16 19:20:09,551 INFO o.a.j.t.JMeterThread: Thread started: quick-test 1-56
2019-03-16 19:20:09,554 INFO o.a.j.t.JMeterThread: Thread started: quick-test 1-57
2019-03-16 19:20:09,558 INFO o.a.j.t.JMeterThread: Thread started: quick-test 1-58
2019-03-16 19:20:10,564 INFO o.a.j.t.JMeterThread: Thread started: quick-test 1-59
2019-03-16 19:20:10,565 INFO o.a.j.t.JMeterThread: Thread started: quick-test 1-60
2019-03-16 19:20:10,567 INFO o.a.j.t.JMeterThread: Thread started: quick-test 1-61
2019-03-16 19:20:10,569 INFO o.a.j.t.JMeterThread: Thread started: quick-test 1-62
2019-03-16 19:20:11,569 INFO o.a.j.t.JMeterThread: Thread started: quick-test 1-63
2019-03-16 19:20:11,575 INFO o.a.j.t.JMeterThread: Thread started: quick-test 1-64
2019-03-16 19:20:11,580 INFO o.a.j.t.JMeterThread: Thread started: quick-test 1-65
2019-03-16 19:20:12,577 INFO o.a.j.t.JMeterThread: Thread started: quick-test 1-68
2019-03-16 19:20:12,577 INFO o.a.j.t.JMeterThread: Thread started: quick-test 1-67
2019-03-16 19:20:12,576 INFO o.a.j.t.JMeterThread: Thread started: quick-test 1-66
2019-03-16 19:20:13,581 INFO o.a.j.t.JMeterThread: Thread started: quick-test 1-69
2019-03-16 19:20:13,583 INFO o.a.j.t.JMeterThread: Thread started: quick-test 1-72
2019-03-16 19:20:13,583 INFO o.a.j.t.JMeterThread: Thread started: quick-test 1-71
2019-03-16 19:20:13,582 INFO o.a.j.t.JMeterThread: Thread started: quick-test 1-70
2019-03-16 19:20:14,586 INFO o.a.j.t.JMeterThread: Thread started: quick-test 1-73
2019-03-16 19:20:14,587 INFO o.a.j.t.JMeterThread: Thread started: quick-test 1-74
2019-03-16 19:20:14,589 INFO o.a.j.t.JMeterThread: Thread started: quick-test 1-75
2019-03-16 19:20:14,636 INFO o.a.j.p.h.p.BaseParser: Created org.apache.jmeter.protocol.http.parser.LagartoBasedHtmlParser
2019-03-16 19:20:14,900 INFO o.a.j.p.h.s.ResourcesDownloader: Creating ResourcesDownloader with keepalive_inseconds : 60
2019-03-16 19:20:15,594 INFO o.a.j.t.JMeterThread: Thread started: quick-test 1-76
2019-03-16 19:20:15,596 INFO o.a.j.t.JMeterThread: Thread started: quick-test 1-77
2019-03-16 19:20:15,604 INFO o.a.j.t.JMeterThread: Thread started: quick-test 1-78
2019-03-16 19:20:16,605 INFO o.a.j.t.JMeterThread: Thread started: quick-test 1-79
2019-03-16 19:20:16,606 INFO o.a.j.t.JMeterThread: Thread started: quick-test 1-80
2019-03-16 19:20:16,610 INFO o.a.j.t.JMeterThread: Thread started: quick-test 1-81
2019-03-16 19:20:16,613 INFO o.a.j.t.JMeterThread: Thread started: quick-test 1-82
2019-03-16 19:20:17,616 INFO o.a.j.t.JMeterThread: Thread started: quick-test 1-83
2019-03-16 19:20:17,617 INFO o.a.j.t.JMeterThread: Thread started: quick-test 1-84
2019-03-16 19:20:17,619 INFO o.a.j.t.JMeterThread: Thread started: quick-test 1-85
2019-03-16 19:20:18,623 INFO o.a.j.t.JMeterThread: Thread started: quick-test 1-86
2019-03-16 19:20:18,624 INFO o.a.j.t.JMeterThread: Thread started: quick-test 1-87
2019-03-16 19:20:18,631 INFO o.a.j.t.JMeterThread: Thread started: quick-test 1-88
2019-03-16 19:20:18,633 INFO o.a.j.t.JMeterThread: Thread started: quick-test 1-89
2019-03-16 19:20:19,639 INFO o.a.j.t.JMeterThread: Thread started: quick-test 1-90
2019-03-16 19:20:19,644 INFO o.a.j.t.JMeterThread: Thread started: quick-test 1-91
2019-03-16 19:20:19,646 INFO o.a.j.t.JMeterThread: Thread started: quick-test 1-92
2019-03-16 19:20:20,649 INFO o.a.j.t.JMeterThread: Thread started: quick-test 1-93
2019-03-16 19:20:20,649 INFO o.a.j.t.JMeterThread: Thread started: quick-test 1-94
2019-03-16 19:20:20,650 INFO o.a.j.t.JMeterThread: Thread started: quick-test 1-95
2019-03-16 19:20:21,652 INFO o.a.j.t.JMeterThread: Thread started: quick-test 1-96
2019-03-16 19:20:21,653 INFO o.a.j.t.JMeterThread: Thread started: quick-test 1-97
2019-03-16 19:20:21,656 INFO o.a.j.t.JMeterThread: Thread started: quick-test 1-98
2019-03-16 19:20:21,658 INFO o.a.j.t.JMeterThread: Thread started: quick-test 1-99
2019-03-16 19:20:22,661 INFO o.a.j.t.JMeterThread: Thread started: quick-test 1-100
2019-03-16 19:20:33,904 INFO o.a.j.p.h.p.BaseParser: Created org.apache.jmeter.protocol.http.parser.CssParser
2019-03-16 19:20:33,904 INFO o.a.j.p.h.p.BaseParser: Created org.apache.jmeter.protocol.http.parser.CssParser
2019-03-16 19:21:22,909 INFO c.b.j.t.c.ConcurrencyThreadStarter: Done supplying threads
2019-03-16 19:21:24,638 INFO o.a.j.t.JMeterThread: Thread is done: quick-test 1-17
2019-03-16 19:21:24,638 INFO o.a.j.t.JMeterThread: Thread is done: quick-test 1-18
2019-03-16 19:21:24,638 INFO o.a.j.t.JMeterThread: Thread finished: quick-test 1-18
2019-03-16 19:21:24,638 INFO o.a.j.t.JMeterThread: Thread finished: quick-test 1-17
2019-03-16 19:21:24,863 INFO o.a.j.t.JMeterThread: Thread is done: quick-test 1-99
2019-03-16 19:21:24,864 INFO o.a.j.t.JMeterThread: Thread finished: quick-test 1-99
2019-03-16 19:21:25,024 INFO o.a.j.t.JMeterThread: Thread is done: quick-test 1-98
2019-03-16 19:21:25,025 INFO o.a.j.t.JMeterThread: Thread finished: quick-test 1-98
2019-03-16 19:21:25,025 INFO o.a.j.t.JMeterThread: Thread is done: quick-test 1-100
2019-03-16 19:21:25,028 INFO o.a.j.t.JMeterThread: Thread finished: quick-test 1-100
2019-03-16 19:21:25,028 INFO o.a.j.t.JMeterThread: Thread is done: quick-test 1-97
2019-03-16 19:21:25,031 INFO o.a.j.t.JMeterThread: Thread finished: quick-test 1-97
2019-03-16 19:21:25,033 INFO o.a.j.t.JMeterThread: Thread is done: quick-test 1-96
2019-03-16 19:21:25,034 INFO o.a.j.t.JMeterThread: Thread finished: quick-test 1-96
2019-03-16 19:21:25,137 INFO o.a.j.t.JMeterThread: Thread is done: quick-test 1-19
2019-03-16 19:21:25,137 INFO o.a.j.t.JMeterThread: Thread finished: quick-test 1-19
2019-03-16 19:21:25,140 INFO o.a.j.t.JMeterThread: Thread is done: quick-test 1-21
2019-03-16 19:21:25,140 INFO o.a.j.t.JMeterThread: Thread finished: quick-test 1-21
2019-03-16 19:21:25,200 INFO o.a.j.t.JMeterThread: Thread is done: quick-test 1-20
2019-03-16 19:21:25,201 INFO o.a.j.t.JMeterThread: Thread finished: quick-test 1-20
2019-03-16 19:21:25,934 INFO o.a.j.t.JMeterThread: Thread is done: quick-test 1-14
2019-03-16 19:21:25,934 INFO o.a.j.t.JMeterThread: Thread finished: quick-test 1-14
2019-03-16 19:24:21,653 INFO o.a.j.t.JMeterThread: Thread is done: quick-test 1-56
2019-03-16 19:24:21,656 INFO o.a.j.t.JMeterThread: Thread finished: quick-test 1-56
2019-03-16 19:26:54,092 INFO o.a.j.t.JMeterThread: Thread is done: quick-test 1-69
2019-03-16 19:26:54,095 INFO o.a.j.t.JMeterThread: Thread finished: quick-test 1-69
2019-03-16 19:27:04,510 INFO o.a.j.t.JMeterThread: Thread is done: quick-test 1-78
2019-03-16 19:27:04,513 INFO o.a.j.t.JMeterThread: Thread finished: quick-test 1-78
2019-03-16 19:27:30,374 INFO o.a.j.t.JMeterThread: Thread is done: quick-test 1-82
2019-03-16 19:27:30,376 INFO o.a.j.t.JMeterThread: Thread finished: quick-test 1-82
2019-03-16 19:27:32,862 INFO o.a.j.t.JMeterThread: Thread is done: quick-test 1-29
2019-03-16 19:27:32,862 INFO o.a.j.t.JMeterThread: Thread finished: quick-test 1-29
2019-03-16 19:27:45,482 INFO o.a.j.t.JMeterThread: Thread is done: quick-test 1-44
2019-03-16 19:27:45,485 INFO o.a.j.t.JMeterThread: Thread finished: quick-test 1-44
2019-03-16 19:27:46,661 INFO o.a.j.t.JMeterThread: Thread is done: quick-test 1-33
2019-03-16 19:27:46,661 INFO o.a.j.t.JMeterThread: Thread finished: quick-test 1-33
2019-03-16 19:27:59,352 INFO o.a.j.t.JMeterThread: Thread is done: quick-test 1-30
2019-03-16 19:27:59,355 INFO o.a.j.t.JMeterThread: Thread finished: quick-test 1-30
2019-03-16 19:29:23,311 INFO o.a.j.t.JMeterThread: Thread is done: quick-test 1-85
2019-03-16 19:29:23,313 INFO o.a.j.t.JMeterThread: Thread finished: quick-test 1-85
2019-03-16 19:30:13,912 INFO o.a.j.t.JMeterThread: Thread is done: quick-test 1-79
2019-03-16 19:30:13,914 INFO o.a.j.t.JMeterThread: Thread finished: quick-test 1-79
2019-03-16 19:30:38,150 INFO o.a.j.t.JMeterThread: Thread is done: quick-test 1-1
2019-03-16 19:30:38,155 INFO o.a.j.t.JMeterThread: Thread finished: quick-test 1-1
2019-03-16 19:31:12,915 INFO o.a.j.t.JMeterThread: Thread is done: quick-test 1-5
2019-03-16 19:31:12,917 INFO o.a.j.t.JMeterThread: Thread finished: quick-test 1-5
2019-03-18 19:22:12,058 INFO o.a.j.r.ResultCollector: Shutdown hook started
2019-03-18 19:22:12,106 INFO o.a.j.r.ResultCollector: Shutdown hook ended
