2019-04-08 12:40:12,065 INFO o.a.j.u.JMeterUtils: Setting Locale to en_US
2019-04-08 12:40:12,130 INFO o.a.j.JMeter: Loading user properties from: /Users/apple/.bzt/jmeter-taurus/5.1.1/bin/user.properties
2019-04-08 12:40:12,132 INFO o.a.j.JMeter: Loading system properties from: /Users/apple/.bzt/jmeter-taurus/5.1.1/bin/system.properties
2019-04-08 12:40:12,134 INFO o.a.j.JMeter: Loading additional properties from: /Users/apple/Desktop/bachelorProject/stressThing/StressThing/2019-04-08_12-39-51.756129/jmeter-bzt.properties
2019-04-08 12:40:12,135 INFO o.a.j.JMeter: Setting System properties from file: /Users/apple/Desktop/bachelorProject/stressThing/StressThing/2019-04-08_12-39-51.756129/system.properties
2019-04-08 12:40:12,151 INFO o.a.j.JMeter: Copyright (c) 1998-2019 The Apache Software Foundation
2019-04-08 12:40:12,151 INFO o.a.j.JMeter: Version 5.1.1 r1855137
2019-04-08 12:40:12,151 INFO o.a.j.JMeter: java.version=1.8.0_66
2019-04-08 12:40:12,151 INFO o.a.j.JMeter: java.vm.name=Java HotSpot(TM) 64-Bit Server VM
2019-04-08 12:40:12,151 INFO o.a.j.JMeter: os.name=Mac OS X
2019-04-08 12:40:12,152 INFO o.a.j.JMeter: os.arch=x86_64
2019-04-08 12:40:12,152 INFO o.a.j.JMeter: os.version=10.13.4
2019-04-08 12:40:12,153 INFO o.a.j.JMeter: file.encoding=UTF-8
2019-04-08 12:40:12,153 INFO o.a.j.JMeter: java.awt.headless=true
2019-04-08 12:40:12,153 INFO o.a.j.JMeter: Max memory     =954728448
2019-04-08 12:40:12,154 INFO o.a.j.JMeter: Available Processors =4
2019-04-08 12:40:12,163 INFO o.a.j.JMeter: Default Locale=English (United States)
2019-04-08 12:40:12,164 INFO o.a.j.JMeter: JMeter  Locale=English (United States)
2019-04-08 12:40:12,165 INFO o.a.j.JMeter: JMeterHome=/Users/apple/.bzt/jmeter-taurus/5.1.1
2019-04-08 12:40:12,165 INFO o.a.j.JMeter: user.dir  =/Users/apple/Desktop/bachelorProject/stressThing/StressThing
2019-04-08 12:40:12,165 INFO o.a.j.JMeter: PWD       =/Users/apple/Desktop/bachelorProject/stressThing/StressThing
2019-04-08 12:40:12,171 INFO o.a.j.JMeter: IP: 172.20.10.5 Name: amirhosein-mac.local FullName: 172.20.10.5
2019-04-08 12:40:12,172 INFO o.a.j.JMeter: user.classpath=/Users/apple/Desktop/bachelorProject/stressThing/StressThing/2019-04-08_12-39-51.756129:/Users/apple/Desktop/bachelorProject/stressThing/StressThing/2019-04-08_12-39-51.756129
2019-04-08 12:40:12,172 INFO o.a.j.JMeter: Adding to classpath and loader: /Users/apple/Desktop/bachelorProject/stressThing/StressThing/2019-04-08_12-39-51.756129
2019-04-08 12:40:12,181 INFO o.a.j.JMeter: Adding to classpath and loader: /Users/apple/Desktop/bachelorProject/stressThing/StressThing/2019-04-08_12-39-51.756129
2019-04-08 12:40:12,213 INFO o.a.j.s.FileServer: Default base='/Users/apple/Desktop/bachelorProject/stressThing/StressThing'
2019-04-08 12:40:12,226 INFO o.a.j.s.FileServer: Set new base='/Users/apple/Desktop/bachelorProject/stressThing/StressThing/2019-04-08_12-39-51.756129'
2019-04-08 12:40:12,958 INFO o.a.j.s.SaveService: Testplan (JMX) version: 2.2. Testlog (JTL) version: 2.2
2019-04-08 12:40:13,010 INFO o.a.j.s.SaveService: Using SaveService properties file encoding UTF-8
2019-04-08 12:40:13,026 INFO o.a.j.s.SaveService: Using SaveService properties version 5.0
2019-04-08 12:40:13,174 INFO o.a.j.s.SaveService: Loading file: /Users/apple/Desktop/bachelorProject/stressThing/StressThing/2019-04-08_12-39-51.756129/modified_requests.jmx
2019-04-08 12:40:13,522 INFO o.a.j.p.h.c.CacheManager: Will only cache the following methods: [GET]
2019-04-08 12:40:13,542 INFO o.a.j.p.h.c.CookieManager: Settings: Delete null: true Check: true Allow variable: true Save: false Prefix: COOKIE_
2019-04-08 12:40:13,584 INFO o.a.j.p.h.s.HTTPSamplerBase: Parser for text/html is org.apache.jmeter.protocol.http.parser.LagartoBasedHtmlParser
2019-04-08 12:40:13,585 INFO o.a.j.p.h.s.HTTPSamplerBase: Parser for application/xhtml+xml is org.apache.jmeter.protocol.http.parser.LagartoBasedHtmlParser
2019-04-08 12:40:13,585 INFO o.a.j.p.h.s.HTTPSamplerBase: Parser for application/xml is org.apache.jmeter.protocol.http.parser.LagartoBasedHtmlParser
2019-04-08 12:40:13,585 INFO o.a.j.p.h.s.HTTPSamplerBase: Parser for text/xml is org.apache.jmeter.protocol.http.parser.LagartoBasedHtmlParser
2019-04-08 12:40:13,585 INFO o.a.j.p.h.s.HTTPSamplerBase: Parser for text/vnd.wap.wml is org.apache.jmeter.protocol.http.parser.RegexpHTMLParser
2019-04-08 12:40:13,586 INFO o.a.j.p.h.s.HTTPSamplerBase: Parser for text/css is org.apache.jmeter.protocol.http.parser.CssParser
2019-04-08 12:40:13,682 INFO o.a.j.e.StandardJMeterEngine: Running the test!
2019-04-08 12:40:13,687 INFO o.a.j.s.SampleEvent: List of sample_variables: []
2019-04-08 12:40:13,687 INFO o.a.j.s.SampleEvent: List of sample_variables: []
2019-04-08 12:40:13,703 INFO o.a.j.e.u.CompoundVariable: Note: Function class names must contain the string: '.functions.'
2019-04-08 12:40:13,703 INFO o.a.j.e.u.CompoundVariable: Note: Function class names must not contain the string: '.gui.'
2019-04-08 12:40:15,221 INFO o.a.j.JMeter: Running test (1554711015220)
2019-04-08 12:40:15,340 INFO o.a.j.e.StandardJMeterEngine: Starting ThreadGroup: 1 : UserScenario
2019-04-08 12:40:15,340 INFO o.a.j.e.StandardJMeterEngine: Starting 500 threads for group UserScenario.
2019-04-08 12:40:15,340 INFO o.a.j.e.StandardJMeterEngine: Thread will continue on error
2019-04-08 12:40:15,345 INFO o.a.j.e.StandardJMeterEngine: All thread groups have been started
2019-04-08 12:40:15,346 INFO c.b.j.t.c.ConcurrencyThreadStarter: Start supplying threads
2019-04-08 12:40:15,382 INFO o.a.j.s.SampleResult: Note: Sample TimeStamps are START times
2019-04-08 12:40:15,383 INFO o.a.j.s.SampleResult: sampleresult.default.encoding is set to UTF-8
2019-04-08 12:40:15,383 INFO o.a.j.s.SampleResult: sampleresult.useNanoTime=true
2019-04-08 12:40:15,383 INFO o.a.j.s.SampleResult: sampleresult.nanoThreadSleep=5000
2019-04-08 12:40:15,383 INFO o.a.j.t.JMeterThread: Thread started: UserScenario 1-1
2019-04-08 12:40:15,394 WARN k.a.j.t.VariableThroughputTimer: No free threads available in current Thread Group UserScenario, made 0 samples/s for expected rps 1.667 samples/s, increase your number of threads
2019-04-08 12:40:15,423 INFO o.a.j.p.h.s.HTTPHCAbstractImpl: Local host = amirhosein-mac.local
2019-04-08 12:40:15,435 INFO o.a.j.p.h.s.HTTPHC4Impl: HTTP request retry count = 0
2019-04-08 12:40:16,119 INFO o.a.j.p.h.p.BaseParser: Created org.apache.jmeter.protocol.http.parser.LagartoBasedHtmlParser
2019-04-08 12:40:16,168 WARN k.a.j.t.VariableThroughputTimer: No free threads available in current Thread Group UserScenario, made 1 samples/s for expected rps 4.08365 samples/s, increase your number of threads
2019-04-08 12:40:16,390 INFO o.a.j.t.JMeterThread: Thread started: UserScenario 1-2
2019-04-08 12:40:16,393 INFO o.a.j.t.JMeterThread: Thread started: UserScenario 1-3
2019-04-08 12:40:16,395 INFO o.a.j.t.JMeterThread: Thread started: UserScenario 1-4
2019-04-08 12:40:16,396 INFO o.a.j.t.JMeterThread: Thread started: UserScenario 1-5
2019-04-08 12:40:16,398 INFO o.a.j.t.JMeterThread: Thread started: UserScenario 1-6
2019-04-08 12:40:16,400 INFO o.a.j.t.JMeterThread: Thread started: UserScenario 1-7
2019-04-08 12:40:16,401 INFO o.a.j.t.JMeterThread: Thread started: UserScenario 1-8
2019-04-08 12:40:16,403 INFO o.a.j.t.JMeterThread: Thread started: UserScenario 1-9
2019-04-08 12:40:16,405 INFO o.a.j.t.JMeterThread: Thread started: UserScenario 1-10
2019-04-08 12:40:16,406 INFO o.a.j.t.JMeterThread: Thread started: UserScenario 1-11
2019-04-08 12:40:16,407 INFO o.a.j.t.JMeterThread: Thread started: UserScenario 1-12
2019-04-08 12:40:16,409 INFO o.a.j.t.JMeterThread: Thread started: UserScenario 1-13
2019-04-08 12:40:16,413 INFO o.a.j.t.JMeterThread: Thread started: UserScenario 1-14
2019-04-08 12:40:16,414 INFO o.a.j.t.JMeterThread: Thread started: UserScenario 1-15
2019-04-08 12:40:16,416 INFO o.a.j.t.JMeterThread: Thread started: UserScenario 1-16
2019-04-08 12:40:16,417 INFO o.a.j.t.JMeterThread: Thread started: UserScenario 1-17
2019-04-08 12:40:16,418 INFO o.a.j.t.JMeterThread: Thread started: UserScenario 1-18
2019-04-08 12:40:16,420 INFO o.a.j.t.JMeterThread: Thread started: UserScenario 1-19
2019-04-08 12:40:16,421 INFO o.a.j.t.JMeterThread: Thread started: UserScenario 1-20
2019-04-08 12:40:16,422 INFO o.a.j.t.JMeterThread: Thread started: UserScenario 1-21
2019-04-08 12:40:16,424 INFO o.a.j.t.JMeterThread: Thread started: UserScenario 1-22
2019-04-08 12:40:16,425 INFO o.a.j.t.JMeterThread: Thread started: UserScenario 1-23
2019-04-08 12:40:16,427 INFO o.a.j.t.JMeterThread: Thread started: UserScenario 1-25
2019-04-08 12:40:16,427 INFO o.a.j.t.JMeterThread: Thread started: UserScenario 1-24
2019-04-08 12:40:16,428 INFO o.a.j.t.JMeterThread: Thread started: UserScenario 1-26
2019-04-08 12:40:16,430 INFO o.a.j.t.JMeterThread: Thread started: UserScenario 1-27
2019-04-08 12:40:16,647 INFO o.a.j.u.JsseSSLManager: Using default SSL protocol: TLS
2019-04-08 12:40:16,647 INFO o.a.j.u.JsseSSLManager: SSL session context: per-thread
2019-04-08 12:40:17,437 INFO o.a.j.t.JMeterThread: Thread started: UserScenario 1-28
2019-04-08 12:40:17,438 INFO o.a.j.t.JMeterThread: Thread started: UserScenario 1-29
2019-04-08 12:40:17,440 INFO o.a.j.t.JMeterThread: Thread started: UserScenario 1-30
2019-04-08 12:40:17,443 INFO o.a.j.t.JMeterThread: Thread started: UserScenario 1-31
2019-04-08 12:40:17,445 INFO o.a.j.t.JMeterThread: Thread started: UserScenario 1-33
2019-04-08 12:40:17,447 INFO o.a.j.t.JMeterThread: Thread started: UserScenario 1-34
2019-04-08 12:40:17,448 INFO o.a.j.t.JMeterThread: Thread started: UserScenario 1-35
2019-04-08 12:40:17,444 INFO o.a.j.t.JMeterThread: Thread started: UserScenario 1-32
2019-04-08 12:40:17,450 INFO o.a.j.t.JMeterThread: Thread started: UserScenario 1-36
2019-04-08 12:40:17,453 INFO o.a.j.t.JMeterThread: Thread started: UserScenario 1-37
2019-04-08 12:40:17,458 INFO o.a.j.t.JMeterThread: Thread started: UserScenario 1-38
2019-04-08 12:40:17,460 INFO o.a.j.t.JMeterThread: Thread started: UserScenario 1-39
2019-04-08 12:40:17,462 INFO o.a.j.t.JMeterThread: Thread started: UserScenario 1-40
2019-04-08 12:40:17,466 INFO o.a.j.t.JMeterThread: Thread started: UserScenario 1-41
2019-04-08 12:40:17,467 INFO o.a.j.t.JMeterThread: Thread started: UserScenario 1-42
2019-04-08 12:40:17,468 INFO o.a.j.t.JMeterThread: Thread started: UserScenario 1-43
2019-04-08 12:40:17,469 INFO o.a.j.t.JMeterThread: Thread started: UserScenario 1-44
2019-04-08 12:40:17,470 INFO o.a.j.t.JMeterThread: Thread started: UserScenario 1-45
2019-04-08 12:40:17,471 INFO o.a.j.t.JMeterThread: Thread started: UserScenario 1-46
2019-04-08 12:40:17,472 INFO o.a.j.t.JMeterThread: Thread started: UserScenario 1-47
2019-04-08 12:40:17,473 INFO o.a.j.t.JMeterThread: Thread started: UserScenario 1-48
2019-04-08 12:40:17,474 INFO o.a.j.t.JMeterThread: Thread started: UserScenario 1-49
2019-04-08 12:40:17,475 INFO o.a.j.t.JMeterThread: Thread started: UserScenario 1-50
2019-04-08 12:40:17,475 INFO o.a.j.t.JMeterThread: Thread started: UserScenario 1-51
2019-04-08 12:40:17,476 INFO o.a.j.t.JMeterThread: Thread started: UserScenario 1-52
2019-04-08 12:40:17,477 INFO o.a.j.t.JMeterThread: Thread started: UserScenario 1-53
2019-04-08 12:40:18,480 INFO o.a.j.t.JMeterThread: Thread started: UserScenario 1-54
2019-04-08 12:40:18,481 INFO o.a.j.t.JMeterThread: Thread started: UserScenario 1-55
2019-04-08 12:40:18,482 INFO o.a.j.t.JMeterThread: Thread started: UserScenario 1-56
2019-04-08 12:40:18,485 INFO o.a.j.t.JMeterThread: Thread started: UserScenario 1-57
2019-04-08 12:40:18,486 INFO o.a.j.t.JMeterThread: Thread started: UserScenario 1-58
2019-04-08 12:40:18,488 INFO o.a.j.t.JMeterThread: Thread started: UserScenario 1-59
2019-04-08 12:40:18,490 INFO o.a.j.t.JMeterThread: Thread started: UserScenario 1-60
2019-04-08 12:40:18,492 INFO o.a.j.t.JMeterThread: Thread started: UserScenario 1-61
2019-04-08 12:40:18,493 INFO o.a.j.t.JMeterThread: Thread started: UserScenario 1-62
2019-04-08 12:40:18,494 INFO o.a.j.t.JMeterThread: Thread started: UserScenario 1-63
2019-04-08 12:40:18,495 INFO o.a.j.t.JMeterThread: Thread started: UserScenario 1-64
2019-04-08 12:40:18,496 INFO o.a.j.t.JMeterThread: Thread started: UserScenario 1-65
2019-04-08 12:40:18,498 INFO o.a.j.t.JMeterThread: Thread started: UserScenario 1-66
2019-04-08 12:40:18,499 INFO o.a.j.t.JMeterThread: Thread started: UserScenario 1-67
2019-04-08 12:40:18,500 INFO o.a.j.t.JMeterThread: Thread started: UserScenario 1-68
2019-04-08 12:40:18,501 INFO o.a.j.t.JMeterThread: Thread started: UserScenario 1-69
2019-04-08 12:40:18,504 INFO o.a.j.t.JMeterThread: Thread started: UserScenario 1-70
2019-04-08 12:40:18,505 INFO o.a.j.t.JMeterThread: Thread started: UserScenario 1-71
2019-04-08 12:40:18,506 INFO o.a.j.t.JMeterThread: Thread started: UserScenario 1-72
2019-04-08 12:40:18,507 INFO o.a.j.t.JMeterThread: Thread started: UserScenario 1-73
2019-04-08 12:40:18,508 INFO o.a.j.t.JMeterThread: Thread started: UserScenario 1-74
2019-04-08 12:40:18,509 INFO o.a.j.t.JMeterThread: Thread started: UserScenario 1-75
2019-04-08 12:40:18,511 INFO o.a.j.t.JMeterThread: Thread started: UserScenario 1-76
2019-04-08 12:40:18,514 INFO o.a.j.t.JMeterThread: Thread started: UserScenario 1-77
2019-04-08 12:40:18,515 INFO o.a.j.t.JMeterThread: Thread started: UserScenario 1-78
2019-04-08 12:40:18,517 INFO o.a.j.t.JMeterThread: Thread started: UserScenario 1-79
2019-04-08 12:40:19,518 INFO o.a.j.t.JMeterThread: Thread started: UserScenario 1-80
2019-04-08 12:40:19,519 INFO o.a.j.t.JMeterThread: Thread started: UserScenario 1-81
2019-04-08 12:40:19,523 INFO o.a.j.t.JMeterThread: Thread started: UserScenario 1-82
2019-04-08 12:40:19,529 INFO o.a.j.t.JMeterThread: Thread started: UserScenario 1-83
2019-04-08 12:40:19,531 INFO o.a.j.t.JMeterThread: Thread started: UserScenario 1-84
2019-04-08 12:40:19,532 INFO o.a.j.t.JMeterThread: Thread started: UserScenario 1-85
2019-04-08 12:40:19,534 INFO o.a.j.t.JMeterThread: Thread started: UserScenario 1-86
2019-04-08 12:40:19,534 INFO o.a.j.t.JMeterThread: Thread started: UserScenario 1-87
2019-04-08 12:40:19,535 INFO o.a.j.t.JMeterThread: Thread started: UserScenario 1-88
2019-04-08 12:40:19,536 INFO o.a.j.t.JMeterThread: Thread started: UserScenario 1-89
2019-04-08 12:40:19,537 INFO o.a.j.t.JMeterThread: Thread started: UserScenario 1-90
2019-04-08 12:40:19,539 INFO o.a.j.t.JMeterThread: Thread started: UserScenario 1-91
2019-04-08 12:40:19,539 INFO o.a.j.t.JMeterThread: Thread started: UserScenario 1-92
2019-04-08 12:40:19,540 INFO o.a.j.t.JMeterThread: Thread started: UserScenario 1-93
2019-04-08 12:40:19,541 INFO o.a.j.t.JMeterThread: Thread started: UserScenario 1-94
2019-04-08 12:40:19,541 INFO o.a.j.t.JMeterThread: Thread started: UserScenario 1-95
2019-04-08 12:40:19,542 INFO o.a.j.t.JMeterThread: Thread started: UserScenario 1-96
2019-04-08 12:40:19,543 INFO o.a.j.t.JMeterThread: Thread started: UserScenario 1-97
2019-04-08 12:40:19,544 INFO o.a.j.t.JMeterThread: Thread started: UserScenario 1-98
2019-04-08 12:40:19,545 INFO o.a.j.t.JMeterThread: Thread started: UserScenario 1-99
2019-04-08 12:40:19,545 INFO o.a.j.t.JMeterThread: Thread started: UserScenario 1-100
2019-04-08 12:40:19,546 INFO o.a.j.t.JMeterThread: Thread started: UserScenario 1-101
2019-04-08 12:40:19,546 INFO o.a.j.t.JMeterThread: Thread started: UserScenario 1-102
2019-04-08 12:40:19,547 INFO o.a.j.t.JMeterThread: Thread started: UserScenario 1-103
2019-04-08 12:40:19,548 INFO o.a.j.t.JMeterThread: Thread started: UserScenario 1-104
2019-04-08 12:40:19,548 INFO o.a.j.t.JMeterThread: Thread started: UserScenario 1-105
2019-04-08 12:40:20,550 INFO o.a.j.t.JMeterThread: Thread started: UserScenario 1-106
2019-04-08 12:40:20,551 INFO o.a.j.t.JMeterThread: Thread started: UserScenario 1-107
2019-04-08 12:40:20,557 INFO o.a.j.t.JMeterThread: Thread started: UserScenario 1-108
2019-04-08 12:40:20,601 INFO o.a.j.t.JMeterThread: Thread started: UserScenario 1-109
2019-04-08 12:40:20,603 INFO o.a.j.t.JMeterThread: Thread started: UserScenario 1-110
2019-04-08 12:40:20,604 INFO o.a.j.t.JMeterThread: Thread started: UserScenario 1-111
2019-04-08 12:40:20,605 INFO o.a.j.t.JMeterThread: Thread started: UserScenario 1-112
2019-04-08 12:40:20,605 INFO o.a.j.t.JMeterThread: Thread started: UserScenario 1-113
2019-04-08 12:40:20,606 INFO o.a.j.t.JMeterThread: Thread started: UserScenario 1-114
2019-04-08 12:40:20,606 INFO o.a.j.t.JMeterThread: Thread started: UserScenario 1-115
2019-04-08 12:40:20,607 INFO o.a.j.t.JMeterThread: Thread started: UserScenario 1-116
2019-04-08 12:40:20,607 INFO o.a.j.t.JMeterThread: Thread started: UserScenario 1-117
2019-04-08 12:40:20,608 INFO o.a.j.t.JMeterThread: Thread started: UserScenario 1-118
2019-04-08 12:40:20,608 INFO o.a.j.t.JMeterThread: Thread started: UserScenario 1-119
2019-04-08 12:40:20,609 INFO o.a.j.t.JMeterThread: Thread started: UserScenario 1-120
2019-04-08 12:40:20,609 INFO o.a.j.t.JMeterThread: Thread started: UserScenario 1-121
2019-04-08 12:40:20,610 INFO o.a.j.t.JMeterThread: Thread started: UserScenario 1-122
2019-04-08 12:40:20,610 INFO o.a.j.t.JMeterThread: Thread started: UserScenario 1-123
2019-04-08 12:40:20,611 INFO o.a.j.t.JMeterThread: Thread started: UserScenario 1-124
2019-04-08 12:40:20,612 INFO o.a.j.t.JMeterThread: Thread started: UserScenario 1-125
2019-04-08 12:40:20,612 INFO o.a.j.t.JMeterThread: Thread started: UserScenario 1-126
2019-04-08 12:40:20,613 INFO o.a.j.t.JMeterThread: Thread started: UserScenario 1-127
2019-04-08 12:40:20,624 INFO o.a.j.t.JMeterThread: Thread started: UserScenario 1-128
2019-04-08 12:40:20,625 INFO o.a.j.t.JMeterThread: Thread started: UserScenario 1-129
2019-04-08 12:40:20,625 INFO o.a.j.t.JMeterThread: Thread started: UserScenario 1-130
2019-04-08 12:40:20,626 INFO o.a.j.t.JMeterThread: Thread started: UserScenario 1-131
2019-04-08 12:40:20,626 INFO o.a.j.t.JMeterThread: Thread started: UserScenario 1-132
2019-04-08 12:40:21,629 INFO o.a.j.t.JMeterThread: Thread started: UserScenario 1-133
2019-04-08 12:40:21,630 INFO o.a.j.t.JMeterThread: Thread started: UserScenario 1-134
2019-04-08 12:40:21,631 INFO o.a.j.t.JMeterThread: Thread started: UserScenario 1-135
2019-04-08 12:40:21,632 INFO o.a.j.t.JMeterThread: Thread started: UserScenario 1-136
2019-04-08 12:40:21,633 INFO o.a.j.t.JMeterThread: Thread started: UserScenario 1-137
2019-04-08 12:40:21,636 INFO o.a.j.t.JMeterThread: Thread started: UserScenario 1-138
2019-04-08 12:40:21,636 INFO o.a.j.t.JMeterThread: Thread started: UserScenario 1-139
2019-04-08 12:40:21,638 INFO o.a.j.t.JMeterThread: Thread started: UserScenario 1-140
2019-04-08 12:40:21,640 INFO o.a.j.t.JMeterThread: Thread started: UserScenario 1-141
2019-04-08 12:40:21,641 INFO o.a.j.t.JMeterThread: Thread started: UserScenario 1-142
2019-04-08 12:40:21,642 INFO o.a.j.t.JMeterThread: Thread started: UserScenario 1-143
2019-04-08 12:40:21,643 INFO o.a.j.t.JMeterThread: Thread started: UserScenario 1-144
2019-04-08 12:40:21,646 INFO o.a.j.t.JMeterThread: Thread started: UserScenario 1-145
2019-04-08 12:40:21,654 INFO o.a.j.t.JMeterThread: Thread started: UserScenario 1-146
2019-04-08 12:40:21,655 INFO o.a.j.t.JMeterThread: Thread started: UserScenario 1-147
2019-04-08 12:40:21,656 INFO o.a.j.t.JMeterThread: Thread started: UserScenario 1-148
2019-04-08 12:40:21,658 INFO o.a.j.t.JMeterThread: Thread started: UserScenario 1-149
2019-04-08 12:40:21,660 INFO o.a.j.t.JMeterThread: Thread started: UserScenario 1-150
2019-04-08 12:40:21,662 INFO o.a.j.t.JMeterThread: Thread started: UserScenario 1-152
2019-04-08 12:40:21,662 INFO o.a.j.t.JMeterThread: Thread started: UserScenario 1-151
2019-04-08 12:40:21,664 INFO o.a.j.t.JMeterThread: Thread started: UserScenario 1-153
2019-04-08 12:40:21,664 INFO o.a.j.t.JMeterThread: Thread started: UserScenario 1-154
2019-04-08 12:40:21,666 INFO o.a.j.t.JMeterThread: Thread started: UserScenario 1-155
2019-04-08 12:40:21,667 INFO o.a.j.t.JMeterThread: Thread started: UserScenario 1-156
2019-04-08 12:40:21,668 INFO o.a.j.t.JMeterThread: Thread started: UserScenario 1-157
2019-04-08 12:40:21,669 INFO o.a.j.t.JMeterThread: Thread started: UserScenario 1-158
2019-04-08 12:40:22,671 INFO o.a.j.t.JMeterThread: Thread started: UserScenario 1-159
2019-04-08 12:40:22,672 INFO o.a.j.t.JMeterThread: Thread started: UserScenario 1-160
2019-04-08 12:40:22,675 INFO o.a.j.t.JMeterThread: Thread started: UserScenario 1-161
2019-04-08 12:40:22,680 INFO o.a.j.t.JMeterThread: Thread started: UserScenario 1-163
2019-04-08 12:40:22,683 INFO o.a.j.t.JMeterThread: Thread started: UserScenario 1-164
2019-04-08 12:40:22,677 INFO o.a.j.t.JMeterThread: Thread started: UserScenario 1-162
2019-04-08 12:40:22,685 INFO o.a.j.t.JMeterThread: Thread started: UserScenario 1-165
2019-04-08 12:40:22,685 INFO o.a.j.t.JMeterThread: Thread started: UserScenario 1-166
2019-04-08 12:40:22,686 INFO o.a.j.t.JMeterThread: Thread started: UserScenario 1-167
2019-04-08 12:40:22,686 INFO o.a.j.t.JMeterThread: Thread started: UserScenario 1-168
2019-04-08 12:40:22,687 INFO o.a.j.t.JMeterThread: Thread started: UserScenario 1-169
2019-04-08 12:40:22,688 INFO o.a.j.t.JMeterThread: Thread started: UserScenario 1-170
2019-04-08 12:40:22,688 INFO o.a.j.t.JMeterThread: Thread started: UserScenario 1-171
2019-04-08 12:40:22,690 INFO o.a.j.t.JMeterThread: Thread started: UserScenario 1-172
2019-04-08 12:40:22,691 INFO o.a.j.t.JMeterThread: Thread started: UserScenario 1-173
2019-04-08 12:40:22,692 INFO o.a.j.t.JMeterThread: Thread started: UserScenario 1-174
2019-04-08 12:40:22,693 INFO o.a.j.t.JMeterThread: Thread started: UserScenario 1-175
2019-04-08 12:40:22,693 INFO o.a.j.t.JMeterThread: Thread started: UserScenario 1-176
2019-04-08 12:40:22,694 INFO o.a.j.t.JMeterThread: Thread started: UserScenario 1-177
2019-04-08 12:40:22,694 INFO o.a.j.t.JMeterThread: Thread started: UserScenario 1-178
2019-04-08 12:40:22,695 INFO o.a.j.t.JMeterThread: Thread started: UserScenario 1-179
2019-04-08 12:40:22,696 INFO o.a.j.t.JMeterThread: Thread started: UserScenario 1-180
2019-04-08 12:40:22,697 INFO o.a.j.t.JMeterThread: Thread started: UserScenario 1-181
2019-04-08 12:40:22,698 INFO o.a.j.t.JMeterThread: Thread started: UserScenario 1-182
2019-04-08 12:40:22,698 INFO o.a.j.t.JMeterThread: Thread started: UserScenario 1-183
2019-04-08 12:40:22,699 INFO o.a.j.t.JMeterThread: Thread started: UserScenario 1-184
2019-04-08 12:40:23,705 INFO o.a.j.t.JMeterThread: Thread started: UserScenario 1-185
2019-04-08 12:40:23,706 INFO o.a.j.t.JMeterThread: Thread started: UserScenario 1-186
2019-04-08 12:40:23,707 INFO o.a.j.t.JMeterThread: Thread started: UserScenario 1-187
2019-04-08 12:40:23,711 INFO o.a.j.t.JMeterThread: Thread started: UserScenario 1-188
2019-04-08 12:40:23,716 INFO o.a.j.t.JMeterThread: Thread started: UserScenario 1-189
2019-04-08 12:40:23,720 INFO o.a.j.t.JMeterThread: Thread started: UserScenario 1-190
2019-04-08 12:40:23,723 INFO o.a.j.t.JMeterThread: Thread started: UserScenario 1-191
2019-04-08 12:40:23,724 INFO o.a.j.t.JMeterThread: Thread started: UserScenario 1-192
2019-04-08 12:40:23,725 INFO o.a.j.t.JMeterThread: Thread started: UserScenario 1-193
2019-04-08 12:40:23,726 INFO o.a.j.t.JMeterThread: Thread started: UserScenario 1-194
2019-04-08 12:40:23,726 INFO o.a.j.t.JMeterThread: Thread started: UserScenario 1-195
2019-04-08 12:40:23,727 INFO o.a.j.t.JMeterThread: Thread started: UserScenario 1-196
2019-04-08 12:40:23,729 INFO o.a.j.t.JMeterThread: Thread started: UserScenario 1-197
2019-04-08 12:40:23,731 INFO o.a.j.t.JMeterThread: Thread started: UserScenario 1-198
2019-04-08 12:40:23,732 INFO o.a.j.t.JMeterThread: Thread started: UserScenario 1-199
2019-04-08 12:40:23,732 INFO o.a.j.t.JMeterThread: Thread started: UserScenario 1-200
2019-04-08 12:40:23,733 INFO o.a.j.t.JMeterThread: Thread started: UserScenario 1-201
2019-04-08 12:40:23,733 INFO o.a.j.t.JMeterThread: Thread started: UserScenario 1-202
2019-04-08 12:40:23,733 INFO o.a.j.t.JMeterThread: Thread started: UserScenario 1-203
2019-04-08 12:40:23,734 INFO o.a.j.t.JMeterThread: Thread started: UserScenario 1-204
2019-04-08 12:40:23,734 INFO o.a.j.t.JMeterThread: Thread started: UserScenario 1-205
2019-04-08 12:40:23,735 INFO o.a.j.t.JMeterThread: Thread started: UserScenario 1-206
2019-04-08 12:40:23,735 INFO o.a.j.t.JMeterThread: Thread started: UserScenario 1-207
2019-04-08 12:40:23,736 INFO o.a.j.t.JMeterThread: Thread started: UserScenario 1-208
2019-04-08 12:40:23,736 INFO o.a.j.t.JMeterThread: Thread started: UserScenario 1-209
2019-04-08 12:40:23,736 INFO o.a.j.t.JMeterThread: Thread started: UserScenario 1-210
2019-04-08 12:40:24,739 INFO o.a.j.t.JMeterThread: Thread started: UserScenario 1-211
2019-04-08 12:40:24,741 INFO o.a.j.t.JMeterThread: Thread started: UserScenario 1-212
2019-04-08 12:40:24,744 INFO o.a.j.t.JMeterThread: Thread started: UserScenario 1-213
2019-04-08 12:40:24,746 INFO o.a.j.t.JMeterThread: Thread started: UserScenario 1-214
2019-04-08 12:40:24,753 INFO o.a.j.t.JMeterThread: Thread started: UserScenario 1-215
2019-04-08 12:40:24,756 INFO o.a.j.t.JMeterThread: Thread started: UserScenario 1-216
2019-04-08 12:40:24,760 INFO o.a.j.t.JMeterThread: Thread started: UserScenario 1-217
2019-04-08 12:40:24,761 INFO o.a.j.t.JMeterThread: Thread started: UserScenario 1-218
2019-04-08 12:40:24,765 INFO o.a.j.t.JMeterThread: Thread started: UserScenario 1-219
2019-04-08 12:40:24,771 INFO o.a.j.t.JMeterThread: Thread started: UserScenario 1-220
2019-04-08 12:40:24,772 INFO o.a.j.t.JMeterThread: Thread started: UserScenario 1-221
2019-04-08 12:40:24,774 INFO o.a.j.t.JMeterThread: Thread started: UserScenario 1-222
2019-04-08 12:40:24,775 INFO o.a.j.t.JMeterThread: Thread started: UserScenario 1-223
2019-04-08 12:40:24,776 INFO o.a.j.t.JMeterThread: Thread started: UserScenario 1-224
2019-04-08 12:40:24,778 INFO o.a.j.t.JMeterThread: Thread started: UserScenario 1-225
2019-04-08 12:40:24,781 INFO o.a.j.t.JMeterThread: Thread started: UserScenario 1-226
2019-04-08 12:40:24,783 INFO o.a.j.t.JMeterThread: Thread started: UserScenario 1-227
2019-04-08 12:40:24,784 INFO o.a.j.t.JMeterThread: Thread started: UserScenario 1-228
2019-04-08 12:40:24,785 INFO o.a.j.t.JMeterThread: Thread started: UserScenario 1-229
2019-04-08 12:40:24,786 INFO o.a.j.t.JMeterThread: Thread started: UserScenario 1-230
2019-04-08 12:40:24,787 INFO o.a.j.t.JMeterThread: Thread started: UserScenario 1-231
2019-04-08 12:40:24,787 INFO o.a.j.t.JMeterThread: Thread started: UserScenario 1-232
2019-04-08 12:40:24,792 INFO o.a.j.t.JMeterThread: Thread started: UserScenario 1-233
2019-04-08 12:40:24,794 INFO o.a.j.t.JMeterThread: Thread started: UserScenario 1-234
2019-04-08 12:40:24,796 INFO o.a.j.t.JMeterThread: Thread started: UserScenario 1-235
2019-04-08 12:40:24,796 INFO o.a.j.t.JMeterThread: Thread started: UserScenario 1-236
2019-04-08 12:40:25,800 INFO o.a.j.t.JMeterThread: Thread started: UserScenario 1-237
2019-04-08 12:40:25,801 INFO o.a.j.t.JMeterThread: Thread started: UserScenario 1-238
2019-04-08 12:40:25,807 INFO o.a.j.t.JMeterThread: Thread started: UserScenario 1-239
2019-04-08 12:40:25,813 INFO o.a.j.t.JMeterThread: Thread started: UserScenario 1-240
2019-04-08 12:40:25,816 INFO o.a.j.t.JMeterThread: Thread started: UserScenario 1-241
2019-04-08 12:40:25,817 INFO o.a.j.t.JMeterThread: Thread started: UserScenario 1-242
2019-04-08 12:40:25,818 INFO o.a.j.t.JMeterThread: Thread started: UserScenario 1-243
2019-04-08 12:40:25,819 INFO o.a.j.t.JMeterThread: Thread started: UserScenario 1-244
2019-04-08 12:40:25,820 INFO o.a.j.t.JMeterThread: Thread started: UserScenario 1-245
2019-04-08 12:40:25,820 INFO o.a.j.t.JMeterThread: Thread started: UserScenario 1-246
2019-04-08 12:40:25,821 INFO o.a.j.t.JMeterThread: Thread started: UserScenario 1-247
2019-04-08 12:40:25,826 INFO o.a.j.t.JMeterThread: Thread started: UserScenario 1-249
2019-04-08 12:40:25,829 INFO o.a.j.t.JMeterThread: Thread started: UserScenario 1-250
2019-04-08 12:40:25,830 INFO o.a.j.t.JMeterThread: Thread started: UserScenario 1-251
2019-04-08 12:40:25,832 INFO o.a.j.t.JMeterThread: Thread started: UserScenario 1-252
2019-04-08 12:40:25,833 INFO o.a.j.t.JMeterThread: Thread started: UserScenario 1-253
2019-04-08 12:40:25,822 INFO o.a.j.t.JMeterThread: Thread started: UserScenario 1-248
2019-04-08 12:40:25,840 INFO o.a.j.t.JMeterThread: Thread started: UserScenario 1-254
2019-04-08 12:40:25,843 INFO o.a.j.t.JMeterThread: Thread started: UserScenario 1-255
2019-04-08 12:40:25,849 INFO o.a.j.t.JMeterThread: Thread started: UserScenario 1-256
2019-04-08 12:40:25,850 INFO o.a.j.t.JMeterThread: Thread started: UserScenario 1-257
2019-04-08 12:40:25,851 INFO o.a.j.t.JMeterThread: Thread started: UserScenario 1-258
2019-04-08 12:40:25,852 INFO o.a.j.t.JMeterThread: Thread started: UserScenario 1-259
2019-04-08 12:40:25,854 INFO o.a.j.t.JMeterThread: Thread started: UserScenario 1-260
2019-04-08 12:40:25,855 INFO o.a.j.t.JMeterThread: Thread started: UserScenario 1-261
2019-04-08 12:40:25,855 INFO o.a.j.t.JMeterThread: Thread started: UserScenario 1-262
2019-04-08 12:40:25,856 INFO o.a.j.t.JMeterThread: Thread started: UserScenario 1-263
2019-04-08 12:40:26,860 INFO o.a.j.t.JMeterThread: Thread started: UserScenario 1-264
2019-04-08 12:40:26,860 INFO o.a.j.t.JMeterThread: Thread started: UserScenario 1-265
2019-04-08 12:40:26,863 INFO o.a.j.t.JMeterThread: Thread started: UserScenario 1-266
2019-04-08 12:40:26,870 INFO o.a.j.t.JMeterThread: Thread started: UserScenario 1-267
2019-04-08 12:40:26,877 INFO o.a.j.t.JMeterThread: Thread started: UserScenario 1-268
2019-04-08 12:40:26,880 INFO o.a.j.t.JMeterThread: Thread started: UserScenario 1-269
2019-04-08 12:40:26,884 INFO o.a.j.t.JMeterThread: Thread started: UserScenario 1-270
2019-04-08 12:40:26,884 INFO o.a.j.t.JMeterThread: Thread started: UserScenario 1-271
2019-04-08 12:40:26,885 INFO o.a.j.t.JMeterThread: Thread started: UserScenario 1-272
2019-04-08 12:40:26,885 INFO o.a.j.t.JMeterThread: Thread started: UserScenario 1-273
2019-04-08 12:40:26,886 INFO o.a.j.t.JMeterThread: Thread started: UserScenario 1-274
2019-04-08 12:40:26,887 INFO o.a.j.t.JMeterThread: Thread started: UserScenario 1-275
2019-04-08 12:40:26,887 INFO o.a.j.t.JMeterThread: Thread started: UserScenario 1-276
2019-04-08 12:40:26,887 INFO o.a.j.t.JMeterThread: Thread started: UserScenario 1-277
2019-04-08 12:40:26,888 INFO o.a.j.t.JMeterThread: Thread started: UserScenario 1-278
2019-04-08 12:40:26,888 INFO o.a.j.t.JMeterThread: Thread started: UserScenario 1-279
2019-04-08 12:40:26,889 INFO o.a.j.t.JMeterThread: Thread started: UserScenario 1-280
2019-04-08 12:40:26,889 INFO o.a.j.t.JMeterThread: Thread started: UserScenario 1-281
2019-04-08 12:40:26,890 INFO o.a.j.t.JMeterThread: Thread started: UserScenario 1-282
2019-04-08 12:40:26,891 INFO o.a.j.t.JMeterThread: Thread started: UserScenario 1-283
2019-04-08 12:40:26,891 INFO o.a.j.t.JMeterThread: Thread started: UserScenario 1-284
2019-04-08 12:40:26,892 INFO o.a.j.t.JMeterThread: Thread started: UserScenario 1-285
2019-04-08 12:40:26,892 INFO o.a.j.t.JMeterThread: Thread started: UserScenario 1-286
2019-04-08 12:40:26,893 INFO o.a.j.t.JMeterThread: Thread started: UserScenario 1-287
2019-04-08 12:40:26,893 INFO o.a.j.t.JMeterThread: Thread started: UserScenario 1-288
2019-04-08 12:40:26,894 INFO o.a.j.t.JMeterThread: Thread started: UserScenario 1-289
2019-04-08 12:40:27,897 INFO o.a.j.t.JMeterThread: Thread started: UserScenario 1-290
2019-04-08 12:40:27,898 INFO o.a.j.t.JMeterThread: Thread started: UserScenario 1-291
2019-04-08 12:40:27,903 INFO o.a.j.t.JMeterThread: Thread started: UserScenario 1-292
2019-04-08 12:40:27,909 INFO o.a.j.t.JMeterThread: Thread started: UserScenario 1-293
2019-04-08 12:40:27,910 INFO o.a.j.t.JMeterThread: Thread started: UserScenario 1-294
2019-04-08 12:40:27,922 INFO o.a.j.t.JMeterThread: Thread started: UserScenario 1-295
2019-04-08 12:40:27,925 INFO o.a.j.t.JMeterThread: Thread started: UserScenario 1-296
2019-04-08 12:40:27,929 INFO o.a.j.t.JMeterThread: Thread started: UserScenario 1-297
2019-04-08 12:40:27,930 INFO o.a.j.t.JMeterThread: Thread started: UserScenario 1-298
2019-04-08 12:40:27,932 INFO o.a.j.t.JMeterThread: Thread started: UserScenario 1-299
2019-04-08 12:40:27,933 INFO o.a.j.t.JMeterThread: Thread started: UserScenario 1-300
2019-04-08 12:40:27,934 INFO o.a.j.t.JMeterThread: Thread started: UserScenario 1-301
2019-04-08 12:40:27,934 INFO o.a.j.t.JMeterThread: Thread started: UserScenario 1-302
2019-04-08 12:40:27,935 INFO o.a.j.t.JMeterThread: Thread started: UserScenario 1-303
2019-04-08 12:40:27,936 INFO o.a.j.t.JMeterThread: Thread started: UserScenario 1-305
2019-04-08 12:40:27,936 INFO o.a.j.t.JMeterThread: Thread started: UserScenario 1-304
2019-04-08 12:40:27,937 INFO o.a.j.t.JMeterThread: Thread started: UserScenario 1-306
2019-04-08 12:40:27,938 INFO o.a.j.t.JMeterThread: Thread started: UserScenario 1-307
2019-04-08 12:40:27,939 INFO o.a.j.t.JMeterThread: Thread started: UserScenario 1-308
2019-04-08 12:40:27,940 INFO o.a.j.t.JMeterThread: Thread started: UserScenario 1-309
2019-04-08 12:40:27,940 INFO o.a.j.t.JMeterThread: Thread started: UserScenario 1-310
2019-04-08 12:40:27,941 INFO o.a.j.t.JMeterThread: Thread started: UserScenario 1-311
2019-04-08 12:40:27,942 INFO o.a.j.t.JMeterThread: Thread started: UserScenario 1-312
2019-04-08 12:40:27,942 INFO o.a.j.t.JMeterThread: Thread started: UserScenario 1-313
2019-04-08 12:40:27,943 INFO o.a.j.t.JMeterThread: Thread started: UserScenario 1-314
2019-04-08 12:40:27,944 INFO o.a.j.t.JMeterThread: Thread started: UserScenario 1-315
2019-04-08 12:40:28,946 INFO o.a.j.t.JMeterThread: Thread started: UserScenario 1-316
2019-04-08 12:40:28,946 INFO o.a.j.t.JMeterThread: Thread started: UserScenario 1-317
2019-04-08 12:40:28,948 INFO o.a.j.t.JMeterThread: Thread started: UserScenario 1-318
2019-04-08 12:40:28,953 INFO o.a.j.t.JMeterThread: Thread started: UserScenario 1-319
2019-04-08 12:40:28,966 INFO o.a.j.t.JMeterThread: Thread started: UserScenario 1-321
2019-04-08 12:40:28,973 INFO o.a.j.t.JMeterThread: Thread started: UserScenario 1-322
2019-04-08 12:40:28,955 INFO o.a.j.t.JMeterThread: Thread started: UserScenario 1-320
2019-04-08 12:40:28,977 INFO o.a.j.t.JMeterThread: Thread started: UserScenario 1-323
2019-04-08 12:40:28,981 INFO o.a.j.t.JMeterThread: Thread started: UserScenario 1-324
2019-04-08 12:40:28,988 INFO o.a.j.t.JMeterThread: Thread started: UserScenario 1-325
2019-04-08 12:40:29,000 INFO o.a.j.t.JMeterThread: Thread started: UserScenario 1-326
2019-04-08 12:40:29,007 INFO o.a.j.t.JMeterThread: Thread started: UserScenario 1-327
2019-04-08 12:40:29,008 INFO o.a.j.t.JMeterThread: Thread started: UserScenario 1-328
2019-04-08 12:40:29,010 INFO o.a.j.t.JMeterThread: Thread started: UserScenario 1-329
2019-04-08 12:40:29,012 INFO o.a.j.t.JMeterThread: Thread started: UserScenario 1-330
2019-04-08 12:40:29,013 INFO o.a.j.t.JMeterThread: Thread started: UserScenario 1-331
2019-04-08 12:40:29,015 INFO o.a.j.t.JMeterThread: Thread started: UserScenario 1-332
2019-04-08 12:40:29,016 INFO o.a.j.t.JMeterThread: Thread started: UserScenario 1-333
2019-04-08 12:40:29,017 INFO o.a.j.t.JMeterThread: Thread started: UserScenario 1-334
2019-04-08 12:40:29,018 INFO o.a.j.t.JMeterThread: Thread started: UserScenario 1-335
2019-04-08 12:40:29,020 INFO o.a.j.t.JMeterThread: Thread started: UserScenario 1-336
2019-04-08 12:40:29,022 INFO o.a.j.t.JMeterThread: Thread started: UserScenario 1-337
2019-04-08 12:40:29,023 INFO o.a.j.t.JMeterThread: Thread started: UserScenario 1-338
2019-04-08 12:40:29,024 INFO o.a.j.t.JMeterThread: Thread started: UserScenario 1-339
2019-04-08 12:40:29,025 INFO o.a.j.t.JMeterThread: Thread started: UserScenario 1-340
2019-04-08 12:40:29,026 INFO o.a.j.t.JMeterThread: Thread started: UserScenario 1-341
2019-04-08 12:40:29,028 INFO o.a.j.t.JMeterThread: Thread started: UserScenario 1-342
2019-04-08 12:40:30,031 INFO o.a.j.t.JMeterThread: Thread started: UserScenario 1-343
2019-04-08 12:40:30,031 INFO o.a.j.t.JMeterThread: Thread started: UserScenario 1-344
2019-04-08 12:40:30,038 INFO o.a.j.t.JMeterThread: Thread started: UserScenario 1-345
2019-04-08 12:40:30,042 INFO o.a.j.t.JMeterThread: Thread started: UserScenario 1-347
2019-04-08 12:40:30,043 INFO o.a.j.t.JMeterThread: Thread started: UserScenario 1-346
2019-04-08 12:40:30,046 INFO o.a.j.t.JMeterThread: Thread started: UserScenario 1-348
2019-04-08 12:40:30,048 INFO o.a.j.t.JMeterThread: Thread started: UserScenario 1-349
2019-04-08 12:40:30,048 INFO o.a.j.t.JMeterThread: Thread started: UserScenario 1-350
2019-04-08 12:40:30,050 INFO o.a.j.t.JMeterThread: Thread started: UserScenario 1-351
2019-04-08 12:40:30,051 INFO o.a.j.t.JMeterThread: Thread started: UserScenario 1-352
2019-04-08 12:40:30,052 INFO o.a.j.t.JMeterThread: Thread started: UserScenario 1-353
2019-04-08 12:40:30,052 INFO o.a.j.t.JMeterThread: Thread started: UserScenario 1-354
2019-04-08 12:40:30,054 INFO o.a.j.t.JMeterThread: Thread started: UserScenario 1-355
2019-04-08 12:40:30,055 INFO o.a.j.t.JMeterThread: Thread started: UserScenario 1-356
2019-04-08 12:40:30,056 INFO o.a.j.t.JMeterThread: Thread started: UserScenario 1-357
2019-04-08 12:40:30,057 INFO o.a.j.t.JMeterThread: Thread started: UserScenario 1-358
2019-04-08 12:40:30,057 INFO o.a.j.t.JMeterThread: Thread started: UserScenario 1-359
2019-04-08 12:40:30,058 INFO o.a.j.t.JMeterThread: Thread started: UserScenario 1-360
2019-04-08 12:40:30,059 INFO o.a.j.t.JMeterThread: Thread started: UserScenario 1-361
2019-04-08 12:40:30,059 INFO o.a.j.t.JMeterThread: Thread started: UserScenario 1-362
2019-04-08 12:40:30,060 INFO o.a.j.t.JMeterThread: Thread started: UserScenario 1-363
2019-04-08 12:40:30,061 INFO o.a.j.t.JMeterThread: Thread started: UserScenario 1-364
2019-04-08 12:40:30,061 INFO o.a.j.t.JMeterThread: Thread started: UserScenario 1-365
2019-04-08 12:40:30,062 INFO o.a.j.t.JMeterThread: Thread started: UserScenario 1-366
2019-04-08 12:40:30,063 INFO o.a.j.t.JMeterThread: Thread started: UserScenario 1-367
2019-04-08 12:40:30,064 INFO o.a.j.t.JMeterThread: Thread started: UserScenario 1-368
2019-04-08 12:40:31,068 INFO o.a.j.t.JMeterThread: Thread started: UserScenario 1-369
2019-04-08 12:40:31,069 INFO o.a.j.t.JMeterThread: Thread started: UserScenario 1-370
2019-04-08 12:40:31,070 INFO o.a.j.t.JMeterThread: Thread started: UserScenario 1-371
2019-04-08 12:40:31,074 INFO o.a.j.t.JMeterThread: Thread started: UserScenario 1-372
2019-04-08 12:40:31,075 INFO o.a.j.t.JMeterThread: Thread started: UserScenario 1-373
2019-04-08 12:40:31,076 INFO o.a.j.t.JMeterThread: Thread started: UserScenario 1-374
2019-04-08 12:40:31,077 INFO o.a.j.t.JMeterThread: Thread started: UserScenario 1-375
2019-04-08 12:40:31,077 INFO o.a.j.t.JMeterThread: Thread started: UserScenario 1-376
2019-04-08 12:40:31,078 INFO o.a.j.t.JMeterThread: Thread started: UserScenario 1-377
2019-04-08 12:40:31,078 INFO o.a.j.t.JMeterThread: Thread started: UserScenario 1-378
2019-04-08 12:40:31,079 INFO o.a.j.t.JMeterThread: Thread started: UserScenario 1-379
2019-04-08 12:40:31,079 INFO o.a.j.t.JMeterThread: Thread started: UserScenario 1-380
2019-04-08 12:40:31,080 INFO o.a.j.t.JMeterThread: Thread started: UserScenario 1-381
2019-04-08 12:40:31,080 INFO o.a.j.t.JMeterThread: Thread started: UserScenario 1-382
2019-04-08 12:40:31,081 INFO o.a.j.t.JMeterThread: Thread started: UserScenario 1-383
2019-04-08 12:40:31,082 INFO o.a.j.t.JMeterThread: Thread started: UserScenario 1-384
2019-04-08 12:40:31,082 INFO o.a.j.t.JMeterThread: Thread started: UserScenario 1-385
2019-04-08 12:40:31,083 INFO o.a.j.t.JMeterThread: Thread started: UserScenario 1-386
2019-04-08 12:40:31,083 INFO o.a.j.t.JMeterThread: Thread started: UserScenario 1-387
2019-04-08 12:40:31,084 INFO o.a.j.t.JMeterThread: Thread started: UserScenario 1-388
2019-04-08 12:40:31,084 INFO o.a.j.t.JMeterThread: Thread started: UserScenario 1-389
2019-04-08 12:40:31,085 INFO o.a.j.t.JMeterThread: Thread started: UserScenario 1-390
2019-04-08 12:40:31,087 INFO o.a.j.t.JMeterThread: Thread started: UserScenario 1-391
2019-04-08 12:40:31,087 INFO o.a.j.t.JMeterThread: Thread started: UserScenario 1-392
2019-04-08 12:40:31,088 INFO o.a.j.t.JMeterThread: Thread started: UserScenario 1-393
2019-04-08 12:40:31,089 INFO o.a.j.t.JMeterThread: Thread started: UserScenario 1-394
2019-04-08 12:40:32,090 INFO o.a.j.t.JMeterThread: Thread started: UserScenario 1-395
2019-04-08 12:40:32,091 INFO o.a.j.t.JMeterThread: Thread started: UserScenario 1-396
2019-04-08 12:40:32,091 INFO o.a.j.t.JMeterThread: Thread started: UserScenario 1-397
2019-04-08 12:40:32,093 INFO o.a.j.t.JMeterThread: Thread started: UserScenario 1-398
2019-04-08 12:40:32,094 INFO o.a.j.t.JMeterThread: Thread started: UserScenario 1-399
2019-04-08 12:40:32,094 INFO o.a.j.t.JMeterThread: Thread started: UserScenario 1-400
2019-04-08 12:40:32,095 INFO o.a.j.t.JMeterThread: Thread started: UserScenario 1-401
2019-04-08 12:40:32,096 INFO o.a.j.t.JMeterThread: Thread started: UserScenario 1-402
2019-04-08 12:40:32,096 INFO o.a.j.t.JMeterThread: Thread started: UserScenario 1-403
2019-04-08 12:40:32,097 INFO o.a.j.t.JMeterThread: Thread started: UserScenario 1-404
2019-04-08 12:40:32,097 INFO o.a.j.t.JMeterThread: Thread started: UserScenario 1-405
2019-04-08 12:40:32,098 INFO o.a.j.t.JMeterThread: Thread started: UserScenario 1-406
2019-04-08 12:40:32,099 INFO o.a.j.t.JMeterThread: Thread started: UserScenario 1-407
2019-04-08 12:40:32,100 INFO o.a.j.t.JMeterThread: Thread started: UserScenario 1-409
2019-04-08 12:40:32,099 INFO o.a.j.t.JMeterThread: Thread started: UserScenario 1-408
2019-04-08 12:40:32,100 INFO o.a.j.t.JMeterThread: Thread started: UserScenario 1-410
2019-04-08 12:40:32,101 INFO o.a.j.t.JMeterThread: Thread started: UserScenario 1-411
2019-04-08 12:40:32,101 INFO o.a.j.t.JMeterThread: Thread started: UserScenario 1-412
2019-04-08 12:40:32,103 INFO o.a.j.t.JMeterThread: Thread started: UserScenario 1-413
2019-04-08 12:40:32,104 INFO o.a.j.t.JMeterThread: Thread started: UserScenario 1-414
2019-04-08 12:40:32,110 INFO o.a.j.t.JMeterThread: Thread started: UserScenario 1-415
2019-04-08 12:40:32,112 INFO o.a.j.t.JMeterThread: Thread started: UserScenario 1-416
2019-04-08 12:40:32,113 INFO o.a.j.t.JMeterThread: Thread started: UserScenario 1-417
2019-04-08 12:40:32,114 INFO o.a.j.t.JMeterThread: Thread started: UserScenario 1-418
2019-04-08 12:40:32,114 INFO o.a.j.t.JMeterThread: Thread started: UserScenario 1-419
2019-04-08 12:40:33,121 INFO o.a.j.t.JMeterThread: Thread started: UserScenario 1-420
2019-04-08 12:40:33,121 INFO o.a.j.t.JMeterThread: Thread started: UserScenario 1-421
2019-04-08 12:40:33,122 INFO o.a.j.t.JMeterThread: Thread started: UserScenario 1-422
2019-04-08 12:40:33,124 INFO o.a.j.t.JMeterThread: Thread started: UserScenario 1-423
2019-04-08 12:40:33,127 INFO o.a.j.t.JMeterThread: Thread started: UserScenario 1-424
2019-04-08 12:40:33,128 INFO o.a.j.t.JMeterThread: Thread started: UserScenario 1-425
2019-04-08 12:40:33,130 INFO o.a.j.t.JMeterThread: Thread started: UserScenario 1-427
2019-04-08 12:40:33,130 INFO o.a.j.t.JMeterThread: Thread started: UserScenario 1-426
2019-04-08 12:40:33,131 INFO o.a.j.t.JMeterThread: Thread started: UserScenario 1-428
2019-04-08 12:40:33,131 INFO o.a.j.t.JMeterThread: Thread started: UserScenario 1-429
2019-04-08 12:40:33,132 INFO o.a.j.t.JMeterThread: Thread started: UserScenario 1-430
2019-04-08 12:40:33,133 INFO o.a.j.t.JMeterThread: Thread started: UserScenario 1-431
2019-04-08 12:40:33,134 INFO o.a.j.t.JMeterThread: Thread started: UserScenario 1-432
2019-04-08 12:40:33,135 INFO o.a.j.t.JMeterThread: Thread started: UserScenario 1-433
2019-04-08 12:40:33,136 INFO o.a.j.t.JMeterThread: Thread started: UserScenario 1-434
2019-04-08 12:40:33,136 INFO o.a.j.t.JMeterThread: Thread started: UserScenario 1-435
2019-04-08 12:40:33,138 INFO o.a.j.t.JMeterThread: Thread started: UserScenario 1-436
2019-04-08 12:40:33,138 INFO o.a.j.t.JMeterThread: Thread started: UserScenario 1-437
2019-04-08 12:40:33,139 INFO o.a.j.t.JMeterThread: Thread started: UserScenario 1-438
2019-04-08 12:40:33,139 INFO o.a.j.t.JMeterThread: Thread started: UserScenario 1-439
2019-04-08 12:40:33,140 INFO o.a.j.t.JMeterThread: Thread started: UserScenario 1-440
2019-04-08 12:40:33,140 INFO o.a.j.t.JMeterThread: Thread started: UserScenario 1-441
2019-04-08 12:40:33,140 INFO o.a.j.t.JMeterThread: Thread started: UserScenario 1-442
2019-04-08 12:40:33,141 INFO o.a.j.t.JMeterThread: Thread started: UserScenario 1-444
2019-04-08 12:40:33,141 INFO o.a.j.t.JMeterThread: Thread started: UserScenario 1-443
2019-04-08 12:40:33,141 INFO o.a.j.t.JMeterThread: Thread started: UserScenario 1-445
2019-04-08 12:40:34,146 INFO o.a.j.t.JMeterThread: Thread started: UserScenario 1-446
2019-04-08 12:40:34,146 INFO o.a.j.t.JMeterThread: Thread started: UserScenario 1-447
2019-04-08 12:40:34,147 INFO o.a.j.t.JMeterThread: Thread started: UserScenario 1-448
2019-04-08 12:40:34,150 INFO o.a.j.t.JMeterThread: Thread started: UserScenario 1-449
2019-04-08 12:40:34,154 INFO o.a.j.t.JMeterThread: Thread started: UserScenario 1-450
2019-04-08 12:40:34,155 INFO o.a.j.t.JMeterThread: Thread started: UserScenario 1-451
2019-04-08 12:40:34,155 INFO o.a.j.t.JMeterThread: Thread started: UserScenario 1-452
2019-04-08 12:40:34,156 INFO o.a.j.t.JMeterThread: Thread started: UserScenario 1-453
2019-04-08 12:40:34,157 INFO o.a.j.t.JMeterThread: Thread started: UserScenario 1-454
2019-04-08 12:40:34,158 INFO o.a.j.t.JMeterThread: Thread started: UserScenario 1-455
2019-04-08 12:40:34,158 INFO o.a.j.t.JMeterThread: Thread started: UserScenario 1-456
2019-04-08 12:40:34,159 INFO o.a.j.t.JMeterThread: Thread started: UserScenario 1-458
2019-04-08 12:40:34,159 INFO o.a.j.t.JMeterThread: Thread started: UserScenario 1-457
2019-04-08 12:40:34,160 INFO o.a.j.t.JMeterThread: Thread started: UserScenario 1-459
2019-04-08 12:40:34,161 INFO o.a.j.t.JMeterThread: Thread started: UserScenario 1-460
2019-04-08 12:40:34,162 INFO o.a.j.t.JMeterThread: Thread started: UserScenario 1-461
2019-04-08 12:40:34,163 INFO o.a.j.t.JMeterThread: Thread started: UserScenario 1-462
2019-04-08 12:40:34,164 INFO o.a.j.t.JMeterThread: Thread started: UserScenario 1-463
2019-04-08 12:40:34,165 INFO o.a.j.t.JMeterThread: Thread started: UserScenario 1-464
2019-04-08 12:40:34,166 INFO o.a.j.t.JMeterThread: Thread started: UserScenario 1-465
2019-04-08 12:40:34,166 INFO o.a.j.t.JMeterThread: Thread started: UserScenario 1-466
2019-04-08 12:40:34,167 INFO o.a.j.t.JMeterThread: Thread started: UserScenario 1-467
2019-04-08 12:40:34,168 INFO o.a.j.t.JMeterThread: Thread started: UserScenario 1-468
2019-04-08 12:40:34,168 INFO o.a.j.t.JMeterThread: Thread started: UserScenario 1-469
2019-04-08 12:40:34,169 INFO o.a.j.t.JMeterThread: Thread started: UserScenario 1-470
2019-04-08 12:40:34,170 INFO o.a.j.t.JMeterThread: Thread started: UserScenario 1-471
2019-04-08 12:40:35,173 INFO o.a.j.t.JMeterThread: Thread started: UserScenario 1-472
2019-04-08 12:40:35,174 INFO o.a.j.t.JMeterThread: Thread started: UserScenario 1-473
2019-04-08 12:40:35,174 INFO o.a.j.t.JMeterThread: Thread started: UserScenario 1-474
2019-04-08 12:40:35,174 INFO o.a.j.t.JMeterThread: Thread started: UserScenario 1-475
2019-04-08 12:40:35,175 INFO o.a.j.t.JMeterThread: Thread started: UserScenario 1-476
2019-04-08 12:40:35,175 INFO o.a.j.t.JMeterThread: Thread started: UserScenario 1-477
2019-04-08 12:40:35,176 INFO o.a.j.t.JMeterThread: Thread started: UserScenario 1-478
2019-04-08 12:40:35,176 INFO o.a.j.t.JMeterThread: Thread started: UserScenario 1-479
2019-04-08 12:40:35,177 INFO o.a.j.t.JMeterThread: Thread started: UserScenario 1-480
2019-04-08 12:40:35,177 INFO o.a.j.t.JMeterThread: Thread started: UserScenario 1-481
2019-04-08 12:40:35,178 INFO o.a.j.t.JMeterThread: Thread started: UserScenario 1-482
2019-04-08 12:40:35,178 INFO o.a.j.t.JMeterThread: Thread started: UserScenario 1-483
2019-04-08 12:40:35,178 INFO o.a.j.t.JMeterThread: Thread started: UserScenario 1-484
2019-04-08 12:40:35,179 INFO o.a.j.t.JMeterThread: Thread started: UserScenario 1-485
2019-04-08 12:40:35,179 INFO o.a.j.t.JMeterThread: Thread started: UserScenario 1-486
2019-04-08 12:40:35,180 INFO o.a.j.t.JMeterThread: Thread started: UserScenario 1-487
2019-04-08 12:40:35,181 INFO o.a.j.t.JMeterThread: Thread started: UserScenario 1-488
2019-04-08 12:40:35,182 INFO o.a.j.t.JMeterThread: Thread started: UserScenario 1-489
2019-04-08 12:40:35,183 INFO o.a.j.t.JMeterThread: Thread started: UserScenario 1-490
2019-04-08 12:40:35,183 INFO o.a.j.t.JMeterThread: Thread started: UserScenario 1-491
2019-04-08 12:40:35,184 INFO o.a.j.t.JMeterThread: Thread started: UserScenario 1-492
2019-04-08 12:40:35,184 INFO o.a.j.t.JMeterThread: Thread started: UserScenario 1-493
2019-04-08 12:40:35,185 INFO o.a.j.t.JMeterThread: Thread started: UserScenario 1-494
2019-04-08 12:40:35,186 INFO o.a.j.t.JMeterThread: Thread started: UserScenario 1-495
2019-04-08 12:40:35,186 INFO o.a.j.t.JMeterThread: Thread started: UserScenario 1-496
2019-04-08 12:40:36,193 INFO o.a.j.t.JMeterThread: Thread started: UserScenario 1-497
2019-04-08 12:40:36,194 INFO o.a.j.t.JMeterThread: Thread started: UserScenario 1-498
2019-04-08 12:40:36,199 INFO o.a.j.t.JMeterThread: Thread started: UserScenario 1-499
2019-04-08 12:40:36,201 INFO o.a.j.t.JMeterThread: Thread started: UserScenario 1-500
2019-04-08 12:40:45,403 INFO c.b.j.t.c.ConcurrencyThreadStarter: Done supplying threads
2019-04-08 12:40:45,409 INFO o.a.j.t.JMeterThread: Thread is done: UserScenario 1-484
2019-04-08 12:40:45,409 INFO o.a.j.t.JMeterThread: Thread finished: UserScenario 1-484
2019-04-08 12:40:45,409 INFO o.a.j.t.JMeterThread: Thread is done: UserScenario 1-257
2019-04-08 12:40:45,409 INFO o.a.j.t.JMeterThread: Thread finished: UserScenario 1-257
2019-04-08 12:40:45,410 INFO o.a.j.t.JMeterThread: Thread is done: UserScenario 1-486
2019-04-08 12:40:45,410 INFO o.a.j.t.JMeterThread: Thread finished: UserScenario 1-486
2019-04-08 12:40:45,417 INFO o.a.j.t.JMeterThread: Thread is done: UserScenario 1-270
2019-04-08 12:40:45,417 INFO o.a.j.t.JMeterThread: Thread finished: UserScenario 1-270
2019-04-08 12:40:45,417 INFO o.a.j.t.JMeterThread: Thread is done: UserScenario 1-269
2019-04-08 12:40:45,419 INFO o.a.j.t.JMeterThread: Thread finished: UserScenario 1-269
2019-04-08 12:40:45,562 INFO o.a.j.t.JMeterThread: Thread is done: UserScenario 1-7
2019-04-08 12:40:45,562 INFO o.a.j.t.JMeterThread: Thread finished: UserScenario 1-7
2019-04-08 12:40:45,576 INFO o.a.j.t.JMeterThread: Thread is done: UserScenario 1-287
2019-04-08 12:40:45,577 INFO o.a.j.t.JMeterThread: Thread finished: UserScenario 1-287
2019-04-08 12:40:45,583 INFO o.a.j.t.JMeterThread: Thread is done: UserScenario 1-288
2019-04-08 12:40:45,583 INFO o.a.j.t.JMeterThread: Thread finished: UserScenario 1-288
2019-04-08 12:40:45,586 INFO o.a.j.t.JMeterThread: Thread is done: UserScenario 1-121
2019-04-08 12:40:45,586 INFO o.a.j.t.JMeterThread: Thread finished: UserScenario 1-121
2019-04-08 12:40:45,587 INFO o.a.j.t.JMeterThread: Thread is done: UserScenario 1-276
2019-04-08 12:40:45,587 INFO o.a.j.t.JMeterThread: Thread finished: UserScenario 1-276
2019-04-08 12:40:45,590 INFO o.a.j.t.JMeterThread: Thread is done: UserScenario 1-242
2019-04-08 12:40:45,590 INFO o.a.j.t.JMeterThread: Thread finished: UserScenario 1-242
2019-04-08 12:40:45,592 INFO o.a.j.t.JMeterThread: Thread is done: UserScenario 1-116
2019-04-08 12:40:45,592 INFO o.a.j.t.JMeterThread: Thread finished: UserScenario 1-116
2019-04-08 12:40:45,592 INFO o.a.j.t.JMeterThread: Thread is done: UserScenario 1-279
2019-04-08 12:40:45,594 INFO o.a.j.t.JMeterThread: Thread finished: UserScenario 1-279
2019-04-08 12:40:45,594 INFO o.a.j.t.JMeterThread: Thread is done: UserScenario 1-112
2019-04-08 12:40:45,596 INFO o.a.j.t.JMeterThread: Thread finished: UserScenario 1-112
2019-04-08 12:40:45,611 INFO o.a.j.t.JMeterThread: Thread is done: UserScenario 1-396
2019-04-08 12:40:45,611 INFO o.a.j.t.JMeterThread: Thread finished: UserScenario 1-396
2019-04-08 12:40:45,614 INFO o.a.j.t.JMeterThread: Thread is done: UserScenario 1-349
2019-04-08 12:40:45,614 INFO o.a.j.t.JMeterThread: Thread finished: UserScenario 1-349
2019-04-08 12:40:45,919 INFO o.a.j.t.JMeterThread: Thread is done: UserScenario 1-468
2019-04-08 12:40:45,920 INFO o.a.j.t.JMeterThread: Thread finished: UserScenario 1-468
2019-04-08 12:40:46,239 INFO o.a.j.t.JMeterThread: Thread is done: UserScenario 1-125
2019-04-08 12:40:46,239 INFO o.a.j.t.JMeterThread: Thread finished: UserScenario 1-125
2019-04-08 12:40:46,240 INFO o.a.j.t.JMeterThread: Thread is done: UserScenario 1-266
2019-04-08 12:40:46,240 INFO o.a.j.t.JMeterThread: Thread finished: UserScenario 1-266
2019-04-08 12:40:46,240 INFO o.a.j.t.JMeterThread: Thread is done: UserScenario 1-470
2019-04-08 12:40:46,240 INFO o.a.j.t.JMeterThread: Thread finished: UserScenario 1-470
2019-04-08 12:40:46,241 INFO o.a.j.t.JMeterThread: Thread is done: UserScenario 1-13
2019-04-08 12:40:46,241 INFO o.a.j.t.JMeterThread: Thread finished: UserScenario 1-13
2019-04-08 12:40:46,241 INFO k.a.j.t.VariableThroughputTimer: No further RPS schedule, asking threads to stop...
2019-04-08 12:40:46,242 INFO k.a.j.t.VariableThroughputTimer: Stopping gracefuly threads of Thread Group : UserScenario
2019-04-08 12:40:46,242 WARN o.a.j.t.JMeterThread: Interrupting: UserScenario 1-284 sampler: PROPERTY: getTrafficStatus THING: falldetection
2019-04-08 12:40:46,249 INFO o.a.j.t.JMeterThread: Thread is done: UserScenario 1-143
2019-04-08 12:40:46,249 INFO o.a.j.t.JMeterThread: Thread finished: UserScenario 1-143
2019-04-08 12:40:46,249 INFO o.a.j.t.JMeterThread: Thread is done: UserScenario 1-304
2019-04-08 12:40:46,249 INFO o.a.j.t.JMeterThread: Thread finished: UserScenario 1-304
2019-04-08 12:40:46,249 WARN o.a.j.t.JMeterThread: Interrupting: UserScenario 1-193 sampler: ACTION: putTrafficStatus THING: falldetection
2019-04-08 12:40:46,254 WARN o.a.j.t.JMeterThread: Interrupting: UserScenario 1-382 sampler: PROPERTY: getTrafficStatus THING: falldetection
2019-04-08 12:40:46,254 INFO o.a.j.t.JMeterThread: Thread is done: UserScenario 1-114
2019-04-08 12:40:46,255 INFO o.a.j.t.JMeterThread: Thread finished: UserScenario 1-114
2019-04-08 12:40:46,260 WARN o.a.j.t.JMeterThread: Interrupting: UserScenario 1-315 sampler: ACTION: putTrafficStatus THING: falldetection
2019-04-08 12:40:46,260 INFO o.a.j.t.JMeterThread: Thread is done: UserScenario 1-284
2019-04-08 12:40:46,260 INFO o.a.j.t.JMeterThread: Thread finished: UserScenario 1-284
2019-04-08 12:40:46,265 INFO o.a.j.t.JMeterThread: Thread is done: UserScenario 1-193
2019-04-08 12:40:46,265 INFO o.a.j.e.StandardJMeterEngine: Notifying test listeners of end of test
2019-04-08 12:40:46,265 INFO o.a.j.t.JMeterThread: Thread finished: UserScenario 1-193
2019-04-08 12:40:46,266 WARN o.a.j.t.JMeterThread: Interrupting: UserScenario 1-135 sampler: ACTION: putTrafficStatus THING: falldetection
2019-04-08 12:40:46,270 INFO o.a.j.t.JMeterThread: Thread is done: UserScenario 1-382
2019-04-08 12:40:46,271 INFO o.a.j.t.JMeterThread: Thread finished: UserScenario 1-382
2019-04-08 12:40:46,271 WARN o.a.j.t.JMeterThread: Interrupting: UserScenario 1-278 sampler: PROPERTY: getTrafficStatus THING: falldetection
2019-04-08 12:40:46,276 WARN o.a.j.t.JMeterThread: Interrupting: UserScenario 1-289 sampler: ACTION: putTrafficStatus THING: falldetection
2019-04-08 12:40:46,276 INFO o.a.j.t.JMeterThread: Thread is done: UserScenario 1-315
2019-04-08 12:40:46,276 INFO o.a.j.t.JMeterThread: Thread is done: UserScenario 1-135
2019-04-08 12:40:46,278 INFO o.a.j.t.JMeterThread: Thread finished: UserScenario 1-135
2019-04-08 12:40:46,278 INFO o.a.j.t.JMeterThread: Thread finished: UserScenario 1-315
2019-04-08 12:40:46,281 INFO o.a.j.t.JMeterThread: Thread is done: UserScenario 1-278
2019-04-08 12:40:46,281 INFO o.a.j.t.JMeterThread: Thread finished: UserScenario 1-278
2019-04-08 12:40:46,282 INFO o.a.j.e.StandardJMeterEngine: Forced JVM shutdown requested at end of test
2019-04-08 12:40:46,283 INFO o.a.j.t.JMeterThread: Thread is done: UserScenario 1-289
2019-04-08 12:40:46,283 INFO o.a.j.t.JMeterThread: Thread finished: UserScenario 1-289
2019-04-08 12:40:46,284 WARN o.a.j.t.JMeterThread: Interrupting: UserScenario 1-234 sampler: ACTION: putTrafficStatus THING: falldetection
2019-04-08 12:40:46,291 WARN o.a.j.t.JMeterThread: Interrupting: UserScenario 1-47 sampler: ACTION: putTrafficStatus THING: falldetection
2019-04-08 12:40:46,295 INFO o.a.j.t.JMeterThread: Thread is done: UserScenario 1-234
2019-04-08 12:40:46,295 INFO o.a.j.t.JMeterThread: Thread finished: UserScenario 1-234
