[2019-03-17 16:34:45,637 INFO root] Taurus CLI Tool v1.13.2
[2019-03-17 16:34:45,638 DEBUG root] Command-line options: {'log': '/var/folders/9w/fj8tc51n59dgtrxfgskpxd9h0000gn/T/bzt_9dd5m64s.log', 'option': None, 'quiet': None, 'verbose': None, 'no_system_configs': None, 'aliases': []}
[2019-03-17 16:34:45,638 DEBUG root] Python: CPython 3.7.2
[2019-03-17 16:34:45,638 DEBUG root] OS: uname_result(system='Darwin', node='amirhosein-mac.local', release='17.5.0', version='Darwin Kernel Version 17.5.0: Mon Mar  5 22:24:32 PST 2018; root:xnu-4570.51.1~1/RELEASE_X86_64', machine='x86_64', processor='i386')
[2019-03-17 16:34:45,639 INFO root] Starting with configs: ['output.json']
[2019-03-17 16:34:45,640 DEBUG root] Using personal config: /Users/apple/.bzt-rc
[2019-03-17 16:34:45,640 INFO Engine] Configuring...
[2019-03-17 16:34:45,689 DEBUG Engine] Base configs list: ['/usr/local/Cellar/bzt/1.13.2_1/libexec/lib/python3.7/site-packages/bzt/resources/10-base-config.yml']
[2019-03-17 16:34:45,689 DEBUG Engine.Configuration] Configs: ['/usr/local/Cellar/bzt/1.13.2_1/libexec/lib/python3.7/site-packages/bzt/resources/10-base-config.yml']
[2019-03-17 16:34:45,689 DEBUG Engine.Configuration] Reading /usr/local/Cellar/bzt/1.13.2_1/libexec/lib/python3.7/site-packages/bzt/resources/10-base-config.yml as YAML
[2019-03-17 16:34:45,737 DEBUG Engine] User configs list: ['/Users/apple/.bzt-rc', 'output.json']
[2019-03-17 16:34:45,738 DEBUG Engine.Configuration] Configs: ['/Users/apple/.bzt-rc', 'output.json']
[2019-03-17 16:34:45,740 DEBUG Engine.Configuration] Reading /Users/apple/.bzt-rc as YAML
[2019-03-17 16:34:45,747 DEBUG Engine.Configuration] Reading output.json as YAML
[2019-03-17 16:34:45,749 DEBUG Engine.Configuration] Configs: ['/Users/apple/.bzt-rc', 'output.json']
[2019-03-17 16:34:45,750 DEBUG Engine.Configuration] Reading /Users/apple/.bzt-rc as YAML
[2019-03-17 16:34:45,756 DEBUG Engine.Configuration] Reading output.json as YAML
[2019-03-17 16:34:45,759 DEBUG Engine] Requesting updates info: http://gettaurus.org/updates/?version=1.13.2&installID=macos-3c075440e027
[2019-03-17 16:34:45,759 DEBUG HTTPClient] Making HTTP request GET http://gettaurus.org/updates/?version=1.13.2&installID=macos-3c075440e027
[2019-03-17 16:34:45,759 INFO Engine] Artifacts dir: /Users/apple/Desktop/bachelorProject/stressThing/StressThing/2019-03-17_16-34-45.759691
[2019-03-17 16:34:45,760 DEBUG Engine] New artifact filename: /Users/apple/Desktop/bachelorProject/stressThing/StressThing/2019-03-17_16-34-45.759691/effective
[2019-03-17 16:34:45,762 DEBUG Engine.Configuration] Dumping YAML config into /Users/apple/Desktop/bachelorProject/stressThing/StressThing/2019-03-17_16-34-45.759691/effective.yml
[2019-03-17 16:34:45,793 DEBUG Engine.Configuration] Dumping JSON config into /Users/apple/Desktop/bachelorProject/stressThing/StressThing/2019-03-17_16-34-45.759691/effective.json
[2019-03-17 16:34:45,796 DEBUG Engine] New artifact filename: /Users/apple/Desktop/bachelorProject/stressThing/StressThing/2019-03-17_16-34-45.759691/merged.yml
[2019-03-17 16:34:45,796 DEBUG Engine.Configuration] Dumping YAML config into /Users/apple/Desktop/bachelorProject/stressThing/StressThing/2019-03-17_16-34-45.759691/merged.yml
[2019-03-17 16:34:45,800 DEBUG Engine] New artifact filename: /Users/apple/Desktop/bachelorProject/stressThing/StressThing/2019-03-17_16-34-45.759691/merged.json
[2019-03-17 16:34:45,800 DEBUG urllib3.connectionpool] Starting new HTTP connection (1): gettaurus.org:80
[2019-03-17 16:34:45,802 DEBUG Engine.Configuration] Dumping JSON config into /Users/apple/Desktop/bachelorProject/stressThing/StressThing/2019-03-17_16-34-45.759691/merged.json
[2019-03-17 16:34:45,802 DEBUG Engine] Add existing artifact (move=False): output.json
[2019-03-17 16:34:45,803 DEBUG Engine] Copying output.json to /Users/apple/Desktop/bachelorProject/stressThing/StressThing/2019-03-17_16-34-45.759691/output.json
[2019-03-17 16:34:45,805 DEBUG Engine.Environment] Replace 'TAURUS_ARTIFACTS_DIR' in environment
[2019-03-17 16:34:45,807 DEBUG root] Closing log handler: /var/folders/9w/fj8tc51n59dgtrxfgskpxd9h0000gn/T/bzt_9dd5m64s.log
[2019-03-17 16:34:45,809 DEBUG root] Switched writing logs to /Users/apple/Desktop/bachelorProject/stressThing/StressThing/2019-03-17_16-34-45.759691/bzt.log
[2019-03-17 16:34:45,810 DEBUG root] Linting config
[2019-03-17 16:34:45,814 INFO Engine] Preparing...
[2019-03-17 16:34:45,815 DEBUG Engine] Module config: consolidator {'class': 'bzt.modules.aggregator.ConsolidatingAggregator'}
[2019-03-17 16:34:45,815 DEBUG root] Importing module: bzt.modules.aggregator
[2019-03-17 16:34:46,174 DEBUG root] Loading class: 'ConsolidatingAggregator' from <module 'bzt.modules.aggregator' from '/usr/local/Cellar/bzt/1.13.2_1/libexec/lib/python3.7/site-packages/bzt/modules/aggregator.py'>
[2019-03-17 16:34:46,175 DEBUG Engine.consolidator] Buffer scaling setup: percentile 95.0 from [0.0, 50.0, 90.0, 95.0, 99.0, 99.9, 100.0] selected
[2019-03-17 16:34:46,175 DEBUG Engine] Module config: monitoring {'class': 'bzt.modules.monitoring.Monitoring'}
[2019-03-17 16:34:46,175 DEBUG root] Importing module: bzt.modules.monitoring
[2019-03-17 16:34:46,178 DEBUG root] Loading class: 'Monitoring' from <module 'bzt.modules.monitoring' from '/usr/local/Cellar/bzt/1.13.2_1/libexec/lib/python3.7/site-packages/bzt/modules/monitoring.py'>
[2019-03-17 16:34:46,178 DEBUG Engine] Module config: local {'class': 'bzt.modules.provisioning.Local'}
[2019-03-17 16:34:46,178 DEBUG root] Importing module: bzt.modules.provisioning
[2019-03-17 16:34:46,178 DEBUG root] Loading class: 'Local' from <module 'bzt.modules.provisioning' from '/usr/local/Cellar/bzt/1.13.2_1/libexec/lib/python3.7/site-packages/bzt/modules/provisioning.py'>
[2019-03-17 16:34:46,179 DEBUG Engine] Module config: jmeter {'class': 'bzt.modules.jmeter.JMeterExecutor', 'protocol-handlers': {'http': 'bzt.jmx.http.HTTPProtocolHandler'}, 'plugins': ['jpgc-casutg', 'jpgc-dummy', 'jpgc-ffw', 'jpgc-fifo', 'jpgc-functions', 'jpgc-json', 'jpgc-perfmon', 'jpgc-prmctl', 'jpgc-tst'], 'properties': {'jmeter.save.saveservice.autoflush': 'true', 'jmeter.save.saveservice.connect_time': 'true', 'jmeterengine.force.system.exit': 'true', 'summariser.name': ''}}
[2019-03-17 16:34:46,179 DEBUG root] Importing module: bzt.modules.jmeter
[2019-03-17 16:34:46,199 DEBUG root] Loading class: 'JMeterExecutor' from <module 'bzt.modules.jmeter' from '/usr/local/Cellar/bzt/1.13.2_1/libexec/lib/python3.7/site-packages/bzt/modules/jmeter.py'>
[2019-03-17 16:34:46,199 DEBUG Engine.local] Preparing executor: jmeter/4597756928
[2019-03-17 16:34:46,200 DEBUG Engine] New artifact filename: /Users/apple/Desktop/bachelorProject/stressThing/StressThing/2019-03-17_16-34-45.759691/jmeter.log
[2019-03-17 16:34:46,200 DEBUG Engine.jmeter] Checking if port 4445 is free
[2019-03-17 16:34:46,265 DEBUG Engine.jmeter] Port 4445 is busy
[2019-03-17 16:34:46,266 DEBUG Engine.jmeter] Port 4445 is busy, trying next one
[2019-03-17 16:34:46,266 DEBUG Engine.jmeter] Checking if port 4446 is free
[2019-03-17 16:34:46,267 DEBUG Engine.jmeter] Port 4446 is free
[2019-03-17 16:34:46,267 DEBUG Engine.jmeter] Using port 4446 for management
[2019-03-17 16:34:46,268 DEBUG Engine] New artifact filename: /Users/apple/Desktop/bachelorProject/stressThing/StressThing/2019-03-17_16-34-45.759691/requests.jmx
[2019-03-17 16:34:46,275 DEBUG root] Importing module: bzt.jmx.http
[2019-03-17 16:34:46,277 DEBUG root] Loading class: 'HTTPProtocolHandler' from <module 'bzt.jmx.http' from '/usr/local/Cellar/bzt/1.13.2_1/libexec/lib/python3.7/site-packages/bzt/jmx/http.py'>
[2019-03-17 16:34:46,280 DEBUG JMeterScenarioBuilder] Saving JMX to: /Users/apple/Desktop/bachelorProject/stressThing/StressThing/2019-03-17_16-34-45.759691/requests.jmx
[2019-03-17 16:34:46,283 DEBUG Engine.jmeter] Additional system properties {'sun.net.inetaddr.ttl': 0}
[2019-03-17 16:34:46,283 DEBUG Engine] New artifact filename: /Users/apple/Desktop/bachelorProject/stressThing/StressThing/2019-03-17_16-34-45.759691/system.properties
[2019-03-17 16:34:46,284 DEBUG Engine.jmeter] Additional properties: {'jmeter.save.saveservice.autoflush': 'true', 'jmeter.save.saveservice.connect_time': 'true', 'jmeterengine.force.system.exit': 'true', 'summariser.name': '', 'jmeterengine.nongui.port': 4446, 'jmeterengine.nongui.maxport': 4446, 'jmeter.save.saveservice.timestamp_format': 'ms', 'sampleresult.default.encoding': 'UTF-8', 'user.classpath': '/Users/apple/Desktop/bachelorProject/stressThing/StressThing/2019-03-17_16-34-45.759691:/Users/apple/Desktop/bachelorProject/stressThing/StressThing/2019-03-17_16-34-45.759691'}
[2019-03-17 16:34:46,285 DEBUG Engine] New artifact filename: /Users/apple/Desktop/bachelorProject/stressThing/StressThing/2019-03-17_16-34-45.759691/jmeter-bzt.properties
[2019-03-17 16:34:46,287 DEBUG Engine.jmeter.JavaVM] Trying JavaVM: ['java', '-version']
[2019-03-17 16:34:46,482 WARNING root] Keyboard interrupt
[2019-03-17 16:34:46,491 DEBUG root] KeyboardInterrupt: 
  File "/usr/local/Cellar/bzt/1.13.2_1/libexec/lib/python3.7/site-packages/bzt/cli.py", line 257, in perform
    self.engine.prepare()
  File "/usr/local/Cellar/bzt/1.13.2_1/libexec/lib/python3.7/site-packages/bzt/engine.py", line 205, in prepare
    self.__prepare_provisioning()
  File "/usr/local/Cellar/bzt/1.13.2_1/libexec/lib/python3.7/site-packages/bzt/engine.py", line 605, in __prepare_provisioning
    self.provisioning.prepare()
  File "/usr/local/Cellar/bzt/1.13.2_1/libexec/lib/python3.7/site-packages/bzt/modules/provisioning.py", line 72, in prepare
    executor.prepare()
  File "/usr/local/Cellar/bzt/1.13.2_1/libexec/lib/python3.7/site-packages/bzt/modules/jmeter.py", line 280, in prepare
    self.install_required_tools()
  File "/usr/local/Cellar/bzt/1.13.2_1/libexec/lib/python3.7/site-packages/bzt/modules/jmeter.py", line 855, in install_required_tools
    if not tool.check_if_installed():
  File "/usr/local/Cellar/bzt/1.13.2_1/libexec/lib/python3.7/site-packages/bzt/utils.py", line 1207, in check_if_installed
    output = sync_run(cmd)
  File "/usr/local/Cellar/bzt/1.13.2_1/libexec/lib/python3.7/site-packages/bzt/utils.py", line 66, in sync_run
    output = check_output(args, env=env, stderr=STDOUT)
  File "/usr/local/opt/python/Frameworks/Python.framework/Versions/3.7/lib/python3.7/subprocess.py", line 395, in check_output
    **kwargs).stdout
  File "/usr/local/opt/python/Frameworks/Python.framework/Versions/3.7/lib/python3.7/subprocess.py", line 474, in run
    stdout, stderr = process.communicate(input, timeout=timeout)
  File "/usr/local/opt/python/Frameworks/Python.framework/Versions/3.7/lib/python3.7/subprocess.py", line 926, in communicate
    stdout = self.stdout.read()
[2019-03-17 16:34:46,491 INFO Engine] Post-processing...
[2019-03-17 16:34:46,492 DEBUG Engine.consolidator] Consolidator buffer[0]: dict_keys([])
[2019-03-17 16:34:46,494 DEBUG Engine.Configuration] Dumping YAML config into /Users/apple/Desktop/bachelorProject/stressThing/StressThing/2019-03-17_16-34-45.759691/effective.yml
[2019-03-17 16:34:46,529 DEBUG Engine.Configuration] Dumping JSON config into /Users/apple/Desktop/bachelorProject/stressThing/StressThing/2019-03-17_16-34-45.759691/effective.json
[2019-03-17 16:34:46,530 INFO root] Artifacts dir: /Users/apple/Desktop/bachelorProject/stressThing/StressThing/2019-03-17_16-34-45.759691
[2019-03-17 16:34:46,531 WARNING root] Done performing with code: 1
[2019-03-17 16:34:46,531 DEBUG root] Closing log handler: /Users/apple/Desktop/bachelorProject/stressThing/StressThing/2019-03-17_16-34-45.759691/bzt.log
